iter	time	topo	loglik	length	alpha	Nmode	statent	statalpha	rrent	rrmean
0	0	0	-4.13559e+06	13.9061	1	17	2.59872	20	4.85903	1.17089
1	37.642	59	-2.44444e+06	23.6612	0.650981	50	2.31789	17.8969	4.98271	0.984053
2	39.7624	56	-2.36444e+06	28.767	0.634909	70	2.26056	15.5253	4.97741	1.03522
3	41.6875	56	-2.33158e+06	32.3265	0.632744	100	2.2345	14.3289	4.95537	1.09117
4	41.1691	57	-2.30474e+06	35.0083	0.637257	137	2.19252	12.4535	4.93519	0.919045
5	42.9818	54	-2.25331e+06	36.1535	0.644269	154	2.1717	12.457	4.903	1.07083
6	45.8123	51	-2.21027e+06	37.1878	0.64146	196	2.14791	11.4034	4.88333	0.981345
7	46.6614	54	-2.18909e+06	37.5131	0.64359	231	2.13479	11.6109	4.85499	1.05207
8	47.6049	49	-2.17297e+06	37.6825	0.647095	262	2.13201	11.3732	4.83642	0.966766
9	48.7355	49	-2.15638e+06	38.3474	0.655464	323	2.12656	11.0068	4.8138	0.946509
10	51.411	46	-2.14147e+06	39.1503	0.654831	378	2.11621	11.1352	4.79517	0.956505
11	54.7334	47	-2.1311e+06	39.9855	0.654151	396	2.10642	10.4926	4.77503	1.02962
12	52.6407	47	-2.12344e+06	40.2286	0.662116	420	2.09233	10.5038	4.76174	0.990761
13	55.1612	46	-2.11094e+06	39.1521	0.673425	441	2.09824	10.7951	4.74144	0.966115
14	57.4844	44	-2.09714e+06	38.3001	0.682465	480	2.10418	10.6404	4.73238	1.03206
15	58.2008	44	-2.08673e+06	37.6372	0.68758	519	2.10655	10.6166	4.71819	1.02331
16	57.353	43	-2.06914e+06	36.8035	0.697896	536	2.11085	10.4288	4.69863	1.05133
17	59.2885	42	-2.06236e+06	36.7398	0.704905	562	2.10369	10.6984	4.68839	0.934155
18	61.9833	40	-2.05828e+06	36.6764	0.705332	588	2.09678	10.4843	4.67753	1.03858
19	60.6901	40	-2.0553e+06	36.9163	0.707168	617	2.09308	10.2111	4.68217	0.920594
20	62.5122	40	-2.04998e+06	36.9214	0.70906	639	2.09206	10.2259	4.67601	0.928123
21	64.3542	38	-2.03485e+06	35.2999	0.719144	677	2.09623	10.3514	4.65791	0.951625
22	64.8024	37	-2.03365e+06	35.349	0.724261	674	2.09768	10.8613	4.64652	1.0063
23	65.5726	37	-2.03143e+06	35.3203	0.728885	698	2.09186	10.7513	4.64411	0.95331
24	64.5321	37	-2.02793e+06	35.0061	0.736471	705	2.09353	10.8481	4.63056	0.968447
25	65.9497	37	-2.02666e+06	34.8964	0.73115	701	2.08846	10.8285	4.63403	1.00474
26	68.6743	37	-2.02424e+06	35.3641	0.726513	751	2.08114	10.6315	4.62981	0.96473
27	68.1428	36	-2.02316e+06	35.3482	0.73505	760	2.075	10.3483	4.6348	0.946484
28	68.3022	35	-2.02259e+06	35.6657	0.738158	747	2.07381	10.4644	4.63139	0.926096
29	68.9086	37	-2.02245e+06	35.6614	0.733405	762	2.07454	10.505	4.62024	1.09564
30	68.138	35	-2.02124e+06	35.9744	0.736573	780	2.07403	10.3447	4.6167	0.954494
31	68.7861	35	-2.02024e+06	35.6739	0.738179	808	2.07607	10.6462	4.61279	1.03543
32	69.9465	36	-2.01909e+06	35.667	0.745435	807	2.07229	10.5699	4.61324	1.05369
33	69.7509	35	-2.01769e+06	35.6199	0.744933	791	2.06905	10.3418	4.60463	0.803643
34	70.1136	35	-2.01637e+06	35.5077	0.744523	829	2.06022	10.3033	4.60163	0.822599
35	71.6434	35	-2.01681e+06	35.4882	0.747937	848	2.06174	10.794	4.59708	1.02368
36	73.4333	34	-2.01556e+06	35.8243	0.747634	874	2.06489	10.6727	4.59396	0.945543
37	74.7229	33	-2.01514e+06	35.5762	0.755221	893	2.05961	10.5524	4.59004	0.997638
38	74.135	34	-2.01529e+06	35.527	0.752359	935	2.06719	10.6763	4.59317	0.944251
39	74.4905	34	-2.01464e+06	35.7138	0.750013	886	2.06114	10.8416	4.59596	1.01608
40	75.1607	33	-2.01352e+06	35.7559	0.746429	904	2.05027	10.585	4.58711	0.944438
41	73.0217	33	-2.01381e+06	36.2929	0.744575	912	2.05996	10.6032	4.58895	1.02358
42	74.6601	34	-2.01281e+06	36.1673	0.751906	937	2.05459	10.6215	4.58714	0.926989
43	74.8791	32	-2.01322e+06	36.0455	0.749566	929	2.05513	10.6921	4.58608	0.966171
44	73.6786	34	-2.01313e+06	35.9413	0.756994	901	2.05987	10.3865	4.58366	1.05896
45	74.8073	33	-2.0123e+06	35.9157	0.764047	930	2.05586	10.2516	4.58326	1.02006
46	74.3983	32	-2.01176e+06	35.7312	0.762798	953	2.05367	10.3158	4.58294	1.05817
47	77.091	32	-2.01128e+06	35.462	0.763013	953	2.04913	10.6376	4.58114	0.956929
48	79.3479	32	-2.01081e+06	35.527	0.764852	964	2.0465	10.5271	4.58313	1.01151
49	78.6807	32	-2.01003e+06	35.6654	0.767229	974	2.04639	10.5605	4.58554	1.00113
50	78.4452	32	-2.0106e+06	35.6744	0.776102	983	2.04656	10.4827	4.58205	1.04676
51	77.3656	32	-2.00927e+06	35.7368	0.775283	983	2.04113	10.3977	4.58132	0.996918
52	78.0831	32	-2.00983e+06	35.8263	0.771499	1007	2.04047	10.5552	4.58126	1.0212
53	78.5699	32	-2.00973e+06	35.8071	0.773064	988	2.03637	10.3564	4.58577	0.898486
54	77.755	32	-2.00866e+06	35.9437	0.769843	1015	2.03892	10.2314	4.57402	1.05082
55	78.1141	31	-2.00918e+06	36.1183	0.772533	987	2.04067	10.3451	4.57703	0.987606
56	79.2689	32	-2.00873e+06	35.9007	0.771055	1022	2.03673	10.2262	4.57352	0.98563
57	78.5656	32	-2.00844e+06	35.9379	0.770602	1025	2.04162	10.1464	4.57022	0.990779
58	81.8546	30	-2.00778e+06	36.2631	0.776414	1061	2.03567	10.187	4.57031	1.04683
59	82.1801	30	-2.00745e+06	36.1081	0.77585	1059	2.03811	10.1296	4.56808	1.03727
60	80.3209	31	-2.00782e+06	36.2482	0.778958	1061	2.04114	10.1512	4.56489	1.00423
61	82.8726	31	-2.00798e+06	36.0998	0.772135	1069	2.03982	10.4247	4.56402	1.08163
62	81.1155	31	-2.00704e+06	36.1359	0.778646	1049	2.03683	10.0978	4.55863	0.989275
63	81.6324	30	-2.00669e+06	36.3395	0.777554	1050	2.03137	10.2068	4.56852	1.00562
64	81.086	31	-2.00625e+06	36.3712	0.78424	1055	2.02723	10.1864	4.56721	1.03095
65	80.819	31	-2.00522e+06	36.6254	0.781028	1084	2.02404	10.1104	4.56783	1.10827
66	82.5094	30	-2.00573e+06	36.388	0.782175	1063	2.02447	10.1494	4.56298	1.00474
67	82.047	30	-2.00591e+06	36.4324	0.78129	1064	2.0241	9.94794	4.56566	0.997924
68	82.7766	31	-2.0059e+06	36.5055	0.789021	1041	2.02568	10.1827	4.56731	0.993155
69	81.0016	30	-2.00554e+06	36.7006	0.790229	1023	2.02049	9.73225	4.57036	0.977904
70	80.8166	31	-2.00418e+06	36.5963	0.790458	1050	2.01788	9.68473	4.57147	0.959275
71	80.518	30	-2.00477e+06	36.4263	0.788875	1056	2.02417	9.96124	4.57234	0.96212
72	80.693	31	-2.00364e+06	36.3	0.785795	1032	2.02391	9.69052	4.57337	0.881893
73	80.7566	31	-2.00369e+06	36.3151	0.783817	1056	2.01968	10.0974	4.57453	0.987352
74	81.9504	30	-2.00379e+06	36.6996	0.784053	1061	2.02009	9.95771	4.57646	0.957304
75	82.0732	30	-2.00314e+06	36.8967	0.783639	1080	2.0168	9.89637	4.56862	1.04591
76	81.875	30	-2.00296e+06	36.964	0.787704	1049	2.01241	9.78165	4.57232	1.01972
77	81.3379	30	-2.00305e+06	36.7718	0.791021	1057	2.0123	9.87857	4.5755	0.918989
78	82.4808	30	-2.0024e+06	36.9607	0.792421	1088	2.01343	9.99583	4.57628	0.897199
79	81.5412	30	-2.00213e+06	36.8602	0.795561	1118	2.00801	10.0671	4.57608	1.05319
80	84.177	30	-2.0029e+06	36.9182	0.796239	1105	2.00945	9.93739	4.57164	1.03027
81	82.2751	30	-2.00196e+06	36.8955	0.79355	1118	2.00569	9.96379	4.58381	1.0503
82	84.666	29	-2.00192e+06	36.6132	0.791497	1124	2.00849	10.2025	4.58082	1.10243
83	83.3861	30	-2.00155e+06	36.4743	0.795213	1104	2.00869	9.96045	4.57587	0.956412
84	82.7686	30	-2.00152e+06	36.5862	0.804902	1126	2.00483	10.1585	4.5751	0.93031
85	84.2229	29	-2.00091e+06	36.5495	0.806671	1134	2.00314	9.92139	4.57523	1.12745
86	83.3383	30	-2.00067e+06	36.4544	0.796764	1108	1.99841	9.89345	4.57919	0.890697
87	84.5331	30	-2.00106e+06	36.7177	0.797024	1122	1.99695	9.80532	4.57791	0.98608
88	82.5092	31	-2.00087e+06	36.6277	0.802873	1109	1.9968	10.0561	4.5805	1.04187
89	82.6725	30	-2.00125e+06	36.6328	0.811457	1105	2.00183	9.95275	4.57004	0.990233
90	82.1489	30	-2.00057e+06	36.9164	0.809092	1113	2.00031	10.0013	4.56968	0.951776
91	82.2726	30	-2.00037e+06	36.8016	0.810866	1112	1.99241	10.0262	4.56776	1.06348
92	84.6025	29	-2.00074e+06	36.9744	0.815658	1138	1.99564	9.80663	4.56387	1.11769
93	83.5191	30	-1.99921e+06	37.0135	0.81572	1100	1.98938	9.86143	4.5755	1.02142
94	83.8278	29	-1.9994e+06	37.081	0.813084	1149	1.98991	9.73925	4.57353	1.13916
95	83.8016	29	-1.99814e+06	36.9894	0.81575	1110	1.98098	9.79888	4.57208	0.938177
96	84.2168	30	-1.99904e+06	37.0735	0.81493	1129	1.98388	9.85723	4.57364	1.11964
97	83.431	29	-1.9995e+06	36.848	0.815624	1110	1.99128	10.0683	4.57296	0.98285
98	82.6466	30	-1.99982e+06	36.7879	0.814472	1089	1.989	9.92365	4.57582	1.07883
99	85.0629	31	-1.99934e+06	36.651	0.813276	1116	1.99214	9.84374	4.58325	0.935506
100	83.3014	32	-1.99951e+06	36.7392	0.804694	1111	1.99075	9.87146	4.56947	0.9487
101	83.0886	31	-1.99935e+06	36.9141	0.806527	1108	1.99407	9.79904	4.56932	0.951693
102	83.7299	29	-1.99938e+06	36.5778	0.810895	1133	1.99368	9.97276	4.5639	1.18527
103	83.2185	31	-1.99981e+06	36.5539	0.806897	1112	1.99348	10.0028	4.56407	0.991618
104	84.6352	31	-1.99902e+06	36.7542	0.819213	1119	1.98437	10.0181	4.56872	1.00337
105	82.5903	30	-1.9974e+06	37.0018	0.815179	1090	1.98031	9.87943	4.57572	0.922005
106	82.6576	31	-1.99911e+06	36.9327	0.820402	1097	1.987	9.99635	4.57524	0.848503
107	83.1623	30	-1.99769e+06	37.1281	0.82932	1137	1.97883	9.77573	4.57381	1.02192
108	84.3257	31	-1.99858e+06	37.152	0.826466	1097	1.98342	9.99098	4.56538	1.0443
109	84.312	31	-1.99775e+06	36.8969	0.824486	1122	1.98126	9.69873	4.56319	0.873154
110	84.236	31	-1.99835e+06	36.683	0.829677	1120	1.98012	9.73921	4.56009	0.96284
111	85.5805	30	-1.99705e+06	36.9253	0.830389	1121	1.977	9.56729	4.56066	1.18736
112	85.4044	30	-1.99678e+06	36.8679	0.836067	1141	1.97218	9.66296	4.56016	0.998234
113	86.3759	30	-1.99754e+06	37.1055	0.830959	1143	1.97474	9.68672	4.56309	0.827388
114	85.6405	29	-1.9974e+06	36.9693	0.838707	1152	1.97807	9.83731	4.55898	1.03449
115	87.3894	30	-1.99774e+06	36.9449	0.83591	1148	1.97791	9.87318	4.56054	1.00883
116	85.2523	28	-1.997e+06	36.9654	0.840773	1186	1.97625	9.88857	4.56459	0.945974
117	86.2178	28	-1.99615e+06	36.8802	0.832888	1172	1.97341	9.57407	4.5634	0.958687
118	87.4388	28	-1.99693e+06	36.8522	0.837009	1148	1.96635	9.66079	4.57569	0.957937
119	85.9713	28	-1.99766e+06	37.0482	0.835185	1176	1.9727	9.60673	4.57129	0.971437
120	86.8648	28	-1.99622e+06	36.741	0.843944	1171	1.96681	9.80168	4.56796	0.963634
121	86.6682	28	-1.99643e+06	36.8815	0.854164	1183	1.96276	9.77787	4.56917	1.01255
122	85.9337	28	-1.99519e+06	37.0406	0.861668	1171	1.95806	9.78637	4.57265	0.935656
123	87.4732	29	-1.99483e+06	36.845	0.862093	1187	1.96324	9.67885	4.56656	1.02841
124	88.0318	28	-1.99445e+06	36.8796	0.856903	1176	1.95695	9.77607	4.56286	1.11957
125	87.4854	29	-1.99421e+06	36.8608	0.858172	1207	1.95168	9.37379	4.5683	0.975822
126	88.1879	29	-1.99403e+06	36.8635	0.867758	1155	1.95083	9.74338	4.56841	1.04811
127	87.3116	29	-1.99295e+06	36.907	0.868741	1169	1.94654	9.73206	4.56227	0.951564
128	87.0684	29	-1.99398e+06	37.053	0.872592	1172	1.94748	9.53774	4.56336	1.06829
129	86.1683	29	-1.99352e+06	37.014	0.873004	1137	1.94048	9.89199	4.56106	0.973308
130	85.7599	29	-1.99291e+06	37.2424	0.879129	1170	1.93884	9.79406	4.56341	1.00209
131	86.4959	29	-1.99318e+06	37.054	0.886752	1161	1.93882	9.97677	4.56876	0.973196
132	86.9427	29	-1.9932e+06	37.2934	0.88477	1157	1.94085	9.86011	4.56959	0.977872
133	87.3559	29	-1.99223e+06	37.6131	0.879932	1144	1.93802	9.70886	4.57105	1.03241
134	87.3742	29	-1.99273e+06	37.4235	0.884366	1133	1.93447	9.62076	4.577	0.927451
135	87.542	30	-1.99194e+06	37.4069	0.889319	1153	1.93477	9.59998	4.57601	0.931847
136	85.79	29	-1.99258e+06	37.2486	0.885383	1149	1.93826	9.59042	4.56888	0.942693
137	86.8283	29	-1.99307e+06	37.2693	0.891887	1150	1.93677	9.85455	4.56941	0.874375
138	87.9783	28	-1.99224e+06	37.3005	0.889943	1166	1.93431	9.67675	4.57067	0.974219
139	86.8895	29	-1.99267e+06	37.5493	0.886018	1176	1.93391	9.84721	4.56775	1.01025
140	87.8805	29	-1.99291e+06	37.3603	0.878411	1124	1.94172	9.62768	4.57233	1.00926
141	88.2958	28	-1.99231e+06	37.4305	0.88939	1162	1.93465	9.50918	4.57622	1.06604
142	88.5489	29	-1.99165e+06	37.4503	0.894945	1159	1.92769	9.54591	4.57619	1.09015
143	87.6796	30	-1.99151e+06	37.4155	0.902763	1149	1.92556	9.28446	4.58301	0.977014
144	82.6236	30	-1.99242e+06	37.3787	0.906211	1153	1.93855	9.59813	4.57226	0.998811
145	86.4319	29	-1.99174e+06	37.5672	0.904523	1142	1.92576	9.34483	4.56907	1.03285
146	83.4673	29	-1.9919e+06	37.5431	0.918214	1122	1.93063	9.58378	4.5623	1.11395
147	85.8964	29	-1.99181e+06	37.2778	0.914772	1185	1.93039	9.76935	4.56168	0.9848
148	87.365	28	-1.99113e+06	37.174	0.921081	1201	1.92634	9.7959	4.56573	1.13552
149	87.2442	28	-1.99069e+06	37.46	0.923147	1163	1.92292	9.63966	4.5682	0.98746
150	87.157	29	-1.99172e+06	37.202	0.923567	1156	1.92767	9.60055	4.56957	0.921509
151	87.5612	28	-1.99121e+06	37.2345	0.928222	1201	1.92555	9.70172	4.56853	1.03908
152	87.4229	28	-1.9905e+06	37.2098	0.928764	1211	1.92345	9.67225	4.56568	1.12097
153	88.6981	29	-1.99019e+06	37.359	0.933122	1165	1.91922	9.6993	4.57477	1.01728
154	87.4607	28	-1.98968e+06	36.9738	0.938036	1173	1.92214	9.72807	4.57258	0.947657
155	87.7812	28	-1.99085e+06	37.3764	0.933046	1138	1.92068	9.80888	4.57844	0.995762
156	87.9951	29	-1.99022e+06	37.47	0.925737	1156	1.92197	9.62986	4.57759	0.994565
157	86.7235	30	-1.99042e+06	37.2298	0.935012	1154	1.91917	9.52281	4.5728	1.0909
158	85.3131	30	-1.9908e+06	37.1911	0.936618	1146	1.92041	9.40986	4.57202	1.03343
159	88.6742	29	-1.99122e+06	37.2911	0.941503	1167	1.92585	9.6858	4.56687	0.986567
160	86.9394	30	-1.99106e+06	37.2177	0.932061	1112	1.9248	9.52537	4.56986	0.958079
161	84.8376	30	-1.99078e+06	37.2534	0.930013	1129	1.92147	9.41611	4.56785	1.01335
162	84.4829	30	-1.99028e+06	37.1244	0.935615	1125	1.91577	9.71993	4.57031	1.19075
163	83.3816	30	-1.99104e+06	37.2965	0.933888	1106	1.9182	9.52224	4.57347	1.05584
164	83.8945	29	-1.99184e+06	37.39	0.925325	1129	1.92302	9.66248	4.58052	1.0487
165	84.0864	29	-1.99096e+06	37.4404	0.925607	1111	1.91966	9.58718	4.57515	1.09916
166	82.8203	30	-1.99116e+06	37.2019	0.937855	1122	1.91659	9.69701	4.57665	0.900672
167	86.5123	30	-1.99026e+06	37.2507	0.931133	1137	1.91839	9.59219	4.58244	0.887621
168	86.3792	30	-1.99079e+06	37.2335	0.926599	1144	1.92066	9.69482	4.58131	0.92433
169	84.8509	28	-1.99003e+06	37.161	0.92556	1129	1.92065	9.54789	4.58411	0.992361
170	82.8746	30	-1.99009e+06	37.1407	0.935074	1123	1.91637	9.80038	4.58751	0.872001
171	83.7803	30	-1.98949e+06	37.0483	0.93187	1109	1.91071	9.69672	4.58282	0.905543
172	85.5889	30	-1.98975e+06	37.1514	0.939589	1141	1.91768	9.79737	4.58322	0.892684
173	85.9829	29	-1.98864e+06	37.2197	0.950068	1143	1.90849	9.53498	4.58748	1.00569
174	86.4597	30	-1.98986e+06	37.4572	0.953896	1163	1.92131	9.73928	4.57825	1.01986
175	83.9511	29	-1.98904e+06	37.1886	0.951788	1125	1.91167	9.5342	4.58289	1.05932
176	84.5979	30	-1.98855e+06	37.5681	0.951997	1108	1.91337	9.4701	4.57876	1.05298
177	84.7725	30	-1.98838e+06	37.3202	0.954221	1152	1.90845	9.43431	4.57621	1.04976
178	88.1356	29	-1.989e+06	37.6383	0.956853	1170	1.90792	9.65801	4.58193	0.993935
179	88.3612	28	-1.9888e+06	37.8922	0.950328	1164	1.90963	9.5574	4.57697	1.01672
180	89.8789	29	-1.98805e+06	37.5974	0.95643	1175	1.90597	9.75679	4.57742	0.993876
181	88.0413	29	-1.98859e+06	37.654	0.958853	1151	1.90759	9.52319	4.57718	1.11106
182	88.6322	29	-1.98867e+06	37.5124	0.954532	1181	1.90523	9.56355	4.58198	0.940563
183	87.8771	29	-1.98917e+06	37.5656	0.944833	1133	1.91149	9.73235	4.58095	0.955125
184	85.1542	30	-1.98834e+06	37.3084	0.954141	1154	1.90433	9.70661	4.5854	1.01586
185	84.326	28	-1.98878e+06	37.6416	0.957315	1132	1.90643	9.63697	4.57737	1.0434
186	85.1633	29	-1.98708e+06	37.6009	0.960687	1128	1.89697	9.58833	4.58273	1.13349
187	85.1701	30	-1.98778e+06	37.5426	0.966038	1133	1.89347	9.81572	4.58086	0.994252
188	85.5636	29	-1.98671e+06	37.5579	0.971115	1163	1.89139	9.68053	4.58209	1.01025
189	86.2811	28	-1.98684e+06	37.3811	0.975707	1181	1.89768	9.64268	4.57207	0.953229
190	86.436	29	-1.98806e+06	37.5418	0.969815	1168	1.89783	9.72525	4.57818	1.10226
191	87.4909	30	-1.98709e+06	37.6516	0.965322	1141	1.89587	9.81225	4.57481	0.967576
192	86.3186	29	-1.98781e+06	37.9013	0.959327	1137	1.89883	9.74303	4.58358	1.14684
193	85.9774	30	-1.98742e+06	37.94	0.970215	1167	1.89507	9.68885	4.58541	0.996947
194	88.3022	29	-1.98895e+06	38.0348	0.964838	1149	1.90224	9.6324	4.5846	0.957674
195	87.1623	30	-1.98772e+06	38.0038	0.960238	1167	1.9018	9.81312	4.58174	1.00014
196	89.9675	29	-1.98831e+06	37.7437	0.964761	1183	1.90272	9.53632	4.5776	1.06709
197	86.0659	29	-1.98802e+06	37.7884	0.961589	1159	1.9011	9.66634	4.57705	1.05506
198	85.5861	29	-1.9873e+06	37.9788	0.961724	1116	1.89579	9.65102	4.57894	0.962564
199	86.5074	30	-1.98778e+06	37.9406	0.955057	1126	1.8978	9.66346	4.57465	1.02965
200	86.1201	30	-1.98777e+06	38.1432	0.961074	1161	1.89771	9.72009	4.57766	1.02406
201	88.9369	29	-1.98791e+06	37.7831	0.960279	1155	1.89706	9.65702	4.57869	0.936934
202	88.2377	30	-1.98845e+06	38.0243	0.954905	1137	1.90314	9.73764	4.57416	0.918617
203	86.3133	30	-1.98871e+06	38.0601	0.94955	1130	1.89894	9.56564	4.57554	0.940043
204	85.5719	30	-1.98851e+06	38.257	0.952417	1114	1.90359	9.71308	4.56812	0.910948
205	86.1544	31	-1.98897e+06	38.3535	0.954258	1089	1.9079	9.74987	4.56488	1.01761
206	86.3131	31	-1.98868e+06	37.9538	0.953536	1116	1.90067	9.58113	4.56851	1.17445
207	86.4319	31	-1.98844e+06	38.1095	0.95202	1115	1.90718	9.52373	4.56377	0.902458
208	81.707	29	-1.98855e+06	38.1533	0.950949	1123	1.90525	9.52897	4.56962	1.03219
209	85.5044	30	-1.98813e+06	37.9308	0.951094	1140	1.90565	9.7733	4.57038	0.855132
210	85.4529	29	-1.98835e+06	37.8987	0.951853	1149	1.90637	9.64069	4.57694	1.00246
211	85.7507	29	-1.9884e+06	38.0178	0.946034	1137	1.90633	9.65666	4.57145	0.831347
212	84.8195	30	-1.98801e+06	37.8722	0.957548	1148	1.90295	9.49267	4.56546	1.05665
213	87.2747	29	-1.988e+06	38.0762	0.963232	1169	1.90517	9.59297	4.56565	1.04464
214	86.7395	29	-1.98843e+06	38.2613	0.963163	1138	1.90467	9.86044	4.56902	0.960857
215	88.1147	29	-1.98811e+06	37.9511	0.962003	1141	1.90621	9.67391	4.57478	0.936011
216	86.7554	29	-1.98883e+06	37.8512	0.957689	1124	1.90465	9.57395	4.57236	1.09077
217	85.9544	29	-1.98796e+06	37.5929	0.961843	1176	1.90172	9.49686	4.57595	0.923004
218	88.6078	29	-1.9885e+06	37.6884	0.961061	1147	1.90249	9.55741	4.57781	0.965953
219	88.8571	29	-1.98817e+06	37.6944	0.949378	1177	1.90291	9.58196	4.57608	1.08855
220	88.4154	28	-1.98822e+06	37.6401	0.949204	1172	1.90421	9.60258	4.58229	0.99693
221	87.1517	28	-1.98923e+06	37.4879	0.946564	1154	1.9096	9.68696	4.58261	1.0862
222	86.5012	28	-1.98902e+06	37.4125	0.94537	1158	1.90715	9.28601	4.58595	1.10297
223	87.4249	28	-1.98812e+06	37.4812	0.939803	1168	1.90999	9.30397	4.58615	0.884069
224	88.909	29	-1.9886e+06	37.612	0.936971	1154	1.90884	9.47727	4.58354	0.898517
225	87.8097	29	-1.9881e+06	37.58	0.942724	1185	1.90298	9.40208	4.58409	0.99921
226	89.2872	30	-1.98813e+06	37.4282	0.950007	1141	1.90744	9.35927	4.58375	0.910164
227	86.4798	30	-1.98816e+06	37.4347	0.951026	1114	1.90352	8.9962	4.58525	1.0798
228	84.7423	29	-1.98756e+06	37.4336	0.956779	1125	1.89954	9.33421	4.59129	1.02674
229	87.8304	30	-1.98842e+06	37.2835	0.949843	1157	1.90759	9.24083	4.58516	0.949098
230	88.2992	28	-1.98742e+06	37.3123	0.95313	1152	1.89698	9.19069	4.58617	1.04787
231	88.8654	28	-1.98813e+06	37.2052	0.964265	1201	1.9037	9.34408	4.58293	1.10867
232	88.3487	28	-1.9874e+06	37.1136	0.970234	1217	1.89928	9.49497	4.58307	1.03344
233	87.7716	29	-1.98719e+06	36.8705	0.968407	1220	1.90033	9.47741	4.58091	1.00455
234	87.3476	29	-1.98697e+06	36.9081	0.972224	1230	1.89953	9.32356	4.58019	1.01599
235	88.9119	28	-1.98679e+06	36.8483	0.973146	1212	1.89801	9.35847	4.58258	1.01068
236	88.6352	28	-1.98702e+06	37.1863	0.962525	1188	1.89556	9.07541	4.57806	1.07613
237	88.955	30	-1.9868e+06	37.1858	0.961102	1185	1.89086	9.20755	4.59278	1.00549
238	87.2278	28	-1.98774e+06	37.2687	0.964364	1198	1.89858	9.35456	4.58833	1.21655
239	87.6976	28	-1.98726e+06	37.0926	0.961584	1151	1.89606	9.19955	4.58736	0.943832
240	87.2691	29	-1.9868e+06	37.3029	0.959204	1144	1.89092	9.40235	4.58334	0.993497
241	84.4581	29	-1.98739e+06	37.3262	0.969996	1113	1.89762	9.01253	4.58812	0.945165
242	83.3071	29	-1.98765e+06	37.3639	0.970207	1132	1.89432	9.26209	4.59149	1.03794
243	85.1545	29	-1.98755e+06	37.2697	0.966484	1110	1.89711	9.32818	4.59001	1.06445
244	83.802	31	-1.98701e+06	37.2493	0.966659	1101	1.8976	9.28736	4.58956	0.95088
245	80.9344	29	-1.98821e+06	37.0878	0.957356	1089	1.90441	9.31951	4.58451	1.00286
246	83.7381	30	-1.98778e+06	36.9705	0.958693	1083	1.89841	9.10707	4.58668	1.09612
247	83.0972	30	-1.98767e+06	37.0175	0.962072	1084	1.89814	9.17064	4.57806	0.972744
248	84.5727	30	-1.98822e+06	36.9292	0.962042	1141	1.89963	9.28701	4.58078	1.07705
249	84.5783	30	-1.98728e+06	37.4427	0.95389	1097	1.89723	9.18691	4.58431	0.890666
250	84.984	30	-1.98871e+06	37.2382	0.952853	1139	1.90208	9.46163	4.58358	1.07763
251	84.2456	30	-1.98869e+06	37.2537	0.945368	1106	1.90398	9.48813	4.5878	0.98572
252	81.5981	29	-1.98864e+06	37.2998	0.954429	1092	1.90438	9.64036	4.58206	0.989486
253	82.9923	29	-1.98935e+06	37.6779	0.939086	1064	1.90762	9.21909	4.58031	1.00039
254	83.1385	30	-1.98966e+06	37.5564	0.938853	1083	1.91033	9.36862	4.57943	1.03164
255	82.2183	30	-1.98853e+06	37.0321	0.947202	1119	1.90746	9.44467	4.57986	1.01103
256	84.046	30	-1.98785e+06	37.2795	0.940759	1114	1.89885	9.14554	4.58042	1.08417
257	84.3265	30	-1.98818e+06	37.3258	0.932357	1145	1.90774	8.93427	4.58427	1.05481
258	83.7554	28	-1.98895e+06	37.1538	0.932985	1129	1.91309	9.10009	4.58903	0.954171
259	83.3857	30	-1.9886e+06	37.2698	0.927928	1132	1.91189	9.27172	4.58137	0.979758
260	83.6515	29	-1.98843e+06	37.3572	0.936183	1126	1.91059	9.19228	4.5796	0.893695
261	84.2836	29	-1.98865e+06	37.5151	0.931223	1149	1.90718	9.25476	4.58602	0.957639
262	85.0104	29	-1.98816e+06	37.5403	0.930379	1133	1.90494	9.31197	4.58493	0.951644
263	85.124	29	-1.98862e+06	37.7041	0.934074	1132	1.90921	9.38043	4.58686	1.27706
264	81.8918	29	-1.98766e+06	37.5615	0.931389	1135	1.90737	9.38742	4.57925	1.08193
265	84.7118	29	-1.98801e+06	37.3773	0.9334	1106	1.90716	9.57005	4.57831	0.910174
266	83.9037	30	-1.98795e+06	37.2533	0.940466	1127	1.90561	9.53041	4.57797	0.97995
267	83.7136	30	-1.98783e+06	37.5216	0.938169	1132	1.90328	9.45118	4.57522	0.975895
268	85.869	29	-1.98729e+06	37.7176	0.947226	1119	1.90306	9.39826	4.58271	0.927053
269	85.8466	31	-1.98712e+06	37.6244	0.956863	1119	1.90025	9.47468	4.5825	1.00448
270	82.3368	29	-1.98749e+06	37.2822	0.953832	1111	1.89567	9.23987	4.58812	1.02374
271	82.0947	29	-1.98799e+06	37.3103	0.953435	1130	1.9035	9.59536	4.58526	0.99117
272	83.9832	30	-1.98757e+06	37.124	0.954853	1118	1.90132	9.47349	4.58629	0.900426
273	84.7032	29	-1.98766e+06	37.1721	0.963808	1144	1.89675	9.4445	4.58753	1.08254
274	84.8217	29	-1.98726e+06	37.2418	0.959749	1120	1.89426	9.53338	4.58965	1.11282
275	83.4801	31	-1.98812e+06	37.4688	0.960266	1088	1.90343	9.65849	4.58432	1.10183
276	85.5276	31	-1.9873e+06	37.3505	0.965693	1079	1.89566	9.40469	4.58764	0.991775
277	82.7255	30	-1.98718e+06	37.4597	0.958844	1112	1.89475	9.31467	4.59176	0.981585
278	84.1822	30	-1.98762e+06	37.2781	0.954037	1149	1.90021	9.44528	4.58946	1.00249
279	85.6071	31	-1.98784e+06	37.1385	0.961401	1112	1.9017	9.54573	4.58766	1.11038
280	85.8672	31	-1.9877e+06	37.0367	0.953888	1141	1.90094	9.50186	4.59303	0.991745
281	85.2942	29	-1.98827e+06	37.0863	0.956876	1139	1.901	9.26161	4.59651	1.12656
282	83.9412	31	-1.98828e+06	37.0505	0.966349	1130	1.90293	9.36545	4.596	0.918542
283	82.7177	31	-1.98738e+06	37.1981	0.958218	1105	1.8995	9.16727	4.60272	1.1023
284	83.6168	30	-1.98712e+06	37.3444	0.960406	1098	1.89663	9.308	4.59414	0.998216
285	83.8286	30	-1.98762e+06	37.0718	0.952571	1130	1.90218	9.37429	4.59266	1.07926
286	86.2243	30	-1.98833e+06	37.0231	0.949273	1149	1.89812	9.2857	4.59596	1.04071
287	86.5754	30	-1.98876e+06	37.0936	0.941352	1119	1.90554	9.14709	4.59331	1.04098
288	83.6565	30	-1.98802e+06	37.0949	0.947943	1103	1.90387	9.33183	4.58933	0.933484
289	83.8805	31	-1.98822e+06	37.2636	0.942027	1108	1.90086	9.20594	4.58555	1.02903
290	84.3218	31	-1.98763e+06	37.5582	0.947118	1126	1.89838	9.18744	4.58795	1.01924
291	85.4587	31	-1.98896e+06	37.5433	0.940601	1118	1.90132	9.36685	4.58905	1.1625
292	85.4864	30	-1.98773e+06	37.3135	0.947634	1127	1.89344	9.40742	4.58743	1.02223
293	85.1577	30	-1.98758e+06	37.3598	0.948327	1119	1.89221	9.52847	4.58906	0.944316
294	83.8984	30	-1.98814e+06	37.3107	0.948008	1059	1.89874	9.06452	4.58841	0.957161
295	82.2682	30	-1.98812e+06	37.4359	0.946025	1098	1.89873	9.35172	4.58506	1.01171
296	82.0744	30	-1.98926e+06	37.5476	0.939417	1098	1.9091	9.41927	4.57897	1.00875
297	82.6966	30	-1.9891e+06	37.549	0.940388	1137	1.90594	9.27752	4.57752	1.14171
298	81.7303	31	-1.98907e+06	37.5183	0.942839	1100	1.90934	9.47285	4.57971	1.02123
299	83.2475	30	-1.98925e+06	37.5953	0.936992	1100	1.91175	9.3541	4.58051	0.897028
300	84.9778	30	-1.98948e+06	37.5446	0.931969	1085	1.91306	9.3691	4.57437	1.00354
301	81.808	30	-1.98953e+06	37.5761	0.941665	1065	1.91438	9.50952	4.57414	0.974472
302	83.0575	31	-1.98922e+06	37.6183	0.941834	1073	1.91178	9.30431	4.57457	0.995233
303	81.8246	29	-1.9897e+06	37.5565	0.939641	1069	1.91119	9.48742	4.57702	0.950121
304	82.7255	30	-1.98887e+06	37.4836	0.952914	1076	1.91179	9.57403	4.57596	1.15484
305	83.2237	30	-1.98999e+06	37.5371	0.949872	1092	1.91103	9.50492	4.57868	0.982373
306	81.884	30	-1.98833e+06	37.7295	0.95232	1089	1.90788	9.4937	4.57323	0.95954
307	82.6772	30	-1.98847e+06	37.6121	0.94658	1120	1.90771	9.28184	4.57216	0.965495
308	85.3184	30	-1.98824e+06	37.747	0.957474	1153	1.91222	9.44073	4.58168	0.954855
309	81.7431	30	-1.98821e+06	37.8895	0.959045	1118	1.90699	9.46202	4.5806	0.974829
310	82.7421	31	-1.98867e+06	37.6648	0.960924	1098	1.90575	9.41005	4.58097	0.878939
311	84.3283	30	-1.98837e+06	37.5309	0.962996	1123	1.90519	9.27501	4.58295	1.03107
312	86.8268	29	-1.98829e+06	37.3347	0.949574	1154	1.90708	9.34067	4.5795	0.973564
313	86.2109	29	-1.98931e+06	37.2916	0.953739	1131	1.90824	9.25818	4.58065	0.981833
314	84.6113	30	-1.98883e+06	37.5709	0.951095	1128	1.91105	9.29025	4.57961	0.991908
315	83.6744	29	-1.98896e+06	37.3077	0.962425	1136	1.91211	9.54166	4.57378	1.14249
316	85.1865	30	-1.98836e+06	37.5488	0.959297	1119	1.90737	9.47811	4.57745	1.07857
317	83.7037	30	-1.98861e+06	37.5925	0.950505	1112	1.9033	9.65068	4.58148	0.973481
318	83.1586	30	-1.98848e+06	37.2043	0.956492	1134	1.90702	9.47892	4.57791	1.05314
319	84.7572	30	-1.98825e+06	37.4456	0.964792	1120	1.90359	9.65566	4.58683	1.13967
320	83.4358	30	-1.98836e+06	37.4032	0.960091	1129	1.90004	9.43787	4.58861	1.07803
321	85.9497	29	-1.98799e+06	37.4134	0.968535	1154	1.90079	9.42348	4.57865	1.03042
322	84.4076	29	-1.98849e+06	37.8836	0.959226	1121	1.9091	9.34543	4.57702	0.978997
323	84.7659	30	-1.9891e+06	37.7862	0.948175	1117	1.90726	9.399	4.57862	1.09531
324	86.6592	31	-1.98863e+06	37.579	0.950485	1133	1.90869	9.55721	4.58287	0.978927
325	85.1719	31	-1.98894e+06	37.5152	0.948222	1122	1.90541	9.34096	4.58837	1.03156
326	83.0594	30	-1.98869e+06	37.4321	0.956302	1147	1.90445	9.43435	4.59054	0.96187
327	85.5679	28	-1.98845e+06	37.4008	0.957127	1157	1.90586	9.63423	4.58891	1.0049
328	85.1152	29	-1.98877e+06	37.2848	0.959755	1142	1.90816	9.27255	4.58225	0.928813
329	86.3701	29	-1.98824e+06	37.4741	0.95574	1133	1.90686	9.43645	4.58114	1.0189
330	84.8832	30	-1.98815e+06	37.2012	0.95596	1102	1.90211	9.32446	4.58334	1.05814
331	81.7036	31	-1.98814e+06	37.4971	0.957622	1084	1.90424	9.34135	4.57561	0.994548
332	83.9726	30	-1.98787e+06	37.7151	0.957618	1114	1.90429	9.61204	4.57565	0.953073
333	84.5122	30	-1.98842e+06	37.9783	0.952033	1168	1.9039	9.4949	4.57658	0.967891
334	85.8909	29	-1.98917e+06	37.7164	0.95687	1129	1.90457	9.40487	4.57812	0.99997
335	85.1669	29	-1.98785e+06	37.5429	0.961817	1162	1.89753	9.45852	4.57451	0.852905
336	87.1457	29	-1.98856e+06	37.6173	0.964645	1170	1.9033	9.42813	4.58137	0.968804
337	86.2022	29	-1.98847e+06	37.7622	0.963031	1128	1.90277	9.69587	4.57655	0.994439
338	86.4076	29	-1.98795e+06	37.6013	0.96001	1165	1.90055	9.47113	4.57741	1.05139
339	86.4618	28	-1.9883e+06	37.4483	0.971797	1157	1.9026	9.53073	4.57298	1.13549
340	85.5354	29	-1.98801e+06	37.1637	0.977818	1135	1.90417	9.49563	4.57347	0.990247
341	84.6124	29	-1.98831e+06	37.3439	0.978355	1136	1.90337	9.5177	4.57331	1.10681
342	84.7753	29	-1.98861e+06	37.2872	0.974115	1144	1.90137	9.51356	4.57383	0.906078
343	84.8324	29	-1.9887e+06	37.3797	0.965169	1146	1.90305	9.3847	4.57532	1.18229
344	86.3593	29	-1.98859e+06	37.3216	0.969655	1126	1.90471	9.31867	4.58024	0.925818
345	84.6642	29	-1.98889e+06	37.1831	0.967569	1147	1.90728	9.31528	4.58351	0.948237
346	83.984	29	-1.9877e+06	37.0806	0.966095	1114	1.90147	9.46773	4.58782	0.996269
347	82.3267	30	-1.98839e+06	37.3459	0.957529	1133	1.90065	9.2335	4.59554	1.04288
348	84.2146	30	-1.98831e+06	37.2034	0.955988	1139	1.90239	9.23946	4.59228	1.1017
349	81.9807	31	-1.98774e+06	37.1762	0.961257	1102	1.89837	9.44318	4.59063	0.984966
350	84.0294	30	-1.98824e+06	37.1345	0.952313	1140	1.90482	9.47608	4.58719	0.998333
351	83.2058	30	-1.98824e+06	37.1606	0.962724	1102	1.90678	9.39962	4.5869	0.985119
352	79.9659	29	-1.98876e+06	36.831	0.961261	1110	1.90619	9.30594	4.59004	0.90145
353	82.1635	30	-1.98869e+06	36.9062	0.966003	1112	1.90413	9.49839	4.59029	0.967174
354	82.1196	31	-1.98793e+06	36.836	0.96814	1104	1.89848	9.42973	4.58697	0.928803
355	81.5575	29	-1.98873e+06	37.3117	0.966645	1086	1.90215	9.41972	4.58337	0.872552
356	83.52	29	-1.98852e+06	37.1791	0.966533	1128	1.90409	9.20515	4.58598	0.974325
357	84.4603	30	-1.9888e+06	37.0433	0.968279	1130	1.90557	9.35163	4.582	1.05123
358	83.0646	29	-1.98855e+06	36.9714	0.967134	1124	1.90044	9.45628	4.57788	1.02844
359	82.5163	30	-1.98815e+06	37.0425	0.970197	1116	1.90185	9.33624	4.58193	0.939013
360	82.1072	29	-1.98879e+06	37.0191	0.972233	1114	1.90427	9.39057	4.57584	0.99138
361	81.975	30	-1.98852e+06	36.9758	0.976212	1094	1.90254	9.18694	4.58452	0.904537
362	82.5981	31	-1.98869e+06	36.7761	0.982924	1096	1.90343	9.24422	4.57876	1.03163
363	80.9506	29	-1.98761e+06	37.1259	0.971495	1071	1.89854	9.222	4.58354	0.985959
364	81.9136	30	-1.98846e+06	36.9987	0.973956	1094	1.89916	9.3607	4.58758	0.864391
365	80.6688	29	-1.98737e+06	37.2007	0.968602	1118	1.89712	9.43678	4.58419	0.906789
366	81.5963	30	-1.98828e+06	37.1838	0.963533	1111	1.90078	9.40088	4.57877	0.946591
367	83.1856	30	-1.98783e+06	37.083	0.979371	1060	1.89803	9.31664	4.58404	0.9556
368	82.8209	30	-1.98769e+06	37.1158	0.982989	1097	1.89657	9.51083	4.57827	1.07108
369	83.1902	30	-1.98766e+06	37.5369	0.975719	1087	1.899	9.40951	4.57512	0.981474
370	82.519	30	-1.98704e+06	37.2824	0.978556	1101	1.89473	9.49792	4.57958	1.05923
371	83.7828	30	-1.98655e+06	37.4772	0.980812	1136	1.89289	9.43984	4.58313	1.05023
372	84.5068	29	-1.98739e+06	37.5674	0.971753	1129	1.89372	9.1012	4.57801	0.939039
373	87.3176	29	-1.98776e+06	37.626	0.967237	1127	1.89309	9.41736	4.58831	0.922509
374	84.2019	29	-1.98715e+06	37.3313	0.974446	1127	1.89418	9.54399	4.58559	0.937471
375	83.0958	29	-1.98715e+06	37.257	0.968518	1126	1.89409	9.47729	4.5835	0.959325
376	86.7608	31	-1.98829e+06	37.0554	0.972215	1123	1.89934	9.37666	4.57834	0.991595
377	85.4886	30	-1.98809e+06	36.8444	0.974348	1104	1.90332	9.24911	4.57825	0.971495
378	86.535	31	-1.98794e+06	36.8365	0.967651	1128	1.9019	9.3802	4.57318	1.07362
379	85.7502	31	-1.98833e+06	37.3654	0.960438	1114	1.90096	9.28195	4.57528	0.960696
380	84.4167	31	-1.9881e+06	37.5756	0.95063	1094	1.90171	9.11072	4.57746	1.00687
381	85.2835	32	-1.98858e+06	37.4668	0.958802	1122	1.89957	9.33654	4.57195	1.06427
382	85.7951	31	-1.98836e+06	37.8068	0.953501	1116	1.89919	9.32794	4.56678	1.06648
383	83.9783	30	-1.98806e+06	37.798	0.959265	1126	1.89833	9.43605	4.57486	1.01165
384	84.6727	30	-1.98745e+06	37.9424	0.961018	1157	1.90009	9.59323	4.57867	0.991756
385	89.0093	30	-1.98751e+06	37.7309	0.959076	1144	1.8951	9.41168	4.58137	0.850221
386	87.0906	30	-1.98725e+06	37.7834	0.961309	1119	1.89478	9.18837	4.58263	1.15833
387	83.5261	31	-1.98726e+06	37.8738	0.968295	1098	1.89568	9.13913	4.58405	1.03142
388	82.2827	30	-1.98595e+06	37.7016	0.963645	1119	1.89008	9.22798	4.58415	0.993229
389	86.399	31	-1.98788e+06	37.6443	0.966508	1124	1.89796	9.41533	4.58133	1.06163
390	85.0393	29	-1.98739e+06	37.4368	0.961269	1145	1.90415	9.31287	4.57845	0.984134
391	83.5154	30	-1.98783e+06	37.4241	0.95956	1133	1.9046	9.51872	4.58149	0.987855
392	83.3251	29	-1.98796e+06	37.5602	0.954222	1113	1.89947	9.23514	4.58028	0.976948
393	85.0864	29	-1.98818e+06	37.4529	0.962126	1129	1.90682	9.51495	4.57622	0.883576
394	86.6461	29	-1.98803e+06	37.3024	0.953697	1156	1.90535	9.26536	4.57674	1.14127
395	86.8932	29	-1.98908e+06	37.1268	0.945203	1146	1.91426	9.19212	4.57612	0.986121
396	85.0172	29	-1.98854e+06	37.2168	0.946306	1154	1.91148	9.34133	4.57356	1.0625
397	84.1024	30	-1.98888e+06	37.5492	0.938828	1116	1.91296	9.62992	4.57536	0.813108
398	86.096	30	-1.98801e+06	37.4146	0.937657	1158	1.90735	9.30865	4.57781	0.989252
399	82.6169	27	-1.98826e+06	37.2089	0.939576	1150	1.91276	9.31528	4.58037	0.924847
400	83.3045	30	-1.98911e+06	37.218	0.93758	1122	1.91151	9.61957	4.56886	1.02541
401	83.0141	31	-1.98997e+06	37.1213	0.941194	1119	1.91505	9.46115	4.57879	0.990535
402	80.454	30	-1.98936e+06	37.1375	0.937845	1123	1.91324	9.61046	4.57847	0.994536
403	83.7925	30	-1.98973e+06	37.0443	0.938609	1120	1.90995	9.40779	4.5813	1.10075
404	83.0506	29	-1.98944e+06	37.1252	0.944272	1113	1.90729	9.42883	4.58329	1.07856
405	85.8836	29	-1.98857e+06	36.9647	0.960403	1125	1.90274	9.54254	4.58477	0.948175
406	86.1439	29	-1.98895e+06	36.988	0.956629	1152	1.90522	9.57417	4.5857	0.956254
407	85.7997	30	-1.98971e+06	37.3577	0.953597	1148	1.90771	9.41344	4.57821	1.03901
408	86.7037	28	-1.98823e+06	37.3778	0.957857	1146	1.90622	9.23623	4.57763	0.980917
409	86.3572	30	-1.98865e+06	37.1806	0.961997	1137	1.90239	9.79504	4.57578	1.06088
410	85.1181	30	-1.98857e+06	37.4388	0.96266	1148	1.90516	9.48802	4.57661	0.962124
411	85.7481	29	-1.98839e+06	37.2024	0.958138	1125	1.90247	9.47844	4.57186	1.05519
412	86.1552	29	-1.98837e+06	36.8645	0.955651	1162	1.90125	9.37647	4.58166	0.965484
413	86.0538	28	-1.98834e+06	36.7394	0.967256	1152	1.90332	9.43802	4.58057	0.963905
414	87.6029	29	-1.98888e+06	36.9681	0.964973	1150	1.90705	9.70938	4.57626	1.04144
415	85.0692	28	-1.98891e+06	37.2718	0.959729	1124	1.90338	9.60419	4.57895	0.903945
416	84.3652	30	-1.98875e+06	37.1405	0.954569	1122	1.90382	9.49074	4.58149	1.06468
417	87.0199	30	-1.98797e+06	37.4252	0.952339	1147	1.90169	9.43598	4.57481	1.0217
418	89.5472	30	-1.98795e+06	37.5152	0.946609	1164	1.90032	9.15063	4.57986	1.12548
419	87.8586	29	-1.98833e+06	37.8743	0.946797	1166	1.90668	9.63794	4.5756	0.934695
420	89.5723	28	-1.9874e+06	37.6747	0.945888	1155	1.8992	9.25445	4.57616	0.929056
421	87.2037	29	-1.98816e+06	37.7155	0.949929	1149	1.90036	9.46559	4.57838	1.04587
422	84.768	29	-1.98818e+06	37.7613	0.94781	1151	1.9013	9.56668	4.5795	1.02425
423	85.407	29	-1.98818e+06	37.7097	0.952654	1128	1.90079	9.55282	4.57984	1.00218
424	87.2821	30	-1.98808e+06	37.5833	0.957386	1141	1.89746	9.49221	4.58507	1.16446
425	88.7603	29	-1.98808e+06	37.5193	0.955331	1179	1.89423	9.22295	4.58166	1.10508
426	87	29	-1.98811e+06	37.6925	0.958609	1119	1.8989	9.245	4.57789	0.854339
427	84.8366	30	-1.98722e+06	37.4915	0.958109	1153	1.8931	9.39548	4.57435	0.929708
428	86.465	30	-1.98754e+06	37.5764	0.953474	1126	1.89764	9.28903	4.57518	0.971511
429	87.4893	29	-1.98752e+06	37.4896	0.959606	1155	1.89845	9.55443	4.57884	0.994842
430	86.8122	29	-1.98702e+06	37.5416	0.965441	1160	1.89683	9.43174	4.57963	1.13396
431	86.1458	28	-1.98799e+06	37.456	0.955377	1144	1.90345	9.37045	4.57148	1.08046
432	87.3516	29	-1.98817e+06	37.682	0.948325	1161	1.90295	9.58004	4.57368	0.969186
433	87.9583	29	-1.988e+06	37.8803	0.945129	1148	1.90216	9.36486	4.57689	0.969116
434	88.5135	28	-1.98797e+06	37.9293	0.942483	1162	1.899	9.5014	4.57206	0.920077
435	88.5285	29	-1.98774e+06	37.8137	0.946151	1197	1.89506	9.45536	4.57425	1.08506
436	87.3316	29	-1.98809e+06	37.5602	0.95096	1173	1.90013	9.49919	4.57702	1.07277
437	87.1081	28	-1.98654e+06	37.5885	0.953903	1169	1.89219	9.32838	4.57987	1.07344
438	88.8581	29	-1.98744e+06	37.7189	0.956613	1159	1.89617	9.4088	4.58472	1.07518
439	88.4893	29	-1.98809e+06	37.6489	0.954914	1172	1.90267	9.46242	4.57268	1.01104
440	87.5216	29	-1.98778e+06	37.5907	0.955596	1161	1.89944	9.35384	4.58248	0.890157
441	87.5664	29	-1.98708e+06	37.7691	0.95006	1206	1.89711	9.37988	4.57232	0.976913
442	87.6409	30	-1.98701e+06	37.7879	0.958128	1190	1.89353	9.31362	4.57935	0.990838
443	87.2001	30	-1.98701e+06	37.7008	0.956406	1192	1.89953	9.19406	4.57528	1.1529
444	86.5085	29	-1.98752e+06	37.6282	0.959985	1174	1.89991	9.11524	4.58109	1.03727
445	87.2752	28	-1.98649e+06	37.5537	0.970844	1171	1.89674	9.1416	4.57675	0.974093
446	87.8018	29	-1.98644e+06	37.4854	0.960279	1168	1.89982	8.94632	4.57524	1.05671
447	87.5931	29	-1.98724e+06	37.512	0.952353	1178	1.90434	9.20336	4.57945	0.917597
448	90.0119	29	-1.98829e+06	37.6577	0.950291	1151	1.90677	9.04992	4.57834	0.915749
449	88.5394	29	-1.98744e+06	37.6465	0.942036	1151	1.90328	9.23502	4.5787	0.96366
450	86.5001	29	-1.98711e+06	37.3439	0.953767	1124	1.90354	9.12971	4.57526	1.09067
451	86.6833	30	-1.98724e+06	37.562	0.944507	1149	1.90149	9.22479	4.57523	1.03979
452	88.3485	29	-1.98837e+06	37.4015	0.950828	1179	1.90171	9.34776	4.57866	0.938131
453	89.3145	29	-1.98768e+06	37.549	0.946842	1156	1.9041	9.16557	4.57065	1.04744
454	86.688	27	-1.98755e+06	37.5435	0.950039	1143	1.90751	9.3866	4.57727	0.997012
455	88.6872	29	-1.98687e+06	37.4064	0.954714	1166	1.89761	9.00039	4.58405	0.995692
456	87.7227	28	-1.98675e+06	37.6408	0.952263	1181	1.89686	9.24684	4.58952	0.910769
457	87.0665	29	-1.98638e+06	37.5139	0.957633	1196	1.89455	8.88486	4.58721	1.03327
458	88.754	29	-1.98672e+06	37.5163	0.950906	1156	1.89896	9.32627	4.58425	0.995058
459	86.2259	28	-1.98719e+06	37.5128	0.945574	1171	1.89712	9.17	4.57925	0.957139
460	87.6097	29	-1.98717e+06	37.9707	0.944178	1176	1.89957	9.40516	4.58611	1.03534
461	87.5079	28	-1.98799e+06	38.0797	0.931787	1172	1.89939	9.16411	4.58025	1.02464
462	90.3937	30	-1.98722e+06	37.8722	0.936	1167	1.901	9.29709	4.58489	0.937546
463	89.4326	29	-1.98759e+06	37.6278	0.948285	1175	1.89858	9.33556	4.5895	0.950435
464	89.6362	29	-1.98815e+06	37.4821	0.946923	1159	1.90215	9.47054	4.59166	1.13604
465	88.2132	30	-1.98798e+06	37.4358	0.954076	1141	1.90207	9.45756	4.5877	0.942782
466	84.9499	31	-1.98789e+06	37.4505	0.948431	1101	1.90329	9.31952	4.57699	1.07592
467	83.5037	30	-1.9873e+06	37.5653	0.945672	1125	1.90134	9.23669	4.5807	0.912793
468	84.7748	31	-1.9879e+06	37.7718	0.944796	1121	1.90352	9.16994	4.57649	0.930711
469	84.7138	30	-1.98747e+06	37.5022	0.943567	1116	1.90458	9.28912	4.56768	0.958795
470	84.743	31	-1.98675e+06	37.7028	0.954863	1146	1.89742	9.22752	4.57687	1.00397
471	84.1335	31	-1.98731e+06	37.9541	0.958585	1117	1.89813	9.41009	4.57887	0.936066
472	86.5635	30	-1.98746e+06	37.3922	0.960395	1142	1.89919	9.35598	4.57983	1.13381
473	86.4516	30	-1.98757e+06	37.4144	0.96163	1115	1.8964	9.25703	4.58189	0.945137
474	86.8391	31	-1.98725e+06	37.4884	0.960761	1162	1.89742	9.36353	4.57893	1.17366
475	87.6716	29	-1.98785e+06	37.4663	0.95483	1195	1.90429	9.30994	4.57653	0.970259
476	86.9688	29	-1.98773e+06	37.6155	0.957962	1159	1.90108	9.12301	4.58123	0.921629
477	85.8677	29	-1.98818e+06	37.5125	0.949134	1145	1.89879	9.33313	4.5785	0.872209
478	84.4804	29	-1.98745e+06	37.5548	0.949745	1130	1.89918	9.24153	4.58241	0.981132
479	84.491	30	-1.98849e+06	37.6579	0.94848	1130	1.90325	9.2175	4.57929	1.01418
480	88.4932	29	-1.98729e+06	37.7708	0.944681	1166	1.90047	9.36218	4.57222	1.05474
481	88.7875	28	-1.98727e+06	37.7679	0.945177	1188	1.89819	9.46076	4.57962	0.982617
482	88.0306	29	-1.98793e+06	37.7753	0.9396	1192	1.90009	9.45808	4.57788	0.969974
483	88.8837	29	-1.98722e+06	37.6396	0.948012	1164	1.89839	9.50184	4.579	1.05048
484	88.0175	30	-1.98756e+06	37.6547	0.951742	1160	1.9011	9.33866	4.57318	1.07409
485	86.4943	29	-1.98728e+06	37.7308	0.946641	1170	1.89687	9.27401	4.57672	0.952556
486	86.6367	29	-1.98819e+06	37.7659	0.949659	1133	1.90527	9.49497	4.57924	1.04381
487	84.3733	30	-1.98798e+06	37.4145	0.950624	1153	1.90293	9.43947	4.57894	0.985394
488	84.6331	28	-1.98707e+06	37.3909	0.946238	1097	1.89571	9.36645	4.58524	0.95918
489	82.2731	30	-1.9881e+06	37.4599	0.95123	1102	1.90149	9.51548	4.57938	0.960013
490	83.0238	31	-1.98842e+06	37.3565	0.954686	1076	1.90363	9.56077	4.57701	0.857614
491	84.2042	30	-1.98834e+06	37.1211	0.948506	1100	1.89924	9.41321	4.57637	0.858134
492	83.0813	30	-1.98825e+06	37.2879	0.951894	1112	1.90009	9.45536	4.58232	0.840203
493	82.1712	30	-1.98789e+06	37.3668	0.959301	1117	1.89616	9.33762	4.58443	0.916848
494	83.2811	30	-1.98802e+06	37.5007	0.954007	1096	1.90039	9.3544	4.58343	1.00421
495	83.5124	30	-1.98787e+06	37.6465	0.950052	1088	1.89834	9.31566	4.58732	0.941226
496	84.4538	30	-1.98779e+06	37.4706	0.954396	1080	1.89526	9.23225	4.58469	1.04974
497	83.409	29	-1.98854e+06	37.461	0.953245	1060	1.89938	9.23014	4.58538	0.896209
498	83.7499	31	-1.98764e+06	37.4315	0.960037	1085	1.89791	9.38164	4.58789	1.05263
499	81.8539	30	-1.98757e+06	37.1587	0.965226	1125	1.90341	9.11951	4.58294	1.02567
500	82.8872	30	-1.98723e+06	37.4538	0.970221	1118	1.89543	9.27093	4.58325	1.01548
501	82.4789	30	-1.98671e+06	37.5247	0.976197	1101	1.89283	9.36687	4.58305	0.956975
502	83.3356	30	-1.98793e+06	37.6329	0.976006	1147	1.89297	9.12141	4.59108	0.88286
503	86.2801	29	-1.9883e+06	37.4244	0.962725	1128	1.89489	9.23018	4.59314	1.01456
504	86.7652	31	-1.98728e+06	37.6139	0.95542	1118	1.89397	9.29962	4.59029	1.00235
505	86.1403	29	-1.98894e+06	37.253	0.959468	1125	1.90173	9.51248	4.58683	0.865922
506	86.2069	30	-1.9884e+06	37.2872	0.950626	1113	1.90126	9.27362	4.58653	1.05653
507	83.648	30	-1.98768e+06	37.5073	0.950781	1118	1.89817	9.19954	4.58721	1.13329
508	84.5523	31	-1.9876e+06	37.4528	0.951612	1109	1.89994	9.31669	4.586	0.950196
509	87.0489	29	-1.98818e+06	37.3213	0.954641	1162	1.89784	9.38631	4.58986	0.931326
510	86.0516	29	-1.98773e+06	37.357	0.959978	1146	1.89793	9.29397	4.59086	1.02873
511	85.0349	30	-1.98636e+06	37.593	0.96056	1129	1.89125	9.37879	4.5856	1.07973
512	83.3188	30	-1.98647e+06	37.5176	0.957717	1144	1.89556	9.39596	4.58701	1.03664
513	84.2034	30	-1.9876e+06	37.801	0.956256	1111	1.89669	9.29692	4.58698	1.05682
514	82.2101	30	-1.98714e+06	37.9	0.961887	1118	1.89621	9.3546	4.58707	0.977911
515	84.2752	31	-1.98759e+06	37.3927	0.966576	1116	1.89778	9.3229	4.58432	1.09116
516	85.3631	30	-1.98808e+06	37.3866	0.96168	1119	1.89798	9.34336	4.5825	1.08867
517	84.7918	30	-1.98756e+06	37.2971	0.969075	1152	1.89059	9.47947	4.5872	1.04563
518	85.1597	30	-1.98774e+06	37.4107	0.970857	1115	1.89974	9.45926	4.58259	1.04333
519	83.3689	30	-1.98718e+06	37.3631	0.962001	1114	1.8918	9.43568	4.58224	0.964923
520	84.4006	31	-1.98768e+06	37.4892	0.963225	1108	1.90003	9.61848	4.58278	1.02287
521	86.51	30	-1.98793e+06	37.6382	0.962182	1152	1.90033	9.47606	4.58397	0.990277
522	87.0107	29	-1.98761e+06	37.7972	0.962097	1116	1.89911	9.38832	4.58933	1.04658
523	85.528	30	-1.98712e+06	37.7782	0.952199	1145	1.89573	9.27148	4.59098	0.987366
524	82.7586	29	-1.98785e+06	37.4765	0.9565	1123	1.89773	9.4379	4.5876	1.08016
525	84.4938	31	-1.98808e+06	37.6008	0.960083	1097	1.90007	9.50195	4.58708	0.965414
526	84.6949	31	-1.988e+06	37.652	0.953626	1113	1.89637	9.49426	4.58389	1.02746
527	82.8861	30	-1.98821e+06	37.3766	0.962694	1089	1.89867	9.51261	4.58476	0.875061
528	84.0154	30	-1.98813e+06	37.3986	0.96178	1129	1.89855	9.50566	4.5802	1.09557
529	85.743	29	-1.98801e+06	37.6043	0.960712	1144	1.90488	9.35481	4.58011	0.899994
530	86.6998	30	-1.98736e+06	37.3471	0.964678	1154	1.90069	9.28826	4.58796	1.12281
531	86.3566	29	-1.98701e+06	37.5551	0.959505	1152	1.89753	9.42086	4.58022	1.03858
532	86.8915	30	-1.98803e+06	37.6379	0.963795	1134	1.89895	9.53338	4.5783	1.07417
533	84.0182	30	-1.98759e+06	37.7854	0.952737	1115	1.90043	9.44537	4.57637	0.87573
534	83.8543	31	-1.98734e+06	38.1001	0.950661	1107	1.89631	9.31005	4.58922	0.946319
535	84.8871	30	-1.98808e+06	38.0208	0.955456	1144	1.90031	9.54895	4.58206	1.01314
536	87.2149	29	-1.98734e+06	37.9195	0.956943	1142	1.90298	9.43165	4.57552	0.918579
537	86.3613	29	-1.98727e+06	37.7981	0.957133	1126	1.89862	9.3548	4.57914	1.04918
538	84.9399	30	-1.98763e+06	37.9271	0.959394	1117	1.89497	9.40359	4.58278	1.01884
539	83.6868	30	-1.98774e+06	37.6653	0.964779	1100	1.89651	9.48976	4.57705	0.917304
540	82.0328	31	-1.98819e+06	37.606	0.96899	1111	1.89814	9.28006	4.57751	0.915048
541	82.928	30	-1.98755e+06	37.5499	0.964716	1101	1.9018	9.4447	4.57436	0.969129
542	81.5315	29	-1.98793e+06	37.6149	0.970421	1092	1.89739	9.24137	4.5787	1.04697
543	83.6221	30	-1.98656e+06	37.9169	0.970697	1084	1.89032	9.03834	4.5847	0.966357
544	82.3338	29	-1.98691e+06	38.0217	0.966381	1109	1.89736	9.29261	4.5808	0.948874
545	84.2588	31	-1.98766e+06	38.0244	0.963189	1116	1.90249	9.34796	4.57877	1.00379
546	87.062	30	-1.9871e+06	38.1249	0.966698	1156	1.89439	9.37986	4.5793	1.11303
547	86.4198	30	-1.98754e+06	37.9401	0.970781	1148	1.89544	9.21672	4.57352	0.932545
548	84.9561	30	-1.98684e+06	37.9327	0.97573	1140	1.89055	9.11741	4.57615	1.06245
549	87.4956	29	-1.98691e+06	37.7231	0.971515	1145	1.89027	9.10184	4.57536	1.06142
550	87.9341	29	-1.98717e+06	37.6053	0.965609	1165	1.89145	9.44237	4.57312	0.94693
551	88.6025	29	-1.98691e+06	37.5752	0.975122	1168	1.89528	9.34789	4.58707	1.03545
552	85.2363	30	-1.9878e+06	37.3312	0.973916	1118	1.89573	9.42178	4.58437	1.06522
553	84.0864	30	-1.98669e+06	37.2628	0.970359	1114	1.89523	9.40338	4.58391	1.01322
554	84.1674	30	-1.98756e+06	37.2478	0.97013	1127	1.89072	9.36597	4.57748	1.05547
555	86.5277	30	-1.98745e+06	37.339	0.971156	1133	1.89797	9.36579	4.56956	0.938396
556	85.2494	29	-1.98783e+06	37.2715	0.983826	1152	1.89616	9.59531	4.57414	0.930436
557	86.5747	29	-1.98789e+06	37.0041	0.989973	1152	1.89583	9.61671	4.57642	0.939282
558	85.933	30	-1.9875e+06	37.5463	0.985981	1131	1.89181	9.5003	4.57572	0.939307
559	85.0127	32	-1.98892e+06	37.3655	0.981074	1089	1.89879	9.45668	4.57536	0.883129
560	85.4455	31	-1.98712e+06	37.3776	0.971388	1091	1.89775	9.67515	4.57831	0.996971
561	84.6307	31	-1.98725e+06	37.3409	0.971082	1114	1.89443	9.61575	4.58054	0.939502
562	84.3851	30	-1.98807e+06	37.1269	0.969676	1109	1.89959	9.53739	4.57852	0.978714
563	83.0257	31	-1.98824e+06	37.2899	0.968128	1092	1.90114	9.59624	4.57461	0.985065
564	82.0917	30	-1.98774e+06	37.1577	0.963674	1145	1.90132	9.62987	4.5795	1.06155
565	83.8269	30	-1.98774e+06	37.3119	0.958677	1127	1.90303	9.53128	4.58135	0.995982
566	85.4952	30	-1.98746e+06	37.4742	0.955851	1162	1.90086	9.44414	4.57603	0.985732
567	86.847	30	-1.98819e+06	37.3984	0.961412	1133	1.90153	9.32346	4.58078	0.977056
568	84.6434	32	-1.98819e+06	37.2918	0.958253	1095	1.89924	9.30645	4.57412	1.09791
569	82.3109	30	-1.98828e+06	37.7118	0.956373	1113	1.90277	9.44373	4.57382	0.971494
570	83.7969	31	-1.98783e+06	37.6173	0.954406	1138	1.90473	9.1818	4.56505	1.05418
571	85.1544	30	-1.98797e+06	37.7506	0.955786	1132	1.90212	9.3026	4.56645	1.02618
572	86.7896	31	-1.98856e+06	37.5504	0.954923	1144	1.9103	9.28991	4.5597	1.0837
573	84.7497	29	-1.98771e+06	37.6252	0.957378	1136	1.90353	9.35621	4.562	0.980832
574	86.9093	30	-1.98849e+06	37.7408	0.952403	1155	1.91199	9.63998	4.56747	0.877235
575	86.5403	30	-1.98829e+06	37.437	0.959111	1135	1.91125	9.46145	4.56832	1.0401
576	86.5043	29	-1.98738e+06	37.6008	0.953742	1134	1.90219	9.45377	4.57647	1.15657
577	85.0352	29	-1.98682e+06	37.5293	0.951327	1149	1.90164	9.50366	4.57807	0.974474
578	87.6645	29	-1.98665e+06	37.4531	0.96157	1168	1.89808	9.50943	4.57214	1.0186
579	86.8841	29	-1.98653e+06	37.7306	0.964578	1153	1.89645	9.41087	4.56797	1.02604
580	86.3915	29	-1.98668e+06	37.475	0.964976	1136	1.89352	9.04258	4.57077	0.973209
581	85.5159	29	-1.98647e+06	37.3613	0.966489	1133	1.8959	9.30358	4.57114	0.98704
582	84.7816	29	-1.98762e+06	37.7121	0.962019	1142	1.90628	9.45611	4.56848	0.919432
583	84.3294	28	-1.9877e+06	37.4545	0.9635	1143	1.90076	9.29365	4.57144	1.11993
584	82.9379	30	-1.98696e+06	37.5821	0.963834	1144	1.89836	9.37883	4.57453	1.12447
585	84.92	30	-1.9879e+06	37.6407	0.961198	1138	1.90118	9.27592	4.57606	1.00374
586	84.6716	30	-1.9868e+06	37.8136	0.968249	1128	1.898	9.33093	4.57074	1.19867
587	86.5366	28	-1.98784e+06	37.6147	0.974542	1152	1.90425	9.40177	4.57069	0.968649
588	87.8513	29	-1.98633e+06	37.6478	0.965585	1154	1.89951	9.33071	4.57334	0.972044
589	85.7086	29	-1.98663e+06	37.4836	0.9718	1161	1.89809	9.31992	4.57288	0.968417
590	86.9106	29	-1.98715e+06	37.3916	0.965929	1141	1.89758	9.17883	4.56673	1.03362
591	86.9621	28	-1.98696e+06	37.6494	0.969012	1153	1.89575	9.33497	4.56733	1.13447
592	87.1976	29	-1.98674e+06	37.6315	0.963834	1151	1.89659	9.31847	4.5718	0.934928
593	88.1959	29	-1.98723e+06	37.7008	0.952275	1180	1.90438	9.39276	4.57591	0.961453
594	89.2518	30	-1.98796e+06	37.7061	0.959356	1162	1.90243	9.43395	4.57834	1.02478
595	87.3958	29	-1.98688e+06	37.7219	0.953499	1141	1.89825	9.32693	4.57407	0.934604
596	84.0787	30	-1.98748e+06	37.7666	0.946586	1148	1.90214	9.15851	4.57593	0.868643
597	86.0601	29	-1.98769e+06	37.5711	0.959572	1146	1.90102	9.51196	4.57508	1.06393
598	87.1166	28	-1.98801e+06	37.5589	0.966746	1154	1.90944	9.36697	4.57542	1.06348
599	87.1014	28	-1.98749e+06	37.4623	0.959971	1170	1.90271	9.40728	4.57974	0.929502
600	86.8045	29	-1.9872e+06	37.4	0.954067	1175	1.90175	9.04204	4.57577	1.06089
601	86.2164	29	-1.98704e+06	37.4034	0.956986	1125	1.90346	9.35088	4.5715	0.958892
602	87.2328	28	-1.98685e+06	37.294	0.961323	1155	1.89736	9.37737	4.5725	1.08813
603	85.714	29	-1.9872e+06	37.3576	0.968608	1146	1.90219	9.21101	4.56568	0.89852
604	86.0459	29	-1.98654e+06	37.4348	0.962446	1173	1.89318	9.12543	4.56916	1.0036
605	86.6192	29	-1.9872e+06	37.404	0.965069	1152	1.89671	9.18462	4.57488	1.12979
606	85.036	29	-1.98702e+06	37.543	0.972981	1139	1.89871	9.08128	4.56875	1.00675
607	84.9364	28	-1.98736e+06	37.3254	0.970641	1124	1.89974	9.25854	4.57125	1.02968
608	84.6993	30	-1.98724e+06	37.3337	0.962002	1133	1.89774	9.12997	4.57359	1.02486
609	83.8987	30	-1.98665e+06	37.5544	0.963203	1136	1.89499	9.35001	4.57839	0.976915
610	85.1107	30	-1.98756e+06	37.3759	0.964725	1162	1.89824	9.3147	4.58116	1.00567
611	84.3779	27	-1.98851e+06	37.143	0.965032	1178	1.90248	9.45401	4.58283	0.921775
612	87.7635	29	-1.98814e+06	37.2784	0.955226	1171	1.9048	9.25123	4.58016	0.960842
613	87.8372	29	-1.98809e+06	37.1821	0.959631	1156	1.9066	9.15809	4.57996	0.995441
614	85.1398	29	-1.98831e+06	37.3228	0.962977	1157	1.91151	9.33568	4.57576	1.12312
615	86.8838	29	-1.98754e+06	36.9284	0.962116	1173	1.90081	9.14578	4.58276	0.965907
616	86.5422	28	-1.98775e+06	37.2293	0.955397	1205	1.90115	9.24622	4.58193	0.910563
617	87.9042	28	-1.98806e+06	37.5193	0.955055	1196	1.90391	9.37469	4.57648	1.02503
618	89.7873	29	-1.98779e+06	37.6219	0.946942	1190	1.90615	9.31792	4.57921	1.06142
619	89.4663	30	-1.98811e+06	37.9767	0.94474	1178	1.9089	9.32515	4.56953	0.899755
620	89.0084	29	-1.98757e+06	37.7769	0.954457	1189	1.90692	9.14821	4.56909	1.02704
621	88.0211	30	-1.98798e+06	37.7399	0.94964	1189	1.90641	9.36957	4.56675	0.935558
622	87.6932	29	-1.9892e+06	37.4739	0.948002	1154	1.91078	9.12457	4.56713	0.975348
623	87.4511	30	-1.98781e+06	37.6893	0.956354	1160	1.90679	9.3274	4.56879	0.876081
624	88.8508	30	-1.98779e+06	37.8415	0.957313	1200	1.90635	9.18771	4.56663	0.905841
625	89.0732	30	-1.98776e+06	37.6489	0.96253	1134	1.90695	9.3394	4.57335	0.971833
626	86.5811	29	-1.98792e+06	37.6637	0.966436	1177	1.90993	9.2346	4.57424	1.04889
627	88.6195	30	-1.98807e+06	37.9262	0.954261	1130	1.90552	9.43287	4.57763	0.992117
628	88.2247	29	-1.98811e+06	37.9299	0.955699	1171	1.90727	9.50286	4.58038	1.05199
629	90.6568	29	-1.9882e+06	37.7979	0.951762	1176	1.90649	9.45261	4.57653	0.894489
630	89.1689	30	-1.9883e+06	37.9154	0.948694	1154	1.9091	9.42172	4.56682	1.04336
631	90.1082	30	-1.98779e+06	37.8255	0.946243	1161	1.90299	9.22281	4.56253	1.07694
632	88.4453	30	-1.98791e+06	37.9034	0.955324	1168	1.90425	9.35514	4.56766	0.918318
633	89.1959	30	-1.98786e+06	37.9199	0.951972	1175	1.91103	9.41786	4.56297	1.04811
634	90.1554	30	-1.98768e+06	37.8273	0.946741	1176	1.90613	9.29127	4.56466	1.0753
635	89.8878	30	-1.98854e+06	37.8612	0.93857	1148	1.9053	9.45921	4.56801	0.969657
636	87.8828	29	-1.98788e+06	37.8902	0.943182	1170	1.90301	9.31117	4.56439	0.859635
637	89.4385	28	-1.98792e+06	37.9806	0.947995	1170	1.9056	9.41575	4.5677	1.02096
638	89.282	29	-1.98826e+06	37.9476	0.945918	1167	1.90838	9.39705	4.57307	0.943398
639	88.8616	29	-1.9881e+06	37.9326	0.948949	1199	1.90464	9.31963	4.57336	0.992487
640	90.0643	30	-1.98758e+06	38.0182	0.946192	1181	1.90637	9.48165	4.5724	0.993081
641	89.8196	29	-1.98826e+06	37.7805	0.940977	1168	1.90971	9.41076	4.565	0.952163
642	90.3339	30	-1.98866e+06	37.5946	0.940184	1143	1.91445	9.13638	4.56316	1.05086
643	88.8308	29	-1.988e+06	37.475	0.942874	1178	1.9151	9.38797	4.56548	0.935657
644	90.2845	31	-1.98807e+06	37.227	0.948095	1150	1.91338	9.49573	4.56896	0.951356
645	88.328	30	-1.98831e+06	37.3258	0.947007	1151	1.91567	9.31453	4.56609	1.01612
646	87.2073	30	-1.98895e+06	37.3829	0.942968	1097	1.91472	9.63395	4.57045	1.03353
647	87.7041	31	-1.98898e+06	37.1301	0.952359	1126	1.91132	9.477	4.57902	1.026
648	87.8063	32	-1.98852e+06	37.1486	0.949451	1110	1.90759	9.45646	4.57672	1.10039
649	85.3157	31	-1.98789e+06	37.1973	0.952146	1122	1.90611	9.45623	4.57719	0.96291
650	84.3511	30	-1.98796e+06	37.4742	0.948762	1109	1.90437	9.24472	4.58077	0.965976
651	88.1819	30	-1.98832e+06	37.5667	0.951486	1149	1.90692	9.50937	4.57538	1.05519
652	88.152	30	-1.98835e+06	37.48	0.938827	1135	1.90939	9.35658	4.57971	0.889335
653	86.3321	31	-1.98861e+06	37.6008	0.941185	1151	1.90734	9.49947	4.5736	0.843939
654	87.4819	30	-1.98788e+06	37.6159	0.940718	1160	1.90698	9.45013	4.57687	1.02216
655	89.4286	30	-1.98757e+06	37.6698	0.941584	1168	1.90734	9.36206	4.57227	0.887512
656	88.4186	31	-1.9879e+06	37.6714	0.949317	1137	1.90597	9.47584	4.56994	1.00371
657	87.36	31	-1.98777e+06	37.734	0.950527	1133	1.90785	9.51943	4.57202	0.946835
658	87.7617	31	-1.98729e+06	37.8346	0.954076	1140	1.9032	9.37872	4.57557	0.984198
659	87.8311	30	-1.98711e+06	37.9768	0.962778	1120	1.90268	9.45053	4.57635	1.07291
660	85.2826	31	-1.98599e+06	37.9368	0.967929	1146	1.89139	9.23638	4.57995	0.931307
661	87.1881	30	-1.9866e+06	37.986	0.958339	1135	1.89956	9.38511	4.57392	1.08676
662	87.5713	30	-1.98681e+06	37.8409	0.95485	1154	1.89955	9.67792	4.57225	0.903943
663	87.4003	29	-1.98728e+06	37.7213	0.963511	1161	1.90194	9.33492	4.57092	1.0958
664	85.0217	28	-1.98798e+06	37.9913	0.96364	1172	1.90202	9.1915	4.57613	1.00359
665	84.1765	29	-1.98758e+06	38.0269	0.962242	1130	1.90187	9.45839	4.57317	0.955983
666	85.8815	30	-1.98682e+06	37.9766	0.954825	1118	1.9006	9.33113	4.56988	0.939428
667	86.4697	30	-1.98705e+06	37.7922	0.958162	1148	1.89913	9.27638	4.57918	1.02343
668	85.7708	29	-1.98683e+06	37.9814	0.95917	1142	1.90047	9.26415	4.57902	1.13891
669	86.6644	29	-1.98643e+06	38.022	0.952949	1151	1.89689	9.21246	4.57935	0.960245
670	86.2494	29	-1.98794e+06	37.9714	0.958828	1135	1.90531	9.31897	4.57732	0.974879
671	87.5935	29	-1.9874e+06	37.7171	0.95754	1144	1.89903	9.43188	4.58015	1.14257
672	88.576	29	-1.98769e+06	37.6889	0.956941	1145	1.9041	9.4598	4.57926	0.924947
673	86.3787	30	-1.98807e+06	37.5117	0.948178	1154	1.90584	9.41825	4.5754	0.893063
674	87.3195	29	-1.98835e+06	37.5802	0.94233	1152	1.90844	9.28492	4.57904	1.06194
675	85.4807	29	-1.98843e+06	37.5153	0.948381	1144	1.90548	9.52364	4.57479	0.926205
676	85.6861	30	-1.98838e+06	37.6589	0.94848	1131	1.90518	9.48775	4.57629	1.01918
677	86.1171	30	-1.98779e+06	37.5859	0.952896	1150	1.90277	9.26847	4.58061	0.969377
678	84.4258	29	-1.9883e+06	37.7119	0.945574	1121	1.90434	9.37437	4.57358	0.998331
679	84.4714	29	-1.9876e+06	37.5757	0.952871	1129	1.90538	9.45349	4.57737	0.930881
680	85.1384	30	-1.98777e+06	37.7146	0.941754	1127	1.90512	9.27475	4.57911	0.961279
681	86.186	30	-1.98775e+06	37.3669	0.946812	1157	1.90484	9.48668	4.57739	0.984568
682	85.5116	30	-1.98718e+06	37.4415	0.944884	1148	1.90966	9.58834	4.58475	1.02217
683	87.5311	31	-1.98734e+06	37.5161	0.950066	1126	1.90945	9.27506	4.58645	1.09834
684	86.0596	31	-1.9881e+06	37.4709	0.950148	1162	1.90951	9.33492	4.58089	1.01734
685	87.0287	29	-1.98862e+06	37.5493	0.946907	1142	1.91597	9.46268	4.57193	1.00514
686	86.2639	29	-1.98865e+06	37.2582	0.945225	1157	1.91071	9.43668	4.57897	0.912108
687	85.2934	31	-1.98793e+06	37.0833	0.950609	1138	1.90729	9.51178	4.57977	1.0217
688	85.9661	29	-1.98838e+06	37.2467	0.950891	1149	1.91096	9.48872	4.56863	0.870853
689	86.4452	29	-1.98836e+06	37.5115	0.949766	1141	1.90828	9.60922	4.57757	1.03411
690	86.9975	30	-1.98805e+06	37.0597	0.958301	1138	1.91065	9.36606	4.5811	1.07359
691	85.8334	29	-1.98865e+06	37.2463	0.957153	1129	1.91065	9.34109	4.58259	0.925457
692	85.7739	29	-1.98803e+06	37.4526	0.953294	1138	1.91086	9.20531	4.57655	0.959327
693	87.0743	29	-1.98811e+06	37.1582	0.955786	1154	1.90562	9.26235	4.57081	0.922923
694	85.934	29	-1.98828e+06	37.1964	0.957274	1151	1.91148	9.28468	4.57351	0.959126
695	87.3696	28	-1.98806e+06	37.1958	0.960304	1172	1.90595	9.3977	4.56942	1.03309
696	87.2952	29	-1.98833e+06	37.4922	0.951511	1167	1.90878	9.26019	4.57485	1.04938
697	88.8291	29	-1.98792e+06	37.3827	0.954631	1173	1.90746	9.31929	4.57951	0.849844
698	88.6525	29	-1.98806e+06	37.4267	0.958118	1182	1.90523	9.09552	4.57708	0.995178
699	89.0851	29	-1.98753e+06	37.1209	0.96027	1205	1.90246	9.11252	4.58221	1.02149
700	85.777	29	-1.98809e+06	37.2911	0.960927	1162	1.90786	9.19559	4.58072	0.909078
701	86.2617	29	-1.98762e+06	37.5258	0.961732	1169	1.90515	9.2858	4.57798	0.968406
702	86.9045	28	-1.98748e+06	37.53	0.969213	1179	1.90198	9.45477	4.58392	1.07799
703	87.5691	29	-1.98766e+06	37.6257	0.96631	1135	1.90873	8.99736	4.58211	1.06278
704	86.1346	28	-1.98689e+06	37.455	0.9658	1158	1.90209	9.0872	4.57863	0.953437
705	87.4139	29	-1.98703e+06	37.4094	0.958459	1136	1.90751	9.22008	4.58144	1.09168
706	85.6052	29	-1.98726e+06	37.3016	0.960489	1160	1.90257	9.30599	4.58201	1.08421
707	85.0374	29	-1.98714e+06	37.2899	0.967128	1151	1.90459	9.28659	4.57935	1.19011
708	87.5064	29	-1.98695e+06	37.2538	0.967406	1180	1.89784	9.35492	4.57736	1.01774
709	88.5822	28	-1.98728e+06	37.2065	0.965553	1182	1.89948	9.22978	4.5818	1.14135
710	87.2355	29	-1.98754e+06	37.5249	0.966687	1169	1.90484	9.35974	4.5743	1.0624
711	88.7122	29	-1.98705e+06	37.4393	0.957819	1164	1.90511	9.35159	4.57824	0.962499
712	87.2054	30	-1.98806e+06	37.4598	0.953013	1112	1.91154	9.24633	4.58124	0.938978
713	86.1006	29	-1.98844e+06	37.2742	0.952007	1142	1.9099	9.17803	4.58704	0.948451
714	86.1793	29	-1.98828e+06	37.4958	0.941201	1140	1.9085	9.02434	4.58848	1.09143
715	87.384	29	-1.98764e+06	37.776	0.9422	1145	1.90697	9.24077	4.58737	1.00031
716	86.6844	29	-1.9872e+06	37.581	0.939555	1160	1.90123	9.18886	4.58131	0.938015
717	88.9413	29	-1.98824e+06	37.624	0.933846	1153	1.91129	9.47131	4.57858	1.04872
718	90.1641	29	-1.98784e+06	37.6678	0.93759	1186	1.90692	9.40189	4.58192	0.975331
719	86.5584	28	-1.98836e+06	37.7014	0.938947	1181	1.9074	9.45316	4.578	1.12379
720	88.7041	29	-1.98706e+06	37.7012	0.943042	1172	1.90487	9.45227	4.58251	1.00303
721	87.4235	29	-1.98778e+06	37.4025	0.942917	1167	1.90269	9.65922	4.58265	1.06006
722	87.9348	29	-1.98767e+06	37.481	0.94074	1141	1.90477	9.42816	4.57958	0.985067
723	87.4822	30	-1.98741e+06	37.5785	0.947847	1168	1.90445	9.35766	4.572	0.969252
724	88.0998	29	-1.98735e+06	37.4114	0.954663	1177	1.90126	9.54671	4.57976	0.993481
725	87.8731	28	-1.98814e+06	37.5729	0.946183	1163	1.90716	9.42736	4.5831	1.1121
726	88.8447	29	-1.98794e+06	37.5718	0.951544	1206	1.90917	9.42681	4.57725	1.18065
727	87.6799	28	-1.98736e+06	37.7749	0.94707	1169	1.90613	9.38654	4.57572	1.01035
728	88.1804	29	-1.98831e+06	37.7705	0.946626	1156	1.90613	9.49033	4.57625	1.003
729	85.9651	30	-1.98759e+06	37.8742	0.942056	1124	1.90649	9.13892	4.57847	0.974924
730	85.1241	29	-1.98793e+06	37.9717	0.941079	1132	1.90524	9.291	4.5761	1.04147
731	89.9685	29	-1.98835e+06	38.0687	0.94558	1158	1.90901	9.27161	4.56177	1.04051
732	88.6623	30	-1.98845e+06	37.909	0.948485	1174	1.90859	9.36888	4.56046	1.10611
733	87.5186	29	-1.98691e+06	37.9846	0.948559	1183	1.90296	9.52328	4.56894	0.984637
734	87.7438	29	-1.98754e+06	37.9332	0.941718	1163	1.91015	9.09048	4.57443	0.96028
735	87.9064	29	-1.98722e+06	37.7376	0.943471	1143	1.90278	9.20479	4.58141	1.10011
736	89.8282	31	-1.98744e+06	37.9689	0.939635	1192	1.90202	9.32375	4.58044	1.17447
737	89.7492	31	-1.98788e+06	37.7142	0.948042	1159	1.9043	9.4348	4.57674	0.964994
738	91.5409	30	-1.98765e+06	37.466	0.949857	1177	1.90721	9.3404	4.57905	1.05554
739	88.1834	30	-1.98797e+06	37.4185	0.953618	1166	1.90446	9.44996	4.56939	1.02581
740	88.3825	30	-1.98857e+06	37.4254	0.954662	1171	1.90375	9.1997	4.56609	0.980694
741	89.3034	29	-1.98748e+06	37.5164	0.957116	1163	1.90859	9.4499	4.57534	0.933619
742	88.7808	30	-1.987e+06	37.4443	0.96392	1153	1.90466	9.42051	4.58303	1.16324
743	89.5874	30	-1.98726e+06	37.4854	0.954522	1150	1.90412	9.47901	4.58141	0.988259
744	89.4868	31	-1.98691e+06	37.4193	0.954875	1163	1.90087	9.50439	4.57848	0.979093
745	89.4757	30	-1.98792e+06	37.4836	0.968509	1188	1.9077	9.42628	4.57906	1.09667
746	90.0166	30	-1.9873e+06	37.7577	0.970163	1184	1.90191	9.66172	4.57159	0.986436
747	88.7411	29	-1.98782e+06	37.6844	0.961704	1145	1.90708	9.511	4.57143	1.00626
748	87.029	29	-1.98749e+06	37.5787	0.957783	1167	1.90481	9.06506	4.57411	1.07602
749	89.4208	29	-1.98861e+06	37.4273	0.958157	1171	1.91077	9.5456	4.57352	1.06582
750	86.6921	27	-1.98806e+06	37.6512	0.957249	1209	1.90232	9.53237	4.57474	0.971225
751	89.2178	29	-1.98782e+06	37.6718	0.964086	1199	1.90394	9.38291	4.57769	1.10236
752	89.7013	28	-1.98784e+06	37.5811	0.965544	1208	1.90174	9.51282	4.57518	0.909859
753	90.3146	28	-1.98693e+06	37.3818	0.971707	1232	1.89613	9.2273	4.57986	0.977998
754	89.438	28	-1.98696e+06	37.619	0.968382	1176	1.8961	9.24732	4.57689	0.980862
755	88.6911	30	-1.98773e+06	37.6718	0.966371	1146	1.90291	9.20247	4.5719	1.08766
756	88.1446	29	-1.98767e+06	37.6988	0.959163	1170	1.90374	9.41157	4.57275	1.00539
757	86.4922	29	-1.98761e+06	37.5605	0.956248	1134	1.90108	9.31755	4.57398	0.996532
758	87.2523	30	-1.98751e+06	37.558	0.960073	1115	1.90261	9.35417	4.57172	0.932601
759	83.5664	31	-1.98772e+06	37.9435	0.953265	1120	1.90235	9.37689	4.57094	0.998431
760	84.6144	30	-1.98694e+06	37.6409	0.952844	1124	1.90054	9.55535	4.57208	1.05602
761	85.9625	30	-1.9877e+06	37.549	0.962637	1129	1.90465	9.38401	4.57296	0.917901
762	84.7026	29	-1.98742e+06	37.7106	0.964368	1113	1.90346	9.31585	4.57468	0.954661
763	86.2343	31	-1.9872e+06	37.7409	0.957837	1130	1.89535	9.21184	4.5776	1.00679
764	86.1222	32	-1.98726e+06	37.851	0.965325	1134	1.90111	9.23173	4.57752	1.00975
765	84.7432	32	-1.98713e+06	37.8064	0.961822	1128	1.90204	9.23512	4.56754	1.02796
766	85.3993	30	-1.9877e+06	37.5931	0.961986	1124	1.9051	9.17629	4.56771	1.03241
767	84.4788	30	-1.98841e+06	37.7839	0.954959	1106	1.90803	9.22945	4.56774	1.10842
768	83.8828	31	-1.98897e+06	37.869	0.938066	1122	1.91136	9.20211	4.56566	0.999178
769	84.1599	31	-1.98748e+06	38.0826	0.949395	1108	1.90752	9.26262	4.56876	0.95933
770	84.3016	31	-1.98701e+06	37.9532	0.954253	1098	1.90128	9.07254	4.56744	1.04831
771	83.6849	30	-1.9875e+06	38.1302	0.95753	1118	1.89644	9.19779	4.56805	1.0558
772	85.51	30	-1.98779e+06	38.1147	0.95308	1155	1.90063	9.23234	4.57121	0.990201
773	85.9251	30	-1.98708e+06	37.9511	0.95324	1175	1.89493	9.30162	4.57864	0.965831
774	84.885	29	-1.98735e+06	37.7724	0.957494	1151	1.8971	9.13958	4.5734	0.95189
775	85.9613	29	-1.98707e+06	37.7301	0.948554	1146	1.89885	9.32514	4.57842	0.855146
776	85.2049	30	-1.98716e+06	37.7102	0.950561	1128	1.89662	9.41652	4.57706	0.953252
777	84.9258	30	-1.98724e+06	37.6269	0.946141	1132	1.89673	9.20837	4.57437	0.988028
778	87.5923	29	-1.98629e+06	37.7284	0.951334	1144	1.90084	9.25204	4.57249	1.00552
779	88.964	29	-1.98755e+06	37.7734	0.957712	1164	1.90466	9.36532	4.57409	1.10235
780	86.0902	29	-1.98681e+06	37.6091	0.960936	1113	1.89886	9.42144	4.57469	1.1202
781	84.7088	30	-1.9869e+06	37.6982	0.959915	1132	1.89966	9.22294	4.5745	1.08722
782	85.631	31	-1.98698e+06	37.7101	0.953771	1138	1.90002	9.29488	4.5756	1.02623
783	87.5659	29	-1.98772e+06	37.9303	0.946577	1180	1.9041	9.28524	4.57793	1.10819
784	87.7226	29	-1.98786e+06	37.5388	0.945328	1155	1.90687	9.308	4.57321	1.11684
785	86.9534	30	-1.98719e+06	37.4403	0.93839	1092	1.90051	9.28908	4.57857	1.01758
786	86.5609	30	-1.98726e+06	37.503	0.94469	1131	1.89966	9.17313	4.585	1.07446
787	83.4262	30	-1.98672e+06	37.4304	0.947393	1125	1.89844	9.12216	4.58179	1.06578
788	83.893	30	-1.98731e+06	37.4428	0.956868	1106	1.89913	9.02057	4.57983	0.987199
789	83.4106	31	-1.98741e+06	37.2955	0.955317	1106	1.89879	9.16859	4.58707	1.00285
790	86.1352	31	-1.98607e+06	37.2624	0.965498	1118	1.89137	9.42935	4.58228	1.00895
791	85.9816	30	-1.98668e+06	37.2987	0.965945	1132	1.88989	9.1934	4.58062	0.995249
792	84.9897	30	-1.98716e+06	37.0429	0.95994	1148	1.89695	9.30935	4.57368	0.998915
793	86.1305	30	-1.98743e+06	37.2836	0.957	1143	1.89671	9.30437	4.57789	1.05428
794	86.5512	30	-1.98785e+06	37.1997	0.949296	1136	1.90344	9.41649	4.57617	1.03832
795	85.9631	30	-1.98792e+06	37.3465	0.947463	1137	1.9009	9.38263	4.58535	0.998856
796	84.8484	30	-1.98686e+06	37.3342	0.954064	1136	1.89642	9.48845	4.57726	1.0112
797	84.3608	31	-1.98795e+06	37.293	0.958064	1123	1.90102	9.36689	4.57822	1.04631
798	84.0976	29	-1.98734e+06	37.5056	0.961485	1115	1.89463	9.2046	4.58068	1.03263
799	84.6391	31	-1.98734e+06	37.6722	0.958241	1112	1.89546	9.19376	4.58178	0.88809
800	82.0714	30	-1.98624e+06	37.4381	0.961009	1090	1.89091	9.28157	4.58402	0.989667
801	84.9322	30	-1.987e+06	37.5365	0.964726	1076	1.89078	9.59194	4.58798	0.994503
802	83.0308	31	-1.98707e+06	37.7357	0.958469	1100	1.89451	9.27085	4.58791	1.08861
803	84.1633	31	-1.98615e+06	37.5432	0.958856	1123	1.89013	9.22573	4.58425	0.963867
804	85.3611	31	-1.98699e+06	37.8657	0.953473	1091	1.89307	9.22685	4.58643	0.971117
805	87.1771	31	-1.98732e+06	37.7571	0.957857	1075	1.89329	9.05861	4.58324	0.891934
806	86.0002	33	-1.98629e+06	38.0335	0.960076	1094	1.88962	9.35202	4.58954	1.0429
807	84.8381	31	-1.98618e+06	37.8872	0.971625	1144	1.88884	9.33988	4.58436	1.06992
808	86.3912	31	-1.98588e+06	37.8854	0.968159	1121	1.88942	9.14084	4.58409	1.01299
809	87.6621	31	-1.98651e+06	37.8624	0.972469	1118	1.89567	9.21996	4.58071	1.01639
810	86.3209	30	-1.98542e+06	37.9808	0.975063	1135	1.88712	9.231	4.58166	0.990808
811	87.6875	30	-1.98467e+06	38.0254	0.968419	1174	1.88208	9.06304	4.5807	1.08709
812	89.1705	29	-1.98618e+06	37.9326	0.967874	1173	1.89249	9.42255	4.57657	1.01402
813	88.152	31	-1.98601e+06	38.2796	0.962908	1138	1.8903	9.43213	4.58031	0.932013
814	88.7201	30	-1.98637e+06	38.0127	0.967912	1169	1.88704	9.28101	4.58046	0.998189
815	89.0145	30	-1.98764e+06	37.8577	0.97196	1142	1.89215	9.30554	4.57958	0.936761
816	88.2298	30	-1.98794e+06	38.0811	0.958581	1120	1.89395	9.13064	4.58296	1.06722
817	84.2298	31	-1.98712e+06	37.9112	0.96938	1090	1.89343	9.14361	4.57502	0.982873
818	84.5515	31	-1.98639e+06	37.9145	0.965534	1132	1.88681	9.20395	4.57664	0.87664
819	83.4782	30	-1.98627e+06	38.1381	0.960282	1101	1.89135	9.11075	4.57876	1.03938
820	88.226	30	-1.98646e+06	38.0077	0.962603	1169	1.89324	9.08864	4.57429	0.966294
821	87.5503	30	-1.98711e+06	38.0984	0.959708	1135	1.89827	9.2824	4.5749	0.977649
822	85.8983	30	-1.9863e+06	37.9407	0.963853	1134	1.89063	9.15206	4.57709	0.953987
823	88.1751	30	-1.98616e+06	37.9288	0.960939	1123	1.8945	9.12201	4.57901	1.06491
824	86.7973	29	-1.98669e+06	37.9429	0.957168	1152	1.89345	9.09692	4.57649	0.909582
825	88.9429	30	-1.98723e+06	37.992	0.95075	1154	1.8998	9.2353	4.58001	1.10315
826	86.8685	28	-1.98751e+06	37.923	0.943445	1140	1.90224	9.41415	4.58312	1.08455
827	88.2218	29	-1.98773e+06	37.68	0.946029	1168	1.90057	9.28743	4.57904	0.922931
828	88.3893	29	-1.98738e+06	38.0215	0.948208	1151	1.89698	9.2478	4.58141	1.20989
829	87.3733	30	-1.98697e+06	37.6649	0.949358	1147	1.89947	9.30505	4.57348	0.950356
830	87.0513	30	-1.9873e+06	37.7249	0.946278	1141	1.89921	9.25677	4.56558	0.998713
831	86.9152	30	-1.98772e+06	37.9051	0.950192	1157	1.89794	9.15629	4.56729	1.11999
832	87.9575	30	-1.98702e+06	37.9893	0.95602	1135	1.90125	9.39901	4.56483	0.90754
833	89.5596	30	-1.98775e+06	37.668	0.954011	1151	1.90726	9.10659	4.56825	0.990299
834	85.9796	30	-1.98812e+06	37.5757	0.954891	1161	1.90849	9.17419	4.57226	0.975422
835	89.2738	30	-1.98711e+06	37.6421	0.956603	1158	1.8994	9.13818	4.5696	0.984591
836	87.8789	28	-1.98642e+06	37.4317	0.963842	1168	1.89792	9.19534	4.57734	1.05569
837	92.2098	28	-1.98652e+06	37.5756	0.959493	1129	1.89867	9.03506	4.5723	0.9615
838	95.8762	30	-1.98665e+06	37.6843	0.962542	1140	1.90312	9.32085	4.57132	1.04758
839	86.5638	30	-1.98757e+06	37.5973	0.961038	1139	1.90044	9.23422	4.56999	0.922459
840	86.7004	30	-1.98704e+06	37.3329	0.967042	1126	1.89771	9.30501	4.56944	1.0535
841	86.5416	30	-1.98714e+06	37.2525	0.966521	1101	1.89885	9.50966	4.57654	0.993688
842	84.4489	30	-1.98695e+06	37.5244	0.974842	1121	1.89938	9.28678	4.57649	0.921361
843	87.2102	31	-1.98732e+06	37.3859	0.975865	1089	1.8989	9.33156	4.58299	1.14952
844	84.5146	31	-1.98695e+06	37.0919	0.97253	1099	1.89867	9.29835	4.58248	1.09963
845	83.7888	30	-1.98754e+06	37.0326	0.980865	1129	1.89692	9.19391	4.57919	0.918255
846	87.1287	30	-1.98719e+06	37.18	0.970284	1153	1.89886	9.2556	4.58011	0.880059
847	86.5796	30	-1.98678e+06	37.1952	0.97472	1145	1.89651	9.26534	4.57472	1.07145
848	84.8248	31	-1.98729e+06	37.1165	0.973121	1145	1.8966	9.32287	4.57344	0.997556
849	84.2697	31	-1.98708e+06	37.2041	0.969845	1129	1.90034	9.11146	4.57687	1.00417
850	83.4313	31	-1.98682e+06	37.2666	0.960721	1083	1.89341	9.37022	4.57026	1.12795
851	83.6483	31	-1.9875e+06	37.5839	0.957335	1102	1.89972	9.20236	4.57207	1.01299
852	84.4597	30	-1.98832e+06	37.6126	0.958405	1093	1.89851	9.35239	4.57881	0.965941
853	84.0849	31	-1.98758e+06	37.4852	0.969006	1088	1.89798	9.40273	4.5801	0.941611
854	81.6125	30	-1.98757e+06	37.1128	0.971528	1101	1.89727	8.86356	4.5793	0.988621
855	84.9538	30	-1.98748e+06	37.4073	0.964187	1116	1.89632	9.0593	4.58378	1.096
856	83.1356	30	-1.98744e+06	37.2969	0.961524	1108	1.89893	9.18117	4.5842	1.02925
857	83.6868	30	-1.98794e+06	37.4175	0.967412	1052	1.89712	9.38945	4.58544	0.944539
858	82.0285	32	-1.98774e+06	37.3607	0.970966	1057	1.89707	9.39363	4.58118	0.922267
859	82.3255	31	-1.9879e+06	37.2428	0.966398	1059	1.90029	9.42074	4.58492	0.964473
860	83.3884	31	-1.98715e+06	37.1534	0.966812	1093	1.89364	9.38784	4.58362	0.992771
861	84.2027	30	-1.98741e+06	37.0554	0.971941	1120	1.89597	9.24753	4.58786	0.972144
862	85.1819	32	-1.98785e+06	37.4427	0.96717	1091	1.89832	9.20942	4.58875	0.970999
863	85.2066	31	-1.98813e+06	37.1747	0.958469	1118	1.90183	9.15691	4.58049	0.948627
864	83.4991	31	-1.9885e+06	37.3496	0.959345	1110	1.90276	9.07425	4.5841	1.01557
865	84.2267	30	-1.98842e+06	37.3648	0.960216	1135	1.90183	9.33512	4.57885	1.08154
866	85.6201	30	-1.98795e+06	37.4469	0.956936	1158	1.90612	9.316	4.57441	1.06165
867	88.1969	30	-1.98792e+06	37.3177	0.953967	1167	1.90309	9.5015	4.57311	0.989446
868	87.6065	29	-1.98699e+06	37.5312	0.951395	1138	1.89857	9.31656	4.57584	0.956541
869	85.8014	29	-1.98693e+06	37.6553	0.950099	1132	1.9019	9.14154	4.57702	0.86666
870	84.5982	30	-1.98685e+06	37.5008	0.961834	1109	1.89804	8.97227	4.57919	1.16978
871	83.4295	30	-1.98657e+06	37.6491	0.962411	1122	1.89507	8.88115	4.57343	0.920077
872	85.1683	30	-1.98708e+06	37.784	0.95747	1111	1.89997	8.99375	4.57399	0.921448
873	84.3037	31	-1.98731e+06	37.7139	0.954892	1110	1.90314	9.25191	4.57166	0.908402
874	84.8234	31	-1.9869e+06	37.7276	0.953759	1105	1.89964	9.19476	4.57218	1.04825
875	83.1385	31	-1.98709e+06	37.6101	0.951501	1111	1.90562	9.22804	4.57648	0.953904
876	84.3818	30	-1.9871e+06	37.5356	0.952256	1133	1.90172	9.19706	4.57804	0.886426
877	85.7529	30	-1.98618e+06	37.683	0.956989	1128	1.89651	9.11589	4.57778	0.983679
878	86.0429	29	-1.98663e+06	37.336	0.961213	1151	1.89328	8.93158	4.57753	0.988708
879	87.2591	29	-1.98601e+06	37.4748	0.955695	1165	1.89733	8.96887	4.57822	0.952138
880	87.3303	29	-1.98613e+06	37.5779	0.965712	1150	1.9027	9.03698	4.57396	1.10495
881	87.3271	28	-1.98671e+06	37.5605	0.955438	1199	1.89891	9.04092	4.57087	0.880314
882	87.1605	29	-1.98638e+06	37.4101	0.967045	1148	1.89749	9.32308	4.5699	1.03964
883	88.2331	28	-1.98768e+06	37.2553	0.969145	1173	1.90805	9.52031	4.56902	0.925447
884	86.9548	29	-1.98653e+06	37.4011	0.958011	1159	1.90435	9.26721	4.56777	0.964113
885	86.2064	28	-1.98629e+06	37.1996	0.956475	1200	1.89985	9.428	4.56563	1.06516
886	89.5138	28	-1.98704e+06	37.4434	0.955998	1167	1.89947	9.46432	4.57095	1.15333
887	88.9532	28	-1.98713e+06	37.4144	0.952978	1147	1.90029	9.38769	4.57288	1.08106
888	88.5141	29	-1.98718e+06	37.5919	0.952224	1147	1.90201	9.08022	4.57362	0.968807
889	89.2164	30	-1.98784e+06	37.5891	0.946219	1167	1.90301	9.11734	4.57817	0.984146
890	89.1853	28	-1.98723e+06	37.7602	0.952412	1186	1.89879	9.25037	4.57299	1.08266
891	88.3041	29	-1.98653e+06	38.1032	0.946314	1196	1.90278	9.55711	4.57064	0.973774
892	89.4831	29	-1.98677e+06	37.888	0.945614	1207	1.89935	9.41958	4.56559	1.08067
893	89.5321	29	-1.98742e+06	37.9239	0.94284	1169	1.89944	9.32242	4.56746	0.998921
894	88.1207	29	-1.98642e+06	37.7015	0.949023	1193	1.90108	9.24045	4.56411	1.12565
895	89.2479	29	-1.98697e+06	37.8837	0.946283	1158	1.89985	9.13351	4.57301	1.06521
896	86.9273	30	-1.98693e+06	37.6803	0.953342	1135	1.89901	9.28958	4.56953	0.991492
897	87.4335	30	-1.98656e+06	37.5433	0.953377	1159	1.90386	9.32878	4.57009	0.960211
898	88.2153	29	-1.98705e+06	37.7468	0.947681	1153	1.90412	9.24776	4.57215	0.994151
899	86.5998	29	-1.98773e+06	37.5664	0.947234	1139	1.90373	8.98626	4.57293	0.971232
900	87.1435	30	-1.98784e+06	37.6993	0.949745	1123	1.90472	9.42094	4.56911	0.992463
901	87.3543	30	-1.98722e+06	37.4415	0.963348	1156	1.90104	9.33208	4.57313	0.792277
902	88.5876	31	-1.98736e+06	37.9016	0.949628	1153	1.90507	9.33463	4.56512	1.03253
903	89.5079	30	-1.9878e+06	37.5403	0.954334	1147	1.90957	9.23031	4.56733	0.966147
904	91.4242	30	-1.98777e+06	37.8533	0.946378	1163	1.90965	9.20902	4.56659	1.00705
905	88.4079	31	-1.98702e+06	37.6182	0.950632	1133	1.90158	9.35119	4.58033	0.894849
906	84.7231	30	-1.98667e+06	37.678	0.957462	1131	1.89347	9.16228	4.582	0.98346
907	86.8895	29	-1.98651e+06	37.5555	0.956475	1193	1.8971	9.2694	4.57605	0.914831
908	89.0877	29	-1.98773e+06	37.7495	0.952905	1166	1.90285	9.1409	4.57671	0.991811
909	87.8824	28	-1.9871e+06	37.7441	0.951766	1187	1.89625	9.15535	4.5737	1.14049
910	88.0538	29	-1.98603e+06	38.049	0.947923	1199	1.89839	9.28843	4.57308	1.03571
911	86.5237	29	-1.98703e+06	38.0293	0.945398	1162	1.89717	9.25541	4.56793	1.09781
912	85.758	30	-1.98648e+06	38.1564	0.946187	1126	1.90134	9.28543	4.57258	0.840035
913	86.6934	31	-1.98658e+06	37.8859	0.941458	1158	1.89606	9.23096	4.57767	1.01815
914	85.0241	29	-1.9872e+06	38.0322	0.945889	1138	1.90067	9.25985	4.57397	1.06334
915	85.8857	30	-1.98713e+06	37.8409	0.952043	1134	1.8965	9.15272	4.58202	0.857133
916	83.2321	30	-1.98724e+06	37.9469	0.9488	1113	1.89872	9.06741	4.58057	0.927954
917	84.0224	30	-1.98693e+06	37.7872	0.952452	1107	1.89417	9.02615	4.57598	0.992765
918	83.805	31	-1.98686e+06	37.8157	0.953344	1100	1.89889	8.85936	4.57188	0.95351
919	84.614	31	-1.987e+06	37.8948	0.956852	1123	1.89705	9.0602	4.57849	0.966178
920	82.9183	31	-1.98721e+06	37.8786	0.957994	1109	1.89512	8.93708	4.57942	0.924246
921	84.6815	30	-1.98689e+06	37.6197	0.964103	1118	1.8959	9.13037	4.57452	0.930494
922	83.4567	31	-1.98658e+06	37.5501	0.971784	1094	1.89032	9.09676	4.57922	0.961806
923	85.7969	32	-1.98755e+06	37.8961	0.960078	1143	1.89621	9.29484	4.57986	1.03602
924	84.5024	31	-1.98732e+06	37.4906	0.958495	1101	1.89471	8.9981	4.58271	0.939939
925	83.2117	30	-1.98758e+06	37.3399	0.953801	1074	1.89826	9.13362	4.58213	1.13811
926	83.1278	30	-1.9874e+06	37.4439	0.957552	1104	1.90052	9.11562	4.58601	0.992031
927	81.7033	31	-1.98771e+06	37.4877	0.956945	1145	1.89563	9.35401	4.59144	0.973317
928	85.7542	30	-1.987e+06	37.3943	0.969139	1138	1.89197	9.30419	4.58773	1.10124
929	87.5559	30	-1.98686e+06	37.4912	0.964193	1138	1.89626	9.15898	4.57727	0.886671
930	85.9113	29	-1.98716e+06	37.6927	0.967263	1140	1.89182	9.20014	4.57863	1.00394
931	84.7247	31	-1.98726e+06	37.6554	0.960727	1128	1.89752	9.37035	4.5795	1.06141
932	87.2418	29	-1.98699e+06	37.5642	0.966328	1158	1.8989	9.36681	4.57671	0.973317
933	87.4538	30	-1.98658e+06	37.81	0.958363	1139	1.89481	9.26571	4.58246	0.952576
934	86.2915	30	-1.98659e+06	37.9913	0.963156	1139	1.89471	9.07577	4.5835	0.989603
935	87.9767	30	-1.98718e+06	38.0894	0.962065	1141	1.90002	9.1473	4.5748	1.09493
936	83.4561	29	-1.98742e+06	37.8904	0.963159	1108	1.89875	9.2438	4.57361	1.04422
937	81.6665	30	-1.9874e+06	38.0585	0.954558	1133	1.8985	9.1398	4.57214	1.05656
938	85.4742	30	-1.98755e+06	38.1395	0.960865	1106	1.8982	9.16221	4.56843	0.914397
939	85.5992	30	-1.98708e+06	38.2645	0.962362	1122	1.89386	9.00196	4.56617	0.901898
940	85.3002	29	-1.98704e+06	38.4633	0.953982	1104	1.89816	9.01478	4.56069	0.978992
941	82.7611	29	-1.98691e+06	38.4628	0.960423	1119	1.89459	9.07339	4.56601	0.958291
942	83.8466	29	-1.98666e+06	38.2102	0.953343	1120	1.89442	9.10694	4.57141	0.911736
943	85.8471	30	-1.98629e+06	38.1822	0.959124	1128	1.89473	9.23757	4.5727	1.06656
944	85.5148	31	-1.98689e+06	38.0466	0.95075	1089	1.89202	9.27237	4.57624	1.08446
945	85.7637	32	-1.98655e+06	38.0587	0.963453	1117	1.89066	9.13487	4.57152	0.926434
946	85.6311	30	-1.98658e+06	38.0484	0.962228	1127	1.89003	9.21448	4.57625	0.944572
947	86.332	30	-1.98649e+06	38.0895	0.96058	1155	1.89155	9.22354	4.57411	0.852936
948	88.0266	29	-1.98655e+06	38.0464	0.963053	1139	1.89045	9.06509	4.57578	0.997195
949	86.3543	30	-1.98564e+06	38.0354	0.96425	1133	1.89056	9.04307	4.58575	0.968572
950	88.189	30	-1.98653e+06	38.1913	0.959377	1132	1.89051	9.03009	4.58436	0.940748
951	85.6664	29	-1.9872e+06	37.7827	0.956486	1119	1.89513	9.2486	4.57854	0.950063
952	82.7732	29	-1.9877e+06	37.626	0.95899	1110	1.89768	9.20435	4.57701	0.9573
953	84.7192	30	-1.9872e+06	37.7685	0.957956	1116	1.89688	9.12952	4.58024	0.930424
954	86.3196	30	-1.98743e+06	37.8518	0.95723	1106	1.89965	8.98963	4.57641	0.969798
955	83.7536	30	-1.98662e+06	37.7004	0.963549	1121	1.88655	9.17117	4.58111	1.11013
956	84.9105	30	-1.98673e+06	37.5858	0.95913	1100	1.89273	9.30579	4.57777	0.960771
957	83.6794	31	-1.98698e+06	37.6556	0.964365	1082	1.89614	9.0533	4.57686	1.0166
958	83.1502	30	-1.98695e+06	37.494	0.970259	1105	1.89782	9.22432	4.58342	0.88774
959	84.2838	31	-1.98625e+06	37.8388	0.976036	1131	1.89196	9.38979	4.57761	0.988613
960	83.1342	31	-1.98651e+06	38.1207	0.976849	1112	1.89114	9.43675	4.58222	1.04063
961	83.0558	31	-1.98622e+06	37.8962	0.981169	1078	1.89125	9.08033	4.57654	0.977807
962	83.3876	31	-1.9868e+06	37.8786	0.980239	1121	1.89414	9.40527	4.57641	1.01436
963	83.244	30	-1.98617e+06	38.1369	0.97956	1116	1.8854	9.06387	4.5852	1.1373
964	83.9544	31	-1.98616e+06	37.9806	0.970977	1094	1.89574	9.18618	4.58294	0.942421
965	82.4894	31	-1.98718e+06	38.0428	0.97809	1072	1.89211	9.2692	4.5859	0.985954
966	82.0104	30	-1.98786e+06	37.6966	0.970581	1107	1.88817	9.25978	4.58457	1.10159
967	83.6852	30	-1.98812e+06	37.6396	0.962505	1127	1.89685	9.08618	4.59194	1.13885
968	87.5165	29	-1.98639e+06	37.3078	0.967327	1150	1.8893	9.09977	4.59519	1.03154
969	87.2897	30	-1.98761e+06	37.4234	0.965644	1132	1.89453	9.11004	4.58694	0.94464
970	87.1728	29	-1.98606e+06	37.5899	0.971128	1155	1.89452	9.17333	4.58847	1.02168
971	87.2347	30	-1.98588e+06	37.6789	0.967939	1127	1.89633	9.15046	4.58508	0.991193
972	86.9744	30	-1.98613e+06	37.6773	0.961042	1124	1.89606	9.14059	4.58548	0.97309
973	84.2745	31	-1.9865e+06	37.7485	0.959017	1102	1.89681	9.04809	4.58544	0.991399
974	84.349	32	-1.98633e+06	37.7068	0.960072	1102	1.89894	9.29279	4.58006	0.864974
975	83.867	31	-1.98701e+06	37.7642	0.955411	1114	1.90328	9.1652	4.57508	1.04376
976	85.658	31	-1.98619e+06	37.4694	0.963176	1109	1.89741	9.19975	4.5775	0.980915
977	86.708	31	-1.98616e+06	37.7945	0.96727	1147	1.89535	9.15638	4.57265	0.93477
978	86.836	29	-1.98637e+06	37.8773	0.965439	1125	1.89835	9.16019	4.58193	1.01087
979	86.0675	31	-1.98644e+06	37.5559	0.973862	1119	1.89159	9.05592	4.582	0.891995
980	85.6797	30	-1.98634e+06	37.7988	0.966875	1102	1.8938	9.29397	4.58587	0.953819
981	86.2582	31	-1.98687e+06	37.4847	0.984141	1135	1.89619	9.20113	4.58356	0.967069
982	86.72	31	-1.98741e+06	37.5697	0.975407	1102	1.89668	9.03453	4.57193	0.921766
983	85.3741	32	-1.98721e+06	37.3642	0.977723	1093	1.89438	9.32183	4.57626	0.99303
984	84.9253	32	-1.9875e+06	37.4405	0.968039	1064	1.9012	9.14844	4.57311	0.917598
985	83.4786	31	-1.987e+06	37.3293	0.965788	1069	1.8937	9.10077	4.5722	0.982546
986	83.7442	30	-1.98723e+06	37.5369	0.967324	1107	1.8995	9.05869	4.5763	0.924832
987	86.3092	31	-1.98789e+06	37.5225	0.965886	1127	1.90057	9.17738	4.56916	1.02911
988	85.828	31	-1.98787e+06	37.4725	0.959631	1101	1.9004	9.14426	4.57971	0.943897
989	83.2947	30	-1.98821e+06	37.5768	0.952436	1105	1.9096	9.0119	4.57642	1.01937
990	83.2349	30	-1.98765e+06	37.3147	0.956202	1083	1.904	9.2483	4.57482	1.00591
991	83.2328	30	-1.98809e+06	37.2388	0.959826	1091	1.90586	9.09951	4.57308	0.974631
992	85.8788	31	-1.98782e+06	37.463	0.95543	1109	1.90724	8.95599	4.57396	0.945945
993	87.5295	31	-1.98769e+06	37.5173	0.958707	1119	1.90721	9.21506	4.56436	1.02216
994	85.0962	30	-1.98769e+06	37.4563	0.947016	1112	1.90153	9.22702	4.57179	1.01185
995	83.8915	31	-1.9873e+06	37.5484	0.948174	1079	1.90117	9.07298	4.57238	1.08979
996	85.4594	30	-1.98799e+06	37.4388	0.947515	1122	1.90627	9.20517	4.5704	0.993194
997	84.031	31	-1.98765e+06	37.4625	0.949912	1119	1.90512	9.19649	4.57887	0.864388
998	83.4032	31	-1.98796e+06	37.4014	0.945686	1087	1.90731	9.37366	4.57694	1.09384
999	82.231	31	-1.98817e+06	37.2697	0.942702	1105	1.91172	9.01418	4.5664	1.10686
