iter	time	topo	loglik	length	alpha	Nmode	statent	statalpha	rrent	rrmean
0	0	0	-3.87551e+06	12.7974	1	13	2.57332	20	4.82256	1.05882
1	41.1792	63	-2.45999e+06	23.2009	0.658298	24	2.36003	18.3594	4.87382	1.05409
2	43.1796	63	-2.3856e+06	28.2902	0.660402	41	2.33771	16.988	4.84866	1.01283
3	43.9787	59	-2.34248e+06	31.1292	0.670219	70	2.30629	15.7994	4.82965	0.935039
4	45.2637	57	-2.31436e+06	33.1856	0.673023	104	2.28867	14.4712	4.81451	0.98095
5	46.0064	59	-2.28657e+06	34.4002	0.683666	129	2.26216	14.135	4.80973	0.99195
6	47.4856	57	-2.24942e+06	34.4563	0.680911	163	2.25934	13.981	4.78967	1.05413
7	50.1929	55	-2.21998e+06	35.1759	0.686559	203	2.24529	13.4233	4.77504	0.901594
8	50.0837	54	-2.20106e+06	35.2246	0.686405	244	2.22456	13.4576	4.77374	1.03391
9	50.8846	50	-2.19101e+06	36.0115	0.683256	278	2.20759	12.7962	4.76449	1.10258
10	53.383	51	-2.17258e+06	36.8632	0.67201	312	2.18907	12.0324	4.75745	0.907783
11	52.3037	51	-2.16041e+06	37.7446	0.669343	336	2.18276	12.0056	4.74296	0.989588
12	55.1155	49	-2.14217e+06	38.6903	0.668188	364	2.18081	11.4659	4.73414	1.00164
13	56.5377	47	-2.12696e+06	39.091	0.667518	426	2.17209	11.4596	4.71547	0.90466
14	58.9624	47	-2.11948e+06	39.6536	0.662929	464	2.15791	11.0655	4.70906	0.954193
15	59.2937	43	-2.11387e+06	40.3291	0.653433	493	2.14237	10.8001	4.70207	0.993117
16	60.8797	45	-2.10879e+06	40.4017	0.658537	531	2.1232	10.3637	4.69511	0.99055
17	62.5542	44	-2.09808e+06	40.9009	0.661124	547	2.09919	10.4216	4.69054	0.954318
18	62.8233	41	-2.08546e+06	40.7072	0.669285	614	2.09151	10.1288	4.68331	0.971073
19	63.4508	43	-2.07529e+06	40.0778	0.675359	606	2.08437	10.1057	4.6707	1.09359
20	65.1167	41	-2.05793e+06	39.5254	0.682544	644	2.08813	10.2701	4.66789	0.878745
21	67.373	39	-2.05241e+06	39.3822	0.69159	692	2.0756	10.3045	4.66213	0.990839
22	67.7876	41	-2.04768e+06	39.2654	0.700498	711	2.06831	10.3946	4.65533	1.09251
23	67.1226	39	-2.04e+06	38.8908	0.708161	720	2.07248	10.4592	4.63876	0.837358
24	68.602	39	-2.03536e+06	38.0712	0.714584	723	2.07587	10.0444	4.63948	1.01878
25	70.3139	39	-2.03343e+06	38.1727	0.717037	722	2.07587	10.4065	4.63315	0.916526
26	72.0286	38	-2.03324e+06	38.1506	0.711129	770	2.08026	10.3692	4.63353	1.04458
27	73.2185	38	-2.03087e+06	38.4119	0.712402	791	2.06843	10.3934	4.62635	0.99061
28	71.9993	38	-2.02944e+06	38.3964	0.720733	795	2.07123	10.3914	4.62682	0.91736
29	71.5906	38	-2.02787e+06	38.272	0.722746	797	2.06827	10.0304	4.6241	1.16758
30	72.7306	39	-2.02398e+06	37.1837	0.736191	807	2.06154	10.2319	4.62149	1.02092
31	71.324	38	-2.01995e+06	37.0478	0.737036	813	2.05743	10.2006	4.61865	1.00653
32	71.9948	38	-2.0177e+06	36.9828	0.740964	827	2.05632	10.0055	4.61704	0.956487
33	74.7015	37	-2.01715e+06	36.9072	0.738724	838	2.06056	10.1966	4.6112	0.857972
34	75.2603	37	-2.01552e+06	36.8487	0.744783	865	2.0548	10.0427	4.61301	1.10914
35	75.4937	36	-2.01534e+06	36.8849	0.74672	851	2.05495	9.76994	4.61396	1.0889
36	77.2127	36	-2.01448e+06	37.1802	0.751409	873	2.05602	10.1779	4.60502	0.853705
37	76.7464	36	-2.01464e+06	37.1328	0.750706	906	2.05889	10.2042	4.60912	0.879343
38	78.1521	36	-2.01406e+06	36.8079	0.747252	865	2.06027	10.3101	4.60215	1.00038
39	76.455	36	-2.01323e+06	36.5903	0.749111	907	2.05381	10.1854	4.60399	1.08881
40	76.9793	37	-2.01277e+06	36.6919	0.752473	886	2.04853	10.0958	4.60081	0.935364
41	77.7258	36	-2.01147e+06	36.647	0.755292	881	2.04523	9.69753	4.60339	1.01304
42	76.5669	36	-2.01203e+06	36.8906	0.753282	902	2.04552	9.7572	4.59929	1.05062
43	76.5409	37	-2.01052e+06	36.7953	0.75608	918	2.04394	9.8498	4.60399	0.897095
44	75.3636	35	-2.00961e+06	36.6458	0.7548	910	2.03927	9.87724	4.59768	0.987376
45	74.629	36	-2.00986e+06	36.5265	0.757552	909	2.03821	9.89003	4.59742	0.900993
46	76.4601	37	-2.01033e+06	36.6067	0.753919	915	2.04418	9.96934	4.58963	1.04141
47	74.8736	35	-2.00911e+06	36.4791	0.75803	934	2.03928	10.0324	4.59439	1.03784
48	76.7168	36	-2.00868e+06	36.4826	0.75928	941	2.038	9.71689	4.58547	1.03089
49	77.5267	35	-2.00787e+06	36.492	0.767996	951	2.03604	9.93858	4.58878	1.06351
50	78.9749	34	-2.00803e+06	36.5374	0.772701	945	2.04065	10.1681	4.58721	1.02316
51	78.913	34	-2.00765e+06	36.4094	0.778771	947	2.03632	10.2047	4.58457	0.959197
52	78.5885	35	-2.00738e+06	36.3516	0.781332	983	2.03464	9.79112	4.58524	1.09798
53	80.3339	34	-2.00685e+06	36.4835	0.777829	954	2.02981	9.94707	4.58893	1.09498
54	79.6185	35	-2.00687e+06	36.611	0.773018	973	2.0254	9.96392	4.59094	1.09329
55	80.5565	34	-2.00696e+06	36.6506	0.774175	973	2.02689	10.0793	4.58312	1.08009
56	79.8724	34	-2.00619e+06	36.8079	0.77789	988	2.0276	9.98437	4.58678	0.998457
57	80.4436	33	-2.00584e+06	36.8785	0.777037	995	2.02575	9.94618	4.58067	1.01256
58	79.495	34	-2.00558e+06	36.7281	0.781315	994	2.02614	9.80792	4.57983	1.10212
59	78.5341	33	-2.00555e+06	36.6567	0.780166	984	2.02268	9.82495	4.5823	1.07597
60	79.0154	34	-2.00515e+06	36.6673	0.789657	986	2.02088	9.86571	4.58402	0.943513
61	80.7056	34	-2.00552e+06	36.555	0.787827	1014	2.02518	9.69858	4.58245	1.09982
62	80.0494	34	-2.00501e+06	36.7423	0.783135	1007	2.02234	9.8078	4.58357	1.09596
63	80.6754	34	-2.00415e+06	36.8673	0.788625	1016	2.02154	9.70002	4.57832	1.02396
64	81.3494	34	-2.00455e+06	36.7578	0.787729	1055	2.02694	10.0581	4.56607	1.05291
65	81.9878	34	-2.00395e+06	37.209	0.78472	1034	2.02275	10.1199	4.56835	1.06609
66	80.6536	34	-2.00382e+06	37.0078	0.782656	1037	2.0265	9.94008	4.57462	0.98053
67	82.3104	34	-2.00421e+06	36.8043	0.783526	1036	2.02124	9.85659	4.57848	1.00082
68	82.1152	33	-2.00324e+06	37.1227	0.779529	1044	2.01463	9.91856	4.57761	1.00759
69	81.6721	34	-2.00284e+06	36.9483	0.786859	1043	2.01622	9.64914	4.57493	1.00114
70	82.3272	34	-2.00257e+06	36.8336	0.795376	1034	2.0081	9.56677	4.57814	1.13277
71	82.9749	33	-2.00194e+06	36.5174	0.799598	1064	2.00336	9.43828	4.57729	1.15843
72	83.4073	32	-2.00179e+06	36.5422	0.804612	1052	2.00888	9.39075	4.58117	1.01597
73	84.6491	32	-2.0014e+06	36.7407	0.803087	1075	2.0043	9.54132	4.58061	0.917943
74	85.0127	33	-2.00231e+06	36.6182	0.809978	1081	2.01	9.74427	4.57925	1.01658
75	85.2308	33	-2.00179e+06	36.5821	0.809614	1043	2.0073	9.66778	4.58022	1.0265
76	83.3655	33	-2.00092e+06	36.5718	0.809965	1060	1.99998	9.56036	4.57486	0.912033
77	84.6119	33	-2.00048e+06	36.5092	0.807149	1045	1.9931	9.66279	4.57504	0.901346
78	85.1415	33	-2.00104e+06	36.5141	0.812926	1072	1.9959	9.70716	4.57342	0.917476
79	84.9714	33	-2.00104e+06	36.493	0.810273	1078	2.00129	9.65866	4.57884	1.1828
80	83.4667	32	-2.00155e+06	36.434	0.809607	1097	2.00467	9.63923	4.57728	0.978875
81	85.7344	32	-2.00046e+06	36.4455	0.81092	1101	2.00321	9.77363	4.57375	1.15368
82	85.2951	32	-1.9998e+06	36.264	0.814704	1089	1.99767	9.714	4.57604	1.03581
83	84.9781	33	-1.99943e+06	36.3982	0.812085	1116	1.99373	9.59972	4.57948	1.01131
84	85.0264	33	-1.99989e+06	36.4796	0.810409	1120	1.99986	9.42723	4.57398	0.903063
85	85.0928	33	-1.99979e+06	36.7164	0.809841	1100	1.99588	9.44316	4.5755	0.948565
86	83.8339	33	-1.99957e+06	36.7947	0.817111	1108	1.99052	9.68645	4.57437	1.06406
87	84.5488	32	-1.99885e+06	36.7412	0.817976	1123	1.98661	9.35481	4.57558	1.00405
88	84.8677	33	-1.99912e+06	36.7735	0.814123	1116	1.99216	9.47972	4.57042	0.891407
89	85.0206	33	-1.99945e+06	36.8102	0.815178	1110	1.99106	9.58927	4.57456	0.974225
90	85.582	33	-1.99884e+06	36.5616	0.824706	1115	1.98746	9.55769	4.57606	1.04398
91	83.8786	32	-1.99946e+06	36.8126	0.821558	1086	1.98438	9.58502	4.58099	1.03021
92	84.8198	33	-1.99866e+06	36.782	0.822149	1083	1.98326	9.35764	4.58575	1.05541
93	84.8666	33	-1.99883e+06	36.6766	0.826989	1136	1.98778	9.54177	4.58054	1.07848
94	85.6526	32	-1.99776e+06	37.0522	0.8252	1093	1.97905	9.22486	4.57534	1.0152
95	85.562	33	-1.99764e+06	36.8974	0.828506	1128	1.98461	9.54958	4.5681	1.01612
96	84.5859	33	-1.99794e+06	37.1016	0.825094	1099	1.98079	9.34384	4.56684	1.17421
97	85.4832	32	-1.99789e+06	37.3827	0.828224	1141	1.97867	9.46747	4.56784	0.976384
98	90.0624	31	-1.99632e+06	37.4072	0.833538	1154	1.97407	9.55656	4.57071	1.05524
99	87.4139	32	-1.99765e+06	37.3007	0.836659	1130	1.97754	9.60341	4.56824	1.1323
100	85.6047	33	-1.99669e+06	37.0139	0.843181	1077	1.96698	9.40914	4.57755	0.799934
101	84.6272	33	-1.99558e+06	37.3559	0.842573	1110	1.96636	9.5584	4.57645	1.07816
102	84.9615	33	-1.99582e+06	37.6515	0.849114	1092	1.96175	9.3939	4.57592	1.00938
103	84.1383	32	-1.99632e+06	36.9262	0.853015	1072	1.96249	9.33584	4.58142	0.863698
104	84.7652	33	-1.99519e+06	37.211	0.857736	1101	1.96738	9.51302	4.57812	1.09369
105	85.2033	31	-1.9958e+06	37.0512	0.859039	1139	1.96485	9.34594	4.57731	1.05461
106	86.2854	32	-1.9954e+06	36.8879	0.855562	1141	1.96393	9.3474	4.57738	0.969862
107	84.7942	33	-1.99485e+06	37.096	0.858709	1113	1.96006	9.50249	4.58205	0.920032
108	85.4098	32	-1.99497e+06	37.0496	0.87003	1132	1.96003	9.54241	4.57279	0.96
109	84.2673	31	-1.99492e+06	36.9467	0.874781	1121	1.95974	9.52383	4.56769	1.06496
110	83.3585	33	-1.99494e+06	37.0826	0.884612	1108	1.95835	9.37387	4.5691	1.06693
111	85.0535	33	-1.99538e+06	36.7498	0.890216	1085	1.95745	9.66369	4.56911	1.04152
112	84.1491	33	-1.99477e+06	36.7264	0.8977	1110	1.95589	9.61844	4.57104	0.887749
113	83.4119	32	-1.99465e+06	36.6153	0.897706	1109	1.95861	9.80002	4.56618	0.878883
114	84.8186	32	-1.99375e+06	36.4406	0.901575	1109	1.95116	9.63668	4.5727	1.06997
115	85.1318	32	-1.99424e+06	36.4965	0.903435	1092	1.95212	9.76672	4.56779	0.964314
116	85.1869	33	-1.99429e+06	36.5263	0.905678	1116	1.95217	9.54579	4.57147	1.13567
117	86.7567	32	-1.99278e+06	36.331	0.911416	1143	1.94627	9.42194	4.57149	1.01974
118	87.4341	32	-1.9925e+06	36.3911	0.920452	1134	1.94661	9.44809	4.56896	1.05848
119	86.7554	32	-1.99303e+06	36.5267	0.912742	1140	1.94734	9.37648	4.57348	1.07036
120	85.7063	33	-1.9942e+06	36.5535	0.913983	1107	1.9528	9.3585	4.57196	0.963843
121	82.6538	32	-1.99332e+06	36.5031	0.912639	1096	1.95149	9.37142	4.57633	0.967154
122	85.843	32	-1.99412e+06	36.3191	0.917698	1125	1.95613	9.51391	4.57692	0.966022
123	86.3345	33	-1.99343e+06	36.2817	0.91687	1129	1.94758	9.33447	4.57528	0.937722
124	84.4838	32	-1.99381e+06	36.4085	0.912671	1142	1.95302	9.20259	4.57632	0.984759
125	85.7065	32	-1.99318e+06	36.2369	0.908591	1109	1.95007	9.20141	4.57314	0.998667
126	85.2519	33	-1.99332e+06	36.0533	0.904187	1132	1.95039	9.60879	4.58296	0.915505
127	85.4965	33	-1.99301e+06	36.1691	0.909694	1145	1.94468	9.35414	4.58399	0.983299
128	86.628	32	-1.993e+06	36.5709	0.910595	1124	1.94564	9.35069	4.5777	1.02591
129	85.5384	33	-1.99279e+06	36.7872	0.906926	1114	1.94746	9.32099	4.58029	1.08352
130	83.1736	32	-1.99297e+06	36.6786	0.916272	1108	1.94253	9.40667	4.57169	1.03867
131	85.2493	33	-1.99323e+06	36.3268	0.914116	1123	1.94611	9.36504	4.56979	0.955423
132	84.4649	32	-1.99195e+06	36.6104	0.914005	1140	1.93892	9.37016	4.57184	0.932556
133	86.2535	31	-1.99165e+06	36.7495	0.90473	1146	1.9414	9.39246	4.57515	1.02106
134	87.8658	32	-1.99152e+06	36.9343	0.910323	1122	1.93589	9.28748	4.57678	1.03374
135	87.9015	32	-1.99147e+06	37.2433	0.909167	1114	1.93515	9.38009	4.57383	1.01797
136	85.1211	32	-1.99147e+06	37.5956	0.913236	1122	1.93505	9.25064	4.57215	0.95183
137	85.188	33	-1.99208e+06	37.3322	0.918642	1086	1.93317	9.21182	4.56719	0.913882
138	83.5895	33	-1.99211e+06	37.2828	0.92587	1108	1.94008	9.4339	4.56783	1.04851
139	83.3251	32	-1.99192e+06	37.2317	0.9309	1106	1.93747	9.46526	4.57085	0.976631
140	84.8595	33	-1.99172e+06	36.8975	0.928128	1128	1.93925	9.17238	4.56835	0.910631
141	83.8412	32	-1.99098e+06	37.1166	0.927305	1097	1.93315	9.24251	4.56554	1.00603
142	84.3406	33	-1.99099e+06	36.8858	0.928327	1084	1.93268	9.25647	4.57114	0.980458
143	84.8191	33	-1.99057e+06	37.0397	0.926727	1081	1.93558	9.06054	4.57935	1.0909
144	85.4078	33	-1.9905e+06	37.1088	0.932141	1074	1.93058	9.26335	4.57485	1.13186
145	84.3582	32	-1.9913e+06	37.1554	0.928087	1084	1.9274	9.17181	4.56866	0.916461
146	83.6106	33	-1.99178e+06	37.3287	0.929923	1098	1.93193	9.19278	4.57253	0.91869
147	85.5447	32	-1.99169e+06	37.2767	0.92763	1074	1.92921	9.31219	4.57282	0.873623
148	84.8587	31	-1.99154e+06	37.3012	0.934031	1103	1.93043	9.34263	4.57249	1.00069
149	85.485	33	-1.99215e+06	37.3029	0.936512	1101	1.93382	9.13843	4.57271	1.01843
150	84.6646	33	-1.99135e+06	37.1602	0.940445	1093	1.9373	9.40353	4.57656	1.03736
151	84.9363	33	-1.99142e+06	36.9891	0.935386	1095	1.93593	9.41326	4.57844	1.04137
152	84.7586	33	-1.99204e+06	37.0797	0.93063	1100	1.93845	9.39121	4.56805	0.993873
153	84.8596	33	-1.9916e+06	36.9623	0.937249	1115	1.93431	9.43048	4.57683	1.00104
154	85.1029	33	-1.99213e+06	37.0167	0.938713	1113	1.93629	9.36978	4.56774	1.00894
155	84.4213	33	-1.99178e+06	36.9967	0.932343	1105	1.94047	9.39664	4.57621	0.917744
156	85.8285	33	-1.99226e+06	37.0682	0.936704	1072	1.94249	9.32444	4.58169	0.907691
157	85.2192	33	-1.99191e+06	37.0562	0.943452	1060	1.93748	9.55938	4.57036	0.882096
158	83.6302	32	-1.99231e+06	36.9909	0.939002	1082	1.93587	9.19374	4.57142	0.974287
159	84.8119	33	-1.99025e+06	36.9298	0.943992	1094	1.92672	9.30196	4.5774	1.09178
160	84.311	32	-1.99147e+06	36.9629	0.944484	1085	1.92708	9.32523	4.57793	0.951815
161	84.9963	33	-1.99111e+06	36.9903	0.939197	1099	1.93258	9.15583	4.57451	1.07681
162	83.4254	32	-1.99069e+06	36.8512	0.942009	1106	1.93622	9.32543	4.57381	1.0099
163	84.8225	33	-1.99077e+06	36.8717	0.939176	1112	1.9287	9.24413	4.57779	0.97552
164	84.1785	33	-1.99018e+06	37.1315	0.93942	1119	1.92999	9.12265	4.57355	1.02523
165	85.1227	33	-1.99019e+06	37.2476	0.935734	1109	1.93144	8.88208	4.57426	0.988748
166	85.4053	33	-1.99052e+06	36.9337	0.937474	1117	1.93253	9.13723	4.56793	0.947339
167	84.4736	33	-1.99094e+06	36.8658	0.940056	1100	1.93355	9.34915	4.56842	1.10832
168	85.7056	32	-1.98966e+06	36.9864	0.939892	1083	1.9258	9.32708	4.56843	1.09624
169	84.6237	33	-1.99005e+06	37.1855	0.931282	1084	1.92269	9.56638	4.56669	1.04798
170	84.8528	33	-1.99035e+06	37.2705	0.928608	1098	1.92841	9.46886	4.56773	0.99598
171	86.7677	32	-1.99009e+06	37.2403	0.932735	1133	1.92796	9.41406	4.57706	0.942806
172	87.9774	32	-1.99071e+06	36.9496	0.9363	1107	1.92764	9.21587	4.57209	1.0234
173	86.5613	32	-1.99016e+06	37.3658	0.939994	1116	1.92814	9.30769	4.56991	1.07406
174	88.1721	32	-1.98973e+06	37.3651	0.943503	1130	1.92581	9.48351	4.56986	1.14561
175	87.8375	32	-1.98922e+06	37.328	0.949159	1118	1.92354	9.52259	4.57574	1.08158
176	87.341	32	-1.99003e+06	37.4007	0.954307	1146	1.92402	9.55868	4.5737	1.08563
177	89.8657	31	-1.98918e+06	37.2334	0.952903	1161	1.91881	9.42981	4.57074	1.02851
178	86.847	30	-1.9897e+06	37.4002	0.954403	1150	1.92132	9.57572	4.56513	0.99885
179	88.6402	32	-1.98915e+06	37.2046	0.96013	1184	1.91889	9.51525	4.56424	0.993571
180	87.5587	32	-1.98898e+06	37.3893	0.962777	1134	1.92086	9.46209	4.5669	1.01789
181	84.5667	31	-1.98912e+06	37.0744	0.966653	1117	1.91444	9.47709	4.56792	0.962742
182	85.3692	33	-1.98839e+06	37.3441	0.959646	1123	1.91471	9.45256	4.57206	1.02828
183	86.2526	32	-1.98867e+06	37.5126	0.958103	1143	1.91498	9.56361	4.57803	0.996702
184	85.4925	31	-1.98857e+06	37.5686	0.961742	1135	1.91598	9.4304	4.5768	0.990214
185	87.2453	32	-1.98885e+06	37.5421	0.948875	1130	1.92132	9.4005	4.56828	0.940163
186	84.092	32	-1.98892e+06	37.2729	0.948316	1116	1.91986	9.41473	4.57019	0.937299
187	85.573	32	-1.99047e+06	37.3505	0.947577	1110	1.92474	9.36965	4.56892	0.986615
188	84.774	31	-1.98918e+06	37.4599	0.94852	1132	1.92467	9.27778	4.57036	0.998804
189	85.7368	32	-1.98933e+06	37.2637	0.948372	1121	1.91855	9.3995	4.57279	0.958347
190	85.2379	32	-1.99028e+06	37.3166	0.944885	1112	1.92546	9.29283	4.57269	1.0132
191	86.1746	32	-1.99016e+06	37.2789	0.937176	1091	1.92588	9.33983	4.57147	0.964912
192	84.0534	32	-1.98959e+06	37.3044	0.937342	1093	1.92333	9.33755	4.56972	1.06864
193	84.6396	33	-1.98956e+06	37.1837	0.945154	1113	1.92227	9.17618	4.56977	0.956808
194	84.6007	32	-1.9899e+06	37.3306	0.950438	1113	1.92057	9.20188	4.57703	1.03302
195	86.1418	32	-1.9894e+06	37.3522	0.951349	1122	1.91839	9.26062	4.57452	0.945959
196	85.0251	33	-1.98894e+06	37.776	0.948933	1107	1.91584	9.06215	4.57357	1.05877
197	84.5772	32	-1.9888e+06	37.8986	0.940037	1150	1.91979	9.34079	4.56631	1.08504
198	85.9104	31	-1.98855e+06	37.8246	0.93614	1145	1.91546	9.00045	4.56595	0.976391
199	86.0794	31	-1.98875e+06	37.6681	0.940537	1130	1.91945	9.27889	4.56087	1.16437
200	87.2017	32	-1.98912e+06	37.759	0.944901	1146	1.92158	9.21543	4.56348	1.02936
201	88.3436	31	-1.98881e+06	37.8441	0.953158	1142	1.9189	9.16875	4.567	1.01022
202	85.9953	31	-1.98849e+06	37.8107	0.945619	1124	1.91097	9.39302	4.56861	1.01686
203	85.8436	32	-1.98876e+06	37.7406	0.951974	1137	1.91803	9.48808	4.57127	1.16511
204	86.2784	32	-1.98883e+06	37.8239	0.95214	1141	1.91635	9.4551	4.56972	0.964655
205	87.6676	32	-1.98816e+06	37.5099	0.956094	1146	1.91437	9.30867	4.57277	0.937998
206	88.3348	32	-1.98806e+06	37.392	0.963032	1150	1.90925	9.29629	4.57714	1.03259
207	88.4075	32	-1.98774e+06	37.5778	0.959071	1145	1.90799	9.43224	4.57037	0.98966
208	86.6146	31	-1.98817e+06	37.4296	0.953229	1164	1.91319	9.33119	4.56583	0.994885
209	89.0427	31	-1.98834e+06	37.609	0.955562	1183	1.91402	9.63031	4.56188	1.01811
210	88.9344	30	-1.98714e+06	37.5396	0.964251	1161	1.90971	9.2294	4.56185	1.03289
211	88.579	32	-1.98812e+06	37.7445	0.959018	1147	1.91356	9.28978	4.56367	1.06657
212	87.5867	32	-1.98814e+06	37.7425	0.955354	1165	1.91162	9.32544	4.56502	1.0984
213	89.3072	31	-1.98855e+06	37.8007	0.955853	1165	1.91317	9.49363	4.56951	0.958631
214	88.1955	31	-1.98871e+06	37.8631	0.955346	1198	1.91392	9.4499	4.57725	0.988946
215	89.3961	31	-1.98783e+06	37.6379	0.95943	1165	1.90636	9.28448	4.58056	0.90966
216	88.425	31	-1.98897e+06	37.6282	0.957307	1163	1.91109	9.18486	4.57712	0.939887
217	89.8697	31	-1.98816e+06	37.6598	0.958415	1181	1.91291	9.5031	4.58005	0.960489
218	90.022	31	-1.9885e+06	37.6272	0.967887	1201	1.91095	9.12232	4.57794	1.03338
219	89.4932	31	-1.98835e+06	37.7654	0.966196	1151	1.91073	9.28536	4.56938	0.936749
220	88.5248	31	-1.98807e+06	37.893	0.954124	1190	1.90717	9.35858	4.56719	0.982359
221	89.9839	31	-1.9883e+06	37.8061	0.953673	1147	1.9072	9.25409	4.57115	0.98003
222	89.189	31	-1.98856e+06	37.9711	0.958852	1157	1.91151	9.08757	4.56763	0.995911
223	90.5077	31	-1.98704e+06	37.7307	0.960171	1162	1.90198	9.1642	4.56652	0.946022
224	90.1592	31	-1.98795e+06	37.7063	0.964979	1172	1.90739	9.15302	4.56651	0.943147
225	89.4428	31	-1.98723e+06	37.8017	0.962499	1162	1.90171	9.12509	4.56575	0.938275
226	88.4945	29	-1.9878e+06	37.8457	0.964896	1188	1.90408	9.13061	4.57277	0.991635
227	89.9565	31	-1.98744e+06	37.912	0.956375	1179	1.9024	9.22212	4.57466	0.98934
228	89.7729	30	-1.98783e+06	37.787	0.957973	1206	1.90886	9.43506	4.57437	1.02256
229	90.2866	31	-1.98814e+06	37.7927	0.96585	1190	1.90744	9.14093	4.57312	1.09571
230	89.1181	31	-1.9884e+06	37.5276	0.963708	1210	1.91007	9.18591	4.56888	0.969733
231	89.8678	31	-1.98891e+06	37.3797	0.960715	1178	1.91103	9.34072	4.57377	1.01277
232	88.863	31	-1.98811e+06	37.2276	0.95804	1165	1.90905	9.33934	4.5785	1.02769
233	89.7356	31	-1.98788e+06	37.3596	0.961932	1204	1.91112	9.23775	4.58111	0.99993
234	89.6373	31	-1.98803e+06	37.3418	0.965261	1155	1.91185	9.26202	4.58208	0.949074
235	87.7212	32	-1.98827e+06	37.0363	0.962613	1178	1.90911	9.27101	4.58275	0.985141
236	88.592	31	-1.98845e+06	37.5052	0.95327	1158	1.90549	9.04388	4.583	1.06291
237	89.4578	31	-1.98773e+06	37.3227	0.955507	1167	1.9083	9.24604	4.58285	1.1142
238	86.6814	32	-1.98821e+06	37.2384	0.964142	1158	1.91053	9.33345	4.58469	0.978098
239	87.1112	31	-1.98906e+06	37.274	0.966149	1149	1.91412	9.41522	4.58501	0.944088
240	85.6855	31	-1.98825e+06	37.4837	0.957965	1147	1.91229	9.01336	4.58143	1.00128
241	89.1796	31	-1.98825e+06	37.2123	0.963999	1180	1.91316	9.05839	4.57292	1.1085
242	89.8087	31	-1.98845e+06	37.2955	0.968787	1160	1.91275	9.12581	4.57303	0.960099
243	88.5723	31	-1.98837e+06	37.1729	0.959262	1142	1.91253	9.16126	4.57237	0.865273
244	87.2544	32	-1.98866e+06	37.0587	0.963477	1136	1.91009	9.20799	4.57688	0.994641
245	85.823	31	-1.98857e+06	37.234	0.971916	1142	1.91649	9.29439	4.57427	1.01133
246	85.8943	32	-1.98918e+06	37.091	0.965477	1127	1.91857	9.44931	4.57059	1.10174
247	85.2907	32	-1.98955e+06	37.1763	0.963374	1129	1.9181	9.41654	4.56935	0.90175
248	85.8053	33	-1.98913e+06	37.1815	0.969377	1123	1.91141	9.29478	4.56948	1.11612
249	83.6423	31	-1.98873e+06	37.3545	0.967856	1115	1.91349	9.35099	4.5679	1.00313
250	86.9238	32	-1.98916e+06	37.5058	0.957685	1151	1.9207	9.15838	4.56572	0.921194
251	87.7764	32	-1.98897e+06	37.5155	0.970628	1137	1.91595	9.32821	4.56733	0.915559
252	87.1985	32	-1.98841e+06	37.6553	0.964284	1134	1.91377	9.35228	4.55983	1.07953
253	84.0306	32	-1.98865e+06	37.8233	0.968693	1105	1.91493	9.3373	4.56254	1.11106
254	84.8377	33	-1.9879e+06	37.9716	0.963361	1112	1.90806	9.29902	4.57772	1.00998
255	84.7046	32	-1.98752e+06	37.8229	0.966406	1105	1.90315	9.07662	4.58258	0.844718
256	85.2815	33	-1.98794e+06	37.5882	0.966007	1096	1.91105	8.97482	4.57771	0.899846
257	86.0926	32	-1.98739e+06	37.644	0.966239	1130	1.90956	9.3062	4.57625	0.933734
258	84.8308	32	-1.98718e+06	37.8448	0.974404	1104	1.90656	9.05312	4.57061	0.971366
259	83.8844	32	-1.98687e+06	37.4046	0.967958	1107	1.91297	9.0791	4.56844	1.07548
260	84.8533	32	-1.98798e+06	37.4398	0.969317	1139	1.91392	9.2619	4.56877	0.992908
261	84.8183	32	-1.98767e+06	37.3389	0.962213	1083	1.91615	9.36848	4.57156	1.0096
262	84.6807	32	-1.98815e+06	37.4194	0.965461	1123	1.91143	9.25384	4.57769	1.02792
263	83.683	32	-1.98877e+06	37.3732	0.971267	1117	1.91167	9.10636	4.577	1.1693
264	85.1997	31	-1.98766e+06	37.5122	0.965223	1156	1.90714	9.24101	4.57486	1.01245
265	85.3823	31	-1.98743e+06	37.7304	0.958112	1118	1.91243	9.06092	4.57447	1.06319
266	84.0993	32	-1.98788e+06	37.6279	0.956943	1112	1.91203	9.42187	4.5734	1.01725
267	83.6461	33	-1.98782e+06	37.4277	0.961123	1136	1.90661	9.43116	4.57643	1.01722
268	87.1935	32	-1.98789e+06	37.2773	0.964126	1131	1.90788	9.25414	4.56953	0.989324
269	86.2295	33	-1.98775e+06	37.2478	0.961726	1135	1.91456	9.37102	4.57591	1.1299
270	86.7055	32	-1.9887e+06	37.1057	0.976061	1133	1.91726	9.37521	4.57329	0.901668
271	84.7099	32	-1.98886e+06	37.2647	0.967037	1131	1.92305	9.17684	4.57006	0.858542
272	86.6128	32	-1.98826e+06	37.3403	0.963569	1124	1.91617	9.14954	4.56909	1.05245
273	87.6672	32	-1.98915e+06	37.4895	0.963976	1132	1.92088	9.19055	4.571	0.978133
274	87.6066	32	-1.98918e+06	37.4018	0.960553	1164	1.91577	9.29714	4.57662	0.981393
275	88.638	31	-1.98834e+06	37.4328	0.964027	1151	1.91222	9.31735	4.56845	0.997757
276	87.8622	32	-1.98868e+06	37.5412	0.965428	1132	1.91504	9.36243	4.57334	0.973903
277	85.9964	31	-1.98888e+06	37.5207	0.964019	1142	1.91735	9.09105	4.56613	0.901713
278	88.7963	32	-1.9875e+06	37.634	0.963471	1158	1.91505	8.97531	4.56247	1.04512
279	86.8939	32	-1.98746e+06	37.5566	0.962413	1135	1.90425	9.15272	4.5661	0.93976
280	88.5779	32	-1.98785e+06	37.8458	0.958683	1154	1.91351	9.25038	4.56983	0.866284
281	89.8147	32	-1.98816e+06	37.7077	0.963471	1141	1.91264	9.123	4.56716	1.10574
282	86.9173	31	-1.98781e+06	37.7127	0.967639	1146	1.91334	9.35671	4.57182	1.1522
283	87.7574	32	-1.98818e+06	37.5185	0.960957	1141	1.91571	9.27957	4.57392	0.886231
284	86.914	32	-1.98819e+06	37.6951	0.958027	1131	1.91959	9.1632	4.56895	1.09585
285	88.4353	32	-1.98797e+06	37.5068	0.967058	1134	1.91217	9.00111	4.57068	1.09525
286	85.3522	30	-1.9884e+06	37.534	0.958104	1148	1.91367	9.08138	4.57554	0.935184
287	88.8492	31	-1.98837e+06	37.4621	0.962965	1151	1.91463	9.10283	4.57614	0.980201
288	87.2921	32	-1.98824e+06	37.4399	0.967459	1123	1.91741	9.15202	4.57028	0.990094
289	87.7284	32	-1.98826e+06	37.3319	0.968654	1121	1.91487	9.16757	4.57404	0.942758
290	86.0612	33	-1.9868e+06	37.4562	0.965967	1127	1.90302	9.12036	4.57604	0.833064
291	87.7669	32	-1.98853e+06	37.4346	0.957727	1126	1.9171	9.08103	4.57218	0.977756
292	87.5431	32	-1.98796e+06	37.8239	0.965142	1127	1.91566	9.40198	4.5721	1.03492
293	87.1421	32	-1.989e+06	37.6834	0.961615	1130	1.92135	9.18668	4.56662	1.12365
294	88.8766	32	-1.98815e+06	37.448	0.964167	1172	1.91313	9.20159	4.57125	0.984762
295	89.2907	31	-1.9882e+06	37.205	0.977202	1145	1.91313	8.98879	4.58165	1.04953
296	87.7738	31	-1.98826e+06	37.0677	0.976145	1157	1.9131	9.13036	4.57717	1.07039
297	88.6559	31	-1.98801e+06	37.2797	0.976266	1140	1.91013	9.13048	4.5827	1.00574
298	88.5162	32	-1.98807e+06	37.1672	0.973143	1141	1.90678	8.96005	4.58509	1.02043
299	85.524	31	-1.98843e+06	37.0388	0.975314	1132	1.90926	9.10008	4.57619	0.944409
300	86.1809	33	-1.98907e+06	37.3084	0.970498	1105	1.90989	8.94052	4.57289	1.07724
301	84.7951	32	-1.98801e+06	37.2966	0.969651	1076	1.90799	9.02922	4.5762	1.04813
302	85.8593	33	-1.98897e+06	37.3473	0.969901	1074	1.90904	8.96559	4.57445	1.01719
303	85.7503	33	-1.98917e+06	37.2878	0.972005	1087	1.91497	9.08822	4.57884	1.1965
304	86.2208	33	-1.98799e+06	37.1932	0.971101	1076	1.91082	8.92936	4.56893	1.01083
305	85.8895	33	-1.98881e+06	37.456	0.969939	1101	1.91021	9.05713	4.57391	0.945869
306	85.9054	33	-1.9883e+06	37.3968	0.963195	1107	1.91382	8.992	4.57415	1.05924
307	84.9465	32	-1.9889e+06	37.4377	0.97825	1068	1.91172	9.17516	4.57716	0.917771
308	85.0319	33	-1.98914e+06	37.3906	0.967709	1076	1.91777	8.99562	4.57273	1.04603
309	85.7792	33	-1.98878e+06	37.3349	0.972911	1061	1.91194	8.99801	4.57089	1.11623
310	83.6494	33	-1.98911e+06	37.4683	0.968738	1030	1.91274	9.21713	4.57237	1.09358
311	86.3512	33	-1.98855e+06	37.4833	0.974621	1068	1.90662	9.13765	4.58059	1.04125
312	85.8018	32	-1.98813e+06	37.3083	0.96801	1067	1.90487	9.06114	4.57663	1.08931
313	85.8476	32	-1.98788e+06	37.0867	0.975088	1107	1.91013	9.12538	4.57176	0.887929
314	86.0161	33	-1.98797e+06	37.1736	0.970008	1123	1.91045	9.27766	4.57431	0.973014
315	87.1727	33	-1.98797e+06	37.4145	0.964922	1127	1.91146	8.93315	4.5644	1.05755
316	85.5031	33	-1.98923e+06	37.3204	0.954907	1077	1.92061	9.10825	4.57065	0.924069
317	85.779	33	-1.98847e+06	37.3151	0.959551	1105	1.90985	9.09247	4.56842	1.01036
318	85.8506	33	-1.98895e+06	37.3117	0.967697	1139	1.91378	9.21432	4.56757	1.02829
319	85.1276	32	-1.98886e+06	37.4047	0.957612	1113	1.9178	9.05387	4.57156	1.03765
320	86.2704	33	-1.98902e+06	37.1887	0.954586	1102	1.91906	8.94431	4.57307	1.05612
321	85.1085	33	-1.98869e+06	37.2161	0.947051	1106	1.9199	9.02309	4.57723	1.02139
322	85.2854	33	-1.98931e+06	37.3013	0.959339	1111	1.91664	9.37058	4.57612	1.0746
323	87.123	33	-1.98855e+06	37.0881	0.960012	1131	1.91062	9.16719	4.56914	0.842909
324	84.715	33	-1.98879e+06	37.048	0.965488	1094	1.91464	8.88125	4.56916	1.02509
325	84.3317	34	-1.98822e+06	37.0433	0.96851	1107	1.91584	9.11846	4.5757	1.00773
326	84.4845	31	-1.9887e+06	37.4238	0.969366	1121	1.91442	9.09101	4.57567	1.00651
327	87.3406	32	-1.9884e+06	37.5906	0.972492	1131	1.91333	9.12142	4.57667	0.931078
328	85.3706	33	-1.98938e+06	37.5167	0.957215	1106	1.92578	9.19005	4.56792	1.12028
329	85.6191	32	-1.98929e+06	37.5741	0.948276	1130	1.92379	9.1992	4.56852	1.03579
330	88.8715	32	-1.98968e+06	37.3812	0.952621	1140	1.919	9.18315	4.5715	1.04725
331	87.7553	31	-1.98983e+06	37.4991	0.942528	1150	1.92142	9.2101	4.5719	1.08657
332	86.9855	33	-1.98928e+06	37.1965	0.954362	1121	1.92116	9.2128	4.57314	0.9754
333	85.353	33	-1.98968e+06	37.264	0.960225	1101	1.92635	9.02022	4.57445	1.00422
334	84.722	33	-1.98845e+06	37.1621	0.953748	1091	1.91428	9.20318	4.57449	1.04323
335	84.1822	32	-1.98913e+06	37.2336	0.949042	1107	1.91791	9.26856	4.58094	0.923557
336	85.9755	32	-1.9896e+06	37.3827	0.947872	1104	1.91261	9.28	4.58175	0.916533
337	85.5134	33	-1.9886e+06	37.3392	0.952462	1125	1.91353	9.12646	4.57575	1.02859
338	85.178	32	-1.99e+06	37.3474	0.948957	1109	1.92624	9.12231	4.56837	1.00731
339	85.1762	33	-1.98987e+06	37.4534	0.948048	1103	1.91938	9.16902	4.57208	1.1384
340	84.408	32	-1.98932e+06	37.4919	0.949409	1124	1.91872	9.20499	4.578	1.00669
341	87.0557	32	-1.98958e+06	37.1413	0.937822	1123	1.91941	9.05959	4.57664	1.15701
342	87.8943	32	-1.9898e+06	37.3882	0.936405	1145	1.92241	8.89604	4.57697	1.04457
343	86.4207	33	-1.99015e+06	37.3612	0.942084	1102	1.9259	9.14976	4.57745	0.924748
344	85.0931	33	-1.98994e+06	37.3845	0.947822	1104	1.92601	9.08411	4.57394	0.903731
345	83.8296	32	-1.98888e+06	37.4192	0.949366	1106	1.91906	9.20918	4.57314	0.9276
346	83.6511	30	-1.98855e+06	37.3486	0.949882	1095	1.92072	9.04224	4.57209	0.92475
347	85.6576	33	-1.98939e+06	37.4376	0.944706	1109	1.91849	9.15976	4.56812	1.02185
348	87.3909	32	-1.98849e+06	37.5772	0.94031	1130	1.917	9.15435	4.56915	0.914356
349	89.3746	32	-1.98798e+06	37.4001	0.958748	1184	1.9141	9.21757	4.57363	0.939307
350	89.2111	31	-1.98835e+06	37.6937	0.953598	1125	1.91062	9.34569	4.57895	1.07401
351	88.3943	32	-1.98749e+06	37.6249	0.957267	1128	1.90163	9.08262	4.57603	1.07092
352	86.9261	32	-1.98739e+06	37.3889	0.96105	1122	1.90069	8.99142	4.57879	1.04807
353	86.1968	33	-1.98761e+06	37.1929	0.962475	1147	1.90322	8.91869	4.5772	0.990205
354	86.7808	33	-1.98779e+06	37.2573	0.971433	1118	1.90518	8.9994	4.58052	1.02444
355	85.551	33	-1.98714e+06	37.0827	0.975642	1112	1.9028	9.18035	4.58304	1.14269
356	85.5305	33	-1.98789e+06	37.4279	0.971158	1107	1.90462	9.24419	4.57821	0.996454
357	86.6785	33	-1.98837e+06	37.3362	0.975229	1109	1.9074	9.35739	4.57568	1.13042
358	86.8071	32	-1.98802e+06	37.3975	0.97333	1137	1.90559	9.25065	4.5766	0.954534
359	85.7636	32	-1.98856e+06	37.2602	0.976476	1120	1.90991	9.18145	4.57244	1.04555
360	84.8075	32	-1.9881e+06	37.1344	0.975576	1117	1.91001	9.26682	4.57751	1.11474
361	85.1607	33	-1.98858e+06	36.9978	0.9778	1102	1.91422	9.22362	4.57346	0.96385
362	85.989	33	-1.98829e+06	37.0243	0.970408	1119	1.91486	9.15787	4.57294	1.03671
363	87.3651	33	-1.98778e+06	37.0238	0.971556	1126	1.90799	9.08359	4.57614	1.03558
364	85.8926	32	-1.98824e+06	37.0145	0.965281	1120	1.91296	9.10035	4.57788	0.892707
365	86.9896	33	-1.98823e+06	37.022	0.964553	1129	1.91149	9.20196	4.57871	1.0334
366	85.862	32	-1.98829e+06	37.0907	0.961983	1127	1.91467	9.07958	4.57891	0.990503
367	87.4428	33	-1.98841e+06	37.1171	0.964125	1116	1.90798	9.18384	4.58299	0.872423
368	86.7508	33	-1.98867e+06	37.2498	0.964166	1112	1.91417	9.39416	4.5791	0.986047
369	87.4527	33	-1.98918e+06	37.2262	0.96835	1150	1.91131	9.25737	4.57928	1.00757
370	87.8153	32	-1.98864e+06	37.2281	0.965696	1137	1.91321	9.40751	4.57723	0.915933
371	88.8114	32	-1.98783e+06	37.035	0.97677	1146	1.91267	9.34648	4.56593	0.977295
372	87.9092	32	-1.98881e+06	37.1025	0.967817	1122	1.91545	9.29278	4.56905	1.08302
373	87.2685	33	-1.98914e+06	37.0967	0.964584	1100	1.91348	9.15349	4.57679	0.966365
374	85.096	32	-1.98866e+06	36.9515	0.964529	1137	1.91932	8.96108	4.57743	0.98479
375	88.3535	32	-1.98858e+06	36.8017	0.954467	1139	1.91858	9.38797	4.5734	0.886518
376	86.8704	32	-1.9887e+06	36.8688	0.959743	1120	1.91819	9.22641	4.57093	1.01292
377	85.7765	33	-1.98872e+06	36.8314	0.948068	1118	1.91716	9.25046	4.57131	1.02177
378	84.7065	33	-1.98866e+06	37.0329	0.945015	1108	1.91791	9.21934	4.57287	1.01031
379	84.5676	33	-1.98875e+06	37.0954	0.944026	1097	1.92197	9.10083	4.57195	1.01589
380	84.7686	32	-1.98954e+06	37.132	0.938127	1104	1.92452	9.30632	4.57116	1.02511
381	85.0523	33	-1.98846e+06	37.1697	0.938319	1106	1.92013	9.25807	4.57515	0.942921
382	85.5843	33	-1.98895e+06	37.2763	0.942366	1088	1.91941	9.10521	4.57776	1.00524
383	87.0286	32	-1.98748e+06	37.2947	0.9478	1130	1.91482	9.10788	4.57356	1.08915
384	86.9864	32	-1.98764e+06	37.3545	0.94519	1126	1.91127	9.05268	4.57607	1.09927
385	83.4859	31	-1.98817e+06	37.3933	0.948416	1102	1.91254	9.23125	4.58015	1.09239
386	86.674	32	-1.98828e+06	37.2698	0.95963	1098	1.91304	9.24716	4.58319	1.0541
387	87.7645	32	-1.98924e+06	36.8847	0.958783	1133	1.91664	9.59714	4.573	1.03213
388	87.6386	32	-1.98896e+06	37.1188	0.946055	1120	1.91759	9.39845	4.57732	1.05928
389	88.1157	32	-1.98882e+06	37.1229	0.951857	1158	1.91867	9.44408	4.57852	1.00445
390	89.7	31	-1.98814e+06	37.1456	0.96324	1127	1.91544	9.09672	4.57394	0.950065
391	87.7873	33	-1.98846e+06	37.0647	0.952711	1122	1.91811	9.32329	4.57699	1.00638
392	86.889	32	-1.98828e+06	36.991	0.959171	1136	1.91182	9.13388	4.57187	0.933067
393	86.791	31	-1.98861e+06	37.3808	0.960321	1154	1.91683	9.13497	4.56663	0.907816
394	88.3708	32	-1.98861e+06	37.1822	0.961747	1140	1.91301	8.93193	4.56434	0.968201
395	86.4876	32	-1.98945e+06	37.1978	0.963394	1123	1.9234	9.17821	4.56491	0.916043
396	87.5088	31	-1.98881e+06	37.223	0.96257	1127	1.91677	9.21359	4.56778	0.990638
397	84.3382	31	-1.98909e+06	37.1867	0.971252	1089	1.91849	9.11838	4.56993	1.03783
398	84.7172	33	-1.98825e+06	37.3698	0.966042	1115	1.91203	9.09575	4.56659	0.85902
399	86.0454	33	-1.98772e+06	37.3219	0.974037	1144	1.91568	9.41164	4.57385	0.975103
400	88.2583	32	-1.98778e+06	37.2528	0.974398	1163	1.91066	9.35487	4.57923	0.977747
401	88.9008	32	-1.988e+06	37.3931	0.977318	1138	1.90724	9.3363	4.5786	0.985008
402	87.5014	33	-1.9879e+06	37.1963	0.977237	1135	1.90726	9.19854	4.58809	1.06954
403	89.1093	32	-1.98765e+06	36.8941	0.96756	1164	1.91053	9.2563	4.58441	0.965925
404	89.0436	31	-1.98793e+06	37.0697	0.970353	1142	1.90765	9.01685	4.57845	0.841167
405	90.2151	32	-1.98833e+06	37.2275	0.966478	1174	1.91409	9.3043	4.57869	0.958929
406	88.5521	32	-1.98899e+06	37.0337	0.968291	1126	1.91419	9.2657	4.57959	0.982445
407	87.3231	32	-1.98823e+06	36.7931	0.962423	1151	1.91608	9.40133	4.57292	0.983719
408	88.0137	32	-1.98862e+06	37.0185	0.967536	1151	1.91441	9.11402	4.57442	0.962011
409	88.9692	32	-1.98872e+06	37.1002	0.958826	1141	1.90941	9.15516	4.57549	0.872717
410	89.218	31	-1.98853e+06	37.4312	0.96117	1160	1.91476	9.13006	4.57318	0.9194
411	89.8838	32	-1.98776e+06	37.4974	0.965128	1166	1.91362	9.23786	4.56782	0.922816
412	89.5446	31	-1.98845e+06	37.4459	0.968488	1170	1.91331	9.23487	4.57631	1.02229
413	88.2236	32	-1.98864e+06	37.1308	0.963766	1133	1.91678	9.38742	4.57254	1.15889
414	87.3847	30	-1.98875e+06	37.3592	0.969025	1169	1.91615	9.21289	4.57191	1.01375
415	89.6395	30	-1.98879e+06	37.2993	0.966753	1178	1.9167	9.03296	4.56563	0.93309
416	90.0833	32	-1.98847e+06	37.2335	0.964753	1154	1.91419	8.97252	4.57881	1.03334
417	89.0426	32	-1.98852e+06	36.9522	0.970067	1131	1.91476	9.45382	4.57129	0.90895
418	88.2657	33	-1.98809e+06	36.9435	0.978333	1119	1.91549	9.37352	4.56984	1.10136
419	87.3641	32	-1.98869e+06	36.9049	0.975267	1154	1.92309	9.42342	4.56524	0.922345
420	89.2549	32	-1.98825e+06	36.8332	0.972231	1167	1.91331	9.40145	4.57082	1.10543
421	90.0162	32	-1.98862e+06	36.8621	0.976689	1139	1.91769	9.41089	4.57601	0.944392
422	88.1686	32	-1.98774e+06	36.9448	0.962213	1143	1.91369	9.4466	4.57416	1.10734
423	88.9525	31	-1.98756e+06	36.7435	0.966105	1162	1.91125	9.09829	4.57148	0.931749
424	88.7789	32	-1.98813e+06	37.026	0.958021	1131	1.91728	9.08094	4.57075	1.07426
425	87.6072	33	-1.98853e+06	36.9963	0.952927	1140	1.91663	8.98689	4.56996	1.1681
426	86.7264	31	-1.98839e+06	36.9564	0.955058	1144	1.91487	9.08253	4.57607	1.02971
427	86.968	32	-1.98771e+06	36.8396	0.954246	1159	1.9147	9.06267	4.57568	0.925472
428	88.0101	32	-1.98799e+06	36.9394	0.956362	1128	1.91553	9.03881	4.57765	0.905009
429	86.4115	32	-1.98812e+06	37.0689	0.95758	1141	1.91251	9.06558	4.57987	0.952486
430	87.1766	32	-1.98814e+06	37.1409	0.954043	1103	1.91307	9.18869	4.57224	1.09907
431	85.4557	31	-1.98794e+06	37.1855	0.959145	1153	1.9135	9.20243	4.5725	1.01962
432	87.4758	32	-1.98849e+06	37.2658	0.95989	1134	1.91612	9.13815	4.56792	0.959607
433	89.8412	32	-1.98769e+06	37.3887	0.962102	1151	1.90986	9.0721	4.57044	1.03806
434	91.3336	31	-1.98816e+06	37.4431	0.960059	1166	1.91485	9.18245	4.57161	1.02378
435	87.7212	32	-1.98867e+06	37.1835	0.9561	1112	1.9175	9.13848	4.56435	0.963445
436	86.1656	32	-1.98883e+06	37.6821	0.953831	1129	1.91571	9.08035	4.57467	0.89233
437	86.9224	33	-1.98856e+06	37.6776	0.965418	1094	1.91286	9.18422	4.56313	1.03103
438	85.8261	33	-1.98782e+06	37.4661	0.975126	1077	1.90875	9.15993	4.56485	0.899705
439	83.8554	33	-1.98825e+06	37.4927	0.963922	1098	1.91082	9.19197	4.56125	0.968025
440	84.1445	32	-1.98822e+06	37.6143	0.964356	1089	1.91317	9.28183	4.56491	0.982967
441	83.8909	32	-1.9884e+06	37.4445	0.97647	1055	1.90745	9.27979	4.56379	0.908357
442	84.5745	32	-1.98853e+06	37.4471	0.970796	1125	1.91626	9.12402	4.56238	0.99862
443	84.7488	32	-1.98823e+06	37.4631	0.969421	1114	1.91547	9.15722	4.56066	1.03579
444	85.5528	32	-1.98852e+06	37.5387	0.970599	1083	1.91536	9.07941	4.56156	0.9508
445	85.9279	33	-1.98846e+06	37.5095	0.963048	1097	1.9168	9.05834	4.56531	1.11844
446	85.0112	32	-1.98823e+06	37.6415	0.963046	1104	1.91411	9.32245	4.56763	1.04705
447	86.6054	33	-1.98892e+06	37.3453	0.963033	1115	1.91537	9.15936	4.57057	0.924801
448	85.2325	32	-1.98949e+06	37.2227	0.964666	1079	1.91618	9.23178	4.57392	1.03225
449	85.2826	33	-1.98855e+06	37.2198	0.969863	1103	1.91703	9.19144	4.57306	1.08067
450	86.232	33	-1.98849e+06	37.0792	0.96688	1075	1.91303	9.16934	4.57775	1.04043
451	84.4666	32	-1.98839e+06	37.1513	0.967872	1085	1.90658	8.98149	4.58127	1.0771
452	86.5677	32	-1.98905e+06	37.3704	0.961848	1106	1.91596	9.10839	4.57323	1.02415
453	85.9082	33	-1.98928e+06	37.4016	0.955378	1084	1.91552	9.14665	4.57667	0.921133
454	86.6966	33	-1.98847e+06	37.3583	0.964516	1086	1.91446	8.92407	4.58128	0.950117
455	86.1339	33	-1.98823e+06	37.4744	0.95845	1084	1.90828	9.08698	4.5754	1.0166
456	85.7483	33	-1.98852e+06	37.4232	0.952166	1066	1.91662	8.91928	4.57459	0.979915
457	84.3398	32	-1.98857e+06	37.5551	0.953793	1080	1.91424	9.22138	4.56561	1.01088
458	85.8542	32	-1.98798e+06	37.1906	0.959984	1070	1.90786	9.3085	4.56444	1.02097
459	85.0964	33	-1.98811e+06	37.1135	0.970688	1086	1.91103	9.18333	4.56701	0.878198
460	85.4347	32	-1.98869e+06	37.152	0.968095	1078	1.91163	9.20254	4.56835	1.05248
461	85.8138	33	-1.98876e+06	37.3043	0.960587	1093	1.91937	9.30141	4.57309	1.08873
462	86.0277	33	-1.98877e+06	37.6812	0.953418	1112	1.91725	9.41106	4.56923	0.916966
463	85.5101	33	-1.98949e+06	37.3564	0.944935	1101	1.91856	9.24283	4.56949	0.897049
464	86.1621	32	-1.9891e+06	37.4555	0.943782	1128	1.91694	9.31139	4.57323	1.03705
465	87.4065	31	-1.99019e+06	37.365	0.944384	1144	1.92583	9.20332	4.56671	1.01395
466	89.9928	31	-1.98956e+06	37.096	0.949072	1154	1.92448	9.09259	4.57087	1.06529
467	88.2143	32	-1.99006e+06	37.2054	0.950902	1115	1.92134	9.12337	4.57389	0.967467
468	85.834	33	-1.98876e+06	37.0896	0.955433	1130	1.92028	9.17111	4.57246	1.00379
469	85.0642	33	-1.98893e+06	37.0731	0.9546	1114	1.92134	9.45903	4.57013	1.08075
470	85.09	34	-1.98858e+06	37.028	0.951081	1100	1.91796	9.27273	4.57745	0.978701
471	84.9621	33	-1.98872e+06	37.1098	0.957497	1090	1.91394	9.2751	4.58264	1.06577
472	85.7689	33	-1.98887e+06	37.2145	0.957586	1107	1.91299	9.41143	4.58485	0.961775
473	86.2784	32	-1.98934e+06	37.3505	0.948972	1129	1.91818	9.33858	4.58202	1.01415
474	86.5869	33	-1.98916e+06	37.4993	0.947238	1113	1.92002	9.51155	4.57757	1.0753
475	85.5688	33	-1.98942e+06	37.1422	0.950271	1076	1.92272	9.28502	4.57706	0.977884
476	86.0741	33	-1.99001e+06	37.1354	0.951888	1110	1.92632	9.21168	4.57224	1.00061
477	86.7446	33	-1.98886e+06	36.9967	0.955238	1131	1.92642	9.29047	4.57065	0.981967
478	86.0226	33	-1.98836e+06	37.2925	0.956802	1088	1.92216	9.18347	4.57625	0.985096
479	83.7959	33	-1.98892e+06	37.2614	0.958102	1099	1.92358	9.41037	4.57839	1.04892
480	86.8423	33	-1.98892e+06	37.0164	0.958468	1131	1.92018	9.2039	4.5835	1.07396
481	87.7993	33	-1.98922e+06	37.192	0.952978	1129	1.92273	9.20392	4.57377	0.90812
482	85.8046	33	-1.98954e+06	37.2384	0.951568	1109	1.92078	9.31941	4.56973	0.84793
483	85.5673	34	-1.98913e+06	37.112	0.949692	1140	1.92115	9.41606	4.57785	1.01389
484	85.3439	34	-1.98853e+06	37.2131	0.950931	1112	1.91891	9.29308	4.57334	1.04962
485	86.0421	33	-1.98863e+06	37.2528	0.958506	1104	1.91332	9.26388	4.57384	1.03968
486	85.4304	32	-1.98859e+06	37.2517	0.96325	1119	1.91941	8.9948	4.57105	0.868576
487	85.3761	33	-1.98792e+06	37.1846	0.961693	1106	1.9115	9.1722	4.57363	1.05884
488	86.8196	33	-1.98804e+06	37.2393	0.959652	1081	1.91432	9.19566	4.57399	0.943351
489	86.1237	33	-1.98959e+06	37.3513	0.949955	1068	1.9212	9.23475	4.5701	1.02234
490	85.4704	33	-1.9893e+06	37.4889	0.947883	1086	1.91406	9.15259	4.57608	1.10775
491	84.2321	32	-1.98939e+06	37.6518	0.944537	1073	1.91369	9.18726	4.56938	1.09799
492	85.7719	33	-1.98932e+06	37.349	0.942172	1081	1.91601	9.17197	4.57742	1.07867
493	86.0364	33	-1.98974e+06	37.2667	0.947713	1081	1.92685	9.04339	4.5756	0.944908
494	85.1527	33	-1.98944e+06	37.072	0.960305	1047	1.92353	9.05135	4.57408	0.936477
495	84.742	33	-1.98864e+06	36.8197	0.964964	1036	1.91943	8.9991	4.57699	1.04129
496	84.4717	34	-1.98969e+06	37.0483	0.949568	1060	1.92475	9.24921	4.58306	1.12038
497	85.9911	33	-1.98969e+06	36.8254	0.953021	1070	1.92358	9.16578	4.58285	1.00103
498	85.6668	33	-1.98925e+06	36.8227	0.958192	1076	1.91987	9.26926	4.57579	0.971711
499	85.3757	33	-1.98909e+06	36.8125	0.953593	1068	1.92307	9.09614	4.57443	0.933478
500	86.2542	33	-1.9886e+06	36.9375	0.956601	1081	1.91872	9.25049	4.57314	1.0647
501	85.1262	32	-1.9894e+06	37.0991	0.952345	1069	1.92209	9.16543	4.57338	0.969793
502	86.9243	33	-1.99069e+06	36.7567	0.949312	1057	1.92949	9.45768	4.57684	1.08968
503	86.9175	33	-1.99034e+06	37.0704	0.947461	1077	1.92982	9.31493	4.57278	0.883403
504	87.0605	33	-1.99106e+06	37.1027	0.936382	1060	1.92834	9.26759	4.56937	1.0188
505	84.6113	32	-1.99003e+06	37.2213	0.941035	1061	1.92042	9.17815	4.57126	0.967357
506	85.1159	33	-1.99079e+06	37.3537	0.937094	1064	1.92925	9.19197	4.56737	0.967052
507	86.0413	33	-1.99003e+06	37.3236	0.935389	1073	1.92629	9.04393	4.56864	1.03948
508	86.3462	33	-1.98975e+06	37.4192	0.936217	1105	1.92639	9.23457	4.5682	0.969569
509	84.6384	33	-1.98986e+06	37.4684	0.945623	1107	1.92686	9.21584	4.56621	1.10789
510	84.6646	33	-1.98914e+06	37.6018	0.944544	1102	1.92309	9.25924	4.56964	0.994442
511	85.253	34	-1.98969e+06	37.6621	0.948118	1094	1.92499	9.28455	4.56287	1.0503
512	85.4032	33	-1.98915e+06	37.5048	0.948249	1059	1.92275	9.0646	4.56414	1.02121
513	86.0806	33	-1.98904e+06	37.7586	0.947392	1055	1.9187	9.07199	4.56768	0.949553
514	83.6205	32	-1.98939e+06	37.7334	0.943729	1059	1.91834	9.19394	4.57053	1.05073
515	85.9413	34	-1.98942e+06	37.5738	0.94277	1102	1.91988	9.30412	4.56394	0.923569
516	85.0354	32	-1.98886e+06	37.3813	0.95063	1101	1.91764	9.32911	4.57059	1.01589
517	86.5792	33	-1.98866e+06	37.2967	0.95312	1090	1.91738	9.34318	4.56992	0.961572
518	83.8437	32	-1.98835e+06	37.4225	0.950863	1079	1.9196	9.22379	4.57105	0.899901
519	85.3415	33	-1.9889e+06	37.5489	0.953004	1068	1.92216	9.32417	4.56971	1.09585
520	85.0988	33	-1.98946e+06	37.5723	0.949797	1098	1.92694	9.31095	4.56646	1.01589
521	85.1369	33	-1.9885e+06	37.1196	0.955783	1120	1.92129	9.1981	4.56506	1.01861
522	86.9108	32	-1.9893e+06	37.3336	0.956216	1138	1.92555	9.33004	4.56312	1.06488
523	87.1563	32	-1.98939e+06	37.1975	0.946284	1110	1.9245	9.32826	4.56387	0.913575
524	85.6061	32	-1.98951e+06	37.3827	0.9457	1056	1.92365	9.16186	4.56625	0.978742
525	84.1248	33	-1.98952e+06	37.2005	0.945292	1062	1.92769	9.22386	4.56684	0.93322
526	85.6963	33	-1.98998e+06	37.2419	0.950024	1089	1.92719	9.18679	4.56724	1.06291
527	86.4175	33	-1.99e+06	37.1874	0.952002	1093	1.92367	9.22419	4.57343	1.05092
528	86.1053	33	-1.98764e+06	37.1378	0.948046	1102	1.91243	9.15194	4.57501	0.903656
529	84.836	33	-1.98896e+06	37.5686	0.951494	1089	1.92122	9.15817	4.57306	1.05562
530	85.7725	33	-1.98845e+06	37.5855	0.945373	1096	1.91661	9.22246	4.58074	1.00405
531	84.4694	33	-1.98926e+06	37.7009	0.946886	1086	1.91982	9.34254	4.57839	0.992228
532	86.8839	33	-1.98867e+06	37.9622	0.938044	1074	1.91622	9.38162	4.58303	0.921114
533	86.2562	33	-1.98855e+06	37.4517	0.94348	1110	1.91978	9.26582	4.58147	0.919642
534	85.9754	33	-1.98809e+06	37.2983	0.947547	1100	1.92074	9.32512	4.58011	0.992319
535	83.7347	31	-1.9885e+06	37.6615	0.945642	1113	1.92446	9.38395	4.58027	1.0524
536	85.1399	33	-1.98933e+06	37.353	0.938206	1074	1.92292	9.14313	4.58121	0.97752
537	85.9193	33	-1.98929e+06	37.5466	0.943969	1082	1.92715	9.45018	4.58078	1.00186
538	85.0727	33	-1.98818e+06	37.3281	0.94819	1087	1.92231	9.41357	4.57981	1.00476
539	86.4325	33	-1.9891e+06	37.6837	0.936472	1127	1.92517	9.24302	4.58081	1.03037
540	85.1356	33	-1.98914e+06	37.6803	0.936636	1089	1.92375	9.43717	4.5786	0.986163
541	85.2412	33	-1.9898e+06	37.5804	0.930473	1103	1.9286	9.41054	4.57054	0.85365
542	85.5188	33	-1.98912e+06	37.6452	0.930216	1093	1.92171	9.27354	4.57399	1.03783
543	85.3863	32	-1.98934e+06	37.6398	0.92424	1114	1.92284	9.21681	4.57116	1.08206
544	84.9173	32	-1.98925e+06	37.3947	0.926555	1122	1.91927	9.18551	4.56921	0.966352
545	85.7712	33	-1.98956e+06	37.6267	0.919386	1120	1.92494	9.25328	4.56909	0.98941
546	85.176	32	-1.98816e+06	37.851	0.931894	1108	1.91858	9.20623	4.57251	1.10312
547	84.7896	33	-1.98791e+06	37.9442	0.934569	1090	1.91794	9.30174	4.57147	1.02286
548	84.9292	33	-1.98891e+06	37.8815	0.934695	1108	1.92153	9.30368	4.57077	0.982924
549	85.5782	33	-1.98807e+06	37.8864	0.935338	1081	1.92117	9.19457	4.57437	0.960905
550	84.3173	32	-1.98881e+06	37.619	0.933596	1070	1.91669	9.33499	4.56466	0.953086
551	84.9445	33	-1.99008e+06	37.408	0.940401	1066	1.92329	9.40869	4.56426	0.93201
552	83.8355	32	-1.98959e+06	37.3821	0.941611	1062	1.92709	9.34702	4.57306	1.0007
553	85.9797	33	-1.99039e+06	37.556	0.944275	1097	1.93217	9.4017	4.57092	1.0647
554	84.6044	32	-1.9895e+06	37.3956	0.945324	1085	1.92391	9.40737	4.57017	0.882871
555	85.0444	33	-1.98839e+06	37.2284	0.958331	1121	1.91734	9.32408	4.5751	1.05929
556	84.5284	31	-1.98841e+06	37.3301	0.961586	1119	1.91758	9.22249	4.57335	1.03868
557	85.6795	33	-1.98882e+06	37.1573	0.966128	1110	1.91447	9.17362	4.57281	1.02728
558	86.2009	33	-1.98863e+06	37.0961	0.961917	1116	1.9204	9.30448	4.57686	1.10288
559	86.0033	33	-1.98841e+06	37.2996	0.954408	1121	1.9156	9.19566	4.5764	0.882426
560	85.591	33	-1.98931e+06	37.3308	0.951069	1090	1.91991	9.59604	4.57505	1.02536
561	86.3327	32	-1.98916e+06	37.5381	0.956747	1133	1.9181	9.29773	4.57508	1.06937
562	87.8162	32	-1.98893e+06	37.5761	0.953814	1104	1.9208	9.27313	4.57541	1.05881
563	86.3139	33	-1.98898e+06	37.5059	0.952675	1144	1.91411	9.40729	4.57493	1.06811
564	86.0032	32	-1.98941e+06	37.5895	0.955473	1100	1.92314	9.23984	4.5774	1.00187
565	83.5203	33	-1.98918e+06	37.4795	0.96091	1104	1.9187	9.38043	4.57045	0.877936
566	84.2438	33	-1.98904e+06	37.5692	0.959725	1097	1.91931	9.27119	4.57967	0.94581
567	86.4298	33	-1.98981e+06	37.4569	0.948089	1087	1.92276	9.4099	4.57042	0.976969
568	85.5473	33	-1.9893e+06	37.7378	0.946956	1077	1.9202	9.30856	4.57435	1.02823
569	84.2212	32	-1.98883e+06	37.7128	0.944565	1095	1.91738	9.25475	4.56792	1.10995
570	84.0359	32	-1.98824e+06	37.6819	0.945011	1072	1.91483	9.07624	4.56675	0.960241
571	85.5096	32	-1.9883e+06	37.6714	0.946009	1085	1.9186	9.32446	4.56558	1.0509
572	86.1708	33	-1.9887e+06	37.7813	0.946811	1053	1.9219	9.48097	4.56538	1.07661
573	85.5598	33	-1.98896e+06	37.7403	0.946079	1109	1.92482	9.33493	4.56653	0.90879
574	83.5609	33	-1.9889e+06	37.5503	0.945081	1116	1.92468	9.31538	4.56538	0.895874
575	85.2422	33	-1.98913e+06	37.651	0.938896	1111	1.92584	9.38261	4.56699	0.973919
576	85.6342	33	-1.98869e+06	37.6865	0.930844	1075	1.92024	9.35599	4.56946	0.919152
577	84.2247	33	-1.98982e+06	37.7867	0.931388	1100	1.92103	9.48438	4.56571	1.04319
578	85.0818	33	-1.99001e+06	37.7275	0.931864	1112	1.93082	9.30418	4.5652	0.980607
579	86.9249	32	-1.98856e+06	37.7174	0.932838	1155	1.92437	9.61298	4.56834	1.04806
580	90.8667	31	-1.98852e+06	37.509	0.943763	1170	1.92213	9.39554	4.56004	1.15126
581	88.7925	32	-1.98871e+06	37.4909	0.947403	1139	1.92092	9.44713	4.56937	1.00779
582	85.6103	32	-1.98819e+06	37.8044	0.951609	1140	1.91787	9.35038	4.56683	1.03511
583	85.9269	33	-1.98919e+06	37.6421	0.95651	1105	1.92173	9.26942	4.56386	0.984372
584	85.4821	33	-1.98851e+06	37.7245	0.952942	1082	1.91769	9.37271	4.56397	0.961525
585	84.9996	33	-1.98849e+06	37.5859	0.95279	1094	1.9137	9.46924	4.56609	1.10714
586	85.6933	33	-1.98882e+06	37.7942	0.950479	1128	1.92211	9.29237	4.5697	1.17008
587	85.1355	33	-1.98911e+06	37.5057	0.944824	1090	1.92213	9.30867	4.56473	0.905299
588	84.1739	33	-1.98862e+06	37.6631	0.943769	1111	1.92385	9.4467	4.56246	0.958188
589	84.882	33	-1.98849e+06	37.7737	0.945574	1114	1.91522	9.30118	4.55759	1.019
590	86.3095	32	-1.98824e+06	37.8359	0.95048	1132	1.91636	9.45946	4.56348	1.09195
591	87.5446	32	-1.98758e+06	38.0268	0.953929	1127	1.91586	9.45305	4.5681	1.07771
592	86.2924	32	-1.98767e+06	37.858	0.948888	1144	1.91391	9.29031	4.56694	1.0374
593	85.8909	33	-1.98812e+06	37.7934	0.954966	1127	1.91716	9.47316	4.56768	1.05107
594	86.6133	33	-1.98849e+06	37.7407	0.958523	1139	1.92037	9.24513	4.56277	0.962362
595	87.9029	32	-1.98823e+06	37.6086	0.947819	1134	1.91853	9.5395	4.57176	1.10175
596	86.6005	32	-1.9881e+06	37.5664	0.954073	1151	1.91587	9.44685	4.56405	0.907551
597	85.3718	33	-1.98937e+06	37.6384	0.952551	1124	1.92348	9.5161	4.56277	1.12658
598	85.0418	33	-1.98917e+06	37.5908	0.951868	1109	1.9239	9.45313	4.55514	1.04931
599	86.7282	33	-1.98935e+06	37.3442	0.943609	1141	1.92403	9.47951	4.55682	0.871436
600	87.1012	32	-1.98856e+06	37.2744	0.960284	1118	1.92448	9.10342	4.56258	1.09998
601	87.0111	33	-1.98878e+06	37.2837	0.958009	1128	1.9229	9.32043	4.56499	1.12936
602	86.9269	33	-1.98802e+06	37.4772	0.965261	1131	1.91719	9.14017	4.57638	1.0501
603	87.3934	32	-1.98767e+06	37.5211	0.963615	1133	1.91277	9.22638	4.57376	1.02913
604	88.3614	33	-1.98819e+06	37.6573	0.957874	1146	1.91601	9.12948	4.56921	0.863088
605	87.3989	30	-1.98784e+06	37.5687	0.957384	1156	1.91308	9.47257	4.5747	0.974307
606	86.3456	32	-1.98822e+06	37.3989	0.95107	1167	1.91351	9.15937	4.57274	1.00224
607	86.5779	33	-1.9889e+06	37.7906	0.946774	1124	1.91898	9.31264	4.56795	0.978473
608	86.393	33	-1.98887e+06	37.5752	0.943283	1127	1.91936	9.27689	4.56888	1.0486
609	86.3906	33	-1.98809e+06	37.6614	0.946876	1132	1.91589	9.32707	4.57058	1.10408
610	86.2889	33	-1.98828e+06	37.8913	0.944009	1134	1.91719	9.34794	4.5659	1.12731
611	87.1472	32	-1.98804e+06	37.7932	0.944759	1137	1.91966	9.29851	4.56967	1.07627
612	86.1459	32	-1.98779e+06	37.6774	0.941255	1122	1.91097	9.20269	4.57453	0.985104
613	86.7978	33	-1.9885e+06	37.6488	0.940533	1147	1.91456	9.13577	4.57518	0.995245
614	86.4544	32	-1.98897e+06	37.7401	0.935865	1131	1.92039	8.94015	4.57441	1.1236
615	88.6136	32	-1.98808e+06	37.8594	0.938015	1146	1.91653	9.14086	4.5769	1.08125
616	88.2784	32	-1.98822e+06	37.6971	0.941406	1124	1.9187	9.13898	4.57457	1.06835
617	86.8396	33	-1.98956e+06	37.5234	0.94194	1125	1.92768	9.36029	4.57193	1.02475
618	86.5531	33	-1.98937e+06	37.1923	0.944673	1132	1.92292	9.25145	4.57654	1.01267
619	86.965	33	-1.98821e+06	37.2046	0.94971	1153	1.91275	9.25281	4.57921	1.10165
620	87.6657	32	-1.98781e+06	37.168	0.953393	1173	1.91226	9.09903	4.58034	0.860219
621	89.0971	32	-1.9878e+06	37.385	0.945381	1139	1.91464	9.07555	4.57459	0.937401
622	87.517	33	-1.98851e+06	37.4248	0.952396	1128	1.9173	9.02907	4.56917	0.929729
623	86.4228	33	-1.98898e+06	37.4443	0.945087	1142	1.91878	9.042	4.57432	0.887761
624	84.6237	33	-1.98888e+06	37.3594	0.949736	1111	1.92173	9.04877	4.57591	1.06947
625	85.4546	33	-1.98849e+06	37.4697	0.95187	1140	1.91532	9.02777	4.57768	1.12579
626	87.3745	33	-1.98928e+06	37.7465	0.957134	1158	1.91554	9.19702	4.57901	1.02869
627	88.6187	31	-1.98839e+06	37.5097	0.958578	1132	1.9116	9.27058	4.58237	1.01051
628	86.8409	31	-1.98776e+06	37.1631	0.964974	1115	1.90808	9.10179	4.57857	0.967722
629	87.6126	33	-1.98874e+06	37.1876	0.969194	1143	1.91132	9.19221	4.57728	0.864002
630	87.7322	32	-1.98776e+06	36.9256	0.965548	1125	1.91151	9.23257	4.57427	1.06532
631	88.0167	33	-1.98866e+06	37.0735	0.96346	1143	1.91754	9.19492	4.571	0.961249
632	89.0146	31	-1.9878e+06	37.2564	0.963598	1199	1.91659	9.27803	4.57417	0.843568
633	90.8384	31	-1.98831e+06	37.617	0.951455	1165	1.91673	9.08771	4.56913	0.928798
634	88.9187	32	-1.98832e+06	37.4404	0.9497	1149	1.91812	9.16989	4.57537	0.95657
635	88.583	32	-1.98801e+06	37.6643	0.950075	1147	1.92028	9.35586	4.57129	1.01391
636	86.5964	33	-1.98879e+06	37.654	0.948469	1121	1.92025	9.35842	4.56622	0.920601
637	85.7317	33	-1.98844e+06	37.6157	0.952219	1085	1.91771	9.45278	4.57079	0.922569
638	85.9203	33	-1.98889e+06	37.7198	0.943598	1094	1.91866	9.28094	4.57444	0.88776
639	88.1267	33	-1.98792e+06	37.815	0.942007	1166	1.91063	9.26697	4.57473	0.95424
640	89.6967	32	-1.98907e+06	37.6723	0.936452	1139	1.91414	9.40646	4.5748	0.990648
641	87.6378	31	-1.98907e+06	37.5843	0.936921	1126	1.92068	9.11066	4.57104	1.04848
642	87.8767	32	-1.98893e+06	37.4582	0.939615	1131	1.92556	9.55487	4.56999	0.983063
643	89.0361	32	-1.98916e+06	37.1931	0.944935	1167	1.92025	9.34673	4.57532	1.10757
644	88.1703	32	-1.98863e+06	37.1364	0.952474	1125	1.92149	9.31207	4.57065	0.932071
645	87.1966	32	-1.98857e+06	37.441	0.94748	1153	1.91895	9.34169	4.57453	1.13143
646	87.7962	33	-1.98831e+06	37.4038	0.94688	1147	1.91802	9.27161	4.57287	0.872087
647	88.2961	33	-1.9887e+06	37.5123	0.944635	1152	1.92106	9.30798	4.56424	1.17874
648	85.3837	31	-1.98857e+06	37.4955	0.93867	1131	1.91557	9.27363	4.57107	0.9242
649	85.5239	33	-1.98859e+06	37.3724	0.942022	1130	1.91829	9.29052	4.56711	0.957953
650	86.6596	33	-1.98821e+06	37.3168	0.948005	1104	1.91586	9.19465	4.57855	0.959122
651	85.1546	34	-1.98804e+06	37.5124	0.950845	1091	1.91529	9.22106	4.57647	0.94481
652	85.5616	33	-1.98743e+06	37.3987	0.948781	1123	1.91317	9.26564	4.57481	1.03045
653	87.806	33	-1.98798e+06	37.2313	0.952124	1157	1.91253	9.40348	4.5757	0.939725
654	89.3704	32	-1.98824e+06	37.3515	0.949497	1124	1.91186	9.32457	4.57428	1.0234
655	88.3262	33	-1.98887e+06	37.4599	0.951907	1131	1.92195	9.26931	4.56814	0.987072
656	87.901	33	-1.98785e+06	37.4806	0.950715	1099	1.912	9.23227	4.56869	1.07261
657	85.9238	33	-1.98829e+06	37.4808	0.951581	1108	1.91728	9.29414	4.5685	0.976989
658	84.2008	34	-1.98894e+06	37.3846	0.954636	1085	1.9192	9.39719	4.56616	0.976189
659	85.1036	34	-1.98858e+06	37.2837	0.961565	1098	1.91926	9.44921	4.56665	1.04987
660	86.3572	33	-1.98915e+06	37.3162	0.955874	1120	1.91429	9.25752	4.56187	0.961866
661	87.2184	33	-1.98874e+06	37.3718	0.964369	1102	1.91765	9.27882	4.56963	0.949234
662	87.3482	32	-1.98855e+06	37.4605	0.955521	1140	1.91574	9.19989	4.56456	1.0402
663	85.7468	31	-1.99002e+06	37.5628	0.944803	1127	1.92181	9.35992	4.56678	0.862038
664	86.9492	33	-1.99006e+06	37.363	0.94876	1140	1.9212	9.45037	4.55889	0.917886
665	86.4664	33	-1.98835e+06	37.0654	0.960316	1109	1.914	9.09497	4.56582	0.875576
666	85.6778	33	-1.98894e+06	37.2596	0.963374	1119	1.91816	9.25106	4.56503	0.990681
667	84.7183	33	-1.98836e+06	37.4013	0.961521	1103	1.9152	9.30875	4.56624	1.04272
668	84.6659	33	-1.9896e+06	37.2887	0.955651	1117	1.9241	9.52671	4.56377	1.06183
669	85.6208	33	-1.98922e+06	37.4073	0.963854	1096	1.91734	9.36301	4.56616	1.01033
670	85.9318	33	-1.98918e+06	37.5385	0.954032	1120	1.91878	9.24395	4.56894	0.966761
671	83.6848	32	-1.98892e+06	37.6747	0.952892	1090	1.91768	9.37846	4.56879	1.05496
672	86.0953	33	-1.98912e+06	37.7593	0.9497	1125	1.91843	9.47349	4.56945	1.11813
673	85.6069	33	-1.98864e+06	37.717	0.940591	1117	1.91364	9.39427	4.57211	1.03728
674	85.4708	33	-1.9884e+06	37.6585	0.941692	1107	1.91695	9.41533	4.57093	1.03429
675	86.936	33	-1.9887e+06	37.6555	0.941547	1085	1.91889	9.23671	4.56953	0.982689
676	86.8337	33	-1.98826e+06	37.7159	0.950845	1080	1.90901	9.31956	4.57765	1.07812
677	86.1615	33	-1.98795e+06	37.8037	0.954034	1095	1.90928	9.24404	4.57575	0.959195
678	85.8857	33	-1.98826e+06	37.9029	0.956584	1077	1.9107	9.24834	4.5821	1.02967
679	85.9047	33	-1.98837e+06	37.8558	0.949297	1066	1.91549	9.15423	4.57334	1.02137
680	85.5951	33	-1.98895e+06	37.8434	0.959975	1095	1.91538	9.2726	4.57249	1.23635
681	84.5804	33	-1.98915e+06	38.1482	0.945742	1075	1.9148	9.11315	4.57218	1.06597
682	84.037	33	-1.98876e+06	38.1111	0.948837	1086	1.91199	9.14747	4.57036	0.945945
683	86.3794	33	-1.98891e+06	38.0843	0.954361	1113	1.91858	9.28757	4.57028	0.983627
684	86.2177	33	-1.98834e+06	38.2156	0.950788	1086	1.91912	9.27577	4.562	0.945538
685	86.1762	33	-1.98792e+06	38.1474	0.949928	1070	1.90873	9.16655	4.56192	1.0535
686	86.0072	33	-1.98805e+06	38.141	0.952118	1085	1.91086	9.10208	4.56786	1.09876
687	83.9139	32	-1.98806e+06	37.8966	0.94975	1091	1.91161	9.1299	4.57127	1.01222
688	86.0281	33	-1.98758e+06	37.9432	0.94209	1087	1.91337	8.93137	4.56943	1.01134
689	86.079	33	-1.98762e+06	37.9682	0.944187	1109	1.91109	9.05582	4.56962	1.07039
690	86.2808	33	-1.98836e+06	38.0643	0.946456	1105	1.91998	9.09089	4.56268	1.05179
691	85.6542	33	-1.9878e+06	38.0718	0.942225	1097	1.91458	9.27426	4.56317	0.989032
692	84.983	33	-1.98874e+06	38.0653	0.944988	1118	1.91548	8.92203	4.56138	1.05181
693	85.3543	33	-1.9881e+06	38.0128	0.943374	1113	1.91329	9.14151	4.56665	0.95129
694	85.3432	32	-1.98886e+06	37.8571	0.944296	1137	1.9162	9.08848	4.56594	1.10123
695	86.927	32	-1.98782e+06	37.8738	0.955156	1138	1.91058	9.18415	4.57435	1.01457
696	85.0703	32	-1.98809e+06	37.7206	0.954524	1104	1.91696	9.10245	4.57124	1.06851
697	85.3502	32	-1.98774e+06	37.5931	0.956785	1125	1.91376	9.06956	4.57188	1.04623
698	86.2747	33	-1.98837e+06	37.7404	0.958607	1116	1.91389	8.95502	4.56247	0.989785
699	86.47	33	-1.98791e+06	38.0161	0.959131	1084	1.91278	9.2775	4.56626	1.13525
700	85.3115	33	-1.98887e+06	37.9034	0.96083	1093	1.9203	9.32274	4.56536	1.05465
701	85.879	33	-1.98772e+06	37.7572	0.968425	1105	1.9169	9.23247	4.56565	1.07112
702	85.6625	33	-1.988e+06	37.5764	0.967953	1094	1.91436	9.05147	4.56528	1.02135
703	85.0042	33	-1.98764e+06	37.7067	0.958814	1124	1.909	9.41799	4.57268	0.98719
704	87.1545	32	-1.98808e+06	37.9601	0.955236	1110	1.91107	9.16329	4.57083	0.913968
705	87.6855	32	-1.9889e+06	37.8017	0.961959	1134	1.91791	9.38092	4.56337	0.978432
706	86.6356	33	-1.9879e+06	37.9742	0.966171	1143	1.91243	9.12783	4.56512	1.005
707	84.7943	33	-1.98854e+06	38.0634	0.964642	1117	1.91247	9.51601	4.56696	0.929961
708	86.8369	32	-1.988e+06	37.9235	0.963611	1131	1.91017	9.55015	4.5669	0.960639
709	86.4696	32	-1.9885e+06	38.0603	0.961665	1108	1.90692	9.4629	4.57107	0.900305
710	83.4771	32	-1.98902e+06	37.9927	0.951388	1102	1.91438	9.47556	4.57392	0.99968
711	82.7368	33	-1.98909e+06	37.7422	0.948326	1081	1.91913	9.39979	4.57033	1.05909
712	82.9359	32	-1.98934e+06	37.8918	0.942095	1066	1.919	9.35752	4.56822	1.0972
713	84.207	32	-1.98819e+06	37.7475	0.945558	1094	1.91144	9.49986	4.57072	1.0021
714	83.7216	32	-1.98894e+06	37.7426	0.949756	1087	1.91629	9.47997	4.57266	0.949425
715	82.9899	33	-1.98889e+06	37.4449	0.955479	1041	1.91265	9.52375	4.57496	1.05709
716	82.6586	33	-1.98901e+06	37.4003	0.962329	1045	1.91347	9.41744	4.57767	1.0518
717	81.4855	33	-1.98859e+06	37.2212	0.963584	1053	1.91523	9.41699	4.5744	1.00602
718	81.5898	33	-1.98847e+06	37.0735	0.966012	1063	1.9088	9.22583	4.57508	1.07774
719	81.1919	34	-1.98842e+06	37.0668	0.971468	1023	1.90488	9.15349	4.5716	0.938646
720	83.6222	33	-1.98716e+06	37.2482	0.973068	1053	1.90267	9.25043	4.57517	1.05252
721	83.373	33	-1.98734e+06	37.3623	0.969265	1080	1.90988	9.28823	4.57701	1.08459
722	83.1222	32	-1.98774e+06	37.2887	0.96933	1133	1.90748	9.38494	4.56916	0.976272
723	84.1784	33	-1.98784e+06	37.4745	0.977034	1106	1.90661	9.28268	4.57398	0.967169
724	84.041	32	-1.98786e+06	37.4396	0.973132	1117	1.90442	9.29132	4.57432	1.08085
725	82.444	32	-1.98771e+06	37.1971	0.970211	1098	1.90627	9.49185	4.57797	1.04982
726	83.3322	31	-1.98752e+06	37.7005	0.965661	1107	1.90656	9.32521	4.57995	1.11825
727	84.5542	32	-1.98726e+06	37.5461	0.964244	1120	1.90431	8.98933	4.57518	1.04312
728	84.7507	32	-1.98765e+06	37.9329	0.967266	1104	1.90821	9.1344	4.5747	1.0457
729	84.4458	32	-1.98812e+06	37.722	0.973861	1135	1.9097	9.18016	4.57125	0.980752
730	85.9214	32	-1.98785e+06	37.5759	0.966246	1126	1.91025	9.22134	4.5749	1.18821
731	88.7711	31	-1.98714e+06	37.3487	0.970472	1124	1.90908	9.01359	4.5706	0.945256
732	85.6633	31	-1.98706e+06	37.4653	0.964095	1112	1.91018	9.14881	4.57511	1.08134
733	86.849	31	-1.98691e+06	37.7339	0.959237	1114	1.91008	9.13381	4.57081	0.940508
734	84.6226	32	-1.98706e+06	37.7892	0.962303	1113	1.90452	9.20838	4.57682	0.985816
735	85.9013	32	-1.98739e+06	37.9076	0.953684	1098	1.90491	9.14278	4.57866	0.944817
736	84.3743	32	-1.9868e+06	37.9171	0.958038	1123	1.90245	9.20471	4.583	1.03867
737	83.8789	32	-1.9868e+06	37.4551	0.959559	1115	1.90585	9.17599	4.58642	0.877792
738	84.8659	32	-1.98776e+06	37.2333	0.959547	1120	1.90853	9.10154	4.5801	0.996072
739	86.4622	31	-1.98696e+06	37.2619	0.972715	1164	1.90394	9.3401	4.58426	0.975222
740	87.1056	31	-1.98785e+06	37.3242	0.966101	1136	1.90845	9.00696	4.58595	0.9017
741	86.2455	31	-1.98723e+06	37.6303	0.958783	1138	1.90984	9.16123	4.5824	1.08037
742	85.2196	32	-1.98737e+06	37.7046	0.958522	1121	1.91381	9.53528	4.57385	1.04721
743	86.1022	32	-1.98793e+06	37.8937	0.963939	1124	1.90594	9.16621	4.57152	1.08197
744	84.6225	32	-1.98767e+06	37.7961	0.964881	1087	1.90794	9.04987	4.57198	1.11414
745	83.6113	32	-1.98725e+06	38.0137	0.955334	1084	1.90631	9.18354	4.57724	0.936753
746	85.924	32	-1.98718e+06	38.0183	0.950996	1082	1.90435	9.13281	4.58285	0.879866
747	86.674	33	-1.98727e+06	37.9983	0.947562	1089	1.90415	9.22467	4.58262	1.13953
748	86.4913	33	-1.98651e+06	38.0024	0.952345	1092	1.89761	9.23352	4.57608	1.12718
749	85.4428	34	-1.9877e+06	37.8865	0.951664	1112	1.9081	9.28386	4.57421	0.985752
750	85.6074	33	-1.98798e+06	37.7729	0.956964	1101	1.91337	9.2172	4.57336	0.997661
751	85.2874	33	-1.98765e+06	37.9242	0.960505	1088	1.90696	9.34919	4.57734	1.05217
752	84.5777	32	-1.98858e+06	37.8059	0.956371	1135	1.91772	9.4759	4.56956	0.975986
753	87.7849	33	-1.98792e+06	37.6958	0.965493	1128	1.91285	9.32447	4.57082	1.0116
754	85.7003	33	-1.98762e+06	37.3126	0.972697	1097	1.91307	9.07773	4.57447	0.926267
755	86.3447	33	-1.98833e+06	37.3219	0.972259	1079	1.91606	9.54859	4.57164	1.03052
756	85.9513	33	-1.98789e+06	37.3218	0.969668	1093	1.91091	9.52221	4.57488	0.93665
757	85.0754	34	-1.98769e+06	37.1592	0.971845	1097	1.90721	9.47251	4.57802	1.08516
758	85.8027	34	-1.98773e+06	37.3829	0.966694	1129	1.91087	9.33885	4.58184	0.890971
759	85.8947	33	-1.98864e+06	37.3366	0.964208	1092	1.91819	9.41721	4.57497	0.951341
760	85.7115	33	-1.98806e+06	37.0785	0.954985	1089	1.91801	9.25987	4.5739	1.05374
761	86.2701	33	-1.9881e+06	37.2559	0.953659	1117	1.91504	9.10921	4.57475	1.02789
762	85.7078	33	-1.98745e+06	37.3036	0.95266	1104	1.90881	9.21987	4.57439	1.09228
763	86.3094	33	-1.98795e+06	37.3881	0.953969	1111	1.90926	9.26395	4.57983	1.14993
764	85.5072	33	-1.98747e+06	37.4961	0.955913	1139	1.90942	9.23668	4.57841	0.97987
765	87.7681	32	-1.98753e+06	37.3562	0.958527	1149	1.90826	9.1042	4.58303	1.02342
766	88.0147	32	-1.98815e+06	37.2423	0.960692	1130	1.91364	9.00847	4.57823	1.01695
767	88.2665	32	-1.98839e+06	37.3492	0.96326	1142	1.91184	9.37641	4.5837	0.944747
768	86.7137	33	-1.98887e+06	36.995	0.961069	1122	1.90864	9.26619	4.58324	0.923871
769	86.3405	32	-1.98717e+06	37.0834	0.964775	1122	1.90745	9.11971	4.58784	0.971422
770	85.7635	33	-1.98831e+06	37.2627	0.951554	1100	1.91474	9.13944	4.57951	1.05856
771	85.6845	33	-1.98798e+06	37.1284	0.952785	1120	1.9137	9.19826	4.58404	1.01419
772	87.1502	33	-1.98764e+06	37.4016	0.953292	1120	1.91107	9.1969	4.57753	1.08256
773	87.2728	33	-1.98756e+06	37.4211	0.957967	1093	1.91329	9.05454	4.57781	1.22893
774	87.1589	33	-1.98739e+06	37.692	0.959101	1133	1.91193	8.9579	4.58421	1.03801
775	84.978	34	-1.98769e+06	37.5009	0.953561	1096	1.91153	9.11072	4.58552	1.07095
776	84.3894	33	-1.98796e+06	37.4566	0.95723	1091	1.91127	9.07549	4.58406	0.92441
777	84.6618	34	-1.98771e+06	37.6014	0.955307	1096	1.91339	9.18272	4.579	1.06168
778	86.661	33	-1.98706e+06	37.4238	0.952149	1137	1.90529	9.20931	4.57787	0.97859
779	86.2017	32	-1.98765e+06	37.3339	0.960653	1130	1.90992	9.13052	4.57208	0.951086
780	86.668	33	-1.98875e+06	37.1434	0.962018	1118	1.913	9.45422	4.57133	0.992206
781	87.1784	33	-1.98767e+06	37.4176	0.967205	1130	1.90801	9.17043	4.56669	0.899753
782	86.5296	33	-1.98825e+06	37.7061	0.970969	1113	1.91272	9.21763	4.5627	0.978243
783	86.8067	32	-1.98829e+06	37.7435	0.967856	1124	1.90953	9.35068	4.57001	1.0637
784	86.0155	33	-1.98867e+06	37.6727	0.965626	1097	1.91777	9.26752	4.56616	0.952094
785	85.1773	32	-1.98855e+06	37.5698	0.957097	1110	1.91714	9.30662	4.5623	1.01175
786	86.1152	33	-1.98756e+06	37.5823	0.95765	1103	1.90944	9.41558	4.57134	1.00119
787	85.4644	33	-1.98743e+06	37.6641	0.948648	1104	1.90897	9.21426	4.57324	0.933818
788	85.2074	33	-1.98769e+06	37.6112	0.955462	1090	1.91104	9.09686	4.57928	0.97963
789	85.9135	32	-1.9881e+06	37.4011	0.959688	1080	1.91251	9.09142	4.58101	1.01413
790	85.8322	32	-1.98869e+06	37.4423	0.959265	1098	1.91796	9.19901	4.5769	1.1662
791	85.971	33	-1.98869e+06	37.3406	0.958672	1115	1.92018	9.23867	4.5757	1.13946
792	85.1986	32	-1.98907e+06	37.3545	0.961152	1138	1.91759	9.40801	4.57291	0.957721
793	85.1035	33	-1.98778e+06	37.2477	0.966451	1109	1.9125	9.32912	4.56874	1.05348
794	83.2651	32	-1.98807e+06	37.4893	0.96069	1102	1.91358	9.29111	4.57108	1.04043
795	83.3724	32	-1.98847e+06	37.4642	0.95614	1104	1.91839	9.1039	4.57117	0.92021
796	85.25	32	-1.98908e+06	37.4017	0.959513	1081	1.92041	9.37952	4.57656	0.963789
797	84.4107	32	-1.98838e+06	37.2886	0.965391	1078	1.91895	9.30049	4.57572	1.06939
798	84.505	32	-1.9888e+06	37.1899	0.977787	1123	1.91428	9.48067	4.58014	1.01686
799	86.2571	33	-1.98959e+06	36.9425	0.973582	1098	1.91884	9.3716	4.5729	1.09972
800	84.9856	32	-1.98855e+06	37.0373	0.975508	1108	1.91798	9.44096	4.5705	0.915506
801	84.9237	33	-1.98871e+06	36.9758	0.970082	1107	1.91896	9.09064	4.57494	1.05226
802	84.5868	33	-1.98834e+06	37.0426	0.972236	1088	1.91643	9.20832	4.56803	0.865655
803	85.8406	32	-1.98886e+06	37.2982	0.967059	1067	1.91227	9.37155	4.57144	1.01942
804	85.5163	33	-1.988e+06	37.1235	0.978768	1059	1.90233	9.29597	4.57421	0.957577
805	84.6673	32	-1.98762e+06	37.1644	0.980202	1053	1.90711	8.98746	4.57757	0.919486
806	85.3216	33	-1.98842e+06	37.1504	0.983059	1060	1.91097	9.35915	4.57651	1.05543
807	85.2644	33	-1.98863e+06	37.1053	0.981383	1063	1.91257	9.3159	4.57245	1.05961
808	84.1648	33	-1.98879e+06	37.4023	0.970534	1049	1.915	9.54585	4.5726	0.886176
809	83.994	33	-1.98797e+06	37.4949	0.966908	1051	1.91119	9.2349	4.57029	1.03954
810	84.8378	33	-1.98786e+06	37.4652	0.971384	1088	1.9111	9.28924	4.56942	1.01014
811	85.5673	33	-1.98748e+06	37.4757	0.969037	1072	1.9071	9.28756	4.56993	0.982961
812	86.0438	33	-1.98791e+06	37.3631	0.97352	1089	1.90645	9.28444	4.5794	0.980076
813	84.9385	33	-1.98801e+06	36.9524	0.972757	1075	1.90694	9.10833	4.5746	1.129
814	85.148	32	-1.98788e+06	36.9646	0.964001	1075	1.90717	9.19761	4.58076	0.998564
815	85.5414	32	-1.98811e+06	37.2889	0.97218	1074	1.90864	9.47319	4.57501	1.04436
816	84.0897	33	-1.98704e+06	37.4594	0.967154	1112	1.90455	9.46115	4.57115	0.932045
817	86.4585	32	-1.9884e+06	37.3572	0.965354	1103	1.90845	9.15007	4.57553	0.825971
818	84.826	33	-1.98746e+06	37.522	0.964985	1100	1.90787	9.18326	4.57662	0.843483
819	84.9048	33	-1.98921e+06	37.0639	0.968524	1075	1.91381	9.14654	4.57943	0.969227
820	85.5387	32	-1.98792e+06	36.9949	0.968905	1139	1.90868	9.35493	4.57195	0.897006
821	85.8896	33	-1.98754e+06	37.2657	0.968819	1129	1.90705	9.20484	4.5691	1.00121
822	85.9386	33	-1.9883e+06	37.3063	0.959679	1096	1.91191	9.25279	4.57457	0.873743
823	84.0876	31	-1.98835e+06	37.113	0.959596	1118	1.91317	9.29024	4.57014	1.01765
824	85.4618	33	-1.98822e+06	37.0875	0.968139	1113	1.91193	9.44436	4.57561	0.83833
825	86.9063	32	-1.98761e+06	37.1317	0.974385	1142	1.90602	9.41004	4.57305	1.08312
826	86.654	32	-1.98877e+06	37.2959	0.968089	1129	1.91286	9.41828	4.56901	1.0958
827	86.6704	32	-1.98848e+06	37.3537	0.970984	1146	1.90916	9.44811	4.57026	1.12103
828	86.911	32	-1.98765e+06	37.0751	0.97142	1109	1.9046	9.4239	4.5818	0.947487
829	85.4067	32	-1.9886e+06	37.1168	0.967536	1127	1.91204	9.64128	4.58145	0.9843
830	88.3476	32	-1.98816e+06	37.2255	0.96325	1140	1.91742	9.58731	4.57817	1.06724
831	88.4973	32	-1.98883e+06	37.3829	0.961702	1132	1.91215	9.49039	4.57239	0.85773
832	86.7989	31	-1.98847e+06	37.2677	0.96639	1144	1.91036	9.33474	4.57667	0.962206
833	86.0482	32	-1.98787e+06	37.1107	0.966089	1108	1.90585	9.40195	4.58685	0.997449
834	85.0798	32	-1.98822e+06	37.0174	0.961704	1124	1.91134	9.36289	4.58162	1.00723
835	86.639	32	-1.98898e+06	36.9651	0.970953	1140	1.91331	9.2674	4.57953	1.06149
836	87.1925	32	-1.98937e+06	37.2419	0.963841	1137	1.91321	9.31051	4.57768	1.0182
837	86.4642	33	-1.98925e+06	36.6685	0.97327	1102	1.9143	9.34808	4.58018	0.969772
838	85.8384	33	-1.98926e+06	36.8872	0.974663	1108	1.91498	9.37814	4.58012	1.17788
839	84.8388	33	-1.98919e+06	36.9883	0.966023	1100	1.91395	9.53658	4.57988	0.936371
840	83.341	32	-1.98907e+06	36.7511	0.97575	1091	1.91532	9.45257	4.58034	0.89644
841	85.5208	33	-1.98971e+06	36.8481	0.967234	1070	1.91994	9.31954	4.58187	0.936359
842	84.1785	33	-1.98915e+06	36.7211	0.961571	1067	1.92212	9.40059	4.58051	1.03271
843	84.1401	32	-1.99047e+06	36.7166	0.956944	1076	1.92864	9.54378	4.58043	1.0674
844	85.6043	32	-1.99062e+06	36.7252	0.950455	1083	1.92584	9.39452	4.58151	0.902435
845	85.9674	32	-1.98922e+06	36.5895	0.956965	1100	1.92424	9.5499	4.59327	0.965172
846	85.5244	33	-1.98962e+06	36.7375	0.951332	1090	1.92639	9.33658	4.58913	0.888091
847	86.205	34	-1.98916e+06	36.9525	0.956072	1091	1.91851	9.6287	4.58664	1.13222
848	85.7833	33	-1.98946e+06	36.6504	0.955985	1099	1.92389	9.39412	4.58462	0.918436
849	85.4588	33	-1.98921e+06	36.5495	0.951413	1096	1.91972	9.41483	4.58722	0.852649
850	84.1496	32	-1.99012e+06	36.9167	0.947622	1058	1.92431	9.40532	4.58349	1.0001
851	85.5366	33	-1.9896e+06	36.9167	0.953158	1083	1.92107	9.20509	4.58057	0.886605
852	84.0966	32	-1.98955e+06	36.6165	0.961372	1103	1.91977	9.48001	4.58313	1.10106
853	85.3281	33	-1.98929e+06	36.8226	0.955419	1060	1.92138	9.41585	4.58658	0.937147
854	83.2444	32	-1.98973e+06	37.0068	0.951481	1065	1.92261	9.63012	4.58107	0.98955
855	84.882	33	-1.98895e+06	37.2699	0.948672	1048	1.92065	9.44852	4.5824	1.08379
856	84.4897	32	-1.98936e+06	37.3892	0.938053	1095	1.91849	9.40629	4.58389	1.00489
857	85.1888	33	-1.98925e+06	37.3919	0.951684	1046	1.91645	9.50483	4.58396	0.988775
858	84.2863	32	-1.98912e+06	37.4219	0.951136	1044	1.91536	9.23785	4.58626	0.982988
859	83.0868	33	-1.98921e+06	37.3915	0.949053	1048	1.91522	9.20997	4.5808	0.960513
860	83.8185	33	-1.98837e+06	37.464	0.942561	1080	1.91392	9.33849	4.57727	1.1239
861	83.8165	33	-1.98987e+06	37.1516	0.946498	1036	1.9227	9.42093	4.57587	1.03979
862	83.0072	33	-1.98825e+06	37.332	0.954728	1050	1.91594	9.19594	4.57996	0.92357
863	84.0074	33	-1.98864e+06	37.4461	0.954909	1064	1.91532	9.43171	4.57314	1.00069
864	82.6952	32	-1.98863e+06	37.4761	0.95903	1086	1.92119	9.44104	4.56917	1.00335
865	85.2978	33	-1.98869e+06	37.4366	0.968276	1081	1.91669	9.41246	4.56834	1.05105
866	85.4352	33	-1.98821e+06	37.4623	0.971837	1066	1.91318	9.39886	4.57469	0.89911
867	84.0755	33	-1.98783e+06	37.3714	0.972226	1080	1.90847	9.2865	4.57199	1.01361
868	85.1105	33	-1.98803e+06	37.2472	0.961152	1095	1.90917	9.38093	4.57613	0.933947
869	85.2119	33	-1.9886e+06	37.4713	0.956423	1083	1.91548	9.34811	4.57974	1.06027
870	84.3398	33	-1.98863e+06	37.3803	0.961104	1083	1.91239	9.40449	4.57875	1.00404
871	84.8908	33	-1.98853e+06	37.4496	0.958717	1077	1.91047	9.31482	4.57714	0.960853
872	84.1713	32	-1.98837e+06	37.1238	0.961632	1108	1.90866	9.40368	4.5768	0.964845
873	84.7962	33	-1.98814e+06	37.2281	0.975363	1106	1.90999	9.27365	4.57667	0.96162
874	84.7885	32	-1.98703e+06	37.3215	0.987734	1093	1.90449	9.22709	4.57666	1.19216
875	85.043	33	-1.98851e+06	37.3575	0.978001	1114	1.90972	9.50349	4.58252	1.05256
876	84.787	33	-1.98793e+06	37.0254	0.983847	1102	1.90863	9.44704	4.58624	1.12505
877	84.963	33	-1.98784e+06	37.0628	0.980405	1095	1.90461	9.36055	4.58705	1.03975
878	84.5468	33	-1.98833e+06	37.1483	0.974741	1089	1.90753	9.49988	4.58895	0.908999
879	84.7525	33	-1.98756e+06	37.0476	0.977931	1057	1.90678	9.36754	4.58781	0.947882
880	83.8961	32	-1.98824e+06	36.9729	0.973974	1062	1.90148	9.53604	4.58853	0.948641
881	85.3337	33	-1.98745e+06	37.2089	0.970257	1063	1.90028	9.34686	4.58609	0.886544
882	84.2068	32	-1.98799e+06	37.1656	0.972546	1081	1.90405	9.4561	4.58415	0.945505
883	84.5621	32	-1.98757e+06	37.2128	0.968689	1092	1.90426	9.27397	4.58381	1.09317
884	85.4584	32	-1.9884e+06	37.0294	0.973953	1102	1.91046	9.23235	4.57831	1.00781
885	84.7545	32	-1.98792e+06	37.2586	0.976367	1089	1.90946	9.22518	4.57539	0.956967
886	84.0123	33	-1.98842e+06	36.936	0.971991	1099	1.91303	9.26685	4.57364	1.11168
887	84.7449	33	-1.98792e+06	37.116	0.964658	1114	1.9129	9.29263	4.57456	0.968977
888	84.9381	33	-1.98848e+06	36.9603	0.968592	1082	1.9157	9.38765	4.58081	0.966573
889	83.7555	32	-1.9884e+06	36.9416	0.962293	1108	1.92065	9.56561	4.57283	0.985243
890	83.9514	33	-1.98887e+06	37.0066	0.95946	1116	1.91533	9.32405	4.57945	0.921949
891	85.8316	33	-1.98798e+06	37.2236	0.95637	1068	1.91357	9.39011	4.57914	0.914346
892	84.8666	32	-1.98864e+06	37.1007	0.951581	1086	1.91356	9.46677	4.57496	1.02848
893	84.8012	32	-1.98895e+06	36.8805	0.9594	1083	1.91487	9.31336	4.57837	1.07555
894	85.8455	33	-1.98897e+06	37.0359	0.951482	1082	1.9166	9.36649	4.57334	1.00408
895	83.2148	32	-1.98853e+06	36.996	0.954164	1071	1.91406	9.16635	4.56784	0.935343
896	82.9438	33	-1.9887e+06	36.8863	0.955914	1077	1.91618	9.28448	4.57672	1.02328
897	84.8123	32	-1.98908e+06	37.0615	0.948056	1081	1.91522	9.2594	4.58222	1.05964
898	85.1762	33	-1.98873e+06	37.1279	0.951803	1069	1.91211	9.29362	4.58251	0.941323
899	85.9258	32	-1.98782e+06	37.1641	0.952726	1086	1.9124	9.30078	4.57926	1.11745
900	86.4674	32	-1.98872e+06	37.1359	0.953491	1070	1.91609	9.12911	4.58185	1.00444
901	84.4229	32	-1.98914e+06	37.0212	0.956478	1066	1.92156	9.23955	4.5797	1.04072
902	85.3791	32	-1.98915e+06	37.0033	0.954496	1083	1.91349	9.24261	4.58729	0.960835
903	85.9079	32	-1.98896e+06	36.6523	0.962933	1075	1.91826	9.26234	4.58147	1.0438
904	85.2943	33	-1.9891e+06	36.8701	0.962259	1093	1.9188	9.13007	4.57487	1.1034
905	84.9487	32	-1.98904e+06	37.204	0.960246	1105	1.91959	9.46704	4.57505	1.14424
906	86.1459	32	-1.98859e+06	37.3615	0.958667	1093	1.91165	9.35206	4.57549	1.17243
907	85.1998	33	-1.98889e+06	37.4057	0.959049	1098	1.91301	9.38113	4.5766	0.965844
908	84.9107	33	-1.98922e+06	37.1405	0.961917	1100	1.91372	9.53867	4.57467	0.987866
909	84.8172	33	-1.98982e+06	37.1202	0.956703	1098	1.91785	9.43672	4.57893	1.01652
910	84.9474	33	-1.98891e+06	37.1246	0.9558	1099	1.91263	9.34853	4.57891	1.01059
911	82.784	32	-1.98909e+06	37.1084	0.96313	1116	1.91153	9.35754	4.58674	0.991824
912	86.5143	33	-1.98882e+06	37.0093	0.961933	1132	1.9099	9.36843	4.58421	0.87862
913	86.5131	32	-1.98874e+06	37.5137	0.953565	1094	1.912	9.13382	4.58198	0.958821
914	86.129	32	-1.98875e+06	37.2963	0.95835	1120	1.912	9.17994	4.57862	1.05027
915	86.3654	32	-1.98875e+06	37.4516	0.951398	1146	1.91743	9.2316	4.57374	0.947261
916	86.8996	32	-1.9884e+06	37.4471	0.956504	1119	1.91376	9.31078	4.57847	1.12015
917	85.5535	33	-1.98854e+06	37.8455	0.954963	1118	1.91104	9.35947	4.58504	1.10024
918	86.0218	33	-1.98885e+06	37.4467	0.95674	1107	1.92012	9.37091	4.58148	1.01289
919	85.3242	33	-1.98917e+06	37.6123	0.948576	1079	1.92338	9.34025	4.5772	0.995551
920	86.3856	33	-1.98907e+06	37.551	0.943584	1067	1.92019	9.12565	4.58147	1.12685
921	84.155	32	-1.98868e+06	37.3159	0.954424	1048	1.91432	9.36321	4.58404	0.994456
922	83.9245	34	-1.98917e+06	37.1256	0.954109	1036	1.91286	9.30406	4.5869	0.991111
923	84.5212	33	-1.98915e+06	37.1758	0.953847	1071	1.91681	9.38017	4.58862	1.07307
924	85.3943	33	-1.98944e+06	37.0206	0.948167	1099	1.9202	9.28402	4.58649	0.991102
925	84.7072	33	-1.98963e+06	37.2118	0.941885	1057	1.91523	9.07598	4.58716	0.964817
926	85.1122	33	-1.9887e+06	37.3722	0.945451	1079	1.91682	9.37265	4.58565	0.932624
927	85.3578	33	-1.98916e+06	37.4957	0.944924	1117	1.91672	9.1047	4.5821	0.903565
928	84.7498	32	-1.98893e+06	37.492	0.944096	1083	1.91789	9.29961	4.57842	0.981048
929	84.9988	33	-1.98857e+06	37.4557	0.93546	1112	1.91255	9.05697	4.58391	1.01378
930	86.1211	31	-1.98815e+06	37.7911	0.942784	1110	1.91735	9.36596	4.57831	1.13325
931	85.9584	32	-1.98903e+06	37.5856	0.946703	1086	1.91821	9.39108	4.57798	0.935397
932	84.9914	33	-1.98899e+06	37.4922	0.949914	1098	1.91303	9.42493	4.58642	0.956739
933	84.8304	33	-1.98833e+06	37.5228	0.957038	1093	1.91016	9.6018	4.57914	0.942968
934	84.5488	33	-1.98884e+06	37.351	0.951986	1105	1.91559	9.25016	4.57931	0.972534
935	84.6641	33	-1.98876e+06	37.4124	0.955252	1085	1.91388	9.15808	4.58286	0.990791
936	83.8929	33	-1.98838e+06	37.4336	0.9563	1104	1.91288	9.29872	4.58216	0.860709
937	85.5611	33	-1.98858e+06	37.7245	0.953918	1073	1.91295	9.15575	4.58352	1.08557
938	85.5659	33	-1.98878e+06	37.4636	0.957297	1060	1.91283	9.17851	4.5823	0.996154
939	84.5266	33	-1.98832e+06	37.4708	0.9536	1105	1.91292	9.27624	4.57737	0.978118
940	84.9358	33	-1.98826e+06	37.7095	0.951937	1134	1.91431	9.30879	4.57777	1.09017
941	85.4604	33	-1.98881e+06	37.872	0.955858	1097	1.91072	9.11016	4.58089	0.897309
942	85.2722	33	-1.98781e+06	37.704	0.954202	1114	1.91086	9.09614	4.57465	1.07405
943	84.742	32	-1.98857e+06	37.7893	0.94919	1070	1.9143	9.04606	4.57714	1.00911
944	85.4003	33	-1.98865e+06	37.8076	0.949957	1072	1.90993	9.34718	4.57391	1.04631
945	85.0123	33	-1.98866e+06	37.5775	0.950484	1100	1.91515	9.26617	4.57785	1.00613
946	85.8315	32	-1.98858e+06	37.6956	0.954543	1082	1.91307	9.32252	4.58066	0.988957
947	83.382	34	-1.98841e+06	37.5694	0.964185	1053	1.91069	9.25545	4.58149	0.902898
948	85.0452	33	-1.98762e+06	37.6945	0.957851	1088	1.90574	9.1202	4.57691	0.945887
949	83.728	33	-1.98886e+06	37.4382	0.950928	1046	1.9104	9.05942	4.58171	0.976442
950	84.4456	33	-1.9887e+06	37.6447	0.942031	1040	1.91616	8.96255	4.58459	1.02665
951	84.133	33	-1.98868e+06	37.3388	0.928813	1059	1.91368	9.11283	4.57716	0.931046
952	85.5145	33	-1.98928e+06	37.2408	0.935608	1092	1.92043	9.14861	4.5728	1.05549
953	85.5575	33	-1.98811e+06	37.0787	0.944621	1130	1.91844	9.08637	4.57454	1.05195
954	84.7812	32	-1.98888e+06	37.2725	0.949752	1111	1.91789	9.06829	4.58179	1.01338
955	84.3993	34	-1.98843e+06	37.1434	0.947239	1093	1.91447	9.13568	4.57874	1.02371
956	84.9378	33	-1.98863e+06	37.3226	0.946108	1103	1.91622	9.06937	4.57673	1.07412
957	84.4006	32	-1.98888e+06	37.4107	0.941501	1080	1.92059	8.95346	4.57506	1.0185
958	85.1727	33	-1.98876e+06	37.4617	0.938094	1091	1.91715	9.05899	4.56989	1.10097
959	83.7919	32	-1.98943e+06	37.3452	0.945324	1106	1.92251	8.96675	4.57644	0.939413
960	86.4938	32	-1.98901e+06	37.012	0.952275	1123	1.9168	9.10608	4.57828	1.02125
961	85.5889	32	-1.98914e+06	37.147	0.953483	1115	1.91444	9.06773	4.57838	0.962643
962	83.8932	32	-1.98826e+06	37.4092	0.951502	1107	1.91482	9.13662	4.5707	0.928965
963	83.4642	32	-1.98966e+06	37.3191	0.946663	1076	1.92318	9.0685	4.57162	1.00937
964	85.4545	33	-1.98945e+06	37.4431	0.943056	1075	1.92149	8.87776	4.56837	0.939255
965	85.6257	33	-1.98908e+06	37.4191	0.94579	1067	1.91839	9.08298	4.57572	0.996978
966	85.2762	33	-1.98922e+06	37.2926	0.952521	1085	1.92222	9.05483	4.57259	0.915957
967	84.7661	33	-1.98889e+06	37.3754	0.952925	1107	1.91736	9.15046	4.57058	0.895346
968	85.621	32	-1.98847e+06	37.2342	0.958057	1082	1.91328	9.21153	4.56977	0.774406
969	84.32	33	-1.98827e+06	37.4582	0.957011	1094	1.9077	9.22626	4.56838	1.02808
970	85.781	33	-1.98774e+06	37.3516	0.962905	1140	1.9084	9.34548	4.57872	0.99957
971	90.8031	30	-1.98748e+06	37.2029	0.974832	1133	1.90622	9.24151	4.57867	1.01766
972	88.7031	33	-1.98727e+06	37.2513	0.968623	1155	1.91358	9.24273	4.58085	1.05813
973	87.5064	31	-1.98837e+06	37.3379	0.964732	1140	1.91241	9.082	4.58327	1.03254
974	85.9303	31	-1.98777e+06	37.2776	0.970269	1115	1.90915	9.06824	4.58437	1.0079
975	87.0522	32	-1.98845e+06	37.3733	0.960883	1129	1.91508	8.98187	4.58877	1.06683
976	85.2731	33	-1.98883e+06	37.3164	0.962879	1099	1.91381	8.93621	4.58057	0.968803
977	85.0531	33	-1.98911e+06	37.2299	0.967587	1113	1.91553	8.98095	4.58152	0.948676
978	85.6291	33	-1.9891e+06	37.1068	0.959712	1114	1.92087	9.24807	4.57109	0.94997
979	84.5559	33	-1.98888e+06	37.0612	0.962097	1113	1.92174	9.26742	4.58108	1.0246
980	87.3073	32	-1.98806e+06	37.1933	0.95962	1122	1.91672	9.29675	4.57166	0.882938
981	86.2224	33	-1.98872e+06	37.4116	0.950926	1117	1.9172	9.32526	4.57622	1.06164
982	87.0568	32	-1.9885e+06	37.553	0.954864	1142	1.91839	9.2777	4.57033	1.04165
983	85.3209	32	-1.98813e+06	37.4177	0.957101	1119	1.91693	9.36132	4.57252	1.01658
984	84.4792	32	-1.98927e+06	37.3059	0.961135	1112	1.91482	9.48489	4.57305	0.981972
985	83.7593	32	-1.98844e+06	37.4204	0.958024	1107	1.91329	9.39695	4.57299	1.01962
986	83.8759	32	-1.98809e+06	37.1679	0.968334	1117	1.91187	9.4988	4.57265	1.03104
987	83.3313	32	-1.98754e+06	37.2724	0.971327	1111	1.91013	9.20938	4.56713	0.836505
988	84.4552	33	-1.9878e+06	37.3938	0.961973	1090	1.91101	8.82366	4.57425	1.02795
989	85.6288	32	-1.98791e+06	37.2165	0.962907	1152	1.91527	9.15693	4.57801	0.964331
990	87.7297	31	-1.98805e+06	37.1656	0.96528	1146	1.91175	9.23672	4.57273	1.05712
991	86.366	32	-1.98893e+06	37.2404	0.958287	1136	1.92169	9.34479	4.5699	0.911286
992	87.1991	32	-1.98904e+06	37.2276	0.952428	1133	1.92058	9.40452	4.57942	1.01961
993	86.8377	32	-1.98859e+06	36.9898	0.958153	1152	1.91258	9.33316	4.57555	1.02354
994	86.7699	32	-1.98782e+06	37.3193	0.967757	1118	1.91269	9.29606	4.57998	1.07883
995	86.2624	33	-1.98736e+06	37.4517	0.962894	1130	1.9096	9.09829	4.57294	1.07717
996	84.5784	32	-1.9878e+06	37.5208	0.965089	1082	1.90895	9.25345	4.57001	0.941881
997	86.0894	33	-1.98754e+06	37.6435	0.957887	1099	1.90639	9.21543	4.5797	1.02747
998	84.3895	33	-1.98782e+06	37.5378	0.960225	1084	1.91268	9.18936	4.57612	1.06336
999	87.4272	32	-1.98707e+06	37.7098	0.957017	1130	1.91235	9.25266	4.56558	0.952819
