iter	time	topo	loglik	length	alpha	Nmode	statent	statalpha	rrent	rrmean
0	0	0	-3.3821e+06	9.60894	1	11	2.57969	20	4.80492	0.977955
1	34.4977	62	-1.78742e+06	19.0381	0.671304	16	1.58103	13.8587	4.23496	0.957982
2	36.0066	63	-1.74908e+06	23.9934	0.654264	32	1.46264	13.3751	4.27515	1.09613
3	35.7558	61	-1.72647e+06	26.3011	0.649816	30	1.45168	10.6686	4.35751	1.11058
4	36.4752	62	-1.70895e+06	28.3286	0.633417	32	1.43779	9.10517	4.60216	0.914489
5	35.7062	60	-1.69875e+06	29.7345	0.626063	38	1.42823	10.1542	4.61429	0.895567
6	37.7638	61	-1.69061e+06	30.6363	0.618235	49	1.423	11.0275	4.64537	0.982628
7	37.3836	59	-1.67382e+06	30.8897	0.618822	56	1.42005	8.76155	4.55852	1.03358
8	38.2831	59	-1.65894e+06	31.1295	0.621666	62	1.41672	9.82748	4.57735	1.1291
9	39.7257	58	-1.6491e+06	31.2793	0.619903	81	1.40774	8.59439	4.53546	1.17118
10	40.2335	56	-1.64111e+06	32.0981	0.613987	87	1.39963	9.34586	4.46374	1.007
11	40.3014	57	-1.63361e+06	32.4708	0.615768	95	1.38599	7.9063	4.43759	0.83576
12	39.4038	57	-1.62464e+06	32.7685	0.613706	100	1.37396	8.31017	4.55125	1.0666
13	39.0975	60	-1.61396e+06	32.6943	0.609418	106	1.36476	8.96288	4.41209	0.914139
14	39.3248	60	-1.60638e+06	32.4435	0.616832	121	1.35573	7.98767	4.42371	1.07731
15	39.3643	58	-1.60332e+06	32.282	0.617719	125	1.35104	8.07336	4.38173	1.01647
16	39.6602	57	-1.60119e+06	32.6152	0.620133	128	1.34172	7.8825	4.34206	0.961618
17	40.6251	58	-1.59962e+06	32.4752	0.621127	139	1.33425	7.85237	4.35328	0.953401
18	40.4547	56	-1.59194e+06	32.6601	0.629786	136	1.33131	7.42525	4.39633	0.918649
19	41.324	57	-1.58292e+06	32.4657	0.634845	143	1.32929	7.82836	4.3905	0.997626
20	42.5061	56	-1.57757e+06	32.284	0.643002	143	1.32436	7.09179	4.2885	1.02512
21	42.1373	56	-1.57379e+06	31.6766	0.650784	145	1.31994	6.85074	4.40395	1.03335
22	41.348	55	-1.57154e+06	31.243	0.657718	156	1.31756	7.31161	4.32314	1.04393
23	43.3666	55	-1.56432e+06	30.6465	0.66127	165	1.32357	7.72827	4.43454	1.00771
24	42.731	55	-1.55963e+06	30.3711	0.677852	165	1.32427	7.74515	4.43128	0.975967
25	42.857	55	-1.55835e+06	29.9613	0.679326	162	1.32131	7.29315	4.40918	1.06984
26	42.7334	55	-1.55809e+06	29.4408	0.686111	162	1.32227	8.12697	4.38252	1.05078
27	43.0872	55	-1.5582e+06	29.0249	0.691806	163	1.32328	8.28321	4.42366	0.826849
28	44.0599	54	-1.5572e+06	29.1315	0.689652	174	1.32189	7.28221	4.3419	1.00632
29	43.6983	55	-1.55688e+06	29.1276	0.69896	162	1.3242	8.37279	4.36849	0.93189
30	43.249	52	-1.55638e+06	29.0638	0.7009	187	1.32217	7.66773	4.37153	0.994132
31	43.7581	53	-1.55607e+06	29.2663	0.693123	168	1.32253	6.95816	4.3919	0.861142
32	44.3439	53	-1.55538e+06	29.1398	0.695088	182	1.32177	7.16658	4.36121	0.952919
33	44.7989	53	-1.55214e+06	28.9012	0.695311	181	1.32026	7.27582	4.37346	0.975422
34	45.0631	53	-1.55126e+06	28.5168	0.704326	184	1.31768	7.11516	4.33466	1.03128
35	43.5986	52	-1.55054e+06	28.2776	0.704132	177	1.319	7.47957	4.35783	1.04293
36	44.3481	54	-1.5499e+06	28.2335	0.707105	168	1.31467	6.97535	4.29763	0.893278
37	44.2825	52	-1.54967e+06	27.9775	0.709903	184	1.31424	7.51727	4.3501	1.07586
38	45.252	53	-1.54851e+06	28.1503	0.71068	176	1.30926	7.14449	4.30789	1.09459
39	45.1526	54	-1.54823e+06	28.2398	0.712194	198	1.30422	6.81352	4.34693	1.05288
40	45.4727	53	-1.54796e+06	28.1392	0.717232	178	1.30163	7.25186	4.43875	0.928836
41	45.7808	53	-1.54791e+06	28.1236	0.72305	183	1.30088	7.47943	4.43719	0.951372
42	45.2774	52	-1.54641e+06	28.196	0.72238	183	1.29343	7.28298	4.34657	0.98745
43	45.8693	53	-1.5463e+06	28.2004	0.726328	192	1.29368	7.10682	4.32559	1.01872
44	45.1911	52	-1.54608e+06	28.3043	0.729042	189	1.28912	7.31722	4.38067	1.01856
45	44.5269	52	-1.54572e+06	28.4568	0.7331	201	1.29168	6.87426	4.34629	1.12115
46	44.3943	54	-1.54436e+06	28.302	0.739967	186	1.29041	7.12028	4.36324	0.98962
47	44.7787	54	-1.54444e+06	28.4738	0.749705	194	1.28914	6.94714	4.31852	1.06092
48	44.0793	54	-1.54374e+06	28.4345	0.749609	197	1.29083	7.02643	4.36267	1.04585
49	43.7286	55	-1.54422e+06	28.2887	0.747293	201	1.28958	6.74147	4.34018	1.01011
50	44.1796	54	-1.54306e+06	28.4098	0.758309	204	1.28447	6.72252	4.37808	1.06547
51	43.7263	55	-1.54324e+06	28.2056	0.756748	194	1.27954	7.10721	4.36985	1.01263
52	44.27	54	-1.54262e+06	27.9724	0.771343	198	1.27633	6.83955	4.47327	0.974147
53	44.484	54	-1.54244e+06	28.022	0.778954	201	1.27232	7.47187	4.41787	1.02893
54	43.4434	55	-1.54277e+06	27.8956	0.782345	211	1.27409	6.72893	4.28962	0.879568
55	43.4355	55	-1.5416e+06	27.8788	0.798154	225	1.26716	6.5471	4.30204	0.997894
56	43.7479	55	-1.54147e+06	27.8889	0.796543	223	1.26851	7.06864	4.31794	1.10216
57	43.4677	55	-1.54135e+06	28.0032	0.807804	201	1.2651	7.33397	4.30397	1.0295
58	42.7699	55	-1.54042e+06	27.2432	0.817872	214	1.26336	6.72352	4.35587	1.11701
59	43.0184	55	-1.5405e+06	27.2977	0.820501	198	1.26116	6.94293	4.36397	1.06979
60	43.8348	53	-1.54014e+06	27.187	0.830298	200	1.25685	6.92278	4.37868	0.860229
61	44.6384	54	-1.54039e+06	27.1514	0.839808	200	1.25553	6.01658	4.37845	0.932615
62	44.6859	53	-1.53846e+06	26.9769	0.854897	212	1.24434	6.36109	4.38619	0.940974
63	43.1088	55	-1.53795e+06	27.0473	0.876307	200	1.23784	6.27921	4.41334	0.970749
64	43.997	55	-1.53695e+06	26.9874	0.89143	194	1.23387	6.27414	4.4378	1.05159
65	43.2907	56	-1.53669e+06	27.0058	0.908107	200	1.23151	6.09834	4.39631	0.777157
66	42.8344	55	-1.5358e+06	27.108	0.92991	200	1.22568	6.51457	4.35956	0.974386
67	44.1022	54	-1.53505e+06	26.9075	0.946474	196	1.21941	6.60911	4.42075	0.918964
68	45.0626	54	-1.53468e+06	26.891	0.956632	199	1.21849	6.0789	4.3549	1.02949
69	44.6106	52	-1.53376e+06	26.8711	0.995211	180	1.21015	6.2416	4.38235	1.06303
70	44.5922	54	-1.53245e+06	27.1219	1.01994	199	1.20443	6.45935	4.307	1.03499
71	43.2823	55	-1.53168e+06	26.7945	1.04566	190	1.19853	6.07946	4.3275	1.06473
72	44.9812	54	-1.53127e+06	26.8425	1.07697	197	1.19324	6.54967	4.38235	0.957881
73	45.2056	53	-1.52944e+06	26.7808	1.11221	202	1.18411	6.71559	4.35244	0.984852
74	44.3278	54	-1.52947e+06	27.0495	1.13257	183	1.17977	5.92969	4.36535	1.08497
75	45.4939	53	-1.52849e+06	26.9405	1.16017	189	1.17807	6.32324	4.36318	0.962938
76	45.2295	53	-1.52829e+06	27.074	1.18528	203	1.17597	6.21343	4.37851	0.883974
77	44.733	54	-1.52772e+06	27.0284	1.2093	201	1.16864	5.82678	4.40282	1.0312
78	43.6319	52	-1.52699e+06	27.051	1.2375	203	1.16373	6.24403	4.42347	1.03033
79	43.1703	55	-1.52689e+06	27.0012	1.25464	198	1.16366	6.07033	4.4444	1.00599
80	43.8835	54	-1.52654e+06	26.9759	1.25839	202	1.16167	6.16626	4.41239	1.01309
81	44.7112	54	-1.5258e+06	27.2294	1.27411	205	1.15968	6.05502	4.31622	1.01139
82	44.2792	52	-1.52567e+06	27.1936	1.27625	190	1.15634	6.21591	4.43944	1.05402
83	45.7223	53	-1.52654e+06	27.1385	1.28371	187	1.15664	6.0993	4.48763	0.924452
84	45.4807	53	-1.52552e+06	27.0093	1.30614	184	1.15359	6.07763	4.41064	0.978316
85	45.6204	53	-1.5253e+06	27.0995	1.31163	205	1.15092	5.9923	4.45703	0.957026
86	45.044	53	-1.52522e+06	27.2792	1.30548	196	1.1498	6.37359	4.36328	0.878943
87	45.8473	53	-1.52431e+06	27.2931	1.32675	189	1.14627	6.45755	4.30544	1.00955
88	45.6579	53	-1.52485e+06	27.2725	1.34039	201	1.1461	6.05096	4.38064	1.0919
89	43.5975	53	-1.52423e+06	27.3473	1.35839	200	1.14373	6.347	4.45047	0.966679
90	42.8452	54	-1.52459e+06	27.4496	1.35776	204	1.14539	6.17717	4.33649	0.947305
91	44.0092	55	-1.52415e+06	27.4998	1.35312	200	1.14239	6.30698	4.38047	0.914135
92	43.8176	54	-1.52416e+06	27.4408	1.35367	205	1.14539	6.35856	4.44866	0.892878
93	43.4666	56	-1.52394e+06	27.2987	1.3512	221	1.14478	5.90832	4.3702	1.03209
94	43.2006	55	-1.52348e+06	27.4318	1.37427	212	1.13885	6.37661	4.50143	1.16236
95	43.5353	55	-1.52411e+06	27.4301	1.36583	199	1.14056	6.15751	4.45135	1.00466
96	43.735	55	-1.52376e+06	27.5059	1.35466	198	1.144	6.06118	4.42387	0.95709
97	44.1195	54	-1.52368e+06	27.2507	1.36428	205	1.14085	6.27852	4.41658	1.10798
98	43.0158	55	-1.52424e+06	27.341	1.35377	200	1.14251	6.00034	4.43446	1.1167
99	45.1579	53	-1.52485e+06	27.269	1.34768	186	1.14433	5.90978	4.46184	0.918719
100	45.0887	53	-1.52384e+06	27.268	1.35903	188	1.14417	5.90355	4.42845	1.06356
101	44.277	55	-1.52377e+06	27.261	1.35881	195	1.14344	6.01027	4.47001	1.09421
102	45.9968	53	-1.52364e+06	27.012	1.38501	190	1.14044	5.71761	4.47511	1.07388
103	45.8214	52	-1.52403e+06	27.1649	1.39038	189	1.14103	5.79197	4.37939	0.950231
104	44.9344	54	-1.52355e+06	27.3256	1.38414	189	1.14007	5.85534	4.51756	1.07095
105	44.1386	55	-1.52352e+06	27.5602	1.38998	210	1.13959	5.86648	4.39869	1.03212
106	43.0413	55	-1.52339e+06	27.4284	1.39182	214	1.13701	5.90402	4.40944	1.1227
107	43.6027	55	-1.52331e+06	27.3575	1.40358	207	1.13922	6.05303	4.37882	0.935272
108	43.7584	55	-1.52282e+06	27.2873	1.41989	196	1.13772	5.5215	4.4048	1.01048
109	43.9147	55	-1.52335e+06	27.2569	1.41957	198	1.13608	5.66496	4.46099	0.898914
110	43.391	54	-1.52379e+06	27.2275	1.41183	200	1.13829	5.95617	4.40581	0.952965
111	44.374	53	-1.52343e+06	27.2208	1.39841	196	1.13738	5.56464	4.39865	0.921879
112	44.5229	53	-1.52398e+06	27.2545	1.39008	199	1.14208	5.64177	4.46588	0.9423
113	43.684	53	-1.52377e+06	27.1374	1.37631	187	1.13977	5.75985	4.33288	0.971534
114	45.2065	53	-1.52372e+06	27.0663	1.38594	191	1.13799	5.69166	4.49757	0.970603
115	45.0723	52	-1.52361e+06	27.2598	1.38844	188	1.13709	5.9175	4.3514	0.931368
116	42.2847	53	-1.5225e+06	27.438	1.39304	214	1.13334	5.65821	4.45726	1.09791
117	42.6533	55	-1.5233e+06	27.4074	1.41062	213	1.13828	5.6911	4.46564	1.08109
118	42.969	55	-1.52319e+06	27.2847	1.39757	210	1.13697	5.66318	4.48101	1.03208
119	42.9922	55	-1.52331e+06	27.3448	1.39162	209	1.14064	5.97662	4.43918	1.03091
120	42.3225	55	-1.52345e+06	27.2204	1.38815	216	1.14293	5.78818	4.37106	1.03947
121	43.4663	54	-1.52336e+06	27.2713	1.38089	199	1.14187	5.55089	4.47359	0.979749
122	42.9741	56	-1.5236e+06	27.178	1.37674	198	1.14161	5.72862	4.43196	0.926342
123	45.1954	53	-1.5233e+06	27.4369	1.38052	194	1.13988	6.05928	4.48436	0.86523
124	45.5678	52	-1.52307e+06	27.4029	1.37402	200	1.14091	5.9064	4.48715	0.992059
125	44.4976	55	-1.52355e+06	27.1359	1.37686	201	1.13961	5.50692	4.45921	1.03479
126	44.428	54	-1.52408e+06	27.3269	1.35223	193	1.14163	5.92194	4.42786	0.986955
127	45.5272	53	-1.52335e+06	27.2889	1.36933	190	1.13882	5.86297	4.39311	1.06584
128	45.7753	53	-1.52272e+06	27.1844	1.38343	187	1.1368	5.83887	4.3182	1.0413
129	45.7132	53	-1.52367e+06	27.3198	1.36607	190	1.13944	5.75177	4.47011	0.938406
130	43.5216	55	-1.52256e+06	27.3592	1.36511	197	1.13481	5.60848	4.36753	0.928385
131	43.786	57	-1.52299e+06	27.5382	1.3693	212	1.1391	5.63964	4.39599	1.01287
132	44.3583	54	-1.52279e+06	27.3841	1.37173	196	1.13584	5.85642	4.35557	0.993144
133	46.3913	54	-1.52307e+06	27.5637	1.36427	197	1.13829	6.07171	4.44809	0.920028
134	44.8988	53	-1.52302e+06	27.6986	1.37003	195	1.13629	5.93462	4.42044	1.02042
135	45.5609	52	-1.52303e+06	27.6346	1.37034	190	1.1352	5.86115	4.41436	0.97092
136	43.3601	54	-1.52275e+06	27.6797	1.36418	203	1.13506	6.36289	4.38566	0.843004
137	42.8909	55	-1.52263e+06	27.7499	1.35331	194	1.13734	6.04874	4.4108	1.03251
138	42.5845	54	-1.52301e+06	27.5856	1.3648	210	1.13982	6.00595	4.34209	0.973781
139	44.8922	55	-1.5227e+06	27.4107	1.37765	206	1.13946	5.73215	4.43173	1.00238
140	43.9288	55	-1.52269e+06	27.4972	1.36537	213	1.13911	6.14942	4.3088	0.976796
141	44.1496	56	-1.52319e+06	27.4646	1.36546	216	1.14015	5.65264	4.39442	1.05191
142	43.1522	55	-1.52323e+06	27.4842	1.37252	200	1.13884	6.01595	4.37959	1.01289
143	42.6717	54	-1.52255e+06	27.4323	1.36712	207	1.13477	5.71282	4.35725	0.976438
144	43.3803	54	-1.52236e+06	27.6038	1.38272	196	1.13213	5.39302	4.45364	0.966667
145	43.1601	54	-1.52206e+06	27.7358	1.38471	202	1.13007	5.89385	4.54147	0.968397
146	45.0868	54	-1.52246e+06	27.6792	1.369	200	1.13489	5.78628	4.37967	0.857847
147	45.306	54	-1.52262e+06	27.6972	1.36878	193	1.13507	6.1002	4.48939	0.996834
148	43.8672	55	-1.5227e+06	27.7452	1.36269	189	1.13588	5.72165	4.47906	0.971479
149	43.8139	53	-1.5227e+06	27.6801	1.35568	199	1.13721	5.73107	4.46136	1.00213
150	43.8945	55	-1.52249e+06	27.7266	1.37018	200	1.13351	5.55854	4.4872	1.03313
151	44.4585	55	-1.52271e+06	27.6938	1.37237	201	1.13744	5.91038	4.45775	1.00754
152	43.8507	54	-1.52303e+06	27.608	1.36289	217	1.13695	5.76589	4.41874	0.89465
153	43.9758	55	-1.52284e+06	27.6217	1.38747	191	1.13387	5.76081	4.46188	0.873819
154	43.2063	52	-1.52277e+06	27.6007	1.38226	195	1.13778	5.9968	4.53647	1.07081
155	43.5115	53	-1.52281e+06	27.7043	1.37831	198	1.13736	5.81981	4.49308	0.893434
156	43.4904	55	-1.52241e+06	27.7721	1.36019	204	1.13588	6.02513	4.43467	1.00554
157	42.4515	55	-1.52232e+06	27.7925	1.36672	201	1.13645	5.69935	4.45398	0.940593
158	42.5376	55	-1.52242e+06	27.9181	1.38093	204	1.13617	5.82886	4.36437	0.915907
159	42.9647	56	-1.52188e+06	27.7994	1.37276	203	1.13342	5.74421	4.44741	1.05446
160	44.6226	56	-1.52147e+06	27.6363	1.38669	199	1.13118	5.84312	4.42413	1.04022
161	46.1359	55	-1.52208e+06	27.5323	1.37792	203	1.13368	5.67444	4.40391	1.0044
162	44.6574	56	-1.52228e+06	27.5878	1.36128	204	1.13432	5.44354	4.3675	1.12105
163	44.4581	55	-1.52257e+06	27.5254	1.36564	208	1.13742	5.48151	4.3927	1.02952
164	43.8018	55	-1.52275e+06	27.4564	1.355	212	1.13665	5.14794	4.41693	0.841895
165	44.1598	56	-1.52283e+06	27.8289	1.34459	195	1.13839	5.19404	4.5041	1.0663
166	44.2989	56	-1.52238e+06	27.8337	1.33058	217	1.13852	5.36538	4.40588	0.922904
167	44.9868	56	-1.52171e+06	27.7971	1.35619	215	1.13584	5.43818	4.35422	0.909065
168	45.0828	53	-1.52246e+06	27.8965	1.34793	234	1.1369	5.43245	4.46017	0.955917
169	45.8514	55	-1.52287e+06	27.8961	1.3455	211	1.13893	5.57062	4.40488	1.03936
170	45.0157	56	-1.5225e+06	28.039	1.34389	207	1.13879	5.49994	4.48109	0.957589
171	44.3229	56	-1.52275e+06	27.8173	1.34	207	1.13712	5.28856	4.46458	1.04954
172	44.4949	55	-1.52254e+06	27.6965	1.33669	223	1.13989	5.52358	4.37881	0.9566
173	44.0321	55	-1.52258e+06	27.5301	1.33962	208	1.13923	5.26108	4.42267	1.09518
174	42.9919	56	-1.52335e+06	27.5757	1.33137	198	1.1432	5.55027	4.44394	1.05046
175	42.8552	55	-1.52406e+06	27.3837	1.32495	199	1.14412	5.36171	4.4165	1.03827
176	43.9622	55	-1.52377e+06	27.3754	1.33016	215	1.14208	5.63351	4.46561	1.03928
177	43.7618	55	-1.52294e+06	27.4158	1.34829	213	1.13978	5.43451	4.48046	1.01766
178	42.8304	54	-1.52327e+06	27.4087	1.34602	200	1.13852	5.66548	4.46219	1.07107
179	43.7995	55	-1.52352e+06	27.4006	1.34961	208	1.13802	5.34142	4.50556	0.987675
180	43.9972	56	-1.52341e+06	27.299	1.3464	212	1.13703	5.21463	4.55185	0.924574
181	42.914	56	-1.523e+06	27.4339	1.34322	197	1.13767	5.4857	4.54265	1.00551
182	44.7196	54	-1.5228e+06	27.5811	1.37361	194	1.13562	5.45796	4.43504	1.04588
183	44.43	54	-1.52256e+06	27.8	1.3774	189	1.13364	5.26214	4.46442	0.956329
184	43.6721	52	-1.52292e+06	27.6053	1.36825	198	1.13932	5.746	4.43446	0.882128
185	45.8567	56	-1.52268e+06	27.4174	1.35388	201	1.13813	5.21382	4.347	1.16873
186	44.9159	54	-1.52294e+06	27.3902	1.34437	201	1.14015	5.35709	4.42297	0.928673
187	43.2396	53	-1.52308e+06	27.3689	1.35729	198	1.13921	5.61192	4.41185	0.877837
188	46.1173	53	-1.52304e+06	27.3567	1.36336	185	1.13987	5.72876	4.42294	0.999019
189	46.6163	55	-1.523e+06	27.2682	1.35582	189	1.13926	5.27629	4.40819	0.977491
190	45.1832	53	-1.52378e+06	27.2284	1.35884	184	1.14161	5.52485	4.47107	0.989925
191	44.9767	53	-1.52351e+06	27.2845	1.34739	186	1.14183	5.34098	4.42222	0.93295
192	44.6388	54	-1.52293e+06	27.3641	1.35229	202	1.13913	5.63365	4.36131	1.10188
193	45.1007	53	-1.52243e+06	27.3605	1.35212	189	1.13596	5.32528	4.49188	0.981433
194	44.9692	54	-1.52219e+06	27.3081	1.34849	192	1.13539	5.7717	4.38297	0.964711
195	45.1148	53	-1.52271e+06	27.475	1.34647	191	1.1378	5.94113	4.54039	1.01877
196	44.7559	52	-1.52254e+06	27.2396	1.36057	196	1.13574	5.57912	4.37979	0.945912
197	45.2036	54	-1.52167e+06	27.5389	1.36805	185	1.13421	5.83056	4.46447	1.05107
198	44.6108	53	-1.52207e+06	27.553	1.36699	210	1.13414	5.31659	4.40427	1.00245
199	43.7716	55	-1.52292e+06	27.536	1.35763	200	1.13532	5.88789	4.45124	1.09
200	43.3993	54	-1.52233e+06	27.6821	1.35811	215	1.13501	5.83821	4.39087	1.05104
201	42.5304	54	-1.52264e+06	27.6668	1.33297	196	1.13744	5.51414	4.42475	1.00276
202	44.3111	55	-1.52256e+06	27.6823	1.32906	192	1.13842	5.54217	4.4061	0.905412
203	45.3345	53	-1.52268e+06	27.7452	1.3376	193	1.13649	5.4234	4.50008	1.03476
204	45.3237	53	-1.52221e+06	27.923	1.32092	192	1.13627	5.52937	4.53172	0.996118
205	44.3398	54	-1.52228e+06	27.7951	1.33837	181	1.13383	5.26046	4.46132	1.01633
206	45.3177	53	-1.52221e+06	28.0348	1.34858	186	1.13359	5.59014	4.46923	0.959835
207	44.7138	54	-1.52182e+06	27.8257	1.36076	211	1.13362	5.44959	4.43395	0.958212
208	43.9992	55	-1.52279e+06	27.7698	1.34885	209	1.13577	5.37179	4.45146	1.00837
209	43.4175	55	-1.52251e+06	27.6794	1.35827	206	1.1367	5.10167	4.41646	0.937521
210	43.0772	56	-1.5223e+06	27.783	1.36757	187	1.1322	4.91703	4.45831	1.02353
211	43.6428	54	-1.52245e+06	27.6827	1.36928	196	1.13456	5.61671	4.5093	1.02551
212	43.0634	54	-1.52253e+06	27.5654	1.36188	202	1.13426	5.43227	4.49541	0.94192
213	43.7893	55	-1.52249e+06	27.515	1.37118	217	1.13421	5.41964	4.41231	1.00623
214	43.1256	54	-1.52184e+06	27.765	1.36975	209	1.13513	5.43549	4.46251	1.0448
215	43.737	55	-1.5222e+06	27.4805	1.36856	214	1.13398	5.20898	4.409	1.08204
216	41.6509	54	-1.52201e+06	27.4436	1.37284	198	1.1319	5.35235	4.50794	0.953258
217	42.5248	55	-1.52157e+06	27.4872	1.38176	201	1.12924	4.8902	4.46238	1.07118
218	42.4937	53	-1.52225e+06	27.615	1.38969	204	1.13179	4.8966	4.37425	0.976555
219	43.0167	55	-1.52161e+06	27.6449	1.3662	202	1.13209	5.14331	4.47744	0.882369
220	43.1499	54	-1.52192e+06	27.7683	1.37824	194	1.13145	5.08092	4.50289	1.11213
221	42.651	55	-1.52191e+06	27.9763	1.36821	197	1.13204	5.07008	4.45469	0.997186
222	44.886	54	-1.52173e+06	27.7794	1.36667	195	1.13254	5.63768	4.47504	1.00716
223	44.4422	54	-1.52234e+06	27.427	1.36484	207	1.13172	5.21293	4.4937	1.08138
224	43.0853	56	-1.52247e+06	27.4681	1.36611	205	1.13469	5.72978	4.3831	0.953759
225	43.532	54	-1.52199e+06	27.6741	1.36322	194	1.13517	5.52682	4.42984	0.969532
226	43.4886	56	-1.52187e+06	27.5868	1.37385	219	1.13	4.73928	4.63072	0.987001
227	43.0648	55	-1.52241e+06	27.4862	1.36055	207	1.13258	5.3043	4.51584	0.954313
228	43.8983	54	-1.52187e+06	27.4936	1.36687	190	1.13106	4.93384	4.45869	0.932414
229	44.5499	55	-1.52262e+06	27.75	1.35104	207	1.13452	5.53159	4.39863	0.932773
230	44.1232	56	-1.52239e+06	27.6383	1.35055	196	1.13455	4.74922	4.42	1.03809
231	43.4664	56	-1.52241e+06	27.7409	1.35663	200	1.13328	5.55712	4.44454	0.893036
232	44.7912	55	-1.52275e+06	27.6752	1.35291	198	1.13644	5.45355	4.49435	1.02287
233	45.4307	54	-1.52223e+06	27.7241	1.34741	192	1.13412	5.40458	4.49545	0.943592
234	44.4214	56	-1.52226e+06	27.6738	1.3538	208	1.13391	5.39134	4.50706	1.03239
235	44.3392	56	-1.52262e+06	27.6669	1.34603	224	1.13685	5.4609	4.47905	1.01965
236	44.3943	55	-1.52225e+06	27.8776	1.32052	209	1.13577	5.47645	4.4891	0.951563
237	44.7681	55	-1.5225e+06	27.8278	1.31635	210	1.13747	5.56626	4.44629	1.05228
238	44.3954	56	-1.52255e+06	27.8428	1.32447	214	1.1381	5.71174	4.40299	1.11252
239	43.1495	55	-1.5224e+06	27.9839	1.3224	212	1.13807	5.67901	4.46521	0.961264
240	45.751	54	-1.52253e+06	27.9538	1.34569	239	1.13676	5.443	4.52698	0.938819
241	45.2065	54	-1.5217e+06	27.9064	1.35404	228	1.1347	5.38961	4.50571	0.958373
242	44.8066	55	-1.522e+06	28.0469	1.33065	209	1.13594	5.36367	4.38841	1.01906
243	44.1758	56	-1.52149e+06	28.0905	1.35441	216	1.13256	5.28942	4.3686	1.03051
244	43.3942	55	-1.52151e+06	27.9458	1.35481	208	1.13127	5.41311	4.47493	0.997585
245	43.1879	55	-1.52174e+06	27.9495	1.35882	199	1.1308	5.58217	4.42096	0.98747
246	44.5849	55	-1.52186e+06	27.8644	1.37013	212	1.13147	5.55791	4.56821	1.00005
247	43.6523	56	-1.52242e+06	27.6341	1.36236	209	1.13511	5.50884	4.4327	1.05112
248	43.3468	55	-1.52241e+06	27.7333	1.37128	198	1.12994	5.40609	4.54146	1.07524
249	43.7865	56	-1.52117e+06	27.6749	1.38587	199	1.13096	5.50097	4.50798	0.922926
250	43.0908	55	-1.52144e+06	27.8	1.37719	204	1.13344	4.98963	4.40078	0.987051
251	44.0488	56	-1.52158e+06	27.9248	1.36255	204	1.13046	5.5303	4.50274	1.00286
252	44.1222	56	-1.52102e+06	28.1271	1.36037	202	1.13052	5.49993	4.41834	1.08358
253	43.9258	56	-1.52122e+06	27.8511	1.36541	204	1.13041	5.34801	4.47451	0.999796
254	44.3078	55	-1.52204e+06	27.797	1.34774	195	1.1339	5.331	4.47455	0.942306
255	44.2047	54	-1.52218e+06	27.7331	1.3469	212	1.13318	5.41652	4.42572	1.0424
256	43.9529	56	-1.5219e+06	27.9899	1.34312	203	1.13116	5.71881	4.46979	0.915385
257	42.0309	55	-1.52151e+06	27.8095	1.35837	205	1.13033	5.70378	4.47981	1.01437
258	44.3193	56	-1.5221e+06	27.5789	1.35509	203	1.13511	5.7325	4.49594	0.916416
259	44.1657	55	-1.5222e+06	27.8086	1.33505	222	1.1369	5.39912	4.43326	1.0031
260	44.3236	54	-1.52163e+06	27.6546	1.34951	222	1.13348	5.67479	4.44826	0.965216
261	44.4883	55	-1.52159e+06	27.6872	1.36348	226	1.13426	5.11207	4.41619	1.03903
262	44.7523	53	-1.52292e+06	27.7193	1.35062	228	1.13672	5.65257	4.49459	1.11687
263	43.5039	55	-1.52199e+06	27.6031	1.35555	211	1.1353	5.33081	4.49807	1.0424
264	44.0163	55	-1.5221e+06	27.6054	1.36222	214	1.1376	5.1063	4.43952	1.0935
265	44.6135	54	-1.5216e+06	27.6771	1.35486	228	1.13345	5.55616	4.42999	1.00422
266	45.1195	53	-1.52158e+06	27.7218	1.36787	242	1.1339	5.36613	4.46258	0.979776
267	44.3908	54	-1.52166e+06	27.8311	1.36183	217	1.13267	5.67106	4.45981	0.949765
268	44.6651	55	-1.52135e+06	27.5869	1.3705	220	1.13124	5.68904	4.38158	1.04166
269	44.5063	54	-1.52134e+06	27.6952	1.36372	230	1.13265	5.66921	4.46861	1.07406
270	44.5132	54	-1.52204e+06	27.7905	1.34464	225	1.133	6.1136	4.46689	1.02851
271	45.1256	54	-1.52152e+06	27.7326	1.34779	224	1.13174	5.52628	4.49683	1.145
272	45.5152	54	-1.52152e+06	27.624	1.36658	233	1.13032	5.7211	4.45609	1.13693
273	45.465	54	-1.52185e+06	27.5596	1.37808	241	1.13026	5.74504	4.38338	1.06924
274	44.5948	54	-1.52229e+06	27.7177	1.37462	214	1.13014	5.17115	4.47744	1.0092
275	42.75	54	-1.52195e+06	27.7423	1.38737	221	1.13177	5.54478	4.44522	0.87856
276	43.3121	56	-1.52211e+06	27.4916	1.39833	208	1.1312	5.40428	4.50541	0.947352
277	44.7694	56	-1.52272e+06	27.2986	1.38713	217	1.13488	5.82378	4.44606	1.00596
278	42.6557	55	-1.52285e+06	27.3966	1.37261	210	1.1364	5.15795	4.45849	1.09634
279	43.3605	56	-1.52318e+06	27.3603	1.3653	205	1.13703	5.82503	4.52375	0.983352
280	41.95	55	-1.5229e+06	27.2816	1.38083	207	1.1379	5.66533	4.5416	1.05319
281	44.1161	55	-1.52257e+06	27.3803	1.35377	219	1.13681	5.7359	4.52209	0.944754
282	43.6477	55	-1.52359e+06	27.446	1.33807	212	1.14023	5.75157	4.4702	0.997135
283	43.2065	55	-1.52283e+06	27.4115	1.34132	212	1.13651	5.14528	4.48399	1.08122
284	42.7491	55	-1.52306e+06	27.3465	1.34549	216	1.13698	5.2219	4.4223	0.978219
285	42.4687	55	-1.52232e+06	27.4503	1.37032	226	1.13752	5.61464	4.3761	0.997284
286	43.6554	55	-1.52286e+06	27.289	1.36004	222	1.13761	5.59762	4.48349	1.10508
287	41.4492	54	-1.52299e+06	27.2946	1.36283	199	1.13669	5.21638	4.5932	1.01165
288	43.7056	55	-1.5227e+06	27.406	1.34464	207	1.13679	5.34618	4.50608	1.07096
289	43.1508	54	-1.52272e+06	27.3444	1.34532	202	1.13639	5.54604	4.45692	0.898759
290	44.7055	54	-1.52259e+06	27.5516	1.33487	197	1.13784	5.19255	4.50302	0.974567
291	42.1045	54	-1.52271e+06	27.4264	1.35083	202	1.13633	5.43776	4.45814	1.01388
292	42.8893	54	-1.52219e+06	27.3929	1.35358	205	1.13482	5.2472	4.43272	0.912781
293	44.4239	54	-1.52241e+06	27.2766	1.36576	202	1.13502	5.66182	4.58522	0.989492
294	43.4493	56	-1.52217e+06	27.2516	1.36164	204	1.13491	5.42367	4.43135	1.02652
295	43.2024	56	-1.52212e+06	27.4924	1.36928	205	1.13098	5.25348	4.54537	1.15122
296	43.3112	56	-1.52148e+06	27.459	1.386	203	1.12909	5.24812	4.53561	0.980787
297	43.7912	55	-1.52274e+06	27.5278	1.37173	209	1.13355	5.52926	4.52732	1.16601
298	44.2405	54	-1.5225e+06	27.7155	1.35465	195	1.13321	5.28659	4.53997	0.905882
299	45.0719	53	-1.52182e+06	27.6612	1.3662	187	1.12917	5.44857	4.47325	1.0262
300	45.031	54	-1.522e+06	27.8534	1.35724	199	1.13213	4.92326	4.51389	1.10672
301	43.6979	55	-1.52133e+06	27.9439	1.37607	203	1.13112	5.74674	4.50472	1.01969
302	43.8815	54	-1.52178e+06	27.778	1.37083	200	1.13043	5.37664	4.47806	0.995683
303	43.2672	54	-1.52133e+06	27.8206	1.38079	199	1.12942	5.61522	4.57533	1.07689
304	44.4303	54	-1.52175e+06	27.6653	1.39077	193	1.1295	5.31875	4.51781	1.01725
305	42.8293	53	-1.52237e+06	27.7022	1.39696	197	1.13303	5.88599	4.45933	0.952694
306	43.2363	52	-1.52154e+06	27.8798	1.37548	207	1.13085	5.69599	4.45192	1.00197
307	44.3388	54	-1.52205e+06	27.6561	1.37595	194	1.13252	5.41921	4.48715	1.05785
308	43.8477	54	-1.52228e+06	27.6254	1.39044	209	1.13287	5.09653	4.52503	0.990574
309	43.8375	55	-1.52197e+06	27.6844	1.38159	215	1.13259	5.26966	4.43062	0.953489
310	43.5844	54	-1.52141e+06	27.6701	1.38168	194	1.1307	5.41623	4.48908	1.01539
311	45.1828	53	-1.52216e+06	27.4578	1.3899	192	1.13153	5.3479	4.46994	1.06636
312	44.5401	54	-1.52158e+06	27.3981	1.39572	201	1.13019	5.36194	4.39743	0.899801
313	45.5372	53	-1.52196e+06	27.4103	1.37763	190	1.13118	5.51871	4.4736	0.955883
314	45.6584	54	-1.52243e+06	27.4909	1.36986	187	1.13262	5.32863	4.51032	0.987736
315	44.803	54	-1.52265e+06	27.3979	1.37249	178	1.13747	5.44951	4.38453	1.03908
316	45.6379	53	-1.52251e+06	27.4188	1.37383	186	1.13525	5.35387	4.42129	0.909212
317	45.8071	53	-1.52261e+06	27.5319	1.38929	188	1.13354	5.43929	4.55008	1.03866
318	44.9219	54	-1.52199e+06	27.5463	1.37935	202	1.13262	5.52891	4.44509	1.10461
319	44.6046	55	-1.52226e+06	27.595	1.37629	203	1.13395	5.18356	4.46335	1.02948
320	43.3828	54	-1.52245e+06	27.2958	1.37696	198	1.13361	5.52119	4.41968	0.979855
321	43.658	55	-1.52214e+06	27.4871	1.38123	210	1.13588	5.42982	4.49268	0.891841
322	43.7497	55	-1.52253e+06	27.7056	1.35631	202	1.13586	5.38083	4.51946	1.04486
323	44.5534	55	-1.52247e+06	27.8022	1.37499	200	1.13515	5.39357	4.44601	1.16083
324	43.8033	56	-1.52266e+06	27.6433	1.37023	210	1.13413	5.77898	4.416	0.9386
325	45.0578	55	-1.52209e+06	27.5242	1.38064	183	1.13394	5.60556	4.45399	0.984579
326	44.1931	53	-1.5219e+06	27.4671	1.3847	198	1.13392	5.55853	4.56711	1.0605
327	42.9908	55	-1.52212e+06	27.417	1.37088	200	1.13398	5.28692	4.42757	0.995271
328	44.2344	54	-1.52113e+06	27.4948	1.37102	213	1.13048	5.19582	4.482	1.02086
329	43.8719	56	-1.52172e+06	27.6448	1.35903	212	1.13503	5.38017	4.41411	1.02416
330	42.929	55	-1.52155e+06	27.7009	1.36585	199	1.13149	5.44201	4.44242	1.01427
331	45.6397	53	-1.52152e+06	27.7955	1.3711	191	1.13423	5.11616	4.49249	1.02457
332	45.353	53	-1.52149e+06	27.5222	1.37688	196	1.13115	5.22294	4.47222	1.01686
333	44.9231	54	-1.52122e+06	27.6011	1.39101	213	1.12955	5.52445	4.55648	0.911527
334	43.6111	56	-1.52128e+06	27.7435	1.38342	211	1.13005	5.5962	4.41916	0.946118
335	43.6355	56	-1.52141e+06	27.6573	1.37737	207	1.12898	5.72133	4.54354	0.973278
336	44.7828	54	-1.52111e+06	27.8705	1.38979	211	1.12651	5.65747	4.34277	1.03837
337	43.4082	56	-1.52128e+06	28.0058	1.37268	204	1.12672	5.38097	4.3966	1.05013
338	43.1791	56	-1.52164e+06	28.018	1.37276	218	1.12938	5.55654	4.37952	1.05037
339	43.2327	55	-1.52109e+06	27.6479	1.38468	197	1.12811	5.21711	4.45356	0.938066
340	43.0899	55	-1.5217e+06	27.7875	1.37756	198	1.13288	5.52407	4.52943	1.05256
341	45.4196	54	-1.52229e+06	27.6339	1.36369	194	1.13208	5.46477	4.55847	1.04499
342	45.4971	53	-1.52246e+06	27.6109	1.34762	190	1.13553	5.57403	4.48767	1.13585
343	45.442	53	-1.52281e+06	27.6699	1.34307	187	1.13504	5.17925	4.4701	0.92678
344	44.4611	54	-1.52183e+06	27.6851	1.35752	204	1.13415	5.32177	4.31388	1.05428
345	43.7184	54	-1.52164e+06	27.6148	1.36858	200	1.13254	5.59308	4.42777	1.0581
346	42.8906	55	-1.52225e+06	27.3513	1.38229	189	1.13585	5.18734	4.54795	1.03244
347	44.5953	54	-1.52245e+06	27.4163	1.36928	200	1.13641	5.1074	4.50931	1.10799
348	43.696	56	-1.52183e+06	27.4732	1.37507	207	1.13524	5.37813	4.4729	0.983279
349	43.0227	56	-1.52205e+06	27.5692	1.37237	201	1.13529	5.12803	4.52967	1.04718
350	42.4569	55	-1.52263e+06	27.4159	1.37857	211	1.13502	5.73064	4.41043	0.968857
351	43.1896	55	-1.52278e+06	27.4569	1.35285	209	1.13597	5.36653	4.48363	0.995173
352	42.5305	55	-1.52206e+06	27.7593	1.35983	207	1.13501	5.05332	4.38569	1.15248
353	42.7693	54	-1.52228e+06	27.6744	1.35445	202	1.13618	4.88366	4.40609	0.877814
354	42.923	55	-1.52262e+06	27.5092	1.34989	220	1.13641	5.44818	4.43024	1.03365
355	42.8581	55	-1.52233e+06	27.4291	1.36491	207	1.1358	5.11601	4.39038	0.985525
356	42.7691	55	-1.52213e+06	27.477	1.35276	223	1.13814	5.26144	4.44011	1.0849
357	42.0729	53	-1.52261e+06	27.5354	1.33065	202	1.14059	5.191	4.41547	0.983053
358	43.8207	54	-1.52319e+06	27.4261	1.33763	212	1.14096	5.16197	4.53875	0.985703
359	43.2788	54	-1.52347e+06	27.4174	1.34855	213	1.1418	5.35836	4.45986	0.839907
360	44.0098	53	-1.52313e+06	27.0844	1.37056	191	1.13745	5.19138	4.53307	0.894153
361	43.1243	53	-1.52331e+06	27.1495	1.37852	207	1.14055	5.28116	4.53411	1.03141
362	43.7497	54	-1.52287e+06	27.0805	1.37252	195	1.13773	5.1596	4.50284	0.89729
363	43.0717	53	-1.52311e+06	27.3487	1.35024	192	1.13997	5.46003	4.45866	1.14765
364	43.0897	54	-1.52285e+06	27.1469	1.34278	215	1.13938	5.57944	4.49236	1.0554
365	42.2523	55	-1.52268e+06	27.3991	1.34588	221	1.13868	5.37831	4.48785	0.888133
366	42.5962	55	-1.52271e+06	27.3191	1.33969	202	1.13731	5.26367	4.51954	0.982221
367	42.6771	53	-1.52266e+06	27.5466	1.35272	214	1.13756	5.218	4.49774	1.02947
368	42.1662	55	-1.52313e+06	27.7533	1.31756	204	1.13961	5.19474	4.47003	0.997287
369	41.6194	55	-1.52249e+06	27.7031	1.32445	198	1.13823	5.22699	4.43621	0.981844
370	43.7845	54	-1.52265e+06	27.6056	1.33408	186	1.141	5.11997	4.43028	0.95027
371	43.2635	54	-1.52323e+06	27.4738	1.31522	202	1.14319	5.05878	4.40723	1.05815
372	42.6033	54	-1.52286e+06	27.6727	1.33407	195	1.14029	4.94326	4.45264	1.17041
373	43.2683	55	-1.52267e+06	27.561	1.33982	204	1.13834	4.82856	4.44245	1.01491
374	42.7393	55	-1.52284e+06	27.6958	1.32933	210	1.13931	4.9297	4.42744	1.06255
375	43.072	55	-1.52252e+06	27.7001	1.32705	203	1.13673	5.20978	4.49672	1.12399
376	42.6999	55	-1.52329e+06	27.6312	1.33092	211	1.14257	4.88538	4.43165	1.0075
377	43.3501	54	-1.5225e+06	27.6476	1.34418	191	1.13718	4.92772	4.5508	0.967048
378	43.072	54	-1.5229e+06	27.6743	1.35445	203	1.13815	5.24995	4.43384	1.11758
379	42.0902	54	-1.52208e+06	27.5112	1.35423	196	1.13573	5.02618	4.47642	0.904391
380	43.8323	55	-1.52159e+06	27.5133	1.36304	190	1.1356	4.96588	4.53474	0.828652
381	44.1793	54	-1.52154e+06	27.7697	1.35701	199	1.13391	4.91846	4.46161	1.04003
382	43.3063	56	-1.52171e+06	27.9474	1.36372	217	1.13153	5.2279	4.51188	0.903925
383	42.2347	54	-1.522e+06	27.723	1.35528	217	1.13228	5.38122	4.50958	0.958019
384	43.7176	55	-1.52108e+06	27.9353	1.35336	232	1.13258	5.27582	4.62338	1.06698
385	43.733	53	-1.52146e+06	27.899	1.35478	223	1.13575	4.88354	4.49337	1.04786
386	43.7887	55	-1.52177e+06	27.7237	1.34812	210	1.13524	4.93632	4.46986	0.965737
387	43.173	55	-1.52171e+06	27.6749	1.3476	202	1.13569	4.67386	4.52617	0.879488
388	43.2885	55	-1.52245e+06	27.6268	1.34766	193	1.13796	5.11657	4.53977	0.928406
389	44.3773	54	-1.52238e+06	27.5969	1.34719	199	1.13628	5.00406	4.51663	0.845724
390	44.1574	54	-1.52172e+06	27.4914	1.36494	201	1.13468	4.93478	4.57636	0.941439
391	43.0877	54	-1.52215e+06	27.6423	1.36233	197	1.1368	4.65165	4.56786	1.07744
392	43.0294	56	-1.52166e+06	27.6928	1.36366	210	1.13568	4.95708	4.45709	0.92252
393	42.4111	54	-1.52118e+06	27.5658	1.36399	209	1.1331	5.35838	4.47915	0.946308
394	42.5338	56	-1.52175e+06	27.5698	1.3711	205	1.13455	4.91822	4.49356	1.01905
395	42.1751	54	-1.52164e+06	27.559	1.35934	212	1.13422	5.20889	4.54199	0.955271
396	43.0944	55	-1.52214e+06	27.5667	1.35051	221	1.13682	5.06084	4.42437	1.04544
397	44.1819	53	-1.52218e+06	27.6976	1.35306	226	1.13831	5.61504	4.50412	0.904729
398	43.8893	55	-1.52216e+06	27.758	1.34327	212	1.13702	5.6013	4.49384	1.11856
399	43.7324	55	-1.52272e+06	27.4402	1.32251	223	1.13692	4.99691	4.47033	0.830039
400	42.5735	54	-1.52202e+06	27.6344	1.33502	207	1.1362	5.56254	4.5173	0.956769
401	42.292	54	-1.5225e+06	27.7387	1.3277	207	1.13733	5.10234	4.53469	0.973698
402	43.331	55	-1.52198e+06	27.5037	1.34201	212	1.13681	5.23208	4.56807	0.997405
403	43.3858	54	-1.52233e+06	27.6394	1.34629	217	1.13811	5.33229	4.50764	0.949717
404	43.8354	55	-1.52253e+06	27.5727	1.35898	226	1.1375	5.01808	4.48096	0.90784
405	43.5416	54	-1.5223e+06	27.5427	1.3547	214	1.13545	4.9613	4.53909	0.976643
406	44.1292	55	-1.52187e+06	27.4899	1.36706	213	1.13567	5.08111	4.41085	0.99043
407	43.142	55	-1.52198e+06	27.3136	1.37005	218	1.13376	5.17727	4.50625	0.815969
408	43.574	55	-1.52206e+06	27.3611	1.38224	201	1.13197	5.21745	4.5012	0.909981
409	43.6443	55	-1.52185e+06	27.2694	1.37356	213	1.13116	5.21997	4.44578	1.12649
410	43.3775	54	-1.52191e+06	27.2686	1.38927	218	1.13193	5.10072	4.50592	0.930166
411	43.243	54	-1.52165e+06	27.378	1.38489	218	1.13189	5.29926	4.50769	0.939837
412	43.8749	55	-1.52135e+06	27.5231	1.40103	235	1.13058	5.20881	4.43417	1.00067
413	44.2798	54	-1.52162e+06	27.341	1.39201	217	1.12953	5.14275	4.44604	1.08135
414	43.9858	55	-1.52151e+06	27.4495	1.39236	214	1.1312	5.01737	4.46165	1.03954
415	43.8642	54	-1.52118e+06	27.3993	1.41037	208	1.12742	5.35794	4.52568	0.963119
416	42.9591	55	-1.52143e+06	27.5939	1.41307	208	1.12795	5.07219	4.45279	0.999365
417	43.8096	54	-1.52127e+06	27.6343	1.41197	196	1.12705	4.96359	4.47597	1.04766
418	44.6881	53	-1.52111e+06	27.8065	1.39678	212	1.12706	5.09278	4.39957	1.0873
419	43.8461	55	-1.52119e+06	27.9443	1.41159	213	1.12811	4.65273	4.43865	1.01541
420	44.0162	54	-1.52064e+06	27.9784	1.38823	201	1.12705	4.56063	4.53879	1.03273
421	42.7465	55	-1.52071e+06	27.9335	1.37524	214	1.12843	4.95497	4.51269	1.10359
422	42.7384	55	-1.52189e+06	27.9376	1.3548	207	1.13117	5.26672	4.40101	1.01758
423	42.1406	56	-1.52151e+06	28.0093	1.35725	202	1.13186	4.62925	4.52893	0.988454
424	44.1313	54	-1.5211e+06	27.851	1.37328	179	1.12866	5.08013	4.51964	0.973458
425	44.9293	53	-1.52167e+06	27.7481	1.38509	192	1.12816	5.09189	4.52403	0.87663
426	43.3514	52	-1.52142e+06	27.7917	1.39081	182	1.12606	4.98145	4.62188	0.935767
427	43.6912	53	-1.52126e+06	27.8946	1.40298	188	1.12595	5.21537	4.51047	1.12734
428	43.6927	52	-1.52148e+06	27.6201	1.42678	197	1.12804	4.7866	4.54642	0.879989
429	43.8865	53	-1.52082e+06	27.6299	1.42275	191	1.12479	5.17286	4.46754	0.916797
430	44.2597	53	-1.52129e+06	27.5856	1.40389	196	1.12759	5.26776	4.43219	0.932322
431	42.6087	54	-1.52178e+06	27.7317	1.39187	206	1.12955	5.03541	4.44487	0.981902
432	42.6307	55	-1.5219e+06	27.5784	1.38057	215	1.13222	4.85629	4.51421	0.987998
433	41.8449	54	-1.52191e+06	27.6061	1.37197	208	1.13149	5.51046	4.45925	0.985175
434	42.5115	56	-1.52162e+06	27.5382	1.38925	206	1.13184	5.44767	4.461	0.956906
435	42.9493	55	-1.52114e+06	27.7629	1.37554	207	1.12881	4.91915	4.51195	1.03129
436	42.336	54	-1.52158e+06	27.8012	1.38565	206	1.12722	4.93897	4.46664	1.10656
437	42.8286	55	-1.52166e+06	27.7816	1.39116	194	1.12934	5.25267	4.44631	1.07813
438	43.7309	53	-1.52189e+06	27.5646	1.38131	195	1.13163	5.07711	4.50735	0.842461
439	43.9024	54	-1.52219e+06	27.4789	1.37651	206	1.13128	5.55275	4.6042	0.995047
440	43.1572	55	-1.52147e+06	27.4507	1.38331	199	1.13143	4.90367	4.52307	0.995451
441	43.0293	55	-1.52188e+06	27.3127	1.38348	216	1.13308	5.31301	4.47639	0.920541
442	42.7489	56	-1.5219e+06	27.3029	1.3958	210	1.13267	4.92196	4.42926	1.14909
443	42.8013	55	-1.52167e+06	27.4315	1.40252	205	1.13046	5.16996	4.5436	0.954838
444	42.9818	55	-1.52152e+06	27.6509	1.39093	205	1.13274	5.10651	4.63983	1.21267
445	41.6463	54	-1.52158e+06	27.3194	1.3979	200	1.13181	4.8824	4.50443	0.971089
446	43.0848	53	-1.52167e+06	27.4058	1.40066	212	1.13385	5.05532	4.53305	1.02917
447	42.5036	54	-1.5216e+06	27.6202	1.3847	222	1.13038	5.37682	4.4581	0.878534
448	43.5707	54	-1.52171e+06	27.597	1.36965	228	1.13139	5.14754	4.43435	1.07381
449	43.2477	54	-1.52108e+06	27.6623	1.36719	214	1.1306	5.13455	4.42388	1.0043
450	43.2374	55	-1.5217e+06	27.7865	1.3629	230	1.13134	5.07955	4.48103	0.99609
451	43.4871	54	-1.52156e+06	27.4806	1.36381	224	1.13212	4.88238	4.45808	1.04801
452	43.3619	55	-1.52188e+06	27.6424	1.38011	215	1.13221	5.33011	4.47486	1.02627
453	42.9116	53	-1.521e+06	27.4838	1.37788	216	1.12886	4.73395	4.46206	0.849393
454	42.9544	55	-1.52143e+06	27.6139	1.36952	206	1.12965	5.06667	4.50023	1.06083
455	42.601	55	-1.52144e+06	27.5912	1.38102	208	1.12847	4.93152	4.4799	0.888301
456	42.8431	55	-1.52087e+06	27.5256	1.38944	205	1.12696	5.2758	4.4574	0.972066
457	43.5215	54	-1.52102e+06	27.352	1.38507	237	1.12771	4.95431	4.50387	0.981591
458	43.5098	54	-1.52148e+06	27.6856	1.39228	219	1.12785	5.02839	4.50083	0.955829
459	43.307	55	-1.52109e+06	27.7454	1.3944	210	1.12887	5.30679	4.55535	1.02244
460	43.4801	55	-1.52132e+06	27.7532	1.39833	203	1.1289	5.42228	4.5039	0.875417
461	43.3885	55	-1.52129e+06	27.6613	1.37175	206	1.12749	4.97851	4.52627	1.07228
462	43.3665	54	-1.52145e+06	27.7483	1.3874	195	1.12896	5.10441	4.48608	1.10858
463	44.621	53	-1.52148e+06	27.5845	1.37752	198	1.13146	4.80549	4.52619	1.02285
464	42.1891	55	-1.52157e+06	27.6662	1.36599	198	1.1308	5.08892	4.46042	1.1353
465	42.5734	55	-1.52213e+06	27.4513	1.37536	194	1.13169	5.19071	4.50493	1.04746
466	42.4623	56	-1.52167e+06	27.5569	1.38189	215	1.13101	4.9139	4.54643	0.956115
467	42.6744	55	-1.5214e+06	27.6019	1.38308	219	1.12994	5.00197	4.56956	0.97605
468	42.3438	56	-1.5218e+06	27.6594	1.37124	209	1.13203	5.16574	4.49962	0.961477
469	42.5191	55	-1.52125e+06	27.6875	1.38859	203	1.12627	4.91555	4.53693	0.99936
470	41.5072	55	-1.5217e+06	27.7832	1.38669	202	1.13017	4.98585	4.51029	0.852443
471	42.1873	55	-1.52167e+06	27.682	1.39125	204	1.13154	5.27538	4.48151	1.0374
472	42.5965	55	-1.52113e+06	27.6629	1.38835	202	1.12865	5.30369	4.50105	0.988185
473	41.5498	55	-1.52146e+06	27.6259	1.37947	207	1.12868	4.87962	4.53213	1.08409
474	42.5129	56	-1.52171e+06	27.5091	1.37392	207	1.12946	5.04236	4.47922	1.03639
475	42.1785	55	-1.52162e+06	27.6287	1.38658	202	1.13068	4.99006	4.52879	1.0031
476	41.9537	55	-1.52146e+06	27.7531	1.38437	224	1.13037	5.17317	4.48295	1.02617
477	42.6166	55	-1.52103e+06	27.8737	1.37736	199	1.12886	5.07402	4.49227	0.930039
478	42.5067	55	-1.52126e+06	27.8365	1.37773	206	1.13047	5.34055	4.53302	0.89946
479	42.496	55	-1.52122e+06	27.6613	1.39663	213	1.12906	5.19953	4.46956	0.944759
480	42.7039	55	-1.52102e+06	27.6926	1.36943	213	1.12803	5.36966	4.47301	0.965745
481	42.2711	55	-1.52074e+06	27.7503	1.38135	213	1.12728	5.23282	4.50491	0.934206
482	41.9185	53	-1.5207e+06	27.8382	1.39055	218	1.12662	4.81779	4.47997	0.829064
483	43.0229	54	-1.5214e+06	27.6155	1.3744	227	1.12634	5.26168	4.53807	0.99721
484	43.3145	55	-1.52125e+06	27.5947	1.398	221	1.12632	5.18022	4.43589	0.907704
485	41.8804	54	-1.52085e+06	27.7458	1.39827	211	1.12826	5.18347	4.56187	1.00281
486	42.6711	56	-1.52155e+06	27.8932	1.39063	215	1.12751	5.31063	4.52987	1.07524
487	43.2288	54	-1.52128e+06	27.7359	1.37341	222	1.12967	5.09094	4.4581	1.09403
488	43.0122	54	-1.52166e+06	27.7418	1.37219	207	1.12824	4.99281	4.48303	1.02085
489	41.7788	55	-1.52105e+06	27.6758	1.39918	224	1.12866	5.27694	4.49362	0.949309
490	43.0645	53	-1.52106e+06	27.7025	1.39619	230	1.12977	5.27081	4.47241	0.87296
491	41.5606	53	-1.52228e+06	27.909	1.36668	221	1.13331	5.06621	4.50976	1.04592
492	44.0004	53	-1.52186e+06	27.9624	1.36132	196	1.13327	4.91831	4.46716	1.08981
493	44.1333	54	-1.522e+06	27.9477	1.36103	205	1.13231	5.35301	4.47119	0.963894
494	44.1044	54	-1.52207e+06	27.7679	1.34889	185	1.13453	4.95473	4.45628	0.968192
495	42.905	54	-1.52187e+06	27.6839	1.355	203	1.1337	5.20922	4.49406	1.01187
496	42.223	54	-1.52211e+06	27.4254	1.35464	199	1.13394	5.0549	4.51965	0.931186
497	43.4681	52	-1.52204e+06	27.7875	1.35226	189	1.13397	4.95761	4.5575	1.07863
498	42.231	53	-1.52213e+06	27.8034	1.34649	208	1.13134	5.18179	4.46316	1.03492
499	42.6976	54	-1.5212e+06	27.7549	1.36367	209	1.1274	5.05052	4.49422	0.95327
500	42.0031	54	-1.52039e+06	27.9327	1.36896	218	1.12657	5.11135	4.50605	0.9538
501	42.862	55	-1.52125e+06	27.9788	1.36176	205	1.13018	5.38361	4.54889	0.958005
502	42.0316	56	-1.52132e+06	27.9513	1.35711	200	1.12776	5.20276	4.58595	1.13284
503	42.2233	55	-1.5211e+06	28.0911	1.36423	202	1.13087	5.46579	4.55555	1.05546
504	42.3482	55	-1.52099e+06	27.886	1.3529	210	1.13039	5.14797	4.48829	1.04506
505	42.5908	55	-1.52139e+06	27.83	1.35284	208	1.13173	5.27327	4.54018	0.98248
506	40.618	53	-1.52135e+06	27.631	1.35712	218	1.13277	5.12389	4.48387	0.972354
507	41.5865	54	-1.52125e+06	27.9158	1.33803	214	1.13337	4.71172	4.51536	0.960441
508	42.1296	55	-1.52147e+06	28.0866	1.34877	210	1.13238	5.07016	4.44407	0.941805
509	43.1057	53	-1.52091e+06	27.8999	1.34548	229	1.12853	5.24167	4.53986	0.975239
510	43.7272	53	-1.52154e+06	27.9124	1.34593	215	1.13017	4.86326	4.55918	0.942613
511	42.9906	53	-1.52115e+06	28.1152	1.34757	230	1.13132	5.03074	4.42628	0.905139
512	43.048	54	-1.5212e+06	28.0134	1.34958	216	1.13108	5.13117	4.44514	1.11569
513	42.1573	54	-1.52108e+06	27.851	1.34834	231	1.13016	4.79935	4.44369	1.01784
514	43.4351	53	-1.52096e+06	27.978	1.37108	234	1.12736	5.10626	4.50985	1.11414
515	43.8316	53	-1.52071e+06	28.172	1.37437	231	1.12655	4.94668	4.44189	0.915229
516	42.9501	53	-1.52195e+06	28.2614	1.36193	220	1.13062	4.8787	4.53928	0.991897
517	41.9714	53	-1.52184e+06	27.9408	1.36163	220	1.13105	5.21703	4.52709	0.909114
518	42.8387	54	-1.52097e+06	27.7848	1.36555	229	1.12894	5.19295	4.5587	0.96719
519	42.5609	54	-1.52057e+06	27.9363	1.3953	214	1.12824	5.08269	4.52957	1.01123
520	42.369	54	-1.52057e+06	27.9429	1.38431	216	1.12692	5.2836	4.53444	1.08187
521	42.7548	54	-1.52064e+06	27.9386	1.39264	214	1.12854	5.06729	4.43737	1.06015
522	43.0627	54	-1.52115e+06	27.8974	1.37599	218	1.12936	5.06478	4.4469	1.06387
523	42.687	54	-1.52202e+06	27.816	1.35291	211	1.13391	4.62413	4.57243	0.972581
524	42.5553	55	-1.5207e+06	27.7327	1.36586	210	1.12873	4.79248	4.54542	1.09597
525	42.5952	55	-1.52055e+06	27.912	1.3701	217	1.12993	5.35164	4.4909	1.08448
526	42.2135	54	-1.52065e+06	28.1151	1.37045	210	1.12743	4.82322	4.59792	1.10772
527	43.1164	55	-1.52084e+06	28.2181	1.37141	215	1.12657	5.04833	4.54018	0.978574
528	42.5534	54	-1.52082e+06	28.0505	1.37055	205	1.12879	5.13211	4.46986	1.02566
529	42.8889	55	-1.52114e+06	28.0389	1.35053	227	1.12704	4.96904	4.44323	0.980021
530	42.5876	54	-1.52062e+06	27.9087	1.35626	218	1.12423	5.35554	4.48684	1.07673
531	42.5473	53	-1.52114e+06	28.0694	1.35148	223	1.12773	5.3305	4.52159	0.905689
532	42.3331	55	-1.52074e+06	28.1841	1.36673	205	1.12792	5.16238	4.54661	0.991815
533	42.3009	55	-1.52165e+06	28.0201	1.36154	197	1.12907	5.21306	4.5292	0.999197
534	42.4164	56	-1.52136e+06	27.9665	1.34241	206	1.13037	4.83315	4.66521	1.07408
535	42.5316	55	-1.52167e+06	28.1322	1.34558	223	1.12928	5.04863	4.61546	0.983376
536	43.3449	54	-1.52179e+06	27.7124	1.34254	208	1.12814	5.27854	4.51218	0.999838
537	42.4418	55	-1.5209e+06	27.8382	1.36855	223	1.12668	5.21142	4.54737	0.904721
538	42.3313	55	-1.52186e+06	27.8221	1.35805	210	1.1314	5.15221	4.57506	0.911676
539	41.2387	54	-1.52124e+06	27.7454	1.35917	209	1.13026	5.13531	4.55294	1.01996
540	41.8049	55	-1.52186e+06	27.8609	1.33599	201	1.13404	4.92844	4.52992	0.969602
541	42.9015	55	-1.52197e+06	27.9618	1.34374	212	1.13442	5.19004	4.4597	1.02942
542	41.8908	55	-1.52214e+06	27.8456	1.34904	200	1.13092	5.0302	4.56515	0.962869
543	42.4792	55	-1.52134e+06	27.8139	1.36117	214	1.13267	4.79379	4.47872	0.953732
544	42.3633	54	-1.52128e+06	27.7427	1.36427	202	1.12901	5.22004	4.52022	1.04528
545	42.3185	55	-1.5211e+06	27.7169	1.36507	203	1.12661	4.99137	4.53784	0.975932
546	42.4522	55	-1.52123e+06	27.8598	1.37259	204	1.12749	4.88886	4.53167	0.953357
547	41.3653	55	-1.52098e+06	27.9808	1.37532	201	1.1272	4.90407	4.64028	1.04125
548	42.9375	55	-1.52103e+06	27.7893	1.37325	208	1.13021	4.95772	4.58357	0.919002
549	43.4321	54	-1.52103e+06	27.7293	1.37757	192	1.12924	5.14706	4.47692	0.98545
550	41.6679	55	-1.52115e+06	27.8237	1.37703	209	1.13074	5.07898	4.48391	1.07171
551	42.4511	56	-1.52129e+06	27.7606	1.37495	205	1.12906	4.97578	4.46204	0.907138
552	41.7598	54	-1.52108e+06	27.5095	1.36434	218	1.12945	5.01143	4.56833	1.07539
553	42.4303	55	-1.52139e+06	27.6884	1.36314	213	1.12933	4.79034	4.57081	1.05935
554	42.9907	55	-1.52175e+06	27.6703	1.35813	214	1.13077	5.20305	4.5494	0.996841
555	43.409	55	-1.52149e+06	27.5002	1.38257	196	1.12939	4.94021	4.47927	0.937833
556	42.6635	54	-1.52117e+06	27.404	1.3794	210	1.12994	4.93706	4.53344	1.06517
557	42.7245	55	-1.52161e+06	27.4282	1.39867	206	1.12868	4.72324	4.56406	0.970657
558	42.9009	55	-1.52142e+06	27.7598	1.37657	210	1.13087	4.74673	4.54927	1.03569
559	42.7341	56	-1.52092e+06	27.6006	1.38153	217	1.12944	4.76239	4.55126	0.913234
560	43.3029	54	-1.52085e+06	27.6599	1.36675	201	1.12701	4.66206	4.50241	0.92225
561	42.8068	53	-1.52132e+06	27.9124	1.36651	198	1.12843	4.76111	4.49543	1.00203
562	42.9893	55	-1.52121e+06	27.9227	1.36303	201	1.12841	4.931	4.50301	0.968826
563	42.8872	53	-1.5217e+06	27.8801	1.36667	188	1.12916	4.76264	4.50723	1.10729
564	44.387	53	-1.52138e+06	27.8651	1.35823	192	1.12971	4.64782	4.55068	0.997335
565	44.2523	53	-1.52203e+06	27.9055	1.32912	195	1.13214	4.64493	4.46972	0.947794
566	44.4659	53	-1.52163e+06	27.5742	1.33972	195	1.13327	4.89176	4.5238	0.998995
567	43.0752	55	-1.52149e+06	27.8382	1.34337	200	1.1308	4.8822	4.56507	0.927978
568	44.6478	53	-1.52112e+06	27.8016	1.35959	188	1.12948	4.88143	4.5548	0.995993
569	44.5408	52	-1.52148e+06	27.7037	1.36386	195	1.13084	4.57503	4.46621	1.00577
570	43.7413	52	-1.52152e+06	27.6548	1.37095	192	1.12896	4.55271	4.5398	1.00986
571	43.476	54	-1.52123e+06	27.7232	1.37798	196	1.1296	4.82623	4.57025	0.926897
572	43.7904	54	-1.52177e+06	27.6598	1.36955	204	1.13098	4.99587	4.55825	0.935986
573	42.198	55	-1.52145e+06	27.7076	1.37462	199	1.13052	5.18787	4.61058	0.859842
574	42.5355	52	-1.52179e+06	27.42	1.38661	199	1.1297	5.05737	4.65831	0.892935
575	43.0499	55	-1.5212e+06	27.2978	1.40208	209	1.12974	4.98879	4.60832	0.908192
576	43.2065	53	-1.52191e+06	27.3702	1.39045	185	1.13166	4.4036	4.50747	1.0065
577	43.5036	52	-1.52152e+06	27.2083	1.38671	200	1.12841	5.26207	4.60457	1.09089
578	42.8437	55	-1.52154e+06	27.2267	1.37646	213	1.12873	4.64055	4.56424	1.05164
579	42.9801	55	-1.52182e+06	27.1922	1.36388	219	1.13102	4.96877	4.56055	1.08159
580	42.3241	55	-1.52141e+06	27.4437	1.36225	208	1.13255	4.69714	4.52052	1.05838
581	41.2904	54	-1.52249e+06	27.5341	1.35102	209	1.13335	4.63825	4.56744	1.08987
582	42.714	55	-1.52202e+06	27.6438	1.36312	203	1.13327	4.58401	4.52131	1.08962
583	43.2759	54	-1.5218e+06	27.5937	1.35333	217	1.13284	4.91491	4.51336	0.939041
584	42.8029	55	-1.52161e+06	27.4978	1.32765	216	1.13379	5.07036	4.59324	0.926322
585	42.8948	55	-1.52147e+06	27.4649	1.3602	207	1.13134	4.9909	4.54824	0.962495
586	42.1675	55	-1.52158e+06	27.5559	1.36207	210	1.13238	5.15286	4.56097	0.885541
587	41.8959	54	-1.5216e+06	27.8827	1.35917	223	1.13363	5.53297	4.44631	0.835497
588	42.3142	54	-1.521e+06	27.7376	1.3616	214	1.12953	5.18474	4.53758	1.02171
589	42.3755	54	-1.52056e+06	27.8025	1.37165	216	1.1276	5.01305	4.56502	1.0811
590	41.6166	54	-1.52129e+06	27.8956	1.36719	206	1.12679	5.22665	4.54719	0.95982
591	42.9533	55	-1.52143e+06	27.9447	1.35625	219	1.12649	4.80015	4.57901	0.923602
592	42.1923	54	-1.52095e+06	27.9707	1.37334	218	1.1264	4.74714	4.56665	1.12779
593	43.5132	54	-1.52108e+06	28.1081	1.35042	219	1.12572	5.13675	4.45015	0.942789
594	41.7047	54	-1.52157e+06	28.1671	1.36885	217	1.12959	5.19012	4.49611	1.10163
595	42.4367	55	-1.5213e+06	27.9624	1.36981	211	1.12882	5.45918	4.57849	1.07979
596	41.8395	54	-1.52185e+06	28.0207	1.34981	210	1.13056	5.22348	4.44308	1.09103
597	42.7595	55	-1.52177e+06	27.9478	1.34519	220	1.13242	4.97479	4.54287	0.991861
598	41.4518	54	-1.52154e+06	27.9626	1.34852	221	1.13286	5.08	4.42672	0.912169
599	42.521	53	-1.52174e+06	27.9559	1.34561	218	1.13315	4.98775	4.42026	0.986682
600	43.2193	54	-1.52175e+06	27.6333	1.33849	208	1.13423	4.85744	4.50715	1.07156
601	41.6845	55	-1.52205e+06	27.726	1.35607	213	1.13349	5.30583	4.51207	0.927692
602	41.9893	55	-1.52237e+06	27.5934	1.35583	208	1.13264	4.85949	4.55261	0.923723
603	42.2712	54	-1.52257e+06	27.5874	1.33641	220	1.13241	5.17568	4.59529	1.13794
604	40.7339	53	-1.52204e+06	27.7204	1.34159	209	1.13369	4.69711	4.55351	1.07705
605	42.5602	55	-1.5222e+06	27.7244	1.33401	213	1.13025	5.2161	4.50222	0.945081
606	42.0893	54	-1.52175e+06	27.6512	1.35675	211	1.13282	5.06939	4.46538	0.982578
607	41.9638	56	-1.52186e+06	27.6114	1.36852	194	1.13122	4.62853	4.55372	0.975695
608	41.2842	54	-1.52183e+06	27.2627	1.40302	207	1.1318	4.87267	4.50942	0.97425
609	42.5542	55	-1.52203e+06	27.4436	1.38404	204	1.13017	4.78655	4.48919	1.05359
610	43.0005	55	-1.52203e+06	27.6554	1.3613	196	1.13224	4.87958	4.52402	1.03079
611	41.3546	55	-1.52217e+06	27.5324	1.37752	210	1.13134	4.97942	4.49831	1.00472
612	41.9814	55	-1.52231e+06	27.6369	1.36041	212	1.13075	4.9261	4.55487	1.03323
613	42.6907	55	-1.52183e+06	27.6277	1.36374	218	1.12851	4.97439	4.6039	0.902099
614	41.9799	54	-1.52155e+06	27.8163	1.39852	215	1.12625	5.44141	4.53009	1.06246
615	41.8302	53	-1.52074e+06	27.8503	1.3936	210	1.12474	4.60661	4.53793	1.01165
616	41.6806	55	-1.52062e+06	27.8162	1.40986	203	1.12581	5.21921	4.45794	0.972942
617	41.7378	55	-1.52152e+06	27.8395	1.39204	196	1.12766	5.13544	4.51469	1.08161
618	42.2221	55	-1.52115e+06	27.7337	1.39293	206	1.12844	5.03179	4.56074	1.0217
619	43.4885	53	-1.52157e+06	27.8013	1.37954	190	1.12951	4.54042	4.61011	1.00857
620	44.1881	53	-1.52131e+06	27.7595	1.38188	194	1.12962	4.97153	4.59058	0.862727
621	43.5875	53	-1.52159e+06	27.7555	1.37927	190	1.13219	5.13027	4.5089	0.913914
622	43.7286	53	-1.52213e+06	27.7981	1.36199	202	1.13108	4.91277	4.52971	1.02162
623	43.6138	53	-1.52153e+06	27.6377	1.38705	202	1.12574	4.61211	4.61608	1.06252
624	43.6958	53	-1.52159e+06	27.6044	1.39152	196	1.12829	4.8496	4.55542	0.849277
625	41.9478	53	-1.52183e+06	27.4934	1.39829	202	1.128	4.80695	4.62256	0.90587
626	43.2345	54	-1.52154e+06	27.7052	1.3942	206	1.12756	4.87648	4.59701	0.993011
627	42.8221	54	-1.52174e+06	27.5383	1.39932	192	1.12783	4.89549	4.52487	0.891689
628	42.8983	53	-1.52188e+06	27.4203	1.40006	191	1.12984	4.99004	4.55521	0.927331
629	43.6459	52	-1.52083e+06	27.39	1.4232	201	1.12667	5.113	4.49336	1.1341
630	41.9622	55	-1.52202e+06	27.3365	1.3952	204	1.13066	4.78749	4.54095	1.01761
631	42.1378	55	-1.52199e+06	27.2311	1.38479	206	1.13206	5.03266	4.47131	1.02137
632	42.3139	55	-1.52164e+06	27.4098	1.38284	226	1.13302	5.06028	4.51411	1.03169
633	42.6609	54	-1.5219e+06	27.2826	1.38482	216	1.13153	5.15378	4.5132	0.92606
634	42.4195	54	-1.52205e+06	27.3431	1.37019	216	1.13119	5.08037	4.60882	0.951554
635	41.0853	53	-1.5217e+06	27.6111	1.37566	200	1.13145	5.11338	4.5417	0.950793
636	41.9521	55	-1.52184e+06	27.7415	1.36713	209	1.1315	5.21009	4.57246	1.08944
637	41.965	55	-1.52186e+06	27.6007	1.35196	227	1.13069	5.094	4.53045	0.880986
638	41.436	54	-1.52172e+06	27.7904	1.35545	210	1.13131	5.09107	4.59546	0.964326
639	39.343	53	-1.52147e+06	27.8056	1.36868	213	1.13105	4.78055	4.54859	1.03607
640	42.8362	55	-1.52031e+06	27.6556	1.385	228	1.12681	4.76487	4.53338	1.02323
641	42.2921	52	-1.52141e+06	27.6962	1.38887	221	1.1283	4.87851	4.56478	0.968028
642	42.3498	53	-1.52057e+06	27.8667	1.38436	208	1.12633	4.71795	4.58859	1.05296
643	41.3797	54	-1.52063e+06	27.7782	1.38521	208	1.12438	4.59101	4.53006	0.963446
644	42.1186	55	-1.52108e+06	27.7173	1.38792	201	1.12517	4.63222	4.61224	1.04827
645	42.3839	55	-1.52133e+06	27.797	1.3888	198	1.12984	4.35366	4.51123	0.929115
646	44.2296	55	-1.52151e+06	27.7341	1.37977	192	1.12988	4.63122	4.53534	0.946257
647	44.7302	52	-1.52148e+06	27.7729	1.39267	193	1.12635	5.00829	4.61487	1.12756
648	45.981	54	-1.52077e+06	27.7156	1.41707	200	1.12462	5.14356	4.61633	1.05049
649	45.1953	53	-1.52036e+06	27.8511	1.40612	183	1.1247	4.98073	4.57578	0.906029
650	44.2278	53	-1.52004e+06	27.7793	1.42675	196	1.12201	4.84445	4.55211	0.944435
651	43.3753	53	-1.52084e+06	27.9074	1.42395	190	1.12325	4.64666	4.59124	0.97796
652	42.609	54	-1.52053e+06	27.9367	1.40821	202	1.12243	5.25968	4.5415	0.926837
653	43.3692	54	-1.52097e+06	27.9668	1.40982	211	1.12606	4.88535	4.56547	0.999469
654	43.8474	55	-1.52061e+06	27.6623	1.41596	216	1.12125	5.04206	4.52927	1.05398
655	43.9018	55	-1.52024e+06	27.9501	1.41198	216	1.124	5.22969	4.49134	0.930069
656	43.3325	53	-1.52036e+06	27.8584	1.41191	196	1.12204	4.86954	4.57195	1.01118
657	42.418	53	-1.52051e+06	27.9398	1.39957	213	1.12362	5.20257	4.55368	0.999953
658	42.4637	56	-1.52059e+06	27.9839	1.39231	204	1.12406	5.07778	4.58542	0.998169
659	41.3019	54	-1.52043e+06	27.9637	1.38412	208	1.1215	4.93909	4.53995	0.930557
660	42.4266	55	-1.5209e+06	28.1563	1.38826	204	1.12321	4.99838	4.63777	1.02666
661	42.6695	55	-1.52097e+06	27.9951	1.39223	211	1.12496	4.68253	4.5029	1.02753
662	42.9383	55	-1.52099e+06	27.9715	1.38693	210	1.12426	4.70702	4.44425	1.07199
663	42.323	55	-1.52061e+06	27.9799	1.37407	201	1.12513	5.07102	4.5482	1.06073
664	42.298	55	-1.52081e+06	27.8563	1.39894	212	1.12445	5.09295	4.4556	1.07976
665	42.2839	55	-1.52105e+06	27.8648	1.38772	198	1.12586	4.84786	4.49236	0.918496
666	41.9821	56	-1.52138e+06	27.8091	1.39857	205	1.12686	4.85381	4.5769	0.994193
667	41.7308	55	-1.52027e+06	27.867	1.38454	203	1.12674	4.7415	4.40104	0.928786
668	42.3646	55	-1.52055e+06	27.7767	1.39436	204	1.12432	5.01325	4.49124	0.99494
669	41.5575	53	-1.52085e+06	27.7964	1.39117	214	1.12383	5.17138	4.55323	1.00002
670	42.5642	55	-1.52072e+06	27.8342	1.39538	208	1.1254	5.29921	4.55479	0.979811
671	40.9094	55	-1.52121e+06	27.9625	1.38774	212	1.12869	5.54162	4.47407	0.990747
672	42.4408	55	-1.52058e+06	27.9249	1.38216	212	1.12627	5.7216	4.50741	0.923068
673	42.5839	55	-1.52087e+06	27.9908	1.39148	215	1.12843	5.3493	4.50225	1.12883
674	42.7555	55	-1.52038e+06	27.9774	1.40302	209	1.12513	5.26818	4.49592	1.05548
675	43.5062	54	-1.52025e+06	28.0642	1.3881	220	1.12474	5.60072	4.55659	1.02271
676	43.4311	54	-1.51986e+06	27.9538	1.39052	221	1.12368	5.20491	4.51355	0.946074
677	43.5173	54	-1.52041e+06	27.7372	1.39225	233	1.12749	5.24889	4.54507	1.01035
678	42.9558	54	-1.52055e+06	27.832	1.3879	218	1.12574	5.14135	4.50518	1.01111
679	42.3235	55	-1.52115e+06	27.723	1.38375	222	1.12879	5.14017	4.61861	0.933091
680	43.4329	54	-1.52036e+06	27.8052	1.38085	227	1.12316	4.85653	4.4577	0.931667
681	41.8607	52	-1.52056e+06	28.0712	1.38824	206	1.12365	5.38725	4.56809	0.973584
682	42.3047	56	-1.51974e+06	27.9725	1.39631	213	1.12117	5.10319	4.45699	1.00315
683	42.5328	53	-1.52047e+06	27.778	1.38406	193	1.12365	4.95143	4.5596	1.07629
684	42.4707	55	-1.52041e+06	27.9146	1.39019	203	1.12349	4.97087	4.59578	0.954655
685	41.9261	56	-1.52087e+06	28.0732	1.38778	208	1.12529	5.24587	4.51759	1.00722
686	41.768	55	-1.52038e+06	27.7844	1.3836	202	1.12545	5.01296	4.49267	0.942917
687	42.1946	55	-1.52057e+06	27.5346	1.36724	197	1.12647	5.17756	4.59542	0.967854
688	42.2588	56	-1.52024e+06	27.6197	1.37914	211	1.1258	5.32961	4.48622	1.0667
689	41.8428	54	-1.52059e+06	27.8416	1.36942	215	1.12751	4.94948	4.48967	0.967242
690	43.5751	53	-1.52007e+06	27.8065	1.36526	236	1.12843	4.81973	4.48605	0.911102
691	43.0627	53	-1.51935e+06	27.8417	1.39199	222	1.12523	5.11715	4.47942	0.924103
692	43.2386	53	-1.51991e+06	27.8041	1.37937	225	1.12608	5.21326	4.55959	1.07011
693	43.5384	53	-1.52073e+06	27.7584	1.38491	225	1.12775	5.00986	4.57625	0.972727
694	43.4323	54	-1.52111e+06	27.6659	1.36506	220	1.1302	5.06269	4.5316	0.947438
695	42.8002	54	-1.52118e+06	27.5632	1.37723	219	1.1294	4.75445	4.56572	0.937864
696	43.4808	54	-1.52188e+06	27.4444	1.38216	236	1.13069	4.95591	4.54302	1.02847
697	42.0984	52	-1.52103e+06	27.4655	1.37074	218	1.12995	5.14154	4.47258	1.01508
698	43.3936	54	-1.52143e+06	27.6309	1.37688	215	1.13188	4.87052	4.53933	1.00346
699	42.8991	54	-1.52109e+06	27.7415	1.3631	220	1.13107	4.84069	4.51834	1.01474
700	42.4593	55	-1.52142e+06	27.7225	1.37441	218	1.12843	5.24055	4.46003	1.07723
701	43.3832	54	-1.52066e+06	27.9998	1.3878	221	1.12788	5.2786	4.49406	1.13632
702	43.2232	53	-1.52107e+06	27.9577	1.36588	220	1.12728	5.15769	4.50154	1.06149
703	43.546	54	-1.52095e+06	27.807	1.37615	232	1.12385	4.92388	4.55745	1.00562
704	43.8555	53	-1.52065e+06	27.8626	1.37549	228	1.12453	5.09719	4.49904	0.87886
705	41.9464	53	-1.52083e+06	27.851	1.38008	215	1.12657	5.75898	4.58344	0.99534
706	42.5687	55	-1.5208e+06	27.9752	1.36411	210	1.12796	5.29644	4.5412	1.05466
707	42.0304	55	-1.52097e+06	27.9111	1.36847	208	1.12859	5.35693	4.56612	1.01965
708	42.3996	55	-1.52147e+06	27.8885	1.37335	216	1.12806	5.4772	4.5616	0.969064
709	41.6603	53	-1.5215e+06	28.0323	1.37058	206	1.12913	5.14638	4.53389	0.922408
710	42.4463	55	-1.52116e+06	27.9533	1.36646	220	1.13088	4.89256	4.49368	0.965475
711	42.2822	55	-1.52073e+06	27.8244	1.38112	217	1.12798	5.29204	4.54539	1.00882
712	42.3854	54	-1.52119e+06	27.8035	1.37154	214	1.12977	5.08379	4.56865	1.03698
713	42.3694	55	-1.52143e+06	27.6949	1.38491	207	1.12998	4.67916	4.59641	0.941618
714	42.1407	55	-1.52112e+06	27.4686	1.382	212	1.12702	5.15159	4.62681	0.969519
715	42.8202	55	-1.52052e+06	27.5069	1.37585	216	1.12521	5.24183	4.5605	0.972434
716	42.5659	53	-1.52057e+06	27.5354	1.39934	215	1.12691	4.782	4.54752	0.975881
717	42.9473	55	-1.52115e+06	27.5219	1.396	218	1.12667	5.7477	4.58517	0.943232
718	42.7257	55	-1.52088e+06	27.5568	1.40244	188	1.12649	4.75347	4.57667	0.962159
719	42.0135	55	-1.52155e+06	27.7663	1.3835	205	1.12803	4.75702	4.58197	1.03525
720	42.5148	55	-1.52092e+06	27.5291	1.37268	215	1.12614	5.42622	4.51234	0.979669
721	42.5232	55	-1.52119e+06	27.4323	1.39097	215	1.1266	5.06739	4.54584	1.06942
722	42.6118	55	-1.52079e+06	27.4367	1.3958	220	1.1274	4.91033	4.526	0.97819
723	42.757	55	-1.52111e+06	27.6276	1.39569	205	1.12568	5.00009	4.56594	0.847824
724	41.707	54	-1.52055e+06	27.5206	1.4091	209	1.12761	5.30862	4.53209	0.988681
725	42.5003	54	-1.52067e+06	27.6713	1.38649	219	1.12687	4.88794	4.59179	0.998077
726	42.4548	54	-1.52115e+06	27.7767	1.37538	225	1.12919	4.7661	4.45146	0.970877
727	43.1867	53	-1.52124e+06	27.684	1.37568	229	1.12753	4.75248	4.48789	0.968726
728	43.3844	54	-1.5211e+06	27.821	1.37111	221	1.12723	4.72612	4.49521	0.982321
729	42.3742	54	-1.52047e+06	27.8752	1.38569	204	1.12525	4.97391	4.64651	1.01817
730	42.0059	53	-1.52053e+06	27.855	1.38594	223	1.12663	4.84793	4.66498	1.03937
731	43.4442	53	-1.52007e+06	27.8782	1.38452	236	1.12641	4.75233	4.50245	0.861313
732	43.3722	54	-1.52088e+06	27.8857	1.37761	223	1.12859	4.8365	4.52166	1.05199
733	43.4845	53	-1.52086e+06	27.9348	1.35777	242	1.12934	4.98533	4.39329	0.957119
734	43.7141	53	-1.52082e+06	27.929	1.37469	222	1.1301	4.82585	4.51126	1.05664
735	43.3781	54	-1.52002e+06	28.1287	1.38899	227	1.12464	4.84725	4.46413	1.0804
736	43.3684	54	-1.52014e+06	28.0426	1.39702	230	1.12457	4.98586	4.56035	1.06449
737	43.6993	54	-1.52003e+06	28.059	1.40287	223	1.12556	4.58494	4.57826	1.047
738	42.6959	54	-1.52024e+06	27.911	1.37978	229	1.12796	5.01996	4.44838	0.98877
739	43.245	54	-1.52087e+06	27.8202	1.36489	229	1.12868	5.19057	4.51723	0.932455
740	43.0095	54	-1.52083e+06	27.6554	1.37015	230	1.12791	5.02486	4.57409	0.982886
741	43.2777	54	-1.52115e+06	27.714	1.35847	217	1.12928	5.04456	4.57579	0.911212
742	42.5284	55	-1.52077e+06	27.5643	1.37327	209	1.12656	4.85587	4.57441	1.11815
743	43.2842	54	-1.52122e+06	27.8289	1.37564	223	1.12965	5.23164	4.45939	1.03087
744	43.4628	53	-1.52171e+06	27.5019	1.3649	231	1.13087	4.63587	4.60664	0.971611
745	42.4293	54	-1.52118e+06	27.5004	1.36757	214	1.12913	4.89629	4.4986	1.03554
746	41.8778	54	-1.52155e+06	27.6536	1.36906	207	1.12986	5.07989	4.59465	0.909718
747	42.6876	55	-1.52145e+06	27.8222	1.37133	209	1.1316	4.48526	4.55963	0.991709
748	42.9325	55	-1.52136e+06	27.7918	1.34707	206	1.13255	4.50629	4.52847	1.02341
749	41.8424	53	-1.52128e+06	27.6515	1.33921	201	1.13214	4.54766	4.54802	0.973604
750	42.1727	55	-1.52135e+06	27.6763	1.34664	198	1.13281	4.71027	4.50545	0.943905
751	42.3922	55	-1.52122e+06	27.8608	1.33802	218	1.13379	4.57104	4.54583	0.931412
752	43.1532	54	-1.52189e+06	27.6786	1.3335	225	1.13449	4.69271	4.55522	1.01346
753	43.5949	54	-1.5216e+06	27.6999	1.32685	233	1.13455	4.94049	4.66887	0.894775
754	42.7891	54	-1.52216e+06	27.6217	1.32034	209	1.13506	5.03999	4.55459	0.997029
755	42.2357	54	-1.52178e+06	27.6302	1.34132	220	1.1331	4.80973	4.46848	0.983788
756	43.081	54	-1.52144e+06	27.6303	1.35537	222	1.13025	5.01455	4.54288	0.989252
757	42.499	53	-1.52162e+06	27.5587	1.35766	225	1.13002	4.63673	4.65034	1.05916
758	42.6765	53	-1.52124e+06	27.7651	1.36153	232	1.12952	4.83708	4.54737	0.932572
759	43.2784	54	-1.52107e+06	27.4972	1.36039	225	1.1297	4.77582	4.49983	0.947456
760	42.7061	55	-1.52096e+06	27.5844	1.37513	204	1.12851	4.71538	4.5602	1.06073
761	42.9564	54	-1.52046e+06	27.7486	1.37874	212	1.12563	4.63441	4.52861	1.20782
762	41.9855	55	-1.5203e+06	27.7265	1.37853	210	1.12321	4.54464	4.59035	1.04601
763	41.6525	55	-1.52036e+06	28.0007	1.37596	221	1.12673	4.68255	4.60293	0.938454
764	42.7564	54	-1.52041e+06	27.936	1.37192	214	1.12313	4.75938	4.52817	0.966389
765	43.3071	54	-1.5199e+06	27.9823	1.37882	223	1.12252	4.72037	4.64077	1.05011
766	42.6076	54	-1.52e+06	27.998	1.38762	222	1.12306	4.70455	4.52467	0.96221
767	43.4578	53	-1.5204e+06	27.8284	1.38364	228	1.12685	4.95104	4.48888	1.10357
768	44.7073	53	-1.5203e+06	27.824	1.39571	244	1.12601	4.73417	4.49785	0.958552
769	44.6497	52	-1.52012e+06	27.7121	1.39172	241	1.12657	5.04886	4.46831	1.07898
770	43.9302	53	-1.52021e+06	27.6693	1.40403	237	1.12354	5.1166	4.59465	1.07322
771	43.8312	51	-1.52062e+06	27.7769	1.38695	223	1.12652	4.89657	4.52415	0.914516
772	43.2564	53	-1.52091e+06	27.8962	1.39296	227	1.13027	5.23928	4.53658	0.94068
773	43.9294	53	-1.52153e+06	27.7726	1.38424	248	1.13145	5.30227	4.55938	0.984466
774	42.0402	52	-1.52111e+06	27.7196	1.39594	218	1.1296	5.46009	4.58548	1.05933
775	43.5783	53	-1.52123e+06	27.7944	1.37628	241	1.13126	5.00022	4.52564	1.05021
776	43.3039	52	-1.52121e+06	27.7035	1.37232	233	1.12885	5.14278	4.48699	0.974092
777	43.7454	54	-1.52065e+06	27.7112	1.38604	224	1.12729	4.96232	4.51857	0.974232
778	42.5326	52	-1.52036e+06	27.7893	1.40411	225	1.12474	5.0263	4.53367	1.00998
779	42.4496	55	-1.51992e+06	27.9446	1.39499	215	1.1251	4.90915	4.46731	0.918523
780	42.9988	54	-1.52122e+06	28.0108	1.38696	230	1.1242	5.09614	4.45963	0.907212
781	42.8187	55	-1.521e+06	27.8305	1.39284	214	1.12527	4.98714	4.49617	1.06354
782	40.9474	52	-1.52006e+06	27.7756	1.39507	235	1.12335	5.08511	4.48018	0.952896
783	44.0225	54	-1.52072e+06	27.6843	1.40355	233	1.1245	4.82837	4.55427	1.00337
784	42.7617	53	-1.52106e+06	27.5891	1.40514	221	1.12718	4.69286	4.54663	0.99142
785	43.2724	53	-1.52125e+06	27.6931	1.37709	228	1.12787	4.81109	4.62554	1.07869
786	43.4574	53	-1.52018e+06	27.7279	1.35658	226	1.12797	5.09759	4.55692	0.928836
787	43.2247	52	-1.52023e+06	27.8401	1.37079	241	1.12528	4.8827	4.50326	0.92517
788	44.3302	52	-1.52078e+06	27.9714	1.36744	239	1.12807	5.07362	4.49708	1.04852
789	44.4517	53	-1.52076e+06	27.6917	1.37014	240	1.12916	5.25748	4.54787	0.985687
790	43.1989	52	-1.52063e+06	27.6208	1.39502	217	1.12475	5.25045	4.50327	0.892644
791	43.6984	54	-1.52078e+06	27.665	1.3927	220	1.12837	5.06856	4.43952	1.05557
792	43.9729	52	-1.52125e+06	27.5199	1.39543	230	1.12854	4.95223	4.50687	1.0117
793	43.4107	53	-1.52046e+06	27.7053	1.38396	226	1.12513	5.18931	4.50831	1.00151
794	41.6615	52	-1.52088e+06	27.7737	1.37881	208	1.12632	5.26378	4.52519	0.926674
795	42.5456	54	-1.5205e+06	27.6362	1.38175	225	1.12583	5.00162	4.58483	1.01391
796	43.906	53	-1.52083e+06	27.7201	1.37811	235	1.12802	4.85053	4.46145	1.01601
797	43.1424	53	-1.52073e+06	27.8201	1.36716	230	1.1278	4.93357	4.53619	1.1353
798	43.5777	52	-1.52012e+06	27.8127	1.37719	237	1.12493	4.90178	4.5537	1.05398
799	42.9389	52	-1.52077e+06	27.757	1.36999	243	1.12577	5.11089	4.51198	1.02829
800	43.4795	53	-1.52067e+06	27.5159	1.37362	238	1.12696	5.18639	4.49684	1.08703
801	44.5446	52	-1.52004e+06	27.6701	1.38552	244	1.12453	5.06531	4.55614	1.15014
802	43.9436	52	-1.52043e+06	27.6392	1.3842	226	1.12704	5.21197	4.45205	1.10927
803	44.0343	52	-1.52048e+06	27.6168	1.38906	230	1.12646	4.7999	4.48485	1.06282
804	43.4714	52	-1.52054e+06	27.6057	1.40149	242	1.12704	5.07984	4.53074	1.08151
805	44.5632	53	-1.52051e+06	27.6247	1.39206	247	1.12659	4.66407	4.51412	0.943168
806	43.8133	52	-1.52097e+06	27.7777	1.37811	254	1.13009	4.82576	4.55603	0.825872
807	44.8004	52	-1.52108e+06	27.5625	1.37145	244	1.13009	4.91171	4.53159	0.960084
808	44.677	53	-1.52109e+06	27.759	1.388	247	1.12653	5.39409	4.51864	0.974038
809	45.0634	52	-1.52071e+06	27.7865	1.38189	250	1.12782	5.2487	4.48734	0.907264
810	45.0831	52	-1.52131e+06	27.9059	1.37425	259	1.1297	5.1323	4.53466	1.07091
811	44.9973	52	-1.52082e+06	27.7357	1.37899	261	1.12886	4.73964	4.50225	0.916044
812	45.7713	51	-1.52028e+06	27.6451	1.38728	249	1.12818	4.74968	4.41506	1.01924
813	45.4316	52	-1.52049e+06	27.6748	1.37913	240	1.12719	4.7782	4.55039	1.03223
814	44.3946	53	-1.51968e+06	27.7839	1.37188	242	1.12405	4.97231	4.47067	0.938275
815	43.1767	52	-1.52001e+06	27.8343	1.40506	231	1.1222	4.91256	4.58281	0.954529
816	44.812	52	-1.51978e+06	27.8118	1.41499	255	1.12043	4.83133	4.48116	0.981146
817	45.347	52	-1.52e+06	27.9207	1.38977	242	1.12236	5.03784	4.55021	1.08834
818	44.7439	52	-1.51967e+06	27.8669	1.3893	250	1.12223	4.92808	4.53879	0.978321
819	44.9874	52	-1.52023e+06	27.8241	1.39042	242	1.12476	4.64287	4.47172	0.916963
820	45.8286	51	-1.51916e+06	27.8909	1.40533	261	1.12294	4.73108	4.54008	0.958244
821	45.8324	51	-1.52026e+06	28.0015	1.38841	258	1.12745	4.98171	4.40899	1.00337
822	46.3407	51	-1.52022e+06	27.8323	1.3927	249	1.12399	5.22511	4.59779	1.1392
823	44.8596	52	-1.52034e+06	27.8841	1.37346	257	1.12655	4.70952	4.53786	1.01785
824	44.7004	52	-1.52023e+06	28.1434	1.39014	242	1.12469	5.05911	4.5064	1.05319
825	43.5495	52	-1.51962e+06	28.0174	1.38507	248	1.12225	4.92778	4.54299	1.05004
826	45.4657	52	-1.51937e+06	28.0051	1.39095	254	1.12565	4.80465	4.58726	0.97958
827	45.638	52	-1.52058e+06	27.9708	1.38963	250	1.12879	4.5998	4.53637	0.897216
828	44.7865	51	-1.52042e+06	27.9997	1.40581	266	1.12347	4.7221	4.52286	0.962263
829	46.0007	51	-1.51933e+06	28.1677	1.40003	248	1.12069	4.68815	4.48995	0.918366
830	46.1974	51	-1.51994e+06	28.2962	1.40673	275	1.12192	4.78204	4.46834	0.992308
831	45.7726	49	-1.51962e+06	28.1857	1.40807	259	1.12153	4.76689	4.57579	1.03416
832	45.8632	51	-1.51929e+06	28.318	1.40807	249	1.12276	4.85536	4.49502	1.02763
833	43.9377	52	-1.5196e+06	28.2464	1.4035	235	1.12232	4.96954	4.46761	1.03298
834	43.6518	52	-1.51989e+06	28.2012	1.38986	244	1.12608	4.76063	4.59881	0.955234
835	44.1203	51	-1.51965e+06	28.1845	1.3883	254	1.12492	4.47179	4.55412	0.868799
836	43.8681	51	-1.52037e+06	28.1733	1.3867	248	1.12705	4.66689	4.48121	0.997647
837	44.1799	52	-1.52059e+06	28.0119	1.39006	236	1.12477	4.75021	4.47178	1.05737
838	44.1403	53	-1.52019e+06	28.2447	1.39223	232	1.12276	5.00158	4.61291	0.889852
839	43.9859	53	-1.52012e+06	28.1993	1.38519	244	1.12404	5.22216	4.50505	0.94908
840	44.2151	52	-1.5196e+06	28.078	1.40681	229	1.1196	4.94843	4.57647	1.15715
841	43.7106	53	-1.51954e+06	28.1577	1.41413	228	1.12112	5.33681	4.48684	1.15405
842	44.0563	53	-1.5188e+06	28.1725	1.38941	236	1.119	4.97062	4.50555	1.10851
843	44.3259	52	-1.5196e+06	27.7788	1.38532	240	1.12036	5.64997	4.46006	1.01911
844	44.3985	53	-1.51989e+06	27.8893	1.39567	237	1.12392	5.32027	4.6369	1.00918
845	44.098	53	-1.51978e+06	27.8405	1.38745	226	1.12242	4.69607	4.46448	1.01143
846	43.6477	54	-1.5198e+06	27.8242	1.41451	225	1.12152	4.83124	4.52883	1.05122
847	42.323	54	-1.5197e+06	27.9326	1.40327	215	1.1204	4.70254	4.55302	1.02873
848	43.6607	54	-1.51966e+06	27.9737	1.41108	217	1.11912	5.09249	4.48459	0.99197
849	43.9482	54	-1.52047e+06	27.9244	1.39568	232	1.12378	4.90037	4.63095	0.941387
850	42.9067	55	-1.51982e+06	27.7222	1.39816	219	1.12244	4.77202	4.57356	0.924415
851	42.9357	55	-1.52036e+06	28.0724	1.38695	211	1.12375	4.54259	4.52408	0.977534
852	42.5153	55	-1.52031e+06	27.8557	1.40748	213	1.12417	5.41923	4.53984	1.00409
853	42.0621	54	-1.52021e+06	27.8761	1.39075	218	1.1257	4.81762	4.53837	1.06129
854	43.1366	54	-1.52028e+06	27.7718	1.39878	226	1.12545	4.90504	4.49253	0.840796
855	43.2686	55	-1.52065e+06	27.644	1.38598	220	1.12381	4.59668	4.54352	1.03966
856	43.3844	54	-1.52055e+06	27.7392	1.38093	221	1.12745	4.79035	4.55326	0.947664
857	43.2393	53	-1.52055e+06	27.7299	1.38833	229	1.12865	5.00605	4.48574	0.956043
858	43.3251	53	-1.52064e+06	27.6363	1.3855	231	1.12985	4.67726	4.55436	1.08696
859	44.1346	54	-1.52085e+06	27.5939	1.37511	228	1.13018	4.89693	4.50383	1.04374
860	43.9154	54	-1.52079e+06	27.8786	1.38465	229	1.1279	4.52355	4.46948	0.960414
861	43.9986	52	-1.52039e+06	27.755	1.3831	241	1.12694	4.64507	4.54529	0.972343
862	44.4845	53	-1.52156e+06	27.6799	1.3554	222	1.13036	4.91345	4.58554	1.06064
863	43.7342	54	-1.52136e+06	27.8749	1.34476	226	1.13171	4.71712	4.62768	0.959958
864	43.2023	53	-1.52212e+06	27.7677	1.34635	219	1.13019	5.09895	4.50859	0.956773
865	43.1082	55	-1.52157e+06	27.8979	1.34728	211	1.13059	4.59105	4.60533	0.884728
866	42.7145	55	-1.52122e+06	27.9024	1.36157	222	1.12869	4.98219	4.59559	0.928319
867	43.0474	55	-1.52028e+06	27.8331	1.36224	218	1.1253	5.32712	4.62231	1.0707
868	44.3604	53	-1.5203e+06	27.9469	1.37092	232	1.12721	4.84908	4.50021	1.05652
869	43.859	52	-1.52052e+06	28.0133	1.3809	255	1.12704	4.92335	4.53271	1.06714
870	45.2801	53	-1.52052e+06	27.9145	1.37677	249	1.12861	4.93114	4.56344	0.967475
871	44.316	53	-1.5203e+06	27.8431	1.39166	229	1.12676	4.75192	4.49359	1.12284
872	43.656	54	-1.52139e+06	27.9628	1.37901	238	1.12928	4.72425	4.51671	1.07797
873	44.7638	53	-1.52058e+06	27.9509	1.39622	236	1.1272	4.70595	4.58977	0.96505
874	43.6318	52	-1.52067e+06	27.9232	1.37332	239	1.12507	4.74477	4.55635	1.05162
875	45.1656	53	-1.5212e+06	28.1334	1.34962	245	1.12743	4.8137	4.47596	1.08596
876	44.6732	53	-1.5207e+06	28.2551	1.35412	236	1.12956	4.6314	4.50224	1.06595
877	44.1642	53	-1.52093e+06	28.3277	1.35971	233	1.12957	4.68478	4.4556	0.975564
878	44.0096	54	-1.52033e+06	28.1777	1.34568	230	1.12531	4.51486	4.517	0.991012
879	43.7447	54	-1.52107e+06	28.1316	1.36014	230	1.13081	4.58353	4.53627	1.00996
880	44.3328	53	-1.52117e+06	27.9416	1.36346	242	1.12956	4.88835	4.53791	0.957405
881	43.7369	52	-1.52038e+06	27.8518	1.37384	218	1.12632	4.6098	4.55761	1.08322
882	42.689	54	-1.52065e+06	27.7814	1.39801	227	1.12437	4.73263	4.56144	1.04275
883	42.4972	53	-1.52018e+06	27.5731	1.38694	231	1.12708	4.52027	4.5006	0.885533
884	42.8657	52	-1.52054e+06	27.4205	1.38207	227	1.12646	4.70214	4.56243	0.900415
885	43.2638	54	-1.5201e+06	27.5069	1.3978	233	1.12692	4.69514	4.59304	0.940672
886	44.1877	53	-1.52077e+06	27.4585	1.39961	232	1.12873	5.03284	4.55192	0.995907
887	43.9183	53	-1.52039e+06	27.5766	1.38981	247	1.12623	5.05249	4.55258	0.925438
888	44.8274	51	-1.52e+06	27.6036	1.39241	256	1.12654	5.06118	4.48181	0.980922
889	44.7952	52	-1.52011e+06	27.8051	1.3704	232	1.12667	4.75878	4.55871	0.976278
890	43.3613	53	-1.52041e+06	27.9432	1.36987	237	1.12494	4.62702	4.47166	1.04908
891	43.2893	53	-1.52074e+06	28.0083	1.34728	229	1.12795	4.71373	4.51425	1.07239
892	42.6169	53	-1.52104e+06	27.9454	1.33715	224	1.13014	4.73504	4.51099	1.121
893	42.8786	54	-1.52118e+06	28.09	1.33481	225	1.13028	4.92624	4.60443	1.01892
894	43.3725	53	-1.52045e+06	27.9524	1.34784	239	1.12692	4.78908	4.53314	0.993816
895	43.5769	53	-1.52069e+06	28.364	1.34601	219	1.12827	4.75512	4.51961	0.884418
896	42.684	53	-1.52056e+06	28.2225	1.34566	232	1.12855	4.90926	4.53509	0.968258
897	42.3696	53	-1.52013e+06	28.1966	1.35692	224	1.12373	4.74137	4.51942	0.99254
898	43.4269	52	-1.52092e+06	28.1174	1.34951	234	1.12533	5.07555	4.53269	0.918101
899	43.7781	54	-1.5209e+06	27.9832	1.3551	228	1.12538	4.87582	4.63613	0.992667
900	43.9146	54	-1.52071e+06	28.0343	1.35583	219	1.12826	5.06945	4.62179	0.951415
901	42.7557	54	-1.52156e+06	28.0281	1.35427	222	1.12675	4.7978	4.51547	0.964725
902	43.4608	54	-1.52066e+06	28.0376	1.3669	237	1.12742	4.87756	4.53155	0.998541
903	44.0802	54	-1.52115e+06	27.7869	1.38182	226	1.12628	4.81347	4.48128	0.943594
904	43.1031	52	-1.52058e+06	28.0531	1.38162	242	1.12714	5.0333	4.56739	1.11437
905	44.6067	52	-1.52082e+06	27.6647	1.37211	234	1.12573	4.74455	4.59114	0.9396
906	44.7847	52	-1.52041e+06	27.7776	1.38556	239	1.12513	4.60635	4.54897	0.845214
907	43.7765	52	-1.52086e+06	27.7005	1.36889	228	1.12738	4.80575	4.59004	1.00928
908	43.9439	54	-1.52147e+06	27.6771	1.35582	230	1.13035	4.72508	4.52102	0.974743
909	43.6674	53	-1.52125e+06	27.6228	1.35368	231	1.13019	4.76359	4.56151	0.923843
910	43.9651	53	-1.52123e+06	27.8347	1.35631	234	1.12953	4.90139	4.58785	0.940473
911	44.2946	53	-1.52106e+06	27.8846	1.37561	237	1.12859	4.83496	4.65659	1.00667
912	42.9176	52	-1.52087e+06	27.6263	1.37715	223	1.13041	4.70646	4.54501	0.950303
913	43.82	53	-1.52146e+06	27.6645	1.38045	242	1.13036	4.6971	4.56946	0.890653
914	44.0889	52	-1.52162e+06	27.5265	1.37668	232	1.13092	4.6787	4.54572	0.998949
915	43.0866	52	-1.52082e+06	27.7101	1.37007	233	1.13103	4.61377	4.51185	0.990182
916	43.5459	52	-1.52054e+06	27.6539	1.35622	227	1.13097	4.71633	4.47127	0.957271
917	43.6011	53	-1.52136e+06	27.8876	1.35375	238	1.13236	4.70416	4.56325	1.11524
918	44.5738	53	-1.52168e+06	27.8831	1.36518	239	1.13354	4.71241	4.48209	0.959339
919	44.0901	52	-1.52163e+06	27.7254	1.36266	246	1.13259	4.88864	4.50765	1.05167
920	42.3435	52	-1.52163e+06	27.6755	1.36241	227	1.13275	5.03602	4.50776	1.02419
921	42.5199	52	-1.52126e+06	27.7209	1.3618	241	1.13106	4.68809	4.59537	1.09104
922	44.8147	52	-1.52094e+06	27.6228	1.35883	238	1.13021	4.74883	4.48374	0.992442
923	44.133	52	-1.52056e+06	27.828	1.3677	245	1.13122	4.93793	4.53004	1.11428
924	43.903	53	-1.52093e+06	27.7765	1.35698	237	1.13085	4.55147	4.49369	1.11154
925	43.773	53	-1.52106e+06	27.9199	1.34444	238	1.13179	4.58376	4.60103	0.920156
926	43.6048	53	-1.52082e+06	28.0109	1.35913	227	1.12865	4.82393	4.54897	1.06151
927	44.0656	53	-1.52061e+06	28.0771	1.36586	237	1.12946	4.65783	4.50874	1.07219
928	44.0545	53	-1.52014e+06	27.732	1.36921	236	1.12603	4.73762	4.53065	1.02352
929	43.8895	52	-1.52054e+06	27.8514	1.36984	253	1.13013	5.07059	4.47686	1.0966
930	44.083	51	-1.52045e+06	27.6876	1.37005	239	1.12702	4.56513	4.52847	0.96839
931	44.432	52	-1.52054e+06	27.7709	1.36981	241	1.12842	4.92235	4.4386	0.913583
932	45.2793	51	-1.52077e+06	27.9066	1.35925	237	1.1286	5.21229	4.53381	1.03297
933	44.2364	53	-1.52098e+06	27.7475	1.36223	234	1.12975	4.90815	4.47048	1.07818
934	44.4027	52	-1.52151e+06	27.9956	1.35725	237	1.13241	4.52348	4.47603	0.897423
935	42.9977	50	-1.52054e+06	27.8944	1.36939	230	1.12832	4.67063	4.58175	0.922196
936	43.4383	38	-1.52074e+06	28.1333	1.37146	232	1.12781	4.86961	4.59026	1.01755
937	44.2702	38	-1.52025e+06	28.0852	1.36398	229	1.12703	5.07431	4.53029	1.07338
938	48.9686	39	-1.52045e+06	28.2397	1.36072	242	1.12732	5.25255	4.59893	0.933287
939	45.3609	37	-1.52038e+06	28.328	1.35565	245	1.12925	4.81433	4.63367	0.904851
940	45.6128	37	-1.52029e+06	28.2418	1.36283	228	1.12815	5.26089	4.55146	0.969512
941	45.804	53	-1.52062e+06	28.1162	1.36032	255	1.1292	4.88595	4.56736	0.912952
942	47.1712	53	-1.52014e+06	27.8707	1.36847	260	1.13103	5.15363	4.47868	0.966444
943	45.3635	52	-1.52036e+06	27.8844	1.34605	244	1.12894	5.14819	4.53457	0.857628
944	46.1514	55	-1.52033e+06	27.8898	1.34636	217	1.12957	4.95688	4.56766	1.06633
945	45.8409	55	-1.52117e+06	27.8469	1.34424	244	1.1309	4.9588	4.59556	0.928662
946	46.5492	54	-1.52156e+06	27.9196	1.35765	230	1.13182	4.87986	4.58307	1.04222
947	46.4828	54	-1.52087e+06	27.7061	1.3677	233	1.12994	4.77942	4.63819	1.0344
948	45.7404	53	-1.5204e+06	27.6039	1.3603	222	1.12739	4.57735	4.48879	1.00169
949	46.3648	55	-1.52089e+06	27.7758	1.35957	240	1.12919	4.49664	4.59993	1.02997
950	46.2645	54	-1.52122e+06	27.5156	1.35515	229	1.13096	4.94883	4.57617	0.961381
951	46.4783	54	-1.52134e+06	27.5755	1.35992	256	1.13264	4.78118	4.48806	0.886861
952	45.1049	52	-1.52083e+06	27.6603	1.36645	245	1.12956	4.96207	4.63929	0.966819
953	46.6513	54	-1.52059e+06	27.6462	1.35752	251	1.12953	5.07816	4.49318	1.02185
954	46.8982	53	-1.52087e+06	27.7432	1.35433	246	1.13354	5.06389	4.57614	0.947446
955	47.1883	53	-1.5215e+06	27.8089	1.33287	251	1.13548	4.7664	4.5365	0.967776
956	46.3188	52	-1.52101e+06	27.8159	1.34164	251	1.13163	4.731	4.49599	1.08262
957	47.2202	54	-1.52031e+06	27.7118	1.34263	267	1.12969	4.73053	4.51756	0.930256
958	47.2435	53	-1.52051e+06	27.6709	1.36097	240	1.12865	4.82665	4.50862	0.964357
959	45.7295	53	-1.52013e+06	27.723	1.34534	233	1.12931	4.63857	4.5639	1.02738
960	46.4404	54	-1.52036e+06	27.9393	1.32877	243	1.1309	4.86985	4.55255	1.0816
961	78.7885	57	-1.52021e+06	28.0467	1.32442	254	1.13026	4.77872	4.51701	0.90603
962	78.7869	57	-1.5198e+06	28.1338	1.34334	259	1.12654	5.09955	4.4829	0.949486
963	80.0645	56	-1.52027e+06	27.927	1.34288	259	1.12845	4.74244	4.47619	0.960503
964	79.6094	57	-1.51995e+06	27.9112	1.35657	246	1.12953	4.59886	4.51152	0.9446
965	79.4413	56	-1.52017e+06	27.6634	1.36731	251	1.12846	4.98779	4.58899	1.08894
966	80.0404	57	-1.51999e+06	27.638	1.37165	236	1.12729	4.87752	4.52812	1.06132
967	76.589	57	-1.52054e+06	27.7503	1.37555	231	1.12866	4.89227	4.53871	0.920921
968	78.7873	57	-1.52057e+06	27.887	1.36272	243	1.12762	5.00148	4.53873	1.02967
969	76.8695	57	-1.51993e+06	27.8014	1.34501	225	1.1279	4.90214	4.60721	0.954093
970	78.6672	58	-1.52067e+06	27.6051	1.34929	239	1.13018	4.65367	4.54046	0.944204
971	77.6915	58	-1.52067e+06	27.7433	1.35917	243	1.12923	4.99616	4.51235	1.12699
972	78.7892	58	-1.5203e+06	27.6769	1.37545	239	1.12739	4.79898	4.57462	0.903921
973	78.0484	58	-1.52054e+06	27.9081	1.37979	226	1.12589	4.80963	4.56213	0.933095
974	78.8145	58	-1.51978e+06	27.7257	1.39479	235	1.12366	4.61484	4.52443	0.940811
975	77.2249	58	-1.52051e+06	27.7991	1.38376	225	1.12699	5.00111	4.52177	0.98399
976	77.9731	59	-1.52029e+06	27.6443	1.37235	221	1.12625	4.60055	4.53368	1.00804
977	75.2301	59	-1.52063e+06	27.5552	1.37108	229	1.12494	5.12954	4.53963	0.883783
978	77.9077	58	-1.52081e+06	27.5884	1.37712	236	1.12736	5.05784	4.48142	0.921226
979	77.1428	58	-1.5198e+06	27.6967	1.37795	252	1.12641	4.64996	4.60755	0.888352
980	74.9687	56	-1.52015e+06	27.8241	1.36152	226	1.1265	4.81202	4.59046	0.988133
981	78.4359	58	-1.5201e+06	27.8229	1.36545	227	1.12804	4.45781	4.54619	1.03385
982	77.7062	58	-1.51982e+06	28.0504	1.35958	249	1.1274	4.86978	4.55737	1.1125
983	78.4585	58	-1.51965e+06	27.9843	1.35334	232	1.12484	4.73001	4.511	0.877981
984	77.4142	57	-1.52056e+06	28.0846	1.34504	222	1.12707	4.85769	4.66764	1.19711
985	78.2784	58	-1.51944e+06	28.0257	1.36778	250	1.12131	4.71925	4.56534	0.994978
986	78.5036	58	-1.51973e+06	27.8955	1.37616	249	1.12439	4.80421	4.51375	1.03535
987	80.2167	56	-1.5198e+06	27.7046	1.37399	245	1.12169	4.87659	4.56623	0.923146
988	79.6332	57	-1.51977e+06	27.7907	1.37388	238	1.12591	4.45124	4.51995	0.960756
989	78.1919	57	-1.52089e+06	27.9768	1.36556	240	1.12753	5.09817	4.56498	1.10985
990	77.5135	57	-1.52081e+06	27.7335	1.35688	237	1.1276	4.7703	4.5573	1.06436
991	80.1008	57	-1.52033e+06	27.764	1.37133	240	1.12847	5.1769	4.4936	0.948255
992	79.4925	58	-1.52e+06	27.726	1.37794	265	1.12628	4.76591	4.51093	1.05781
993	79.7391	57	-1.52043e+06	27.473	1.38659	239	1.12781	5.12822	4.57902	0.924698
994	76.8571	57	-1.5206e+06	27.6791	1.38673	239	1.13	5.13587	4.47445	0.996211
995	78.2989	58	-1.51984e+06	27.8339	1.38919	245	1.12616	4.92076	4.55674	1.00155
996	78.3125	58	-1.5198e+06	27.8327	1.40799	238	1.12287	4.72055	4.57146	0.96332
997	77.0289	58	-1.52036e+06	27.9889	1.38943	230	1.12671	4.46626	4.44563	0.991134
998	77.9371	58	-1.52014e+06	27.9106	1.36716	234	1.12697	4.82641	4.4899	0.944123
999	78.56	58	-1.52028e+06	27.8012	1.37071	245	1.12972	4.6446	4.44634	1.01014
1000	78.6244	57	-1.52052e+06	27.8165	1.39574	249	1.12887	4.84002	4.49031	1.20601
1001	77.8541	55	-1.52059e+06	27.7517	1.37005	268	1.13162	5.02612	4.45472	1.06533
1002	80.0874	57	-1.52041e+06	27.6856	1.37086	260	1.12845	4.76968	4.49406	0.979761
1003	78.8514	57	-1.52069e+06	27.5819	1.36855	254	1.13146	4.53407	4.46719	1.11961
1004	79.3656	57	-1.52072e+06	27.5702	1.38321	234	1.12916	4.90011	4.50379	1.02056
1005	77.96	58	-1.52071e+06	27.7851	1.39792	230	1.13004	4.78879	4.53758	1.03783
1006	77.6895	58	-1.52066e+06	27.7012	1.36808	229	1.12889	4.53661	4.5367	1.02419
1007	78.3387	58	-1.52086e+06	27.6628	1.35899	229	1.13019	4.68269	4.51054	0.96098
1008	76.521	57	-1.5209e+06	27.7052	1.36277	247	1.13144	4.97849	4.52114	1.10388
1009	76.0938	56	-1.52095e+06	27.8116	1.37281	262	1.13026	4.82126	4.45003	1.05337
1010	79.2084	57	-1.52063e+06	27.9028	1.36861	242	1.1274	4.65204	4.46461	0.953584
1011	78.4824	58	-1.52078e+06	28.0643	1.35422	241	1.13364	4.77121	4.53977	0.865875
1012	77.8247	58	-1.52093e+06	27.7258	1.37699	243	1.12973	5.01795	4.55241	0.925329
1013	78.2519	58	-1.52062e+06	27.7347	1.37827	242	1.12691	4.96542	4.4987	0.923839
1014	76.5701	57	-1.52076e+06	27.3867	1.38108	239	1.12589	5.14323	4.61392	1.02274
1015	73.021	57	-1.52066e+06	27.7852	1.37888	218	1.12726	4.6378	4.63308	1.0821
1016	75.1773	58	-1.52067e+06	27.7012	1.38131	204	1.12508	4.83139	4.56574	0.874374
1017	75.5808	59	-1.52126e+06	27.4987	1.37965	208	1.12709	5.0457	4.56803	1.07687
1018	73.4967	59	-1.52076e+06	27.541	1.39019	209	1.12759	4.86852	4.63802	1.08591
1019	75.694	60	-1.52142e+06	27.7811	1.3686	211	1.13061	4.68934	4.58293	1.06434
