iter	time	topo	loglik	length	alpha	Nmode	statent	statalpha	rrent	rrmean
0	0	0	-2.55699e+06	12.7542	1	9	2.64543	20	4.83548	1.04225
1	36.2318	64	-1.23279e+06	17.2409	0.554264	14	1.54022	11.5242	4.30404	1.03598
2	36.4952	63	-1.16805e+06	21.1043	0.515965	27	1.41743	10.6426	4.36253	1.02068
3	36.6053	61	-1.13759e+06	24.4327	0.497336	42	1.3061	10.2438	4.40795	0.9681
4	38.0558	60	-1.11956e+06	24.7011	0.47178	57	1.26022	9.63033	4.49692	1.03121
5	40.0721	58	-1.09665e+06	23.9359	0.46864	74	1.23556	10.6086	4.5111	1.0118
6	40.9958	57	-1.08722e+06	23.6293	0.473323	84	1.21654	8.62846	4.52754	0.940461
7	40.5532	54	-1.07675e+06	23.1617	0.467272	82	1.18895	8.36854	4.41987	0.984953
8	42.2848	56	-1.06315e+06	22.9649	0.465959	90	1.1716	7.59857	4.52325	1.00146
9	42.4242	56	-1.0567e+06	23.0239	0.468455	86	1.16181	7.17176	4.55588	0.998609
10	41.5533	55	-1.04982e+06	22.8064	0.474204	94	1.1574	7.33315	4.43062	1.01652
11	41.6988	57	-1.0451e+06	22.0347	0.472207	94	1.15117	7.7506	4.50353	0.976679
12	40.5733	56	-1.04293e+06	21.6669	0.478698	100	1.14039	7.42869	4.59741	1.01653
13	40.3758	57	-1.04117e+06	21.6022	0.48098	96	1.13037	7.48996	4.56569	0.920351
14	39.3391	59	-1.03918e+06	21.5528	0.48282	102	1.12723	6.72264	4.65817	1.05205
15	39.5357	60	-1.035e+06	20.9136	0.486531	120	1.123	7.7606	4.42984	0.993097
16	39.9535	59	-1.0319e+06	20.5124	0.493196	110	1.11838	6.77779	4.49437	0.97737
17	40.1662	59	-1.03092e+06	20.4119	0.495825	119	1.11732	7.23157	4.50577	0.980141
18	39.6574	59	-1.02969e+06	20.0138	0.49416	112	1.11191	6.75624	4.52023	1.02613
19	38.8943	59	-1.02694e+06	19.7767	0.497096	109	1.10959	6.59848	4.49214	1.00024
20	39.7265	60	-1.02312e+06	19.384	0.502318	117	1.11249	7.53595	4.55671	0.996645
21	40.3089	59	-1.01547e+06	18.9868	0.513173	113	1.10733	7.16009	4.46803	0.973286
22	39.8763	60	-1.01286e+06	18.4165	0.524423	108	1.10317	6.82358	4.57959	0.975333
23	39.7133	60	-1.0105e+06	18.3217	0.529873	105	1.09639	7.03095	4.54605	0.975683
24	39.857	59	-1.01028e+06	18.1412	0.538322	120	1.09069	6.20754	4.60641	1.04722
25	40.8789	58	-1.0095e+06	17.8517	0.543232	124	1.08685	6.61108	4.52137	0.920213
26	40.4659	59	-1.00953e+06	17.5811	0.543707	118	1.08759	6.04029	4.62318	1.06106
27	40.3529	59	-1.00852e+06	17.6145	0.544032	114	1.09188	6.29321	4.6141	1.00493
28	39.9267	59	-1.00898e+06	17.3923	0.546896	120	1.09108	6.154	4.55721	0.959509
29	40.9265	59	-1.00652e+06	17.1899	0.554852	128	1.09169	6.90852	4.57196	0.921364
30	40.7888	58	-1.00657e+06	16.6947	0.558979	131	1.09189	6.2919	4.50483	0.889673
31	40.9704	58	-1.00665e+06	16.3757	0.570924	113	1.09165	6.13599	4.47294	1.14425
32	40.8918	59	-1.0062e+06	16.1458	0.577791	129	1.09134	6.64767	4.55393	0.944254
33	40.9839	58	-1.00619e+06	15.7698	0.580941	119	1.08372	6.35757	4.59026	1.03873
34	40.5027	59	-1.00557e+06	15.513	0.592633	114	1.08044	6.30103	4.58779	1.00596
35	40.8355	59	-1.00579e+06	15.4043	0.591451	124	1.0834	6.31954	4.62449	0.947905
36	41.1624	58	-1.00468e+06	15.4065	0.588535	116	1.08141	6.4033	4.59246	1.05756
37	40.8776	59	-1.00493e+06	15.3846	0.588136	123	1.08195	7.1731	4.57909	0.979877
38	40.0523	58	-1.00491e+06	15.2713	0.590554	118	1.08004	6.11747	4.60838	0.921893
39	40.6099	58	-1.00464e+06	15.2568	0.591778	115	1.08236	5.94464	4.58142	1.00714
40	40.2491	59	-1.00375e+06	15.2171	0.595087	125	1.07388	5.86752	4.60222	1.02132
41	40.0606	58	-1.00336e+06	15.0669	0.606729	119	1.06869	6.42501	4.63859	1.03638
42	41.1062	58	-1.00374e+06	15.0388	0.606608	116	1.0725	6.336	4.63154	0.946354
43	40.8483	59	-1.00374e+06	15.0521	0.604557	123	1.06655	6.53482	4.63692	0.929171
44	40.9078	58	-1.00355e+06	15.1601	0.603475	116	1.06604	6.01237	4.60654	1.04316
45	39.6335	58	-1.00411e+06	15.0778	0.606753	121	1.06571	5.61173	4.59863	1.00922
46	40.3697	58	-1.00311e+06	15.0386	0.614499	114	1.0587	6.19131	4.58103	1.077
47	40.1112	58	-1.00366e+06	15.1082	0.605671	120	1.06759	6.52472	4.61455	1.05548
48	40.2968	59	-1.0031e+06	14.9897	0.607751	112	1.06102	5.73467	4.65244	0.809644
49	40.6381	59	-1.00242e+06	15.0058	0.614192	121	1.06155	5.75712	4.61539	1.03455
50	40.3166	60	-1.00279e+06	15.0344	0.61622	110	1.06484	6.24351	4.62104	1.14404
51	39.0525	59	-1.00238e+06	15.0076	0.613526	110	1.06462	6.0133	4.69686	1.02149
52	38.7566	58	-1.00227e+06	14.8386	0.614483	113	1.06021	5.97091	4.5954	1.04979
53	39.6201	59	-1.0028e+06	14.8077	0.615117	108	1.06161	5.83635	4.59197	0.995811
54	39.5035	59	-1.00234e+06	14.791	0.620572	117	1.0582	6.01853	4.55975	0.973178
55	40.5216	59	-1.00259e+06	14.8205	0.616505	121	1.05979	6.7609	4.61334	0.932663
56	40.7322	59	-1.00197e+06	14.9355	0.620628	112	1.0546	6.19405	4.76256	0.96257
57	40.3749	59	-1.00235e+06	15.0044	0.616386	118	1.05872	6.73287	4.68861	0.977138
58	40.2761	58	-1.00193e+06	14.7747	0.617103	118	1.05475	5.84434	4.58284	0.953645
59	41.1022	58	-1.00241e+06	14.9605	0.612071	123	1.05893	5.47014	4.58158	1.04404
60	40.5912	58	-1.0022e+06	15.0211	0.617127	114	1.05905	5.90811	4.63645	0.876238
61	40.1139	58	-1.00155e+06	15.0211	0.61662	117	1.0553	6.31981	4.6109	1.15029
62	40.5493	59	-1.00174e+06	14.8952	0.622486	125	1.05328	5.83044	4.62204	1.01856
63	40.8737	59	-1.00162e+06	14.8702	0.624009	115	1.05487	6.17658	4.52267	0.98382
64	40.3586	58	-1.00133e+06	14.9312	0.626227	115	1.05331	5.79878	4.64876	0.969048
65	39.8396	58	-1.00097e+06	14.9817	0.625618	116	1.04924	5.673	4.66508	0.951479
66	40.5478	59	-1.00069e+06	15.162	0.623626	104	1.04393	5.86496	4.67721	0.994845
67	40.3332	60	-1.00046e+06	15.1774	0.62884	104	1.04217	6.32682	4.6003	1.01656
68	40.3798	60	-1.00036e+06	15.1842	0.625924	114	1.04296	6.28725	4.67429	1.00867
69	39.6977	59	-1.00037e+06	15.1059	0.632209	108	1.03809	6.17936	4.65691	0.992225
70	40.4752	59	-1.00065e+06	15.232	0.636535	119	1.03707	6.93499	4.69643	0.983355
71	40.0954	59	-1.00007e+06	15.2234	0.632296	117	1.03484	5.63118	4.69336	0.957781
72	39.9425	59	-999589	15.2486	0.634131	109	1.0341	5.87284	4.68657	0.986736
73	40.3139	59	-999905	15.2226	0.635917	114	1.03813	5.58125	4.65723	0.988277
74	40.3104	60	-1.00065e+06	15.0934	0.638426	108	1.03942	5.87455	4.63713	0.971682
75	40.3011	59	-999866	15.0597	0.637766	114	1.03761	5.98858	4.6253	1.03234
76	39.6988	58	-999700	15.0453	0.641214	119	1.03576	5.84694	4.64156	0.999421
77	40.1064	60	-999860	15.182	0.628417	106	1.03973	5.38261	4.63313	1.03979
78	40.5989	59	-999778	15.1981	0.631847	113	1.03872	5.60184	4.59823	0.975933
79	39.4631	59	-1.00005e+06	15.1523	0.628383	109	1.0372	5.55129	4.5926	0.862768
80	40.3225	60	-999431	15.2007	0.622486	113	1.03618	5.70147	4.65606	1.03249
81	40.5732	59	-999992	15.2871	0.623669	128	1.03908	5.76054	4.61189	0.885266
82	40.3879	59	-1.00004e+06	15.3237	0.627315	119	1.03359	5.61079	4.65195	1.17981
83	40.6961	58	-999350	15.2791	0.63363	118	1.03092	5.80758	4.68946	1.10335
84	39.9835	59	-999536	15.187	0.631214	115	1.03199	5.78769	4.65567	0.989716
85	39.437	58	-998865	15.2779	0.633639	121	1.02671	5.57218	4.68966	1.0142
86	39.1469	57	-999425	15.3038	0.634954	110	1.03169	5.63842	4.71202	1.0743
87	40.1356	59	-999317	15.0732	0.645392	116	1.02625	5.27198	4.63675	0.98076
88	40.5072	59	-998841	15.1733	0.641309	116	1.02666	5.42827	4.63791	1.06796
89	40.7236	58	-998644	15.2791	0.640132	114	1.02642	5.25201	4.56032	1.12687
90	40.3611	59	-998398	15.3716	0.64217	118	1.02389	5.90825	4.66631	1.03157
91	39.4028	58	-998630	15.4352	0.635675	116	1.02645	5.7768	4.72542	1.03309
92	40.7627	59	-998183	15.2972	0.640211	124	1.02276	5.97376	4.63572	1.02669
93	41.1529	58	-998592	15.264	0.636365	121	1.02304	5.26648	4.67103	0.930479
94	40.5343	59	-998450	15.2793	0.639342	116	1.02107	5.5449	4.59513	1.03026
95	40.8438	58	-998467	15.3018	0.644305	135	1.0226	5.90235	4.58206	0.986125
96	41.1467	57	-998506	15.3255	0.648409	116	1.01768	5.73265	4.5816	0.883268
97	40.6846	59	-998471	15.3347	0.651741	120	1.01963	5.92259	4.70981	1.10709
98	40.9705	59	-998360	15.4225	0.643096	112	1.02206	5.88432	4.67245	1.09487
99	40.8762	58	-998717	15.4042	0.647545	118	1.02587	5.92646	4.6274	1.01575
100	40.0488	59	-998736	15.2341	0.641407	118	1.0281	5.70836	4.63067	1.0769
101	40.5221	58	-998744	15.0497	0.63686	112	1.02626	5.6317	4.64793	0.997751
102	40.1853	56	-998417	15.2891	0.639328	132	1.02151	6.02267	4.69916	1.00189
103	41.2037	57	-998701	15.2887	0.64505	125	1.02083	5.52008	4.655	0.975941
104	41.4218	56	-998297	15.4461	0.644008	138	1.02182	5.71108	4.62154	1.12529
105	40.8996	57	-998525	15.4742	0.646774	129	1.01963	5.70154	4.6788	1.0018
106	41.0087	58	-997507	15.2529	0.65828	136	1.01253	5.57665	4.62391	0.983175
107	41.1556	57	-997335	15.432	0.668189	129	1.01534	5.7634	4.62535	0.994888
108	40.6754	56	-997183	15.4838	0.663579	133	1.01207	5.42646	4.59189	0.92358
109	41.2011	58	-997500	15.3642	0.659198	129	1.0103	5.82274	4.67131	1.01234
110	40.6679	59	-997667	15.4019	0.65538	123	1.01587	5.75154	4.60042	0.914942
111	40.7904	58	-997331	15.4039	0.655006	118	1.01441	5.68729	4.65461	0.994507
112	40.7825	59	-997602	15.4665	0.653085	121	1.01623	5.60236	4.64024	0.966861
113	41.3196	58	-997654	15.4506	0.651455	128	1.01536	5.41777	4.65765	0.972857
114	41.2068	58	-997437	15.3205	0.661593	127	1.01446	5.28521	4.63843	1.04335
115	40.1007	58	-998022	15.1713	0.658397	112	1.01592	5.9343	4.62737	1.01512
116	40.6743	58	-997390	15.444	0.657634	124	1.01128	5.4669	4.65752	1.29096
117	40.9444	58	-997144	15.2533	0.659501	125	1.0103	5.34588	4.52018	0.924729
118	40.9578	58	-996679	15.3747	0.658024	123	1.0064	5.26043	4.63193	0.997723
119	39.6315	57	-997162	15.3679	0.666233	120	1.00777	5.6775	4.65037	0.918983
120	41.1624	58	-996342	15.3289	0.665216	132	1.00772	5.66796	4.57934	1.0075
121	41.8047	57	-996411	15.3071	0.668277	123	1.0079	5.28955	4.5489	1.14333
122	40.1261	57	-997252	15.5583	0.66711	122	1.01004	5.58171	4.59612	1.08574
123	41.4705	57	-997604	15.5224	0.657577	137	1.01264	5.73236	4.67566	1.10944
124	41.148	57	-996887	15.4786	0.662744	133	1.01157	5.64028	4.66542	1.00451
125	41.3341	58	-997015	15.5615	0.665262	125	1.00839	5.51813	4.68142	1.09439
126	41.1702	58	-996822	15.5044	0.668612	129	1.00986	5.25108	4.73084	1.0864
127	40.7849	59	-996811	15.3505	0.676296	116	1.00866	5.48435	4.69904	1.09294
128	40.0715	59	-996822	15.2817	0.677229	114	1.00386	5.59643	4.61468	0.962288
129	39.1288	59	-996476	15.3131	0.677808	111	1.00553	5.21645	4.74048	1.01155
130	40.5928	58	-996496	15.361	0.674813	111	1.00607	5.53313	4.61547	1.20989
131	40.5568	58	-996418	15.4053	0.67906	127	1.00768	5.75325	4.6112	1.0663
132	40.8739	58	-996754	15.2075	0.676141	123	1.0051	5.70628	4.60256	0.962852
133	40.7615	58	-996642	15.2051	0.676459	110	1.00683	5.81477	4.64866	1.08819
134	39.5941	59	-996405	15.2165	0.677998	114	1.00446	5.06733	4.62055	0.92424
135	40.1367	60	-996908	15.2836	0.674396	111	1.00568	5.02691	4.65663	0.983865
136	39.2881	59	-997007	15.4032	0.673911	108	1.00589	6.06323	4.71569	1.07244
137	40.0588	60	-996134	15.2002	0.68272	124	0.999434	5.45633	4.64002	0.986102
138	40.6484	59	-996243	15.1987	0.691971	119	0.999196	5.23292	4.62458	0.981097
139	39.6948	59	-995493	15.1762	0.689228	108	0.995595	5.43492	4.61817	0.982674
140	39.6082	60	-995760	15.2614	0.692568	106	0.99547	4.9009	4.74179	0.940815
141	40.2262	60	-995398	15.1021	0.697984	111	0.992349	5.25948	4.64474	1.02305
142	39.1481	58	-995103	15.1062	0.696494	116	0.987934	5.63008	4.72313	1.10551
143	39.9294	59	-994690	15.1627	0.697335	113	0.98956	5.64767	4.65937	0.942083
144	40.0336	59	-994874	15.1485	0.700974	111	0.989435	5.13051	4.61528	0.9655
145	40.6155	59	-994139	15.0535	0.708432	113	0.987822	5.08512	4.60991	0.992092
146	39.8305	59	-994170	15.0706	0.713769	119	0.986419	5.27485	4.71227	0.899103
147	40.2659	60	-994382	15.0346	0.709079	112	0.986794	5.52035	4.70323	1.05953
148	40.1536	59	-994951	15.2161	0.70849	119	0.988753	5.33542	4.71882	1.12849
149	39.8204	59	-995174	15.2143	0.707034	115	0.989359	5.19771	4.70114	1.07301
150	40.1683	59	-994709	15.2214	0.712125	116	0.989377	5.5448	4.67726	1.00306
151	39.8234	59	-995386	15.3411	0.706254	121	0.99363	5.22871	4.76517	1.06604
152	40.7929	59	-994295	15.405	0.70964	123	0.986164	5.26932	4.69507	1.00002
153	40.4616	58	-994833	15.4174	0.702242	127	0.988257	5.44571	4.70175	0.98953
154	40.5218	59	-994925	15.3249	0.700852	109	0.989611	5.20971	4.69279	0.991625
155	38.6812	58	-994542	15.3683	0.699817	114	0.991354	4.69678	4.70225	1.12199
156	40.1531	59	-994489	15.2237	0.703835	118	0.987293	5.26123	4.72369	1.18153
157	39.8471	57	-994785	15.3344	0.700273	119	0.987969	4.99552	4.62068	1.02782
158	40.7497	59	-993987	15.3332	0.715151	120	0.984475	4.73147	4.69985	1.16456
159	40.6113	58	-994086	15.2455	0.719752	120	0.983494	5.58591	4.66309	1.02929
160	40.4211	59	-993659	15.064	0.723303	126	0.980407	4.67489	4.73165	0.928641
161	40.871	58	-993759	15.0538	0.726719	127	0.981629	4.92691	4.72912	0.945202
162	40.1233	58	-993686	15.072	0.731594	126	0.97678	5.03106	4.68255	1.13774
163	41.2003	58	-993991	15.197	0.723641	125	0.986534	4.95296	4.63808	0.970552
164	41.4933	57	-993870	15.1833	0.72186	131	0.982867	5.29697	4.61979	1.06007
165	41.5849	58	-993600	15.0504	0.727634	127	0.979155	5.3804	4.64862	1.06619
166	40.2282	58	-993629	15.0173	0.72774	116	0.985006	5.24217	4.63353	0.924939
167	39.8934	58	-993218	14.9055	0.734081	121	0.977465	5.07543	4.61539	1.09979
168	40.8149	58	-993408	15.1004	0.73479	129	0.976813	4.80333	4.59912	0.891167
169	40.3207	58	-993160	15.2277	0.730629	129	0.979981	4.87422	4.63654	0.861163
170	40.8299	58	-993080	15.1571	0.733699	115	0.975664	4.94744	4.63062	1.13963
171	41.3569	59	-992836	15.0197	0.744545	117	0.972078	5.17222	4.6838	1.09827
172	40.1839	59	-992836	14.9172	0.75211	117	0.969446	5.15771	4.69273	1.00367
173	40.2275	59	-992904	15.0261	0.744682	121	0.975528	5.01814	4.62084	0.904018
174	40.4255	59	-993189	15.0519	0.733925	116	0.975753	5.55397	4.69355	1.0185
175	41.0864	58	-993142	15.0546	0.737737	132	0.976328	5.37424	4.71825	1.0185
176	41.2315	58	-993181	15.0808	0.744096	134	0.976708	5.36305	4.65249	1.0715
177	41.341	57	-993524	15.0177	0.735339	134	0.982673	4.97318	4.62024	1.12549
178	41.0989	56	-993625	15.0029	0.736568	134	0.980671	5.24124	4.60604	1.05181
179	41.376	57	-993538	14.9466	0.739867	131	0.978114	5.33911	4.53959	1.11796
180	41.5904	57	-994156	14.9784	0.740929	124	0.985023	5.26793	4.72434	1.08179
181	41.2616	58	-993854	15.0792	0.736601	124	0.981867	5.37034	4.74356	0.980341
182	41.3323	57	-994232	15.1105	0.724709	129	0.98826	5.29976	4.6316	1.05465
183	41.3935	58	-993055	15.0619	0.732081	131	0.978491	4.86616	4.62825	0.955948
184	42.1074	57	-994362	15.1266	0.725003	137	0.985072	4.6946	4.59362	0.933149
185	40.5892	57	-994434	15.1684	0.72609	128	0.984611	4.7674	4.72673	0.965302
186	39.7941	56	-993588	14.937	0.732992	131	0.979156	5.7185	4.63899	1.06227
187	41.3701	58	-993358	14.9463	0.736436	129	0.976118	5.07876	4.64231	1.09059
188	40.5985	57	-993555	14.9774	0.734933	128	0.977486	4.87709	4.68504	1.06372
189	40.6177	59	-993416	14.9751	0.738552	126	0.97526	4.8038	4.67266	0.906673
190	39.6207	57	-992968	15.0774	0.737326	123	0.975623	5.40225	4.67204	0.987619
191	40.9767	59	-992716	15.0134	0.746266	123	0.970489	4.4908	4.63053	0.966522
192	40.7353	59	-992635	14.9951	0.745882	124	0.966911	4.83962	4.64375	1.00774
193	41.0756	58	-992293	15.051	0.756098	117	0.966081	4.78358	4.66985	1.03306
194	39.4165	57	-992011	15.0079	0.759078	114	0.964327	5.05706	4.6104	1.06104
195	40.7538	59	-991443	15.1067	0.770371	123	0.961949	5.27951	4.62759	0.918598
196	40.4469	59	-991721	15.0833	0.767965	118	0.959942	5.06836	4.70067	1.08549
197	40.7924	59	-991394	15.1662	0.764726	122	0.962839	4.84976	4.62869	0.933977
198	40.69	58	-991491	15.1884	0.77538	119	0.962246	4.83004	4.65188	0.927904
199	40.8622	59	-992570	14.9587	0.761029	116	0.968046	5.02916	4.67606	0.963267
200	39.5959	59	-992517	15.025	0.761642	109	0.969215	5.37632	4.68815	0.918071
201	39.5362	58	-991787	14.8609	0.775273	118	0.961023	5.70644	4.71671	0.976287
202	40.474	59	-991229	15.0124	0.779958	112	0.957579	5.10247	4.70036	1.06443
203	40.0792	58	-990724	14.8724	0.800005	119	0.956819	5.12938	4.71905	0.97079
204	40.7695	59	-990737	14.834	0.782965	126	0.958202	5.36802	4.69375	1.03577
205	41.3668	58	-990955	14.9273	0.788607	137	0.961817	5.0495	4.60724	0.999183
206	41.5981	57	-991745	14.8692	0.786685	131	0.958887	5.33345	4.65835	0.847777
207	41.2239	57	-990933	15.0237	0.790338	132	0.957585	5.11011	4.61172	1.11378
208	41.366	58	-990719	14.8699	0.792589	129	0.956329	5.30187	4.62218	1.06111
209	40.36	58	-989960	14.9665	0.793137	121	0.951012	5.20423	4.59684	0.96816
210	39.9469	58	-990064	15.0133	0.798421	125	0.949634	5.0545	4.59352	0.956047
211	40.9439	58	-990668	14.9455	0.801996	122	0.955784	5.27432	4.699	0.767875
212	40.8256	59	-989723	14.9794	0.80673	123	0.947081	4.84248	4.73269	1.00861
213	40.6401	58	-989927	15.0906	0.812918	124	0.949391	5.32255	4.66286	1.08107
214	41.2166	57	-989536	14.9717	0.810515	143	0.947613	4.58156	4.65242	0.962865
215	41.6031	57	-989223	15.0138	0.811589	131	0.946438	4.84872	4.5778	1.01047
216	41.4158	58	-989296	15.0212	0.821899	133	0.94596	5.1755	4.60521	0.977323
217	41.4099	58	-989516	14.8837	0.824359	133	0.946533	4.92019	4.64584	1.08835
218	41.4459	58	-990035	15.0375	0.813946	123	0.950853	4.89213	4.6664	0.976869
219	40.6178	57	-989514	15.0598	0.814339	120	0.94877	5.21928	4.61198	0.979561
220	41.6956	57	-989902	15.0158	0.812831	136	0.95003	5.11857	4.71469	0.817864
221	41.8362	57	-990233	15.0738	0.817832	139	0.948064	5.00134	4.66367	1.05275
222	41.3739	56	-989388	14.8565	0.823647	142	0.944885	5.23952	4.65853	0.907762
223	41.544	57	-989082	14.8582	0.819134	130	0.940407	5.07515	4.73156	1.1528
224	40.7588	57	-989441	14.9431	0.822676	135	0.943014	4.93985	4.68016	1.05207
225	41.1391	57	-989240	15.1251	0.819363	125	0.942437	5.20068	4.66848	1.05394
226	41.4522	57	-989210	15.2809	0.821193	137	0.948298	5.29415	4.66053	0.97966
227	40.5418	57	-989671	15.1614	0.834411	129	0.945431	5.16134	4.61637	1.03249
228	40.4076	56	-989182	14.9766	0.833086	134	0.945579	5.18397	4.6202	0.993551
229	41.5178	57	-988354	14.862	0.849699	134	0.936378	4.94974	4.56673	0.944896
230	40.4769	57	-988325	15.0002	0.857681	128	0.938367	4.89846	4.62859	1.16392
231	41.2488	58	-987901	15.017	0.871058	123	0.93458	4.85255	4.69775	1.06078
232	40.5293	58	-988232	14.9365	0.871035	119	0.935452	4.49299	4.64489	1.04518
233	40.7813	59	-988512	14.8778	0.866526	117	0.937139	4.90782	4.68135	0.928045
234	40.6792	58	-988922	14.7971	0.851391	130	0.942942	5.15659	4.63969	0.987158
235	40.6661	58	-988320	14.8595	0.865364	122	0.93829	5.17362	4.745	0.953966
236	40.8251	59	-989721	14.7726	0.857737	124	0.940459	5.07843	4.71054	0.910389
237	40.6169	56	-988528	14.8352	0.872369	134	0.936989	4.86068	4.64374	1.0828
238	41.784	56	-988335	14.7868	0.885797	135	0.934596	5.26502	4.64943	1.05448
239	40.5692	59	-988241	14.8155	0.878583	121	0.931831	4.84423	4.74583	1.01014
240	40.5424	59	-988267	14.7388	0.881465	124	0.933542	5.2303	4.68844	0.946085
241	41.0577	58	-987794	14.8679	0.895818	119	0.928314	5.18281	4.714	0.970883
242	40.6761	58	-987348	14.8577	0.903804	127	0.926564	5.11647	4.60714	1.08161
243	41.3088	57	-987494	14.6742	0.909275	127	0.92733	5.03201	4.65728	0.931988
244	40.2673	57	-987997	14.7577	0.898989	128	0.926801	5.28434	4.65361	0.954623
245	39.9951	58	-988212	14.8795	0.894998	114	0.926602	5.36021	4.75882	0.92568
246	39.7987	58	-987694	14.8131	0.900038	128	0.92889	4.84968	4.64769	0.88385
247	41.2657	58	-987064	14.812	0.905179	127	0.922782	5.21705	4.5798	1.07024
248	41.8595	58	-987450	14.8208	0.920499	126	0.923838	4.76209	4.68914	1.0687
249	40.7303	58	-987340	14.6412	0.924285	127	0.923957	5.04252	4.67576	0.99502
250	40.3909	57	-987181	14.738	0.935744	126	0.922482	5.01915	4.63369	1.03832
251	41.6728	57	-986268	14.5772	0.936138	137	0.917823	5.24585	4.63146	1.1099
252	41.1506	58	-985614	14.7174	0.942211	130	0.912401	5.19108	4.68146	0.948012
253	40.0439	58	-985434	14.6462	0.946113	113	0.91112	5.26586	4.70339	0.952785
254	40.7994	58	-985561	14.908	0.95295	127	0.913852	5.57967	4.72799	1.01412
255	40.8779	58	-985406	14.9914	0.945227	125	0.912565	4.9505	4.69978	0.991579
256	39.9052	60	-985583	14.8493	0.948549	113	0.908617	5.6652	4.69112	0.951801
257	40.202	59	-985502	15.0172	0.966863	125	0.909314	5.00983	4.65277	1.08916
258	41.2666	59	-985215	15.0525	0.96572	126	0.904101	5.28752	4.73852	1.07774
259	41.2657	58	-984724	15.0006	0.979013	129	0.902629	5.30727	4.60727	0.957623
260	40.6326	59	-984299	14.8208	0.986294	117	0.898794	5.28057	4.64256	0.982403
261	41.6225	59	-984609	14.9927	0.976683	132	0.906101	5.40821	4.66641	0.990007
262	41.1071	59	-984268	14.9916	0.99233	128	0.901461	5.30716	4.6693	0.95355
263	40.887	57	-984433	14.999	0.990697	126	0.898455	5.67396	4.68701	0.89469
264	41.0666	58	-984200	14.9666	0.999275	122	0.897031	4.97734	4.66103	1.10669
265	40.6285	59	-984183	15.0643	0.997446	119	0.898411	5.83676	4.61844	1.00198
266	40.9167	58	-983892	14.9993	0.993836	129	0.897336	5.30242	4.67289	1.00404
267	41.0453	58	-983904	15.018	0.995552	127	0.896057	5.46594	4.65098	0.972084
268	41.1911	58	-983370	15.0276	1.0159	122	0.891116	4.74372	4.76708	1.03932
269	40.88	58	-983488	15.1471	1.00415	122	0.896996	4.72812	4.63875	0.944068
270	40.9231	58	-984049	15.059	1.00882	130	0.896491	5.21427	4.7643	0.983386
271	40.9998	59	-983421	15.0725	1.02055	123	0.895544	4.91989	4.69315	1.07262
272	41.121	58	-983111	15.19	1.03202	134	0.894632	5.03215	4.63764	0.979783
273	40.943	57	-983371	15.009	1.03138	137	0.898097	5.27054	4.64747	0.936431
274	41.679	58	-983291	15.0123	1.03354	131	0.894734	5.36696	4.6879	1.03041
275	40.5822	57	-983740	14.9938	1.03802	127	0.894958	5.16425	4.6736	0.907365
276	41.0527	58	-983216	15.0314	1.02386	117	0.89455	5.06079	4.62857	1.07353
277	41.1329	58	-983275	14.9798	1.02945	134	0.893133	4.88257	4.62744	1.10557
278	41.9659	58	-983008	14.8692	1.03123	121	0.8917	4.68323	4.68244	0.923704
279	40.688	59	-982443	14.9722	1.03704	120	0.890923	4.72239	4.67716	1.07065
280	41.286	58	-983130	14.7831	1.03284	124	0.894409	5.00752	4.69685	0.967375
281	41.6539	57	-982300	14.8902	1.03454	127	0.892165	4.75346	4.67676	0.999002
282	40.7846	58	-982883	14.8246	1.04319	122	0.892175	4.79735	4.66908	0.943615
283	40.6914	59	-982397	14.727	1.04801	115	0.888114	4.715	4.68729	1.00022
284	39.7863	58	-983125	14.6727	1.07168	116	0.894054	5.12194	4.67865	1.03489
285	41.0843	59	-983222	14.6124	1.06576	129	0.889373	4.6708	4.59484	0.962413
286	41.1703	58	-982872	14.8422	1.05683	125	0.892205	5.03715	4.60902	1.02146
287	41.3114	58	-982976	14.8154	1.05892	129	0.88821	5.05074	4.66278	0.983244
288	40.5662	57	-981928	14.7392	1.0757	130	0.88444	4.87382	4.65492	0.912984
289	41.7594	58	-982592	14.6886	1.07526	126	0.886096	4.93936	4.68947	0.872538
290	41.693	57	-982815	14.7781	1.07007	122	0.88864	4.98148	4.69753	0.970958
291	41.4273	58	-982496	14.8644	1.06401	130	0.889124	5.14991	4.68365	0.924155
292	41.0718	57	-982248	14.7924	1.08652	119	0.885868	4.99966	4.74354	1.10489
293	41.2603	58	-981827	14.9237	1.08999	120	0.881404	5.49951	4.66932	0.959822
294	41.1626	58	-982446	14.9218	1.0874	126	0.883924	4.9462	4.71073	0.975162
295	39.0679	57	-982096	14.8942	1.08822	110	0.885139	4.91354	4.66792	1.03963
296	40.7682	58	-981471	14.8093	1.09746	127	0.878966	5.22331	4.63925	0.969808
297	41.8081	57	-982556	14.8112	1.08958	126	0.883783	4.83208	4.64154	0.953265
298	42.7671	59	-982041	14.7903	1.10547	118	0.882165	5.04072	4.63961	0.910137
299	40.3735	57	-981722	14.8403	1.10895	127	0.882475	4.73173	4.69855	1.05379
300	41.6543	59	-981758	14.877	1.09619	125	0.881963	4.60253	4.60743	0.911783
301	41.5976	57	-982114	14.8899	1.08508	131	0.8824	4.72623	4.60998	0.966648
302	41.4565	57	-981496	14.9027	1.09066	131	0.882182	4.67868	4.65311	1.0759
303	41.2891	58	-981672	14.9465	1.09658	123	0.879386	4.46823	4.67071	0.940486
304	40.9653	59	-981648	14.9338	1.11572	123	0.881441	4.9109	4.66657	1.05071
305	40.7004	59	-981046	14.9741	1.10778	127	0.877473	4.94307	4.65808	0.895922
306	40.4579	59	-981272	14.9608	1.10428	123	0.879678	5.34202	4.6726	0.969523
307	41.2267	59	-981543	14.8663	1.12343	119	0.876683	4.85659	4.68019	0.912089
308	40.8258	59	-981062	14.9674	1.1335	117	0.87585	5.10882	4.71934	0.930918
309	40.5258	59	-980778	14.9678	1.14526	116	0.873124	5.39165	4.69033	0.99061
310	40.7327	58	-981492	15.073	1.12927	121	0.873795	5.50065	4.75106	1.03043
311	40.5973	59	-981069	15.069	1.12076	112	0.876868	4.78484	4.71964	0.852292
312	40.183	59	-980848	15.0313	1.12371	117	0.876949	5.03845	4.72093	1.03205
313	40.6266	58	-980886	14.9781	1.1059	119	0.876616	4.71771	4.68695	0.918441
314	40.16	57	-981116	15.0033	1.10696	114	0.877917	5.19004	4.67356	1.02761
315	40.2555	59	-981508	15.1906	1.09686	126	0.879602	4.80213	4.57323	0.888443
316	40.778	59	-981440	15.1161	1.09235	118	0.877451	4.53524	4.69561	1.00378
317	39.9436	59	-981684	15.0564	1.08352	116	0.877928	4.64961	4.70321	1.05853
318	41.3091	59	-981429	15.0486	1.0941	119	0.878232	4.8205	4.66696	0.999055
319	41.0303	59	-981151	14.9316	1.1121	121	0.876095	5.0159	4.64564	0.941254
320	40.8021	59	-980793	14.9677	1.11551	131	0.875517	4.5332	4.59739	0.847753
321	40.9901	59	-981210	15.0206	1.11226	120	0.875761	5.14315	4.6839	0.993786
322	42.1598	59	-981224	14.9925	1.12807	128	0.873323	4.8592	4.70157	0.975503
323	41.0822	58	-980930	14.8845	1.15512	127	0.873535	5.15266	4.69338	0.946807
324	41.7733	58	-980676	14.7851	1.14695	134	0.872921	5.16856	4.65744	1.009
325	40.9436	58	-980181	14.9309	1.13879	127	0.872063	5.14666	4.65148	1.08722
326	40.6491	58	-980475	14.8871	1.14884	120	0.872336	4.33784	4.6637	1.01509
327	40.8283	57	-980966	14.9108	1.13502	126	0.874845	5.18266	4.71005	0.901451
328	41.3421	58	-980065	14.9091	1.15454	126	0.873811	4.88975	4.70771	0.936345
329	41.582	57	-980600	14.9415	1.14226	119	0.872869	4.94177	4.59393	0.919226
330	41.2641	58	-981427	15.0194	1.13741	126	0.873409	5.36244	4.72858	0.875664
331	39.9865	56	-980895	15.03	1.13092	122	0.874383	5.30906	4.71243	0.793288
332	41.3984	57	-980180	15.0159	1.14232	132	0.873427	4.94346	4.68685	0.858128
333	41.0083	57	-980580	15.1125	1.12512	126	0.87577	5.03811	4.61243	0.975837
334	40.718	57	-980906	14.9019	1.09937	132	0.876921	4.9826	4.69467	0.927442
335	40.6893	58	-980710	14.9798	1.09926	127	0.873489	4.86439	4.7424	1.0146
336	41.1529	58	-980795	15.0399	1.10855	126	0.874851	4.93667	4.74414	1.04861
337	41.4075	58	-980976	15.051	1.08454	124	0.877982	4.57754	4.73015	0.972744
338	40.7628	58	-981504	15.1423	1.07877	123	0.879846	5.01638	4.67303	1.03208
339	40.5242	58	-980684	15.176	1.08134	117	0.876204	4.59532	4.67809	1.09612
340	39.8304	58	-980341	15.1323	1.09288	124	0.875283	4.65343	4.67198	0.94112
341	40.6388	58	-980352	15.1669	1.09988	131	0.872833	4.28713	4.65773	1.09773
342	42.3954	59	-980592	15.2896	1.09991	123	0.875379	4.70066	4.65096	0.93659
343	41.1789	58	-980184	15.0403	1.1239	124	0.868178	4.93592	4.68344	0.983324
344	41.2425	58	-979764	15.0331	1.11655	131	0.869833	4.78746	4.66745	1.07527
345	41.7283	57	-980089	15.1696	1.11522	129	0.870813	4.46497	4.67571	1.02723
346	41.4387	56	-980405	15.1417	1.1053	124	0.87271	4.80244	4.67932	0.973818
347	41.119	57	-980347	15.0959	1.09759	120	0.873032	4.77304	4.73782	0.992106
348	41.4269	58	-980215	15.1326	1.09681	141	0.871005	4.99284	4.70741	0.952848
349	40.9429	58	-980616	15.1426	1.09117	121	0.869395	4.406	4.64141	1.04326
350	40.0733	57	-980220	15.1723	1.11573	121	0.868642	4.4507	4.69209	1.1569
351	40.6362	59	-980358	15.1614	1.11764	118	0.870579	4.2866	4.76959	1.00318
352	40.6674	59	-980148	15.0859	1.14592	114	0.871457	4.45656	4.69196	0.966002
353	40.4182	59	-979711	15.1835	1.14948	115	0.868193	4.46331	4.77069	0.970864
354	40.1554	58	-980199	15.1446	1.14057	119	0.869214	4.57691	4.70623	0.869917
355	40.6167	58	-980198	15.1055	1.13831	128	0.872875	4.53619	4.68781	1.01834
356	40.6919	59	-981129	14.9621	1.12959	118	0.872042	4.7045	4.72595	1.04038
357	40.4994	58	-980588	14.9794	1.13739	123	0.873653	4.60412	4.64754	1.03172
358	39.4254	58	-980260	14.9601	1.13613	122	0.871088	4.4793	4.63066	1.0489
359	42.1009	58	-980057	14.9263	1.13962	117	0.870639	4.8191	4.6915	1.03778
360	40.8405	58	-980374	14.8818	1.16335	117	0.870432	4.18934	4.74919	1.12901
361	41.1228	59	-980684	14.8844	1.13641	117	0.873022	4.65522	4.62147	1.01398
362	40.9519	58	-981508	15.0152	1.11545	118	0.879361	4.76184	4.64719	0.949466
363	41.3151	59	-981680	14.9181	1.11765	137	0.880269	4.51805	4.71851	1.07061
364	41.3485	57	-981031	14.8515	1.11985	132	0.877304	4.65294	4.73523	1.0349
365	41.5179	58	-980677	14.8739	1.12205	125	0.875615	4.55395	4.72136	0.977684
366	41.6352	58	-980751	14.8813	1.12778	131	0.873879	4.48944	4.63619	0.958084
367	42.1176	58	-980706	15.0296	1.09958	126	0.876118	4.8692	4.67923	0.984323
368	41.3575	56	-980790	14.9503	1.10448	142	0.874664	4.81553	4.72355	1.01737
369	42.4377	57	-980343	14.9429	1.11087	143	0.874791	4.46659	4.6338	1.08867
370	41.125	56	-980325	14.8713	1.11561	134	0.872641	4.46375	4.67714	0.954662
371	42.3645	56	-980665	14.9115	1.11791	136	0.872936	4.68357	4.66353	0.950713
372	41.9333	55	-980429	14.872	1.1172	137	0.873323	4.66862	4.62003	1.04996
373	42.9054	57	-980826	14.9653	1.12225	140	0.870686	4.79693	4.63752	1.05312
374	41.2075	56	-980126	14.8984	1.13466	140	0.869945	4.39036	4.64891	1.01444
375	41.5086	57	-979656	15.0536	1.13131	130	0.871619	4.43154	4.69475	1.01207
376	41.7796	56	-979496	14.9969	1.13861	148	0.865304	4.54894	4.71573	1.01713
377	42.4057	56	-979070	15.1868	1.16303	143	0.866671	4.7366	4.61853	1.05146
378	42.7561	57	-979262	15.1295	1.13051	134	0.865974	4.07452	4.63509	0.923564
379	42.3804	57	-978618	15.1805	1.13272	142	0.863959	4.56402	4.66369	0.896987
380	42.9886	57	-979892	15.1433	1.13874	134	0.867549	4.56394	4.61259	1.04407
381	42.5545	57	-979900	15.1271	1.14084	140	0.871319	4.08482	4.61533	1.03766
382	42.3302	57	-979910	15.0951	1.14754	132	0.868856	4.66123	4.67514	1.03571
383	42.3687	56	-979568	15.1094	1.17489	140	0.865617	4.6082	4.6506	1.07429
384	41.6254	56	-979566	15.2633	1.15863	132	0.865957	4.65411	4.66118	1.02406
385	42.8238	56	-979086	15.1902	1.16589	135	0.860814	4.76238	4.61184	0.994635
386	41.7708	57	-979119	15.2688	1.15275	128	0.862856	4.73077	4.67099	1.07834
387	42.02	57	-978983	15.179	1.14841	138	0.864955	4.79069	4.68319	1.00432
388	42.3625	56	-978620	15.2698	1.1484	131	0.864327	4.83447	4.6697	0.989176
389	41.8448	57	-979132	15.3681	1.12879	130	0.865893	4.30694	4.71323	1.03768
390	39.3781	55	-978778	15.0998	1.15756	130	0.860248	4.27282	4.66288	0.924254
391	41.8838	57	-979104	15.0589	1.16785	126	0.86448	4.77685	4.72503	0.873723
392	40.4645	57	-979184	15.0214	1.15985	131	0.864789	4.83362	4.77841	0.80073
393	41.5408	57	-979935	14.9979	1.15977	132	0.868866	4.77136	4.71833	1.05104
394	41.5881	57	-979638	14.8946	1.15042	144	0.866289	4.73883	4.65427	0.99863
395	42.6906	57	-979534	15.0543	1.16064	147	0.863672	4.64593	4.70492	1.10985
396	41.9931	55	-978794	15.1243	1.15105	145	0.861416	4.93199	4.66209	1.00568
397	42.3741	56	-979311	15.2208	1.15095	143	0.864237	4.70244	4.65625	0.995303
398	43.1505	56	-978569	15.2088	1.15311	155	0.863892	4.84119	4.65803	1.02744
399	42.0342	55	-978709	15.3169	1.15231	132	0.863218	4.64075	4.73961	0.819348
400	42.0734	55	-979087	15.3442	1.14713	131	0.863803	4.39818	4.679	0.994024
401	42.3703	56	-978777	15.2579	1.1376	131	0.862458	4.32404	4.76196	1.0539
402	41.6266	56	-979617	15.4484	1.12084	138	0.865779	4.27233	4.7117	0.858073
403	41.2688	56	-978950	15.5159	1.1267	144	0.866846	4.3176	4.67811	0.981034
404	41.5293	57	-979252	15.5065	1.11503	134	0.86756	4.68928	4.67205	0.935813
405	41.976	57	-979055	15.5122	1.09994	132	0.866463	4.83424	4.77483	0.981522
406	41.923	57	-980005	15.3804	1.10246	139	0.8676	4.8716	4.74933	1.09298
407	41.5097	56	-979819	15.4224	1.11897	141	0.86975	4.81029	4.74504	1.07447
408	42.1263	57	-978921	15.2142	1.12159	133	0.865396	4.63833	4.63733	0.980707
409	42.4791	56	-979358	15.2077	1.1446	150	0.869077	4.45897	4.6819	0.976137
410	41.6506	56	-979133	15.2423	1.10888	143	0.86526	4.51432	4.73586	0.886389
411	43.0655	56	-978915	15.4135	1.11961	147	0.863479	4.64281	4.5718	0.973268
412	42.3735	56	-978865	15.4134	1.13076	146	0.864947	4.56391	4.61007	0.83372
413	42.5881	56	-978880	15.3247	1.14348	134	0.861025	4.69795	4.69727	0.971767
414	42.2109	56	-979175	15.3706	1.14329	146	0.862075	4.48229	4.61989	1.13454
415	41.9963	57	-979205	15.3968	1.12571	135	0.863557	4.31755	4.61118	1.03527
416	41.4686	57	-979100	15.4033	1.11236	136	0.865631	4.62705	4.76675	1.02748
417	41.9818	57	-978726	15.5407	1.11458	147	0.861453	5.10905	4.76748	0.884532
418	42.3094	56	-978275	15.6173	1.10751	136	0.863679	4.37856	4.66739	1.00196
419	42.7715	56	-979015	15.5203	1.09729	135	0.863242	4.92431	4.7011	0.96481
420	42.1033	57	-979707	15.5039	1.09359	129	0.865135	4.45378	4.66923	1.17042
421	41.0626	58	-978930	15.3897	1.11253	128	0.860621	4.8658	4.63411	0.932182
422	41.6437	56	-978318	15.4491	1.10737	136	0.859265	4.1364	4.71064	1.01495
423	41.5116	55	-978524	15.3981	1.12054	143	0.858778	4.49373	4.70052	0.872044
424	42.6476	56	-977856	15.5558	1.12867	142	0.860155	4.36542	4.63638	1.116
425	41.9195	57	-977929	15.5377	1.14677	130	0.859998	4.41094	4.68335	0.891182
426	41.1447	57	-978054	15.297	1.14325	134	0.860237	4.07753	4.71588	0.850328
427	42.8669	57	-978284	15.4268	1.13129	134	0.860786	4.4526	4.74789	1.02523
428	42.7189	57	-977327	15.3388	1.152	133	0.857729	4.17188	4.72016	1.0393
429	40.9498	57	-978070	15.2357	1.16233	128	0.855805	4.1257	4.67104	1.04982
430	41.8453	57	-977892	15.2916	1.16356	140	0.857837	4.49388	4.72324	1.01704
431	42.9393	56	-978797	15.5147	1.16127	146	0.861903	4.36668	4.66088	1.08043
432	43.3291	56	-978668	15.2742	1.15057	150	0.863184	4.51926	4.7097	1.03739
433	42.9181	56	-978639	15.2148	1.15252	137	0.858649	4.47061	4.65548	1.0584
434	42.7186	56	-978363	15.2886	1.17635	144	0.858825	4.45499	4.70449	1.12293
435	42.4364	56	-978027	15.1885	1.16477	145	0.857004	5.06107	4.62656	0.979502
436	42.231	57	-978634	15.3069	1.14032	137	0.862595	4.72284	4.68766	0.984775
437	41.7407	58	-978350	15.4246	1.14867	125	0.857744	4.53144	4.72764	0.943469
438	41.4088	56	-978575	15.4739	1.15267	134	0.860186	4.32972	4.73828	0.899273
439	42.195	57	-978786	15.3838	1.1503	140	0.858437	4.36846	4.65573	1.02162
440	43.5611	57	-977983	15.4911	1.15088	147	0.857763	4.75322	4.66525	1.17669
441	42.4206	57	-978307	15.5596	1.14585	140	0.859044	4.34458	4.67351	1.05523
442	41.7085	56	-978604	15.4135	1.14955	129	0.860307	4.43992	4.71003	0.999462
443	41.8354	57	-978532	15.4593	1.13307	148	0.861589	4.36044	4.69629	1.03622
444	42.4854	57	-978575	15.3041	1.1241	135	0.862193	4.40914	4.71445	1.11387
445	41.2007	56	-979158	15.2929	1.11768	137	0.859538	4.78132	4.69155	1.00505
446	41.3092	56	-979004	15.2557	1.12876	146	0.862457	4.58253	4.69844	1.04809
447	42.0081	57	-979634	15.2666	1.11244	124	0.862265	4.30259	4.75143	1.03621
448	41.5344	58	-978952	15.2326	1.12807	127	0.862177	4.35111	4.71462	0.989484
449	41.9198	58	-979079	15.3967	1.1284	136	0.865606	4.51466	4.69426	0.932937
450	41.9865	57	-978813	15.505	1.13933	131	0.86326	4.45973	4.72041	1.05757
451	41.2632	56	-978512	15.4272	1.15037	138	0.862431	4.79799	4.66007	1.05913
452	42.44	57	-978451	15.4439	1.15911	136	0.860408	4.3863	4.701	1.12353
453	42.5727	57	-978421	15.3647	1.16405	140	0.860032	4.37465	4.70565	0.998739
454	41.941	57	-978689	15.2409	1.14658	137	0.858863	4.51375	4.72961	1.06835
455	42.0055	57	-978240	15.3375	1.1716	140	0.854675	4.30404	4.75063	1.07699
456	40.9902	57	-978000	15.2858	1.18145	129	0.854088	4.73275	4.71161	0.998104
457	42.5224	57	-978179	15.2605	1.181	134	0.858867	4.45904	4.69664	1.07969
458	41.2768	57	-978143	15.2963	1.19028	132	0.856504	4.3922	4.6528	0.951518
459	41.0692	57	-977623	15.3183	1.18553	124	0.852294	4.75423	4.71999	1.03558
460	43.7719	59	-977609	15.3254	1.21209	136	0.851466	4.35245	4.71278	0.850437
461	42.7667	56	-978191	15.3983	1.18375	135	0.855441	4.39493	4.71979	0.880232
462	42.7035	58	-978165	15.1931	1.18138	135	0.855483	4.43022	4.67206	1.04637
463	40.8453	56	-978325	15.33	1.17625	134	0.856781	4.50053	4.69316	1.09361
464	41.4166	58	-977697	15.4122	1.1921	130	0.855741	4.52525	4.63959	1.00301
465	40.8389	58	-977975	15.1993	1.19056	124	0.855418	4.65842	4.72576	1.0534
466	42.5294	56	-978176	15.2243	1.18861	124	0.857396	4.54427	4.72916	0.896575
467	41.0635	57	-978303	15.0569	1.17244	133	0.861938	4.50443	4.70936	0.971591
468	41.1799	58	-978595	15.1729	1.14576	126	0.863046	4.20866	4.71728	0.993642
469	41.292	58	-978596	15.2536	1.15623	126	0.860392	4.72701	4.63967	1.01961
470	41.6794	57	-978946	15.2833	1.16142	141	0.85868	4.55523	4.67398	0.925887
471	42.2886	56	-978671	15.2028	1.16384	146	0.860382	4.51574	4.70688	1.09534
472	42.7677	55	-978121	15.216	1.1568	160	0.859546	4.17071	4.68639	0.859601
473	42.9622	55	-978328	15.192	1.16278	151	0.859676	4.67317	4.73593	0.931465
474	42.3042	55	-978587	15.2298	1.16578	137	0.859787	4.51029	4.74915	0.933527
475	41.8892	56	-978703	15.181	1.16286	139	0.86103	4.59457	4.71106	1.00474
476	42.3792	57	-979047	15.2044	1.15672	141	0.863131	4.51867	4.6924	0.982276
477	42.2173	58	-979560	15.3414	1.14604	129	0.864476	4.27216	4.68152	1.02257
478	41.5003	55	-979480	15.4673	1.13208	142	0.864933	4.74119	4.69883	0.836162
479	41.7259	57	-978253	15.44	1.13482	143	0.859855	4.65499	4.69505	1.02156
480	41.6711	55	-979393	15.3269	1.13866	144	0.861743	4.60786	4.58754	0.910909
481	41.3676	56	-979298	15.3499	1.13366	141	0.862513	4.43106	4.69633	0.960207
482	41.0985	57	-978656	15.4087	1.14132	137	0.859823	4.24308	4.65258	0.896116
483	41.6892	57	-978566	15.5137	1.14282	141	0.861489	4.69631	4.72662	1.08833
484	41.6338	56	-978793	15.4214	1.1353	132	0.863259	4.31116	4.53438	0.984922
485	42.2436	57	-979284	15.3655	1.11837	137	0.865571	4.2623	4.72826	0.989884
486	41.6314	58	-978825	15.2824	1.13097	134	0.863197	4.18479	4.67092	1.01437
487	41.4396	56	-978487	15.3587	1.13665	140	0.860777	4.63203	4.68883	1.07457
488	40.806	55	-978228	15.2816	1.1126	139	0.863384	4.62134	4.67491	1.00587
489	41.4979	56	-979084	15.2713	1.11699	135	0.864377	4.69439	4.70664	1.05742
490	41.3222	56	-978663	15.258	1.14559	128	0.86106	4.90696	4.70873	1.01973
491	41.5191	57	-978553	15.2226	1.14833	136	0.860414	4.33086	4.7623	0.986997
492	41.1534	57	-977837	15.1935	1.15654	132	0.85941	4.65441	4.71794	0.873504
493	41.2515	58	-979138	15.2413	1.15509	127	0.862807	4.69531	4.74406	0.933314
494	41.0576	57	-978352	15.2214	1.15409	135	0.864388	4.72298	4.7433	1.04117
495	40.7428	57	-979301	15.1537	1.13277	139	0.867825	4.8156	4.74602	1.05844
496	39.4236	55	-978612	15.2749	1.13498	135	0.864529	4.75881	4.65507	1.03047
497	41.0711	56	-979444	15.2742	1.12863	138	0.868732	4.67345	4.65595	0.989415
498	41.1827	58	-979049	15.2651	1.13734	125	0.868412	4.51116	4.63826	1.00518
499	41.0882	57	-979084	15.0839	1.14072	137	0.865195	4.5969	4.66544	0.986763
500	40.5033	56	-979320	15.1573	1.13742	129	0.868575	4.6472	4.61546	0.901664
501	41.8801	56	-979619	15.1409	1.13073	131	0.868692	4.89404	4.66558	1.03094
502	41.1493	57	-978542	15.2108	1.15833	132	0.860321	4.73665	4.6811	0.985112
503	41.289	57	-978910	15.1175	1.15821	134	0.865675	4.24257	4.66826	1.00119
504	41.0957	55	-978959	15.2734	1.15181	129	0.870412	4.34275	4.6826	1.07172
505	41.3405	57	-979157	15.2729	1.12455	127	0.869589	4.33211	4.72298	0.941877
506	40.9265	57	-978232	15.0884	1.14896	123	0.864799	4.12652	4.79532	0.968601
507	39.9781	58	-978776	15.1405	1.13074	124	0.86332	4.68214	4.77487	1.03023
508	41.1333	58	-978682	15.2015	1.13941	133	0.864125	4.57196	4.70687	0.955316
509	40.2015	57	-978838	15.3456	1.12115	126	0.865894	4.52409	4.77149	1.09138
510	40.6678	57	-979264	15.3519	1.11356	127	0.867515	4.34102	4.68512	1.01815
511	41.1651	58	-979427	15.3358	1.10699	130	0.86919	4.29987	4.69908	1.0834
512	40.6087	56	-979235	15.3213	1.12695	135	0.865655	4.42606	4.67354	1.05198
513	41.0793	58	-979761	15.1575	1.12444	134	0.867324	4.55459	4.74923	0.941804
514	40.7962	57	-979613	15.0996	1.1211	138	0.864764	4.78438	4.68817	1.02799
515	41.6395	57	-979417	15.1522	1.13522	144	0.865439	5.05423	4.6709	1.1355
516	41.2761	58	-978692	15.1959	1.12701	133	0.86356	4.27506	4.67038	0.990183
517	40.5432	57	-979045	15.3335	1.13366	122	0.864262	4.64547	4.71405	1.00641
518	40.8875	58	-979101	15.3581	1.12939	126	0.86314	4.7934	4.70001	1.05045
519	41.235	57	-979051	15.2795	1.13761	141	0.86461	4.42987	4.60767	0.975674
520	41.5161	56	-978639	15.2217	1.13274	134	0.861941	4.48685	4.63291	0.987881
521	41.6279	57	-978575	15.3844	1.13557	144	0.861479	4.23988	4.63264	1.0414
522	42.5485	56	-978315	15.4897	1.13374	150	0.859498	4.38122	4.70211	1.00234
523	41.3582	57	-978417	15.367	1.15225	126	0.858239	4.2129	4.76076	0.971409
524	40.7697	57	-978521	15.4409	1.14601	130	0.858663	4.25	4.7141	0.976315
525	40.7554	58	-978062	15.4929	1.15356	124	0.857661	4.50045	4.64651	1.0028
526	41.2261	58	-978046	15.5167	1.14427	130	0.858153	4.24791	4.65825	0.93993
527	39.787	56	-977927	15.5132	1.13275	130	0.857853	4.35739	4.71039	1.00823
528	40.7292	56	-977738	15.6783	1.14064	127	0.856202	4.54872	4.73614	1.03293
529	41.2626	57	-978255	15.6427	1.14082	141	0.85806	4.74054	4.6307	1.08454
530	42.3074	56	-977884	15.7892	1.15018	149	0.858699	4.74964	4.61562	1.08304
531	42.1042	56	-977969	15.6562	1.14414	143	0.855954	4.66228	4.6849	1.01456
532	42.4031	56	-978272	15.6287	1.14443	151	0.857759	4.78935	4.60117	1.03463
533	41.2989	54	-978136	15.565	1.17012	147	0.857273	5.08549	4.68823	0.908689
534	42.6947	55	-978441	15.4409	1.15296	167	0.859265	5.28826	4.68944	1.02765
535	41.9769	54	-978133	15.2989	1.1609	157	0.862385	4.67258	4.5893	0.905267
536	43.3119	55	-978178	15.3411	1.15743	157	0.860424	4.67605	4.63114	0.943224
537	43.4075	54	-978816	15.3383	1.16734	163	0.862482	4.61447	4.6827	0.975937
538	42.7729	55	-978817	15.1589	1.14657	150	0.860111	4.40644	4.67897	1.02595
539	43.32	54	-978498	15.2544	1.15864	159	0.866259	4.71246	4.6882	1.03969
540	43.424	53	-978940	15.166	1.16031	172	0.860686	4.89917	4.70442	0.940974
541	43.4466	54	-978549	15.372	1.15794	144	0.861347	4.4715	4.7203	1.07537
542	41.7443	56	-978479	15.2118	1.15124	154	0.860172	4.57838	4.67675	0.912549
543	42.9624	55	-978205	15.2999	1.17358	152	0.855944	4.37969	4.68919	0.943787
544	42.6216	55	-977954	15.3539	1.16809	161	0.860838	4.94751	4.67423	0.905987
545	41.4247	54	-978214	15.2531	1.16559	152	0.859259	4.9339	4.76975	0.914911
546	41.0794	54	-978777	15.3057	1.15413	144	0.863977	4.70614	4.71429	1.01147
547	42.5886	56	-979543	15.2616	1.15577	151	0.863999	4.3238	4.71094	0.91148
548	42.0261	56	-978991	15.1978	1.13745	141	0.861412	4.94843	4.7404	0.84974
549	41.8502	56	-978564	15.1642	1.15321	144	0.860738	4.63862	4.67416	0.966492
550	41.4942	56	-979020	15.1675	1.16328	140	0.861066	4.80428	4.74912	1.02285
551	41.7577	56	-979202	15.2942	1.14137	139	0.865591	4.80039	4.7525	0.922404
552	41.38	55	-978996	15.4063	1.14778	145	0.865167	5.12892	4.76354	1.09835
553	41.5284	56	-978980	15.2645	1.16812	145	0.864985	4.85003	4.62184	0.956629
554	41.8761	55	-978496	15.313	1.1684	152	0.863772	4.4343	4.61997	1.01462
555	41.8152	56	-978402	15.2768	1.1726	136	0.862493	4.63407	4.63822	1.11311
556	41.4954	56	-978444	15.2053	1.18223	141	0.86149	4.66703	4.52967	0.885597
557	40.6949	56	-978566	15.2506	1.16085	148	0.862193	4.53365	4.61935	0.903079
558	41.5078	57	-979471	15.2464	1.1466	139	0.866099	4.45171	4.63003	0.986164
559	41.4627	57	-978962	15.2841	1.15675	141	0.86285	4.67542	4.68565	1.08387
560	41.8388	56	-978452	15.1888	1.17009	140	0.86191	4.76281	4.66252	1.03422
561	41.8858	56	-978168	15.2845	1.15797	141	0.862349	4.30459	4.6735	0.95064
562	42.3355	57	-978266	15.1321	1.17865	142	0.858699	4.57658	4.65788	1.0596
563	41.4801	56	-978585	15.0779	1.17682	153	0.857023	4.79341	4.64313	1.02002
564	41.0919	57	-978375	15.1553	1.16601	130	0.856591	4.3873	4.67807	0.975003
565	41.3939	57	-978309	15.2962	1.16683	142	0.855431	4.75833	4.67197	0.904772
566	41.0652	57	-978136	15.3994	1.16718	137	0.856431	4.86247	4.73914	0.886898
567	41.2959	58	-978258	15.3443	1.17802	137	0.857895	4.68097	4.59957	0.901288
568	41.523	57	-977996	15.2636	1.19074	137	0.853991	4.46147	4.65271	0.967122
569	41.1942	58	-978296	15.2385	1.18595	127	0.856854	4.89355	4.72145	0.974676
570	40.9571	58	-978075	15.3643	1.1783	128	0.856259	4.62943	4.76036	1.02993
571	40.9127	57	-978035	15.1139	1.21988	131	0.854161	4.88099	4.67268	0.979897
572	40.8199	56	-978729	15.084	1.1956	146	0.859143	4.929	4.75543	0.969255
573	41.9088	56	-978880	15.0727	1.1976	141	0.860926	4.86461	4.67846	0.952395
574	41.9087	57	-977967	15.0392	1.17335	138	0.857515	4.76293	4.6489	1.06914
575	41.5404	57	-978367	15.1656	1.16542	132	0.857596	4.19983	4.68677	0.853842
576	40.9496	58	-978639	15.3641	1.15669	130	0.859994	4.65271	4.78977	0.999885
577	41.0259	58	-978610	15.4929	1.14691	134	0.860155	4.49103	4.70622	0.946637
578	41.6813	57	-978358	15.4405	1.13774	133	0.862325	4.49515	4.68034	0.987845
579	40.126	56	-977881	15.4576	1.15051	136	0.859322	4.68583	4.75124	0.896723
580	41.6925	57	-978242	15.4213	1.15449	131	0.862067	4.61037	4.73541	0.919365
581	41.1769	58	-978313	15.3788	1.15561	124	0.862083	4.34289	4.68372	1.08895
582	40.8818	57	-979160	15.3347	1.14401	127	0.865964	4.30942	4.70049	0.997176
583	41.3313	58	-978357	15.281	1.1614	132	0.859054	4.13406	4.70106	0.945043
584	41.144	57	-978809	15.3432	1.16482	136	0.860881	4.25433	4.71734	1.00307
585	41.3799	56	-979205	15.3295	1.14712	138	0.862854	4.77401	4.71825	1.07733
586	42.0179	56	-979509	15.1887	1.1305	146	0.862936	4.69593	4.65048	1.00592
587	41.4916	55	-978816	15.4035	1.13887	143	0.862517	4.46565	4.68029	1.06997
588	41.7231	57	-978645	15.3835	1.14114	136	0.858808	4.54891	4.61664	0.939633
589	41.4663	55	-978564	15.3153	1.14858	135	0.86133	4.53242	4.59656	1.09991
590	42.0402	56	-978578	15.2132	1.14235	140	0.859481	4.48694	4.66933	1.03035
591	41.6686	57	-979049	15.2632	1.13755	141	0.860229	4.62605	4.68625	1.08939
592	41.6216	57	-978463	15.2202	1.16408	133	0.858393	4.24353	4.66455	0.910796
593	41.7518	57	-978812	15.1898	1.17841	134	0.860846	4.64124	4.7591	1.11169
594	42.3523	56	-979235	15.2057	1.16416	139	0.863177	4.54055	4.66229	1.09562
595	42.5158	56	-978287	15.2987	1.16186	149	0.861935	4.79987	4.66666	0.929621
596	41.3743	55	-978478	15.2449	1.1492	135	0.860752	4.51434	4.64343	0.996303
597	42.1589	56	-978357	15.3836	1.14538	139	0.858485	4.4932	4.6813	1.04675
598	42.1547	56	-978200	15.2764	1.15491	144	0.858862	4.76841	4.68529	0.905421
599	42.3104	55	-979478	15.1779	1.14724	139	0.861755	4.37334	4.77036	1.11127
600	40.7228	55	-979252	15.1159	1.14383	141	0.864797	4.50136	4.75332	0.960106
601	42.0594	57	-979016	15.3182	1.1295	135	0.865924	4.92889	4.73324	0.97795
602	41.5831	57	-979312	15.4132	1.1376	130	0.866283	4.45939	4.64848	1.08279
603	41.1344	57	-979141	15.4481	1.13668	140	0.868536	4.61943	4.61693	0.972571
604	42.0855	56	-978982	15.5102	1.11596	136	0.869086	4.64267	4.71151	0.914652
605	41.9272	56	-979390	15.4075	1.09978	139	0.86885	4.50146	4.66599	1.02582
606	41.9758	56	-979687	15.4166	1.08863	138	0.869969	4.56388	4.73422	1.11361
607	40.6626	56	-978902	15.512	1.09836	135	0.866049	4.52484	4.68836	1.02344
608	41.5287	57	-979138	15.3183	1.10573	135	0.8654	4.65007	4.72857	1.09647
609	41.1529	58	-979560	15.4573	1.10139	131	0.865733	4.70772	4.63732	0.99659
610	41.3088	57	-979021	15.5744	1.10568	127	0.866706	4.80922	4.68835	0.97348
611	40.964	58	-979021	15.516	1.12675	130	0.866698	4.57648	4.74554	1.05184
612	40.8935	58	-978429	15.3911	1.13819	130	0.866217	4.42342	4.72414	1.04953
613	41.393	59	-979348	15.2508	1.12809	121	0.866355	4.54293	4.63448	1.00732
614	40.7678	58	-979312	15.2027	1.12647	131	0.866122	4.77706	4.64005	0.98495
615	41.8373	57	-979853	15.1629	1.11105	132	0.868392	4.63251	4.69249	1.04023
616	41.6154	57	-979440	15.166	1.11523	130	0.869327	4.50793	4.68114	0.998071
617	41.2264	57	-979691	15.2007	1.09528	132	0.869097	4.70758	4.74589	1.01957
618	41.6144	56	-979581	15.148	1.09869	142	0.865497	4.48538	4.68894	1.04129
619	41.2881	56	-979050	15.3301	1.10674	138	0.865871	4.42184	4.69621	1.06453
620	42.5859	56	-978810	15.1733	1.11065	142	0.865024	4.62021	4.71006	0.920543
621	41.7415	57	-979532	15.1842	1.1182	131	0.86553	4.42395	4.69	0.966274
622	41.1074	58	-978973	15.2136	1.12506	127	0.862417	4.27045	4.74213	0.932528
623	40.5423	58	-978608	15.3067	1.1124	123	0.861323	4.23928	4.76557	1.07274
624	40.2193	56	-978805	15.3999	1.11603	138	0.862457	4.39647	4.78904	1.05709
625	40.948	57	-978780	15.2812	1.1249	132	0.863341	4.3804	4.69881	0.940931
626	40.9098	58	-978475	15.2842	1.12126	122	0.861842	4.51342	4.64744	0.971598
627	40.4902	58	-978390	15.2858	1.13544	125	0.861258	4.41708	4.69175	1.0455
628	41.1329	58	-977946	15.221	1.15106	128	0.859301	4.28033	4.72825	0.982196
629	40.6629	58	-977983	15.2552	1.16342	128	0.858203	4.21849	4.78494	0.950632
630	40.944	58	-978232	15.2436	1.14496	126	0.858745	4.12174	4.75409	0.96709
631	40.7028	56	-978301	15.3841	1.15465	136	0.861141	4.76769	4.66293	0.903977
632	40.9974	56	-977934	15.2846	1.14965	130	0.85678	4.53278	4.6942	0.978763
633	41.1988	57	-978057	15.3675	1.1427	127	0.85838	4.69094	4.63899	0.893937
634	42.0324	57	-978742	15.3068	1.14916	142	0.859525	4.62831	4.65604	1.02198
635	40.887	56	-977825	15.1892	1.14936	133	0.859736	4.62564	4.69293	0.93572
636	41.4942	57	-978002	15.2997	1.14646	129	0.85675	4.94154	4.67197	1.12068
637	41.6165	57	-977758	15.348	1.1677	134	0.856636	4.71781	4.72954	1.11017
638	41.8015	57	-978404	15.2999	1.16189	136	0.858117	4.33195	4.68293	1.01162
639	42.0353	56	-977864	15.2404	1.16747	151	0.85887	4.60974	4.69601	1.07771
640	42.2509	56	-978052	15.1598	1.17399	137	0.856217	4.77	4.74467	1.13209
641	41.6645	56	-978163	15.2021	1.19056	133	0.854346	4.75847	4.7526	0.972705
642	41.6111	56	-978898	15.2094	1.17182	140	0.860594	4.46891	4.72525	0.936653
643	41.3868	56	-978534	15.2752	1.16802	135	0.860471	4.46224	4.70315	1.00201
644	41.3885	58	-977823	15.3746	1.15566	135	0.856382	4.45968	4.68922	1.02209
645	42.1515	56	-978375	15.4003	1.15439	142	0.853089	4.88215	4.74441	1.00027
646	40.8589	56	-978760	15.4917	1.13631	132	0.861367	4.63459	4.66808	1.10678
647	40.839	56	-978845	15.4294	1.12841	143	0.864147	4.5599	4.70464	1.01206
648	40.9291	56	-978949	15.3103	1.11887	132	0.864447	4.27524	4.76563	0.982998
649	41.2112	57	-979424	15.3146	1.11769	135	0.866368	4.28807	4.71778	1.04722
650	41.444	57	-978515	15.3897	1.12989	146	0.862239	4.235	4.66964	1.07446
651	41.2643	57	-979499	15.4446	1.12065	131	0.865931	4.23721	4.72767	1.03373
652	41.3427	58	-979183	15.3328	1.1017	129	0.862605	4.55151	4.67721	0.945571
653	41.164	57	-979073	15.6695	1.09695	133	0.866444	4.66029	4.73538	0.868124
654	41.8251	57	-978511	15.6348	1.10013	141	0.865658	4.51883	4.76686	0.950402
655	42.0017	57	-978625	15.5161	1.09509	132	0.866371	4.30698	4.78291	1.04689
656	40.8444	56	-978780	15.4245	1.10058	131	0.868317	4.68603	4.77073	1.04757
657	41.2519	56	-978784	15.2836	1.09628	144	0.867976	4.94574	4.66316	1.08256
658	42.4022	57	-978649	15.3419	1.09304	136	0.864534	4.79751	4.76089	1.00752
659	42.3727	56	-978801	15.4373	1.1082	153	0.866191	4.66195	4.72474	0.954985
660	41.9549	54	-978650	15.4194	1.1293	141	0.860327	4.34433	4.75092	1.02672
661	42.3485	54	-978444	15.4171	1.12206	153	0.858399	4.6185	4.67963	0.97175
662	43.284	55	-978033	15.4195	1.14793	162	0.860899	4.81959	4.72116	0.961077
663	42.8042	52	-978270	15.2734	1.13243	163	0.858711	4.85167	4.70836	1.02191
664	43.0392	55	-978191	15.3097	1.15436	148	0.86139	4.24686	4.69157	0.97209
665	42.7637	55	-978082	15.2375	1.16341	155	0.86084	4.71111	4.68692	0.894341
666	43.0194	54	-978135	15.2336	1.16594	160	0.857705	4.54612	4.62738	1.03097
667	43.4907	55	-978638	15.38	1.14245	162	0.859689	4.45955	4.67234	0.984006
668	43.5395	54	-977652	15.4508	1.14649	163	0.859946	4.18767	4.61087	1.04639
669	43.7463	53	-978407	15.351	1.14546	157	0.855802	4.31104	4.69184	1.17557
670	43.0421	55	-977654	15.4855	1.14819	159	0.856501	4.59296	4.67911	0.834734
671	43.0921	54	-977713	15.3382	1.15501	159	0.852034	4.44364	4.70496	0.96928
672	43.1338	55	-978112	15.3348	1.16421	152	0.855672	4.27246	4.76054	1.00621
673	43.5087	55	-978305	15.2705	1.14972	157	0.855185	4.35277	4.66351	0.969154
674	41.6393	54	-977581	15.3347	1.14845	152	0.853651	4.26177	4.67663	0.961063
675	41.479	54	-977923	15.3397	1.13566	151	0.854558	4.54642	4.74003	1.01205
676	42.4052	55	-977654	15.2951	1.14753	145	0.852412	4.27994	4.70831	0.907375
677	42.5385	56	-977572	15.5024	1.16027	153	0.856213	4.30728	4.69973	0.942671
678	42.3895	56	-978007	15.2599	1.15192	137	0.85953	4.42514	4.63551	0.936643
679	42.0597	56	-977838	15.1959	1.16885	133	0.85955	4.22897	4.74866	0.992071
680	41.3495	57	-978319	15.24	1.15869	134	0.858296	4.68774	4.73124	0.977648
681	41.3852	57	-977924	15.202	1.1679	136	0.853756	4.56658	4.7289	1.03486
682	42.0122	56	-978066	15.2796	1.16632	139	0.858335	4.44145	4.71317	0.968554
683	40.9543	57	-977923	15.1878	1.15406	128	0.858888	4.23407	4.70985	0.932518
684	40.9348	57	-978277	15.1601	1.15084	135	0.859667	4.39104	4.70583	0.941181
685	40.705	57	-978642	15.4307	1.14852	131	0.860316	4.3892	4.71841	0.910997
686	41.2699	56	-978400	15.3992	1.14367	140	0.859503	4.48643	4.76345	1.03643
687	42.0395	57	-978208	15.2467	1.15965	140	0.857221	4.41637	4.73742	1.11238
688	42.338	56	-977929	15.3002	1.16579	146	0.857041	4.44811	4.71478	0.986916
689	42.0059	56	-978904	15.1829	1.15251	141	0.859333	3.94518	4.69263	0.900095
690	41.6704	56	-978559	15.1324	1.14294	141	0.858309	4.32556	4.69747	0.94754
691	42.1375	55	-978800	15.2814	1.12835	156	0.862274	4.32373	4.67084	0.982529
692	43.2523	55	-978576	15.1199	1.14453	160	0.860003	4.61112	4.64413	0.891488
693	41.5432	56	-978524	15.2671	1.13077	138	0.862127	4.46845	4.66958	0.979925
694	43.3558	57	-978494	15.1913	1.14125	143	0.861678	4.46522	4.63714	1.04186
695	42.8204	56	-978724	15.3449	1.14164	149	0.861001	4.50069	4.77061	1.03629
696	43.4053	56	-977932	15.3052	1.1473	148	0.860676	4.37416	4.63561	0.949273
697	42.3489	55	-978186	15.3343	1.15066	153	0.860498	4.24048	4.71545	0.938887
698	41.9648	54	-978443	15.269	1.15718	136	0.858669	4.39209	4.7032	0.975282
699	42.2821	56	-977977	15.3809	1.15989	145	0.859285	4.2239	4.72704	0.934071
700	41.204	54	-977774	15.4809	1.14609	155	0.85969	4.12961	4.71831	0.85727
701	42.5718	56	-977282	15.3503	1.15364	146	0.859557	4.34486	4.6809	0.974664
702	42.2776	56	-977683	15.4098	1.15865	138	0.856929	4.41587	4.75705	0.996218
703	41.2098	56	-977617	15.3764	1.14818	138	0.856729	4.56881	4.65107	0.96798
704	41.5596	56	-978509	15.2948	1.14025	143	0.857928	4.63428	4.72458	1.0119
705	40.8389	57	-978189	15.1798	1.164	139	0.859407	4.7234	4.78324	0.958213
706	40.4697	56	-978130	15.1594	1.15876	127	0.855728	4.00934	4.75055	1.04372
707	41.6248	57	-978065	15.2678	1.1624	128	0.857494	4.19093	4.71735	0.920316
708	41.3838	57	-978141	15.3482	1.16996	130	0.858586	4.32081	4.71748	0.895365
709	41.0636	57	-978101	15.3379	1.14918	132	0.861847	4.46537	4.61992	0.957309
710	41.3424	57	-978251	15.3894	1.15033	136	0.858146	4.3761	4.67706	0.959775
711	41.441	57	-978286	15.3412	1.141	144	0.858944	4.67271	4.68419	0.98945
712	40.5493	56	-978504	15.3588	1.14923	130	0.858133	4.22967	4.65849	1.00238
713	41.5077	57	-978212	15.3182	1.14687	136	0.859155	4.35099	4.73691	1.01655
714	41.8306	57	-977727	15.3536	1.16539	137	0.856225	4.34848	4.7175	0.977191
715	41.2729	56	-978090	15.4342	1.14796	139	0.855564	4.32393	4.69679	0.974527
716	40.417	57	-978396	15.5598	1.14379	135	0.858711	4.4018	4.70847	1.15555
717	40.858	56	-978374	15.5696	1.14485	139	0.856984	4.47329	4.74092	1.06419
718	42.3663	56	-978363	15.5899	1.12926	145	0.860278	4.43507	4.6179	1.00572
719	41.4524	57	-977807	15.5543	1.13709	143	0.855803	4.37654	4.72411	1.01749
720	40.5336	55	-978168	15.5226	1.15139	147	0.859693	4.65632	4.66437	0.935982
721	41.7614	54	-977809	15.5134	1.15002	161	0.86022	4.30024	4.59675	0.951749
722	42.0446	55	-977598	15.3891	1.16751	149	0.855278	4.44522	4.74815	0.975166
723	40.9455	56	-977543	15.3952	1.16295	143	0.85555	4.25985	4.72366	1.11153
724	41.8137	57	-978196	15.4698	1.14175	144	0.857909	4.12123	4.67799	1.01437
725	41.6958	56	-977976	15.4815	1.16065	140	0.859792	4.34207	4.72269	0.909712
726	42.6269	56	-978009	15.3098	1.14852	151	0.85711	4.30497	4.78562	1.0477
727	41.9395	56	-978762	15.2728	1.14616	153	0.861465	4.55825	4.63416	1.11625
728	42.8754	55	-978221	15.3663	1.14898	143	0.858426	4.55055	4.65996	1.01285
729	42.6113	54	-978105	15.3042	1.16199	138	0.857733	4.20157	4.67226	1.06131
730	42.7648	58	-978402	15.247	1.1541	147	0.856974	4.50201	4.75325	0.945672
731	42.4506	55	-978643	15.2868	1.14308	139	0.85929	4.19838	4.65023	0.980998
732	42.547	56	-978831	15.2894	1.12772	136	0.86389	4.62929	4.74918	0.906409
733	41.6132	55	-978511	15.2961	1.13786	154	0.862408	4.21429	4.70187	0.984475
734	42.7666	55	-978440	15.4467	1.1364	147	0.861613	4.3564	4.72981	1.00064
735	42.8391	56	-978603	15.2974	1.13963	146	0.862534	4.41116	4.75464	1.0457
736	42.4578	56	-978891	15.24	1.12666	136	0.863509	4.20051	4.67566	1.03878
737	41.0625	58	-979114	15.2899	1.1352	133	0.864037	4.22928	4.71938	1.00469
738	42.1468	56	-978684	15.362	1.13294	132	0.857752	4.52083	4.72638	0.997019
739	43.1045	56	-978388	15.4007	1.14394	132	0.860965	4.47163	4.75258	0.894793
740	41.3777	57	-978803	15.3381	1.1317	140	0.861431	4.56716	4.68501	1.02708
741	41.9813	56	-979195	15.42	1.11943	140	0.864595	4.58122	4.72934	0.917144
742	42.1504	57	-978387	15.4132	1.12928	147	0.863979	4.19412	4.75887	0.884421
743	41.593	57	-978288	15.3685	1.13997	140	0.85991	4.34858	4.67902	0.915965
744	41.7163	56	-978611	15.2756	1.12913	139	0.8612	4.36449	4.7226	0.949524
745	42.7341	56	-978585	15.3252	1.1286	140	0.862376	4.37766	4.73107	0.980113
746	42.1842	56	-978239	15.3375	1.13341	137	0.861363	4.57328	4.74138	0.964889
747	41.4045	57	-977813	15.3163	1.13252	143	0.860864	4.54048	4.69004	1.03975
748	42.0718	56	-977884	15.3322	1.13321	151	0.857707	4.47865	4.69665	0.992636
749	42.6286	55	-978496	15.4256	1.1234	146	0.863259	4.34734	4.6008	0.955481
750	43.0913	54	-978858	15.3448	1.10402	163	0.868068	4.26616	4.64486	0.976369
751	42.4786	55	-978728	15.5332	1.10983	152	0.866768	4.49061	4.75057	0.929528
752	43.4877	54	-978492	15.4459	1.12135	160	0.867684	4.23354	4.75408	0.956874
753	41.6458	53	-978370	15.4751	1.10541	138	0.865239	3.94151	4.65964	0.879759
754	42.8066	55	-977899	15.5501	1.12242	147	0.862626	4.56424	4.76	1.14114
755	42.7675	55	-978949	15.4735	1.11863	141	0.862489	4.13653	4.76601	1.03345
756	42.4653	56	-977839	15.5224	1.12637	143	0.858709	4.52806	4.73041	0.982503
757	43.1157	55	-978239	15.3807	1.14351	159	0.861626	4.28327	4.7038	0.965071
758	42.4896	55	-978729	15.565	1.12533	154	0.862192	4.15659	4.71773	0.933093
759	42.9881	54	-978148	15.5772	1.12379	157	0.859656	4.53181	4.72593	0.996409
760	43.4846	53	-978529	15.3149	1.13983	173	0.859848	4.40296	4.77231	1.05415
761	42.7158	54	-978833	15.2642	1.12644	149	0.863603	4.40997	4.68892	1.00703
762	42.4735	54	-979128	15.304	1.12922	154	0.863144	4.14549	4.76683	1.09323
763	42.7995	55	-979042	15.2347	1.13522	144	0.86388	4.36386	4.7407	0.918994
764	43.0002	55	-978571	15.266	1.13182	149	0.859321	4.53751	4.68771	1.12657
765	43.3816	54	-978274	15.1725	1.14049	155	0.864743	4.60339	4.67734	0.983371
766	42.4914	54	-978107	15.3392	1.136	150	0.862482	4.03236	4.64455	0.941466
767	41.8582	54	-978052	15.3229	1.15355	146	0.856856	3.96236	4.67193	1.02875
768	42.5971	56	-978270	15.5513	1.14431	148	0.8588	4.32065	4.6745	0.970259
769	42.3566	54	-977851	15.4443	1.1497	146	0.85611	4.17659	4.71747	0.984838
770	42.5858	55	-978398	15.5079	1.15516	146	0.858871	4.63356	4.76959	0.994907
771	42.1689	56	-978285	15.5471	1.14277	148	0.855593	4.53553	4.68246	0.834888
772	42.9953	55	-977430	15.6021	1.14043	150	0.855528	4.3748	4.66556	1.03838
773	41.9211	55	-977892	15.5993	1.14676	150	0.856198	4.30189	4.67003	0.989362
774	42.1484	55	-977820	15.525	1.13941	150	0.856539	4.28462	4.67034	0.971799
775	41.6123	55	-978298	15.5459	1.1294	144	0.857398	4.03083	4.75554	1.0278
776	42.8491	55	-978027	15.5439	1.1179	148	0.855506	4.39487	4.72183	1.0752
777	42.3677	56	-978593	15.5923	1.12526	146	0.860561	4.35753	4.64046	1.01274
778	42.7843	55	-978229	15.5723	1.12565	155	0.859368	4.27836	4.74495	0.954352
779	41.7475	55	-978095	15.7651	1.12429	152	0.860184	4.52045	4.74107	1.13275
780	43.0367	55	-978061	15.6748	1.12815	163	0.857001	4.27211	4.64611	0.954208
781	43.3255	54	-977499	15.6534	1.13396	155	0.855779	4.44701	4.63061	1.03501
782	43.2374	55	-978020	15.7548	1.12194	158	0.863131	4.15757	4.66289	1.01118
783	43.2531	54	-977996	15.5805	1.1179	160	0.859853	4.1581	4.70051	1.08068
784	43.7062	54	-978405	15.4227	1.11674	153	0.861936	4.67293	4.68184	0.869444
785	43.3289	53	-977776	15.6	1.14393	157	0.858604	4.06937	4.71973	0.962376
786	43.3051	55	-978211	15.4834	1.13738	152	0.857432	4.21009	4.73278	1.12275
787	42.2093	56	-978100	15.466	1.14597	149	0.857986	4.05329	4.79379	0.890322
788	42.0552	56	-978143	15.5703	1.1277	143	0.858441	4.34769	4.81056	0.893393
789	41.8627	56	-978674	15.5655	1.10996	146	0.860506	4.35772	4.78583	0.961993
790	40.7449	55	-978384	15.6357	1.13008	138	0.859803	4.31803	4.78395	0.984771
791	41.8504	57	-978550	15.3879	1.14719	146	0.859703	4.14894	4.80954	1.05409
792	42.0526	55	-977938	15.3485	1.13328	151	0.859862	4.40108	4.7353	1.06199
793	42.6245	56	-977861	15.466	1.14023	154	0.860067	4.48111	4.72526	0.930146
794	42.0777	56	-978240	15.5781	1.13393	148	0.862031	4.08617	4.70373	1.03437
795	42.3309	56	-978292	15.4542	1.13442	141	0.859775	4.14029	4.58677	1.17664
796	42.6066	56	-978524	15.477	1.14015	146	0.858924	4.50698	4.7096	1.10548
797	41.7042	57	-978272	15.5062	1.12851	134	0.860372	4.20193	4.65135	0.964271
798	41.3484	56	-977984	15.3845	1.1261	145	0.8623	4.28144	4.65101	1.11748
799	41.8269	55	-977502	15.438	1.14847	151	0.856892	4.20502	4.72279	1.27019
800	42.023	56	-977939	15.4758	1.13906	142	0.857588	4.11934	4.68155	0.854279
801	41.5395	55	-978557	15.5696	1.13384	138	0.86061	4.39715	4.72032	0.931231
802	42.5385	56	-978957	15.4028	1.11983	137	0.863866	4.51288	4.72165	0.887342
803	41.0697	58	-978676	15.3643	1.11877	131	0.863851	4.19814	4.75834	0.971984
804	41.3608	57	-979161	15.3727	1.10594	138	0.86694	4.56518	4.75548	0.884589
805	41.6548	57	-978718	15.279	1.12592	144	0.861408	4.4218	4.71531	0.942178
806	42.4188	57	-978532	15.5049	1.11797	138	0.863992	4.43005	4.74177	0.922639
807	41.5452	57	-978075	15.4622	1.11727	134	0.862079	4.21967	4.71162	1.10889
808	41.7132	58	-978497	15.4673	1.12958	140	0.861675	4.38839	4.67832	1.06168
809	41.5316	56	-978883	15.2826	1.13156	143	0.864445	4.34007	4.69843	0.950373
810	42.2925	56	-978950	15.2529	1.12767	143	0.860684	4.13896	4.77327	1.01276
811	42.5194	56	-979240	15.2989	1.11405	142	0.865495	4.34011	4.75932	1.01064
812	41.8944	56	-978951	15.2669	1.12594	148	0.865666	4.25535	4.74347	1.02069
813	41.2411	55	-978234	15.4167	1.12637	133	0.864755	3.93125	4.76673	1.09623
814	41.8225	57	-978859	15.2931	1.13487	149	0.862578	4.55582	4.76076	0.99568
815	41.8008	55	-978271	15.2353	1.14641	142	0.86337	4.10485	4.66261	1.01112
816	41.2548	57	-978728	15.1921	1.14408	135	0.862144	4.15742	4.76676	0.98508
817	42.2287	56	-978397	15.2632	1.12748	154	0.862014	4.27366	4.70503	0.95704
818	41.4031	56	-978091	15.2759	1.12709	147	0.861119	4.4815	4.74142	0.970507
819	41.2586	56	-978652	15.276	1.1403	139	0.861311	4.37514	4.65544	1.09304
820	41.8902	56	-977921	15.3392	1.15018	142	0.861815	4.37746	4.70555	1.02501
821	42.2958	56	-978421	15.272	1.13331	151	0.862062	4.33486	4.76162	1.03687
822	42.1463	55	-978635	15.3419	1.13879	142	0.861292	4.75334	4.65972	1.00914
823	42.8236	56	-977804	15.1177	1.13941	154	0.860756	4.53513	4.66897	0.914379
824	42.2742	56	-978114	15.2963	1.12938	136	0.860049	4.25521	4.67124	1.02743
825	41.4257	57	-978128	15.473	1.13451	129	0.860949	4.44153	4.68807	1.01576
826	41.118	56	-977598	15.4662	1.15935	133	0.860643	4.43035	4.69295	0.966728
827	40.8028	55	-977634	15.3934	1.15655	143	0.855791	4.44347	4.70832	1.04329
828	42.0704	56	-977729	15.499	1.15821	140	0.85387	4.68597	4.74085	0.98894
829	41.9801	57	-978420	15.6263	1.14566	132	0.86193	4.39546	4.64601	1.04802
830	42.034	56	-978039	15.485	1.15658	143	0.861641	4.21676	4.74059	1.00445
831	41.8267	56	-978647	15.4002	1.14569	133	0.860191	4.42612	4.74654	0.981385
832	41.917	56	-978747	15.3518	1.14501	142	0.860604	4.31087	4.75039	1.01673
833	41.0142	56	-978453	15.2592	1.16578	132	0.859456	4.26667	4.72575	0.898309
834	41.5267	57	-978563	15.2914	1.15636	132	0.857866	4.44035	4.72098	0.997575
835	41.6763	57	-978343	15.4446	1.13709	134	0.860526	4.47001	4.71253	0.886985
836	41.3381	57	-977578	15.4077	1.15234	132	0.855844	4.28963	4.69019	1.05056
837	41.2578	57	-977604	15.3241	1.15635	133	0.856434	4.07715	4.69958	0.945459
838	40.7024	56	-977872	15.4086	1.14195	150	0.856206	4.11064	4.74248	1.03515
839	41.871	57	-978072	15.614	1.13192	140	0.860405	4.11438	4.69388	1.11315
840	40.313	56	-978531	15.5471	1.13302	134	0.861954	3.84937	4.72926	1.02598
841	40.9652	56	-978404	15.439	1.13755	140	0.861415	4.11969	4.73092	0.987709
842	41.3329	57	-978194	15.4878	1.15747	133	0.85544	4.33468	4.75553	0.939357
843	41.5643	57	-978115	15.3631	1.15829	138	0.858131	4.6778	4.7328	0.950575
844	41.2418	57	-977803	15.3632	1.16634	143	0.857179	4.19527	4.65021	1.12657
845	41.7265	57	-978587	15.1424	1.16205	149	0.858557	4.02988	4.65387	0.896962
846	42.3886	56	-978378	15.0948	1.18052	144	0.85805	4.44171	4.72831	1.01953
847	41.7575	56	-978080	15.1281	1.18636	137	0.854696	4.26822	4.74391	0.998055
848	41.722	57	-977882	15.2539	1.17347	132	0.854364	4.08178	4.75448	0.930366
849	41.5683	55	-978270	15.4666	1.17093	150	0.857986	4.71814	4.69102	0.95715
850	41.7733	57	-977903	15.4985	1.16197	136	0.8537	4.49573	4.65332	0.955823
851	41.3009	57	-978280	15.5109	1.14196	137	0.857402	4.23764	4.75399	0.946272
852	41.259	56	-977892	15.414	1.13817	137	0.858983	4.19358	4.67786	1.13734
853	41.1827	57	-977220	15.5175	1.16486	132	0.853918	4.01622	4.72246	1.05315
854	41.5172	57	-977799	15.5802	1.15829	130	0.85594	4.05432	4.69913	1.02997
855	41.2121	57	-977929	15.5246	1.16146	138	0.853926	4.46526	4.72237	1.13173
856	41.8608	56	-978294	15.4571	1.14652	139	0.856818	4.70613	4.70078	1.01911
857	42.6177	56	-978144	15.5396	1.14032	140	0.857861	4.14228	4.67088	1.07795
858	40.2676	55	-978575	15.4727	1.1541	149	0.858789	4.48552	4.74134	0.964533
859	42.483	55	-978321	15.4701	1.15711	149	0.857584	4.19885	4.71834	0.915793
860	42.4622	56	-977746	15.4939	1.1661	144	0.856885	4.38181	4.7336	1.0737
861	41.652	55	-977761	15.3953	1.15859	137	0.855252	4.30775	4.70013	0.931945
862	42.3384	55	-977942	15.317	1.16421	147	0.854693	4.06988	4.66598	1.05151
863	41.8991	55	-978216	15.3958	1.16403	143	0.856698	4.26807	4.70743	1.01592
864	42.6364	56	-978211	15.469	1.14771	152	0.85856	4.33442	4.64813	0.903895
865	42.1415	56	-978018	15.456	1.14913	138	0.860512	4.08334	4.83344	0.983267
866	41.8416	57	-978180	15.3909	1.14103	140	0.858178	3.9617	4.64985	1.04178
867	42.2302	55	-978023	15.4305	1.16253	137	0.856976	4.05712	4.71684	0.888643
868	42.4602	56	-977962	15.492	1.14148	144	0.859017	3.77032	4.76496	0.969931
869	42.0963	57	-978534	15.4965	1.13953	134	0.858095	4.03119	4.73901	0.924536
870	40.6529	56	-978292	15.5144	1.15075	139	0.858683	4.08825	4.75648	0.85283
871	41.1756	57	-978067	15.509	1.15316	130	0.86033	4.39641	4.77054	1.09418
872	40.2553	57	-978368	15.4165	1.14434	136	0.859176	3.95426	4.66988	0.984351
873	41.0488	57	-978134	15.2796	1.15878	130	0.85867	4.24808	4.76941	1.06995
874	41.0454	57	-978408	15.2051	1.16975	136	0.858017	4.22108	4.72045	0.924821
875	41.1181	57	-977511	15.2324	1.17876	131	0.857912	4.10261	4.66862	0.993559
876	41.5084	57	-977562	15.2255	1.15697	133	0.858442	4.45235	4.6732	1.04722
877	41.2178	57	-977303	15.1245	1.15316	141	0.856075	4.15392	4.70277	0.909269
878	41.2113	57	-977864	15.1531	1.1652	141	0.856829	4.69322	4.763	1.07124
879	41.4036	55	-979114	15.1748	1.16628	143	0.861383	4.15282	4.75428	0.985367
880	42.322	56	-978551	15.0317	1.15765	146	0.857393	4.26195	4.83924	0.901695
881	41.5152	56	-978229	15.1714	1.16432	134	0.855239	4.02813	4.75226	1.13696
882	40.6914	57	-977257	15.2414	1.17098	133	0.85544	4.03004	4.71127	1.02718
883	40.8523	57	-977993	15.2644	1.16371	129	0.855255	4.39663	4.71254	1.03976
884	41.547	57	-977644	15.2967	1.17835	138	0.854298	4.18945	4.63422	0.947906
885	41.8445	56	-977858	15.2047	1.18771	143	0.853783	4.38718	4.71181	1.04411
886	41.2374	56	-978172	15.3623	1.18384	127	0.857638	4.15899	4.71904	0.997573
887	41.9696	57	-978413	15.2554	1.17135	129	0.854897	4.13989	4.75407	1.02554
888	41.5313	56	-978291	15.2836	1.16298	148	0.862369	4.29891	4.63973	0.966313
889	41.5693	57	-978659	15.27	1.15036	140	0.860176	4.21804	4.73099	1.03159
890	41.5289	56	-978764	15.217	1.1569	137	0.861559	4.60106	4.74786	1.02718
891	40.1997	57	-978649	15.0593	1.16714	126	0.861266	4.32321	4.73829	1.04238
892	40.1624	58	-977909	15.1858	1.17521	129	0.857243	4.52054	4.80657	1.01635
893	41.4122	57	-977896	15.2795	1.18579	122	0.856609	4.1773	4.7568	1.02148
894	41.179	58	-977123	15.19	1.20826	129	0.85088	4.08576	4.7154	1.00755
895	41.5188	57	-977483	15.2804	1.19214	131	0.852512	4.27359	4.76384	0.965254
896	40.8695	55	-977693	15.2712	1.19165	138	0.852683	4.40476	4.82614	0.989399
897	42.2522	56	-977407	15.3421	1.20191	137	0.851474	3.87383	4.80264	1.02645
898	40.2453	57	-977602	15.4789	1.19192	133	0.853417	4.08041	4.84927	0.861227
899	41.6288	57	-977315	15.6229	1.18614	133	0.849202	4.26755	4.80261	1.06239
900	39.1336	56	-976673	15.4828	1.18924	125	0.847876	4.1537	4.77837	0.890591
901	39.419	56	-977352	15.5638	1.18177	137	0.853657	4.18797	4.77742	1.04488
902	40.144	56	-977872	15.3341	1.15892	127	0.858274	4.0989	4.73499	1.02269
903	41.3701	57	-977903	15.3082	1.14208	136	0.85701	4.09038	4.75057	0.969913
904	42.0068	57	-977855	15.3968	1.14994	132	0.857098	4.06583	4.75875	0.941014
905	41.2985	57	-977286	15.4467	1.14818	139	0.856715	4.00061	4.73536	1.12522
906	42.0097	56	-977781	15.4954	1.14407	137	0.857879	3.86734	4.73573	1.0642
907	41.9189	56	-977271	15.442	1.17219	142	0.851625	4.04512	4.77854	1.06105
908	42.5624	56	-977342	15.3877	1.17242	142	0.850459	3.9499	4.74637	1.10045
909	41.4916	55	-977051	15.4879	1.18047	132	0.853243	4.04633	4.73868	0.986357
910	41.8663	57	-977655	15.4286	1.16661	141	0.854134	4.05787	4.75022	1.00288
911	40.3607	55	-977892	15.278	1.16024	140	0.859511	4.40176	4.73206	1.01526
912	41.9545	57	-977986	15.3032	1.15904	137	0.859755	3.93113	4.74305	1.0954
913	41.7744	57	-977885	15.3194	1.17258	141	0.863804	4.3298	4.72558	1.08076
914	41.9991	56	-978438	15.3173	1.14601	145	0.863842	4.30538	4.63927	0.961128
915	42.2442	56	-978580	15.3199	1.13864	144	0.866034	4.48184	4.72622	0.982776
916	41.648	54	-978551	15.4477	1.13139	148	0.865712	4.27019	4.64175	1.04578
917	41.7283	57	-979507	15.4175	1.1223	129	0.869329	4.76895	4.70691	0.963429
918	41.1211	58	-979185	15.2895	1.13372	128	0.865813	4.40521	4.76647	1.08266
919	40.279	57	-978355	15.3539	1.14429	139	0.863516	4.72403	4.78362	1.01395
920	40.5151	58	-978693	15.3734	1.14416	141	0.862063	4.55521	4.70583	0.958579
921	41.7978	56	-978685	15.491	1.12609	149	0.863304	4.52643	4.71928	1.16156
922	40.0792	56	-978543	15.3686	1.12811	137	0.862781	4.75736	4.71655	1.08609
923	41.1775	57	-979098	15.354	1.12954	135	0.863676	4.34483	4.7292	0.906206
924	40.3822	57	-978529	15.2877	1.13202	128	0.862706	4.13876	4.75976	0.959066
925	40.4669	57	-978238	15.2375	1.13284	129	0.861234	4.12701	4.72525	1.01697
926	40.7913	56	-978290	15.2642	1.13834	146	0.859455	3.84642	4.75384	1.12316
927	40.6472	56	-978815	15.2654	1.14555	137	0.861586	4.37928	4.70147	1.0129
928	40.9614	57	-979214	15.2616	1.14711	134	0.865009	4.55375	4.73585	0.960465
929	40.4768	57	-978866	15.2984	1.14649	142	0.862887	3.99203	4.72209	1.21427
930	40.3101	56	-978579	15.3538	1.13287	141	0.861955	4.47498	4.70997	1.01195
931	40.3939	55	-978301	15.1844	1.15411	151	0.863261	4.56691	4.70499	1.01525
932	40.8141	54	-978047	15.1768	1.16485	141	0.860502	4.32128	4.79326	0.970885
933	41.582	55	-978302	15.2785	1.15396	149	0.860239	4.11385	4.71157	1.01185
934	41.6791	57	-977931	15.3438	1.16063	149	0.855484	4.03355	4.69418	1.02394
935	41.5136	56	-978223	15.4027	1.15765	137	0.859821	3.87682	4.69165	1.06979
936	41.6307	55	-978319	15.2818	1.16168	140	0.858595	4.54812	4.71101	0.95532
937	41.1097	54	-978249	15.1771	1.15555	158	0.857763	4.39452	4.62281	1.03741
938	41.5007	55	-978362	15.3278	1.13589	158	0.859519	4.18962	4.65416	1.1067
939	41.0183	55	-978062	15.3198	1.15225	150	0.859252	4.49585	4.68694	1.06262
940	40.0157	54	-977827	15.2947	1.17219	157	0.860047	4.59264	4.77077	0.996663
941	40.9954	53	-977603	15.3472	1.16289	156	0.858726	4.19217	4.74073	0.967592
942	41.4986	55	-978174	15.307	1.16631	164	0.861651	4.63187	4.76937	0.920668
943	41.0882	54	-977690	15.306	1.16636	150	0.858566	4.59039	4.72361	0.858583
944	41.6474	56	-978850	15.2246	1.13409	146	0.864193	3.93599	4.70948	1.10718
945	41.7014	55	-977720	15.2477	1.13384	151	0.862198	4.58361	4.77668	0.899929
946	41.5076	57	-977967	15.2998	1.13903	136	0.859664	4.54171	4.74626	0.987896
947	41.488	57	-978657	15.3144	1.12273	147	0.862139	4.19656	4.6972	1.0742
948	40.9262	56	-978961	15.2933	1.12458	147	0.869224	4.22683	4.65021	1.04094
949	41.4073	55	-978975	15.2227	1.10357	146	0.868189	4.02105	4.67738	0.970834
950	41.3492	54	-979015	15.2184	1.10268	152	0.868507	4.17093	4.71448	1.03098
951	41.8088	56	-978836	15.1043	1.12307	149	0.868038	3.92562	4.70194	1.07269
952	40.6892	55	-979431	15.0968	1.11888	141	0.869011	4.33412	4.67167	0.895586
953	40.9635	56	-978704	15.0991	1.12507	144	0.866917	4.31971	4.73667	1.10467
954	40.8782	57	-978672	14.9632	1.16285	145	0.863939	4.35845	4.70721	0.974024
955	41.0486	56	-978721	15.1936	1.16362	142	0.863045	4.62575	4.66978	1.01089
956	40.9783	56	-978600	15.2252	1.13192	142	0.865766	4.13687	4.6532	1.12042
957	40.1995	56	-978531	15.3816	1.11941	144	0.863618	4.5987	4.7126	1.02049
958	41.0169	56	-978572	15.3162	1.12667	146	0.863537	4.12472	4.70808	0.943591
959	40.0589	54	-978677	15.2985	1.14634	145	0.862306	4.8773	4.74641	1.04658
960	40.4805	56	-979061	15.34	1.12208	132	0.864831	4.06906	4.74016	1.02202
961	38.9648	56	-979269	15.2939	1.1216	138	0.865829	4.49124	4.64011	0.981552
962	40.7989	55	-978243	15.2956	1.11888	151	0.863164	4.52046	4.6606	1.15113
963	39.8175	54	-978808	15.1426	1.14277	144	0.862944	4.27305	4.63837	1.11715
964	41.0853	56	-978116	15.1765	1.15677	143	0.859308	4.33578	4.6259	0.976125
965	40.9098	57	-977825	15.3173	1.15149	143	0.86116	4.34522	4.68356	0.902644
966	41.5974	56	-977629	15.274	1.15731	156	0.856126	4.58608	4.70824	1.10878
967	40.8335	55	-978344	15.4138	1.13809	143	0.8602	4.53096	4.69107	1.01233
968	40.0792	56	-978493	15.2733	1.13034	131	0.86182	4.53197	4.69921	0.996644
969	41.1117	56	-978052	15.2567	1.12812	143	0.858507	4.28842	4.68646	0.916328
970	39.8777	55	-978382	15.3562	1.12838	156	0.862426	4.28459	4.69794	0.9501
971	41.7388	55	-978725	15.3224	1.12686	144	0.862406	4.35815	4.76893	1.00711
972	40.8555	56	-978558	15.4192	1.11246	150	0.866968	4.53815	4.76625	1.01354
973	40.7452	56	-979119	15.2753	1.11823	137	0.8662	4.26321	4.64998	0.995111
974	41.5922	56	-979325	15.2272	1.10738	136	0.864356	4.39529	4.70773	1.07953
975	40.9634	57	-979273	15.3233	1.12653	142	0.867593	4.56284	4.64658	1.01812
976	40.6649	57	-978305	15.2423	1.12835	150	0.862959	4.74076	4.64079	1.0027
977	40.8603	55	-978887	15.3298	1.12483	144	0.864091	4.26529	4.67484	1.01526
978	41.06	55	-978741	15.2361	1.11586	140	0.864374	4.56362	4.63343	1.00998
979	40.362	55	-978956	15.227	1.1139	135	0.861738	4.2804	4.69506	1.03258
980	40.4455	57	-979314	15.3206	1.12374	134	0.867554	4.51278	4.75495	1.06048
981	40.5503	58	-978940	15.3271	1.11156	132	0.863907	3.90878	4.70175	0.8939
982	40.0368	57	-978381	15.4411	1.10425	139	0.864984	4.11592	4.75067	1.125
983	40.867	55	-978747	15.4587	1.10505	157	0.86439	4.24667	4.67023	1.0458
984	41.2668	55	-978523	15.3894	1.10535	143	0.866163	4.31836	4.70502	0.922398
985	41.4924	55	-978513	15.3686	1.12013	162	0.864908	4.21779	4.77992	0.978091
986	40.3097	54	-979530	15.308	1.11648	154	0.863603	4.50363	4.71678	1.01282
987	41.5165	54	-979076	15.3622	1.1364	155	0.866514	4.12045	4.80988	0.990153
988	41.2076	55	-978324	15.352	1.11784	156	0.864819	4.15257	4.71011	0.969202
989	41.6492	56	-978761	15.3999	1.10901	153	0.868118	4.47427	4.6935	0.961984
990	41.1474	55	-979225	15.5233	1.09284	150	0.872473	3.95644	4.6537	0.977939
991	41.9242	55	-978681	15.3876	1.10259	154	0.870305	4.13728	4.63541	1.16416
992	41.0754	56	-978940	15.3202	1.12149	153	0.869203	4.27207	4.76286	0.96881
993	41.825	55	-979256	15.2946	1.11699	154	0.865099	4.28381	4.64213	1.00141
994	42.1666	55	-978916	15.3958	1.12726	156	0.869073	4.32869	4.77296	0.885626
995	41.2222	55	-977990	15.3491	1.14808	147	0.860468	4.00403	4.7166	0.912079
996	41.3688	55	-977722	15.3595	1.14792	152	0.857258	4.32441	4.71817	0.90955
997	41.401	53	-977894	15.4684	1.14536	167	0.860887	4.69144	4.71194	1.0892
998	41.5828	55	-978303	15.4303	1.15647	163	0.859452	4.33088	4.72918	0.932352
999	41.5993	54	-978281	15.3844	1.15992	159	0.857714	4.21257	4.64786	0.943146
