iter	time	topo	loglik	length	alpha	Nmode	statent	statalpha	rrent	rrmean
0	0	0	-3.83436e+06	13.4692	1	12	2.69414	20	4.89163	1.07398
1	40.1846	63	-2.4795e+06	22.223	0.650405	22	2.44525	21.6602	4.85753	0.825531
2	40.1918	62	-2.39589e+06	27.2846	0.655578	33	2.42054	20.2576	4.82867	1.05261
3	43.5281	61	-2.35553e+06	30.6303	0.65927	44	2.4076	19.1415	4.80102	0.895146
4	42.9175	61	-2.32254e+06	33.4435	0.661431	58	2.38611	18.9084	4.78343	0.930497
5	43.8396	54	-2.29039e+06	35.0206	0.666564	77	2.36027	15.2394	4.7731	0.990402
6	46.156	59	-2.26324e+06	35.8086	0.671578	110	2.34479	14.9872	4.75842	1.08861
7	42.9227	56	-2.22261e+06	36.02	0.67449	145	2.30567	13.5286	4.75621	0.982614
8	48.2543	56	-2.19348e+06	36.4192	0.676777	169	2.25627	12.9852	4.75614	0.956606
9	55.1537	56	-2.16842e+06	36.6172	0.676251	206	2.2039	12.2188	4.75073	0.975354
10	49.392	51	-2.1512e+06	36.8911	0.673912	239	2.15301	11.0757	4.7571	1.06372
11	50.7153	48	-2.13822e+06	37.5116	0.675743	274	2.11312	10.6665	4.75103	1.1236
12	49.8252	47	-2.1288e+06	38.7561	0.664685	314	2.07886	10.5433	4.75146	1.00218
13	51.8475	49	-2.11554e+06	39.9386	0.669696	358	2.07491	9.82202	4.74307	0.983167
14	56.3537	46	-2.09981e+06	40.5093	0.675356	389	2.07918	10.1256	4.7346	1.09004
15	57.5877	46	-2.08439e+06	40.4173	0.68024	404	2.09047	9.98369	4.7134	0.992375
16	57.4451	46	-2.07568e+06	40.1108	0.685455	448	2.0894	10.6784	4.69816	1.11622
17	59.7361	44	-2.06705e+06	39.4318	0.689837	490	2.09908	10.3757	4.68531	1.14541
18	61.7745	46	-2.05172e+06	37.1865	0.709197	496	2.10457	10.1457	4.67349	0.848729
19	54.3229	41	-2.04791e+06	36.5993	0.709822	536	2.10097	10.1242	4.66559	1.02625
20	58.2679	41	-2.04449e+06	36.5929	0.716085	566	2.09252	10.1971	4.66662	1.10435
21	63.4055	42	-2.04065e+06	36.0877	0.72346	596	2.10434	9.77089	4.6577	1.05924
22	60.5589	40	-2.0373e+06	35.9777	0.723693	588	2.09536	9.86582	4.64603	0.935608
23	70.3585	42	-2.0351e+06	36.0348	0.720457	670	2.09204	10.1111	4.63457	0.953722
24	64.997	38	-2.03332e+06	35.9166	0.722465	678	2.09581	10.0866	4.63346	1.08329
25	68.0323	39	-2.03173e+06	35.9917	0.728888	677	2.0918	10.0504	4.62653	1.05091
26	74.9006	43	-2.02914e+06	35.9836	0.736066	717	2.07933	10.0271	4.62449	1.05971
27	67.6866	39	-2.02745e+06	36.3652	0.731769	736	2.07738	10.1138	4.62508	0.965108
28	99.4145	34	-2.02595e+06	36.4599	0.735464	745	2.07009	10.1806	4.62136	0.796524
29	67.6246	37	-2.02471e+06	36.6021	0.741096	736	2.06908	9.89086	4.61727	0.957488
30	69.3705	35	-2.02275e+06	36.7081	0.750038	797	2.05519	10.3411	4.61346	0.8325
31	68.8062	35	-2.02232e+06	36.5837	0.753715	780	2.06308	10.2439	4.61466	0.868901
32	68.6281	35	-2.02087e+06	36.6508	0.757885	795	2.06075	9.9561	4.61255	0.996591
33	69.4367	37	-2.01931e+06	35.7719	0.762927	809	2.06331	10.0005	4.60642	1.0025
34	69.911	37	-2.01867e+06	35.4076	0.766492	824	2.06582	10.2065	4.60105	1.00068
35	71.8894	36	-2.01786e+06	35.4789	0.764016	851	2.06209	10.4147	4.60623	1.13047
36	81.8334	40	-2.01577e+06	35.7538	0.762925	821	2.05342	10.2552	4.60677	0.855073
37	72.2721	35	-2.0153e+06	35.5636	0.764016	826	2.05286	10.0997	4.60721	1.08574
38	74.9805	36	-2.01356e+06	35.5984	0.763979	847	2.04593	9.85447	4.60327	0.922645
39	76.7649	32	-2.01361e+06	35.8241	0.769824	842	2.04507	10.0574	4.60082	0.930712
40	72.3776	36	-2.01207e+06	35.52	0.766657	833	2.04117	10.04	4.60041	1.08841
41	71.7805	34	-2.01284e+06	35.9217	0.765198	867	2.04632	10.1427	4.59789	1.04199
42	70.6674	34	-2.01178e+06	36.0304	0.764629	842	2.04239	9.91423	4.59135	0.968087
43	72.7967	34	-2.01188e+06	35.8953	0.774216	876	2.0436	10.3065	4.59147	0.973573
44	73.7556	32	-2.01165e+06	35.7937	0.768652	876	2.04317	10.0064	4.58823	0.851393
45	75.0447	33	-2.01189e+06	35.4169	0.763385	913	2.04458	10.2395	4.59057	0.991149
46	73.1061	32	-2.0105e+06	35.7488	0.768993	897	2.03632	9.94566	4.59699	0.906753
47	84.6664	37	-2.01024e+06	36.082	0.766815	884	2.03559	10.0633	4.59443	1.05085
48	71.8165	35	-2.01003e+06	36.2043	0.767604	927	2.0354	10.0421	4.58911	0.95581
49	72.5033	32	-2.00916e+06	36.098	0.767165	919	2.03195	10.0077	4.59321	0.978236
50	75.1805	32	-2.00866e+06	35.9247	0.771128	922	2.03178	10.0791	4.59073	0.951477
51	86.223	37	-2.00829e+06	36.0533	0.775784	953	2.02635	10.3072	4.58713	1.08908
52	77.7853	33	-2.00814e+06	36.1775	0.78284	964	2.02771	9.7383	4.58521	1.10835
53	84.9586	38	-2.00773e+06	36.0994	0.780774	987	2.02682	9.71373	4.58492	1.01704
54	77.4081	31	-2.00627e+06	36.0981	0.784486	1000	2.02018	9.57944	4.58583	0.934403
55	80.2505	31	-2.00602e+06	36.1821	0.787062	983	2.01511	9.87344	4.58123	1.07571
56	78.1204	32	-2.00559e+06	36.3525	0.788625	987	2.01243	9.97919	4.57763	1.0823
57	76.7049	31	-2.00498e+06	36.2847	0.790453	969	2.00892	10.1579	4.57946	1.03088
58	76.6378	31	-2.00411e+06	36.4158	0.801635	980	2.00604	9.84867	4.57487	0.975931
59	78.1788	31	-2.00422e+06	36.7335	0.799449	956	2.00123	10.0376	4.58092	1.12878
60	89.5122	39	-2.0039e+06	36.7686	0.80745	983	2.00053	9.6829	4.57827	1.01608
61	78.9121	32	-2.0033e+06	36.5549	0.81346	955	1.99499	9.91896	4.5747	1.10736
62	79.3656	32	-2.00284e+06	36.3784	0.816891	954	1.99216	9.87763	4.58339	0.948554
63	81.169	32	-2.00215e+06	36.2924	0.817786	959	1.98947	9.64407	4.58574	0.854229
64	89.2002	32	-2.00186e+06	36.217	0.826595	964	1.98578	9.98013	4.57392	1.06736
65	78.8997	33	-2.00111e+06	36.2845	0.828718	960	1.9811	9.62028	4.58145	1.06657
66	83.3496	31	-2.00134e+06	36.0792	0.831424	957	1.98153	9.86179	4.58723	1.0769
67	87.0894	35	-2.00147e+06	36.2936	0.841235	956	1.97584	9.68372	4.58431	0.926644
68	79.4689	34	-2.00096e+06	36.3587	0.840886	959	1.98126	9.94599	4.58314	0.918627
69	83.6019	39	-2.0012e+06	36.3463	0.846529	936	1.97867	10.0173	4.57895	1.07006
70	89.146	36	-2.00014e+06	36.449	0.848381	947	1.97267	9.8678	4.5821	1.06943
71	79.4979	35	-1.99991e+06	36.462	0.852954	990	1.97106	10.019	4.57418	1.10118
72	79.2409	31	-1.9991e+06	36.5049	0.852933	977	1.96381	10.0868	4.57924	0.904938
73	86.3099	39	-1.99925e+06	36.363	0.859097	1019	1.96836	10.0182	4.5825	1.06244
74	75.5386	32	-1.99884e+06	36.4374	0.861541	997	1.96222	9.97716	4.58385	0.933256
75	75.7798	31	-1.99817e+06	36.2919	0.860707	1013	1.96333	9.92998	4.58712	0.964266
76	77.2073	31	-1.99802e+06	35.9549	0.865747	1013	1.9584	9.82227	4.58095	0.901767
77	80.6651	33	-1.99823e+06	36.262	0.871357	1000	1.96078	9.86377	4.57749	1.032
78	89.2343	34	-1.99791e+06	36.1797	0.874691	1016	1.9597	9.83532	4.57821	1.09229
79	86.6765	32	-1.99746e+06	36.49	0.880621	1014	1.96169	9.96457	4.57743	1.06426
80	84.9015	30	-1.99661e+06	36.3732	0.881802	1019	1.95267	9.96077	4.58437	1.00755
81	79.0423	31	-1.99715e+06	36.2073	0.885554	1024	1.95408	10.0908	4.57929	0.954691
82	76.2275	32	-1.99677e+06	36.5047	0.888749	994	1.95025	10.1569	4.57796	1.07134
83	79.009	31	-1.99629e+06	36.4065	0.888568	1013	1.94712	9.91556	4.57549	1.04598
84	85.8714	35	-1.99598e+06	36.4908	0.890217	1027	1.946	9.81958	4.57507	0.934807
85	80.4111	33	-1.9952e+06	36.7441	0.902395	1032	1.94115	9.66539	4.58243	0.997568
86	84.5541	29	-1.99544e+06	36.5172	0.908447	1071	1.93893	9.98274	4.58057	0.951734
87	101.19	32	-1.99386e+06	36.4917	0.915036	1083	1.93273	9.85512	4.58114	1.05803
88	90.4512	27	-1.99387e+06	36.4267	0.917361	1067	1.9369	9.80488	4.58268	0.952007
89	80.0995	30	-1.99434e+06	36.2942	0.919098	1046	1.93593	9.9192	4.57781	0.98102
90	79.733	31	-1.99425e+06	36.5482	0.920389	1028	1.93534	9.88837	4.57484	0.993972
91	79.523	30	-1.99287e+06	36.703	0.917841	1056	1.93077	9.79932	4.57911	0.943751
92	83.9114	29	-1.99432e+06	36.6888	0.907227	1066	1.93459	9.67992	4.5701	1.05562
93	87.2807	34	-1.99497e+06	36.7832	0.906626	1070	1.9389	9.79282	4.5707	1.0312
94	79.865	31	-1.99474e+06	36.7767	0.91477	1030	1.94048	9.81475	4.56996	0.964729
95	80.0839	29	-1.99502e+06	36.8927	0.919168	1035	1.9403	9.60675	4.57288	1.04627
96	88.5638	34	-1.99402e+06	36.8216	0.920663	1017	1.9323	9.78583	4.57768	0.98088
97	77.5135	31	-1.99325e+06	36.6107	0.92282	1054	1.93293	9.58195	4.57713	0.951922
98	84.528	30	-1.99394e+06	36.6933	0.919407	1063	1.938	9.72772	4.57031	0.901852
99	85.042	33	-1.99424e+06	36.5564	0.915372	1084	1.94054	9.72532	4.57705	1.01403
100	81.8868	30	-1.9939e+06	36.666	0.914742	1058	1.93358	9.47653	4.57633	1.05679
101	82.5771	30	-1.99454e+06	36.5514	0.923527	1037	1.93999	9.6917	4.57919	0.851203
102	77.9968	31	-1.99415e+06	36.6513	0.920896	1028	1.93866	9.86205	4.57999	0.915175
103	81.2109	30	-1.99405e+06	36.5559	0.921665	1036	1.94096	9.80555	4.5775	1.02147
104	80.229	29	-1.9933e+06	36.9336	0.922005	1057	1.93356	9.61074	4.57923	1.00444
105	85.9299	28	-1.99415e+06	36.5527	0.92404	1072	1.93864	9.74352	4.57375	0.955261
106	83.7645	31	-1.99365e+06	36.6535	0.920114	1073	1.94178	9.62017	4.57136	1.11222
107	81.3786	30	-1.99358e+06	36.6935	0.926538	1058	1.94048	9.53959	4.57228	1.00861
108	81.6936	30	-1.99378e+06	36.6486	0.924842	1064	1.93933	9.78238	4.57533	1.00023
109	81.9624	30	-1.99382e+06	36.5304	0.934283	1090	1.9356	9.79762	4.57556	0.976594
110	82.4264	30	-1.9935e+06	36.6083	0.93297	1075	1.93256	9.94136	4.57718	1.10594
111	82.0979	30	-1.99299e+06	36.6371	0.941131	1076	1.93283	9.89209	4.57537	0.92657
112	83.0317	29	-1.9925e+06	36.5833	0.932963	1076	1.92808	9.71574	4.57633	0.861015
113	85.6159	29	-1.99274e+06	36.8118	0.94016	1059	1.92353	9.46197	4.57985	1.04502
114	88.1776	29	-1.99247e+06	36.6174	0.941942	1072	1.92576	9.62365	4.5821	1.14299
115	82.8515	30	-1.99228e+06	36.8098	0.929513	1103	1.92379	9.53143	4.58562	1.00506
116	80.6086	29	-1.9921e+06	36.8022	0.92851	1085	1.9281	9.45784	4.57768	1.09704
117	80.4507	29	-1.99287e+06	36.9336	0.930872	1053	1.93137	9.57871	4.5804	0.922018
118	80.297	33	-1.99266e+06	36.8863	0.93084	1031	1.92473	9.51027	4.58351	1.09116
119	77.4912	32	-1.99165e+06	37.0346	0.937533	1015	1.91685	9.5354	4.57929	0.989561
120	84.9586	29	-1.99207e+06	36.9332	0.936504	1032	1.91871	9.57296	4.57823	0.981743
121	80.3587	30	-1.99116e+06	36.9059	0.942929	1056	1.91492	9.51121	4.57555	1.07394
122	87.8283	27	-1.99225e+06	37.0151	0.939561	1092	1.91869	9.46313	4.57913	1.01173
123	84.2829	29	-1.99136e+06	36.9005	0.946073	1065	1.92208	9.38502	4.5848	0.946267
124	83.7692	29	-1.99162e+06	36.9725	0.945414	1082	1.92693	9.43999	4.57681	0.985759
125	88.27	35	-1.99144e+06	36.8361	0.946828	1090	1.92504	9.51071	4.57321	0.999062
126	83.342	31	-1.99206e+06	36.7632	0.954709	1089	1.9327	9.59596	4.56675	0.930631
127	89.792	32	-1.99225e+06	36.9261	0.959037	1068	1.92536	9.59988	4.56606	1.03379
128	84.2771	32	-1.99232e+06	36.9521	0.951223	1058	1.92415	9.66708	4.57164	0.861151
129	81.4375	30	-1.99151e+06	36.8716	0.949274	1067	1.92124	9.48655	4.57103	1.04271
130	85.3386	31	-1.99062e+06	37.0407	0.943344	1072	1.9179	9.42372	4.57458	0.887393
131	82.0796	31	-1.99071e+06	37.2778	0.944091	1073	1.91798	9.44445	4.57126	0.839344
132	87.003	30	-1.99214e+06	37.1049	0.941818	1083	1.92261	9.62659	4.57592	1.10318
133	89.764	34	-1.99203e+06	37.3151	0.941343	1076	1.92313	9.63285	4.56729	0.953027
134	83.128	32	-1.9925e+06	37.2551	0.935281	1087	1.92302	9.34338	4.56933	0.986761
135	83.4114	30	-1.9919e+06	37.1413	0.94033	1104	1.91814	9.39743	4.57511	0.955801
136	84.826	33	-1.99077e+06	37.0719	0.948238	1075	1.91396	9.63014	4.57445	1.08861
137	82.6184	31	-1.99028e+06	37.1721	0.954642	1087	1.91506	9.45162	4.57573	1.02533
138	89.0575	30	-1.99093e+06	37.2607	0.954561	1098	1.9189	9.36208	4.57253	1.01864
139	80.8658	29	-1.99038e+06	37.2055	0.957127	1127	1.91972	9.61147	4.56898	1.04917
140	81.7213	29	-1.99101e+06	37.2193	0.956822	1117	1.92049	9.55492	4.56899	1.00907
141	82.6041	29	-1.99079e+06	37.2597	0.953416	1101	1.92111	9.38563	4.56541	1.00692
142	86.5041	27	-1.99068e+06	37.3363	0.954731	1124	1.91999	9.52059	4.57114	0.962376
143	81.7212	29	-1.99062e+06	37.4126	0.953814	1123	1.91899	9.73715	4.57239	1.04331
144	83.1457	30	-1.99123e+06	37.2913	0.949215	1073	1.92148	9.63646	4.57072	0.958414
145	82.7621	28	-1.99076e+06	37.4788	0.951791	1065	1.91466	9.5182	4.56921	1.12681
146	81.7184	29	-1.99068e+06	37.425	0.962262	1078	1.91523	9.34399	4.5662	0.926387
147	89.8309	35	-1.99069e+06	37.4359	0.949322	1045	1.9176	9.38629	4.57176	1.00345
148	81.5303	31	-1.99071e+06	37.1471	0.945483	1049	1.92017	9.53063	4.56616	0.938252
149	82.8954	32	-1.99018e+06	37.3839	0.950805	1089	1.91728	9.52556	4.56537	1.05141
150	87.1031	28	-1.99109e+06	37.5684	0.94669	1102	1.91485	9.60191	4.57139	0.959105
151	86.8464	29	-1.98998e+06	37.6038	0.941757	1095	1.91469	9.82677	4.56923	1.02527
152	83.6611	29	-1.99067e+06	37.6358	0.943404	1088	1.91675	9.72433	4.56478	0.981775
153	80.4322	29	-1.9908e+06	37.5515	0.941414	1104	1.91887	9.63842	4.57137	0.891977
154	83.5581	31	-1.9907e+06	37.7803	0.937563	1044	1.91908	9.66385	4.57472	1.11435
155	82.1323	30	-1.99053e+06	37.5944	0.940196	1063	1.91571	9.6634	4.58404	0.983636
156	82.0555	30	-1.99037e+06	37.369	0.950433	1049	1.91847	9.58937	4.58419	0.900463
157	83.9964	29	-1.99026e+06	37.2083	0.953768	1013	1.91218	9.9853	4.58119	1.05041
158	81.848	34	-1.99038e+06	37.5738	0.955292	1024	1.90935	9.99232	4.57562	1.01107
159	80.3176	32	-1.99027e+06	37.5127	0.956733	1031	1.90914	9.84236	4.57956	1.13459
160	81.13	31	-1.98987e+06	37.0864	0.9639	1067	1.91064	9.77495	4.58131	1.04176
161	79.7278	29	-1.99011e+06	37.0751	0.965012	1089	1.91437	9.74648	4.57703	0.994064
162	80.3781	30	-1.99153e+06	37.2282	0.958565	1106	1.92188	9.85959	4.57127	0.983326
163	81.7163	29	-1.98991e+06	37.0724	0.970165	1102	1.91276	9.70485	4.57182	0.983995
164	82.4389	30	-1.99043e+06	36.9205	0.971149	1091	1.91007	9.53788	4.57157	0.980905
165	83.5665	32	-1.99006e+06	37.0689	0.979439	1126	1.91124	9.75826	4.57398	0.966593
166	82.4312	30	-1.98968e+06	37.2393	0.969098	1124	1.90904	9.73816	4.57333	0.876226
167	82.383	29	-1.99011e+06	37.3524	0.969244	1122	1.91455	9.79427	4.57656	0.898001
168	83.7689	29	-1.98987e+06	37.28	0.959766	1140	1.91274	9.73674	4.57941	1.03878
169	88.2818	26	-1.99027e+06	37.2289	0.959409	1121	1.91459	9.75169	4.57512	0.931593
170	81.1626	29	-1.98965e+06	37.1981	0.963494	1114	1.9148	9.58493	4.57749	0.992539
171	81.3707	29	-1.98945e+06	36.9347	0.966218	1125	1.90898	9.56319	4.58139	1.00565
172	86.6879	28	-1.98875e+06	37.1288	0.969811	1122	1.90234	9.44205	4.58004	0.941473
173	81.3969	29	-1.9889e+06	37.0011	0.9683	1128	1.90622	9.68445	4.57785	0.971093
174	80.5998	30	-1.9898e+06	36.9956	0.966664	1106	1.90755	9.61609	4.58492	0.921336
175	82.1942	29	-1.98922e+06	37.1371	0.97211	1141	1.90475	9.26707	4.5864	0.992358
176	81.1803	30	-1.98892e+06	37.0683	0.965209	1114	1.90856	9.59306	4.57823	0.9209
177	82.3387	29	-1.9889e+06	37.2691	0.954319	1112	1.90712	9.68798	4.58326	1.07511
178	88.5986	36	-1.98896e+06	37.2343	0.95479	1073	1.90934	9.55856	4.57366	0.951813
179	80.7742	30	-1.98928e+06	37.2088	0.961046	1103	1.91104	9.3668	4.57169	0.896758
180	90.2712	27	-1.9897e+06	37.266	0.961838	1158	1.91198	9.30956	4.57834	1.1907
181	83.4565	29	-1.98945e+06	37.166	0.961889	1142	1.90777	9.57608	4.58232	0.880448
182	84.1679	29	-1.98905e+06	36.8957	0.958724	1137	1.90881	9.65123	4.58216	1.06691
183	85.0594	28	-1.98893e+06	37.1085	0.960488	1131	1.90977	9.64157	4.57462	0.808767
184	94.9443	26	-1.99107e+06	37.1921	0.957568	1142	1.91514	9.64729	4.57516	1.11361
185	89.4514	33	-1.99087e+06	36.9892	0.955142	1107	1.92009	9.4853	4.57756	0.875085
186	83.4902	29	-1.99031e+06	37.3438	0.951739	1126	1.91412	9.49069	4.57625	1.0073
187	89.054	27	-1.99094e+06	37.6259	0.950661	1141	1.91806	9.50601	4.57055	1.04778
188	84.9315	29	-1.99009e+06	37.5548	0.944255	1147	1.91824	9.6545	4.57369	1.07341
189	89.3351	28	-1.99031e+06	37.371	0.945905	1143	1.91646	9.77011	4.57091	0.968382
190	85.9261	27	-1.99006e+06	37.4952	0.943913	1158	1.91701	9.60758	4.57224	0.944457
191	90.9956	27	-1.98889e+06	37.3868	0.939356	1139	1.91067	9.7072	4.57226	1.05974
192	84.7469	29	-1.98902e+06	37.4863	0.941656	1135	1.91276	9.615	4.57171	1.0105
193	91.0993	35	-1.98927e+06	37.6434	0.946283	1110	1.91648	9.80196	4.56591	1.02721
194	83.2161	30	-1.98941e+06	37.5946	0.945788	1152	1.9155	9.65071	4.56911	0.96021
195	85.7518	29	-1.98968e+06	37.263	0.938132	1127	1.91596	9.54877	4.5655	0.904377
196	92.918	32	-1.9895e+06	37.3094	0.938578	1153	1.92097	9.66288	4.56735	1.02359
197	91.2975	26	-1.98989e+06	37.3612	0.933706	1140	1.91809	9.73688	4.5692	0.847392
198	84.65	29	-1.98981e+06	37.388	0.939569	1105	1.91695	9.62815	4.57432	0.981249
199	87.2568	28	-1.989e+06	37.2328	0.940035	1113	1.90919	9.58939	4.57697	0.930018
200	85.9708	30	-1.9895e+06	37.0936	0.942748	1122	1.91405	9.54039	4.57896	0.988803
201	88.5916	27	-1.98946e+06	37.2127	0.948312	1141	1.91477	9.80017	4.57649	0.85337
202	82.6212	30	-1.98961e+06	37.0216	0.953856	1105	1.91308	9.71661	4.56654	0.916425
203	84.7499	29	-1.98926e+06	37.0115	0.954206	1145	1.91658	9.60434	4.5636	1.059
204	90.1716	33	-1.98946e+06	36.9643	0.94187	1121	1.91956	9.47944	4.56765	0.971202
205	82.5408	30	-1.98996e+06	37.1607	0.945219	1134	1.92123	9.52452	4.56366	0.934249
206	81.8944	30	-1.98941e+06	37.1053	0.945199	1135	1.91978	9.59047	4.5691	1.03859
207	84.8806	29	-1.98942e+06	37.1008	0.941484	1158	1.92121	9.66974	4.56789	0.963479
208	84.0907	29	-1.98994e+06	37.1282	0.944415	1135	1.92118	9.65992	4.56812	0.902485
209	91.1431	27	-1.99008e+06	37.1343	0.938412	1123	1.91765	9.73433	4.56854	0.856899
210	83.5535	31	-1.98912e+06	36.9954	0.945145	1139	1.91868	9.42429	4.57433	0.931956
211	90.3211	30	-1.98976e+06	37.2298	0.935928	1122	1.92057	9.2689	4.57716	0.994337
212	84.0082	31	-1.9892e+06	37.026	0.941037	1124	1.91585	9.59207	4.575	1.10602
213	88.7902	29	-1.98959e+06	37.1664	0.944685	1127	1.91481	9.63417	4.57872	0.954218
214	86.9076	32	-1.98987e+06	36.955	0.946139	1115	1.91723	9.73487	4.58065	1.06159
215	81.9079	30	-1.98926e+06	36.911	0.959982	1122	1.91166	9.50066	4.58135	0.925194
216	83.5955	30	-1.99012e+06	37.1059	0.958664	1121	1.91782	9.78506	4.5821	1.08089
217	90.5889	36	-1.98907e+06	37.0333	0.955438	1115	1.91509	9.63712	4.57807	0.973367
218	82.2522	31	-1.98966e+06	36.9237	0.948497	1136	1.9154	9.58739	4.57695	0.964391
219	89.3912	28	-1.98998e+06	36.8826	0.949057	1100	1.9208	9.88964	4.57788	1.00276
220	82.4515	30	-1.98968e+06	37.3569	0.947765	1134	1.9151	9.82578	4.58146	0.962031
221	82.2387	30	-1.98963e+06	37.5492	0.935698	1105	1.91372	9.56267	4.58027	1.08284
222	87.7317	28	-1.98925e+06	37.5818	0.939126	1107	1.90661	9.48837	4.58714	1.03477
223	82.4342	31	-1.99019e+06	37.1573	0.937343	1087	1.91666	9.6941	4.58269	1.09138
224	81.6369	30	-1.98907e+06	37.2603	0.946817	1092	1.91281	9.62626	4.58595	1.01688
225	89.8577	37	-1.98921e+06	37.3528	0.943481	1097	1.90726	9.75618	4.58719	1.03327
226	88.9193	30	-1.98909e+06	37.5095	0.943152	1115	1.9087	9.46845	4.58645	1.04455
227	84.5547	31	-1.98952e+06	37.3523	0.949914	1118	1.91024	9.60126	4.58433	0.99849
228	81.6744	31	-1.98868e+06	37.4185	0.957604	1129	1.90461	9.69333	4.58538	1.0477
229	87.1118	27	-1.98843e+06	37.3546	0.960721	1126	1.90882	9.49933	4.58714	0.917214
230	83.4768	29	-1.98796e+06	37.7688	0.961756	1107	1.90306	9.54281	4.58336	1.08106
231	81.3612	30	-1.98822e+06	37.979	0.962693	1118	1.90528	9.54399	4.57743	1.11549
232	80.5316	29	-1.98805e+06	37.8661	0.960928	1121	1.9076	9.57711	4.57931	0.933563
233	81.6821	30	-1.98799e+06	37.8201	0.965932	1123	1.9069	9.63847	4.58438	0.990066
234	83.2821	30	-1.98763e+06	37.7398	0.969682	1138	1.90465	9.49715	4.58494	0.967574
235	84.654	29	-1.98757e+06	37.5345	0.972132	1141	1.90317	9.59266	4.58479	0.855157
236	81.2869	29	-1.98778e+06	37.3108	0.966466	1091	1.90013	9.61571	4.5788	0.942539
237	86.8513	31	-1.98824e+06	37.4734	0.959096	1117	1.90246	9.54081	4.57935	1.23959
238	82.7253	30	-1.98831e+06	37.2127	0.966205	1117	1.90776	9.59464	4.57794	1.05568
239	94.1962	33	-1.98849e+06	37.3659	0.963977	1140	1.90597	9.64128	4.58318	0.944663
240	85.1955	29	-1.98845e+06	36.9822	0.964306	1116	1.90529	9.57391	4.58515	1.00568
241	85.9434	28	-1.98864e+06	37.1806	0.959254	1135	1.90841	9.60095	4.58177	1.01721
242	90.1749	30	-1.98839e+06	36.921	0.960007	1157	1.91029	9.77219	4.5809	1.12614
243	83.2641	29	-1.98829e+06	37.0933	0.955284	1105	1.90783	9.52355	4.586	0.901891
244	83.1929	29	-1.98868e+06	37.2429	0.962208	1113	1.90915	9.7231	4.57999	0.986505
245	81.2215	29	-1.98864e+06	37.3792	0.956433	1104	1.91369	9.53805	4.5823	1.02678
246	80.2035	30	-1.98938e+06	37.448	0.949566	1115	1.91541	9.63232	4.58305	0.941711
247	81.679	30	-1.98869e+06	37.3045	0.948134	1125	1.91369	9.67756	4.58111	1.06537
248	89.1254	31	-1.98921e+06	37.264	0.951832	1121	1.91081	9.5272	4.57642	0.959547
249	86.0667	28	-1.98908e+06	37.3221	0.951631	1111	1.91449	9.65073	4.58162	0.971802
250	85.0566	33	-1.98951e+06	37.1345	0.95063	1124	1.92033	9.36441	4.57356	0.94542
251	84.2506	29	-1.98841e+06	37.0606	0.9622	1114	1.90957	9.46964	4.57615	0.984723
252	83.0137	29	-1.98891e+06	37.2704	0.954672	1113	1.91218	9.65682	4.57889	0.947425
253	80.7015	30	-1.98837e+06	37.2238	0.960397	1076	1.90925	9.42987	4.58178	1.04252
254	82.1739	30	-1.98928e+06	36.956	0.960881	1139	1.91219	9.73757	4.58299	1.00012
255	81.8486	29	-1.98972e+06	37.2352	0.954509	1117	1.91651	9.542	4.57579	1.12764
256	97.5747	32	-1.98976e+06	37.4406	0.950756	1141	1.91486	9.4743	4.57114	1.0318
257	83.4251	31	-1.98997e+06	37.6939	0.947818	1136	1.91763	9.80199	4.56842	0.946469
258	80.671	30	-1.98937e+06	37.4197	0.949186	1099	1.91707	9.77243	4.56537	0.972438
259	81.0295	30	-1.98946e+06	37.7215	0.943941	1122	1.92004	9.76205	4.55509	1.0086
260	83.229	29	-1.98919e+06	37.6371	0.945235	1142	1.92404	9.87138	4.56445	0.963322
261	91.6849	31	-1.98881e+06	37.6552	0.947612	1150	1.91328	9.98101	4.57042	1.05185
262	84.7337	28	-1.98834e+06	37.9738	0.946856	1127	1.91108	9.74405	4.5676	1.03782
263	91.19	33	-1.98905e+06	37.5909	0.945943	1136	1.91457	9.29574	4.56743	1.02017
264	83.4513	31	-1.98845e+06	37.6272	0.943566	1097	1.91485	9.34839	4.56802	1.0264
265	90.1672	30	-1.98838e+06	37.4339	0.954237	1124	1.90873	9.62514	4.57373	0.982131
266	82.6718	30	-1.98819e+06	37.3938	0.949318	1086	1.91052	9.34672	4.56534	1.04133
267	89.861	37	-1.98898e+06	37.8316	0.938634	1110	1.91269	9.55449	4.57294	1.12748
268	80.5638	30	-1.98847e+06	37.9261	0.936125	1097	1.91437	9.46283	4.57228	0.96409
269	81.2504	30	-1.98897e+06	37.8645	0.93656	1074	1.91083	9.74658	4.57885	1.0699
270	80.4248	29	-1.98935e+06	37.7606	0.930939	1094	1.91119	9.56515	4.58218	1.01281
271	81.2646	30	-1.98909e+06	37.8043	0.93539	1105	1.91121	9.76942	4.57984	0.965242
272	81.099	30	-1.98829e+06	37.6514	0.944986	1096	1.91019	9.73214	4.57603	0.925206
273	82.6418	30	-1.98857e+06	37.794	0.940126	1099	1.90935	9.65834	4.57339	1.09963
274	86.0128	28	-1.98842e+06	37.594	0.953123	1133	1.91374	9.74659	4.56581	1.01405
275	85.0117	32	-1.98834e+06	37.4951	0.953846	1139	1.91179	9.90348	4.57128	0.974458
276	89.0387	27	-1.98901e+06	37.3219	0.950275	1141	1.91629	9.50037	4.57169	1.0348
277	81.581	29	-1.98845e+06	37.5662	0.949354	1108	1.91127	9.66758	4.58329	1.01638
278	80.1944	30	-1.98879e+06	37.3694	0.950638	1104	1.91283	9.84224	4.57335	1.03605
279	83.4613	29	-1.98863e+06	37.4848	0.950547	1075	1.91275	9.44384	4.57176	0.998342
280	81.5762	30	-1.9889e+06	37.7612	0.94131	1124	1.91947	9.70359	4.56798	1.01592
281	82.1298	30	-1.98958e+06	37.7348	0.947055	1120	1.91943	9.53519	4.56758	0.896859
282	82.3982	30	-1.98852e+06	37.9514	0.945425	1129	1.9129	9.56377	4.57263	0.825654
283	90.4358	27	-1.98842e+06	37.8083	0.948975	1110	1.91136	9.65537	4.56848	0.941093
284	86.7729	33	-1.98819e+06	37.7297	0.952003	1147	1.91369	9.59162	4.56491	1.1188
285	80.6083	28	-1.98961e+06	37.4841	0.946031	1140	1.91543	9.44659	4.56643	0.794832
286	84.0009	29	-1.98833e+06	37.7213	0.941313	1123	1.91389	9.13611	4.56151	1.03486
287	85.1249	27	-1.98832e+06	37.8143	0.949153	1165	1.91526	9.52987	4.56542	1.0216
288	83.6907	29	-1.98742e+06	37.623	0.941072	1139	1.90701	9.78377	4.5756	1.02342
289	92.3938	35	-1.98797e+06	37.6695	0.941623	1114	1.9174	9.60374	4.57328	0.965073
290	84.1921	29	-1.98764e+06	37.5534	0.948229	1153	1.91094	9.50538	4.56588	1.06086
291	83.8989	28	-1.98798e+06	37.2594	0.953115	1165	1.90855	9.56743	4.57318	1.04506
292	84.7492	29	-1.98877e+06	37.4524	0.953452	1153	1.91323	9.57737	4.57299	0.996873
293	88.1786	27	-1.98723e+06	37.3273	0.961089	1145	1.90371	9.34699	4.56503	1.00729
294	89.4195	31	-1.98836e+06	37.5951	0.956023	1177	1.91003	9.59839	4.56862	1.02297
295	87.1499	28	-1.98738e+06	37.6256	0.95495	1165	1.90308	9.53732	4.57514	0.980637
296	85.8454	28	-1.98722e+06	37.618	0.953482	1145	1.90926	9.71538	4.5755	0.982067
297	92.788	34	-1.98911e+06	37.596	0.9475	1161	1.91262	9.6218	4.57413	1.01811
298	91.4251	27	-1.98889e+06	37.6537	0.94728	1176	1.91584	9.62278	4.57076	0.991171
299	86.1697	28	-1.98827e+06	37.2942	0.945631	1159	1.91105	9.45871	4.57123	0.86518
300	83.4565	29	-1.98805e+06	37.5011	0.941542	1158	1.9112	9.52241	4.5693	1.11952
301	86.2535	29	-1.9885e+06	37.5832	0.923521	1145	1.90696	9.57004	4.56587	1.0437
302	82.1891	30	-1.98898e+06	38.0315	0.930434	1124	1.91392	9.78323	4.56215	1.03234
303	83.8806	29	-1.98917e+06	37.8937	0.923726	1124	1.9158	9.43416	4.56101	0.893799
304	82.4606	29	-1.98856e+06	37.9307	0.922254	1130	1.91734	9.35147	4.56657	0.854184
305	84.2913	29	-1.98943e+06	37.6847	0.920052	1165	1.92575	9.64201	4.56574	0.932557
306	84.1889	29	-1.98859e+06	37.4022	0.927582	1138	1.91572	9.82118	4.55972	0.963729
307	90.3808	27	-1.98908e+06	37.2521	0.936634	1157	1.92496	9.59688	4.56041	1.02602
308	87.7703	32	-1.98961e+06	37.5756	0.935088	1124	1.91882	9.53239	4.57132	1.12947
309	83.4467	31	-1.98959e+06	37.5961	0.935407	1100	1.9168	9.61456	4.56548	0.953544
310	82.1241	30	-1.98848e+06	37.667	0.938447	1138	1.91456	9.6368	4.57292	0.880641
311	82.5618	29	-1.98832e+06	37.7208	0.937079	1137	1.91309	9.62584	4.57308	1.11832
312	84.2799	29	-1.98921e+06	38.0713	0.928527	1116	1.91482	9.37867	4.57009	1.04756
313	82.9713	29	-1.98803e+06	37.8544	0.932873	1147	1.90844	9.38168	4.57397	0.982489
314	91.4698	35	-1.9877e+06	37.8569	0.943763	1109	1.90827	9.6895	4.57065	0.885769
315	84.0593	29	-1.98826e+06	38.1443	0.942245	1135	1.90918	9.75029	4.57431	0.898813
316	86.8711	28	-1.98901e+06	37.9271	0.939506	1142	1.91623	9.6031	4.57065	1.02401
317	90.2318	36	-1.9882e+06	38.0337	0.936922	1104	1.91481	9.54451	4.57269	0.987374
318	79.529	30	-1.98879e+06	38.0123	0.938069	1114	1.91333	9.57026	4.57311	1.03371
319	82.0566	30	-1.98882e+06	38.1038	0.93766	1117	1.91471	9.70889	4.57074	0.984223
320	81.894	28	-1.9888e+06	38.0254	0.935805	1144	1.9141	9.66983	4.57059	0.95975
321	83.3913	28	-1.98801e+06	37.8419	0.940096	1147	1.90891	9.6524	4.56242	1.01226
322	90.3382	26	-1.98804e+06	37.9828	0.938734	1164	1.91569	9.46985	4.56514	1.01229
323	93.8023	33	-1.9875e+06	37.9969	0.939127	1213	1.90565	9.54938	4.56525	0.960381
324	85.4256	28	-1.98825e+06	37.8953	0.946306	1168	1.90963	9.63576	4.56675	1.23447
325	86.1007	30	-1.98822e+06	38.1045	0.944619	1135	1.90845	9.57156	4.57433	0.944594
326	85.9943	30	-1.98777e+06	38.0662	0.945459	1120	1.90925	9.48091	4.57352	1.02785
327	84.5282	31	-1.98834e+06	37.7345	0.94757	1135	1.91135	9.64039	4.57325	1.01529
328	84.8583	30	-1.98843e+06	37.7659	0.949364	1128	1.91222	9.44854	4.57418	1.01334
329	83.6993	31	-1.98885e+06	37.3943	0.958152	1116	1.91319	9.59586	4.574	1.02031
330	83.3178	30	-1.98807e+06	37.5275	0.960443	1119	1.91208	9.41441	4.57305	0.984103
331	81.8775	29	-1.98941e+06	37.4474	0.956892	1143	1.91608	9.45961	4.57644	0.942618
332	81.6495	29	-1.98852e+06	37.5229	0.950107	1096	1.91132	9.63363	4.57798	1.00435
333	82.7744	30	-1.98833e+06	37.3797	0.94755	1125	1.90717	9.46188	4.58418	1.00393
334	86.6659	29	-1.98874e+06	37.5964	0.945305	1097	1.91328	9.33025	4.57653	1.19052
335	87.9582	29	-1.98914e+06	37.5309	0.942024	1144	1.91771	9.52271	4.57872	0.964225
336	89.4658	32	-1.98896e+06	37.2061	0.935402	1127	1.91644	9.51929	4.57704	1.08157
337	88.4429	31	-1.98941e+06	37.6492	0.935447	1127	1.91606	9.5834	4.57988	1.12588
338	83.6341	31	-1.98836e+06	37.6896	0.947746	1119	1.91237	9.42304	4.58581	0.915985
339	83.3219	31	-1.98834e+06	37.5469	0.943581	1122	1.91592	9.45976	4.57962	0.922683
340	83.9687	31	-1.9879e+06	37.6697	0.951677	1113	1.90612	9.17567	4.58207	1.21838
341	82.6444	31	-1.98848e+06	37.7804	0.945658	1124	1.91064	9.52143	4.57904	0.997208
342	81.1224	29	-1.98872e+06	37.595	0.948751	1088	1.91647	9.42736	4.57862	0.941859
343	79.3008	29	-1.98843e+06	37.4076	0.950225	1099	1.90853	9.37069	4.57595	0.998776
344	80.4897	30	-1.98873e+06	37.482	0.945365	1115	1.91624	9.33145	4.57979	0.969373
345	80.9404	30	-1.98815e+06	37.1186	0.960419	1121	1.9083	9.41338	4.57191	0.859391
346	81.4864	30	-1.98814e+06	37.2674	0.956042	1116	1.91147	9.46911	4.57916	1.04747
347	80.3707	29	-1.98872e+06	37.1466	0.952135	1093	1.91411	9.54403	4.57539	1.08875
348	81.016	30	-1.98869e+06	36.7556	0.959253	1110	1.90908	9.57237	4.57717	1.12557
349	80.8824	30	-1.98821e+06	36.7573	0.954401	1061	1.91022	9.52169	4.58192	1.06941
350	79.9944	31	-1.9879e+06	36.9372	0.94722	1066	1.90795	9.64502	4.58268	0.906865
351	79.9078	30	-1.98875e+06	36.9687	0.944186	1073	1.91345	9.45481	4.58288	1.0306
352	81.1704	30	-1.98848e+06	36.9446	0.94416	1071	1.91148	9.47538	4.58521	1.07578
353	81.872	30	-1.98892e+06	37.1085	0.945547	1059	1.90968	9.50659	4.58561	0.956291
354	81.3678	30	-1.98853e+06	37.0755	0.950613	1053	1.90931	9.54879	4.57978	1.19156
355	79.1471	31	-1.98882e+06	37.2738	0.952374	1059	1.90784	9.31315	4.58091	0.971634
356	79.992	31	-1.98894e+06	37.3079	0.949846	1103	1.90827	9.37912	4.57765	1.14621
357	80.5359	30	-1.98872e+06	37.313	0.951809	1077	1.90537	9.51877	4.57971	0.974459
358	80.9082	30	-1.9886e+06	37.1876	0.959075	1085	1.90762	9.49929	4.58403	0.963679
359	80.1871	30	-1.98838e+06	36.969	0.953497	1117	1.90708	9.3879	4.5849	0.964367
360	80.7844	30	-1.98805e+06	37.1729	0.954056	1106	1.90521	9.43306	4.58566	1.04462
361	80.8076	30	-1.98741e+06	37.3782	0.951889	1096	1.9003	9.2258	4.58032	0.976022
362	82.2574	30	-1.98803e+06	37.5792	0.959065	1122	1.90276	9.29197	4.58283	1.02332
363	81.2189	29	-1.988e+06	37.6805	0.958064	1134	1.90123	9.27012	4.57734	1.11256
364	82.9098	29	-1.98693e+06	37.4093	0.95809	1141	1.89911	9.18229	4.5722	0.98595
365	81.4311	29	-1.98757e+06	37.33	0.968105	1138	1.90113	9.22463	4.57684	1.01333
366	81.3648	29	-1.98682e+06	37.5788	0.964807	1098	1.89366	9.4837	4.57418	1.04587
367	81.0698	30	-1.98711e+06	37.5536	0.970641	1112	1.90258	9.44429	4.5731	0.988904
368	80.2331	29	-1.98706e+06	37.5836	0.964685	1090	1.90008	9.38759	4.57043	1.00347
369	81.8015	30	-1.98769e+06	37.7291	0.967428	1057	1.90042	9.29428	4.56817	1.01026
370	81.5988	30	-1.98796e+06	37.9736	0.965478	1121	1.90142	9.61645	4.56979	0.887021
371	81.3656	30	-1.98804e+06	38.1635	0.963519	1104	1.9007	9.35724	4.56964	1.07444
372	82.2166	30	-1.98885e+06	37.886	0.958541	1131	1.90232	9.63703	4.56474	1.00612
373	82.179	29	-1.98803e+06	38.044	0.954272	1114	1.90273	9.4234	4.57669	1.06785
374	80.1585	29	-1.98763e+06	37.8599	0.957851	1081	1.90042	9.5056	4.57671	1.06608
375	80.7195	30	-1.9877e+06	37.6682	0.961085	1106	1.89703	9.44504	4.57883	0.919955
376	80.7437	30	-1.98786e+06	37.7649	0.957194	1109	1.90098	9.34675	4.57997	1.07623
377	82.9658	31	-1.98768e+06	37.771	0.952682	1094	1.90253	9.24917	4.57913	1.06195
378	81.8042	31	-1.98812e+06	37.7992	0.953846	1114	1.90365	9.33925	4.57885	1.03301
379	81.5993	29	-1.9877e+06	37.9157	0.953222	1127	1.90777	9.33182	4.5726	0.91613
380	81.8206	30	-1.98879e+06	37.8382	0.952542	1075	1.91253	9.3951	4.56898	1.03964
381	80.3991	30	-1.98868e+06	37.764	0.95303	1097	1.91501	9.45364	4.56581	1.0383
382	82.8378	30	-1.98862e+06	37.7977	0.948631	1115	1.91259	9.34889	4.57181	1.03078
383	80.9468	30	-1.9882e+06	37.7353	0.952614	1092	1.90739	9.46853	4.5637	1.14714
384	81.7655	29	-1.98841e+06	37.7345	0.953173	1127	1.90902	9.43114	4.56717	1.17209
385	82.9946	29	-1.98876e+06	37.5429	0.950282	1092	1.90767	9.35817	4.56731	1.06665
386	81.2727	30	-1.98951e+06	37.5013	0.951488	1077	1.91726	9.40255	4.56806	1.02608
387	80.6959	30	-1.98806e+06	37.5072	0.958959	1115	1.91134	9.39711	4.56719	0.9589
388	80.8253	30	-1.98859e+06	37.615	0.96016	1120	1.90796	9.20832	4.57418	1.0605
389	81.2986	29	-1.9882e+06	37.6485	0.951304	1125	1.91122	9.09759	4.57834	1.19566
390	81.1538	29	-1.98746e+06	37.6934	0.948924	1120	1.90641	9.56832	4.57625	1.02043
391	80.2399	30	-1.98795e+06	37.8117	0.945746	1123	1.9	9.37903	4.5765	1.02499
392	81.3789	29	-1.98732e+06	37.9271	0.952432	1119	1.89851	9.37194	4.57437	1.02283
393	79.8441	31	-1.98732e+06	37.7483	0.960923	1081	1.89601	9.15171	4.57461	1.03916
394	79.4113	29	-1.98711e+06	37.7829	0.958672	1116	1.89899	9.14964	4.57752	1.05215
395	80.7426	30	-1.98634e+06	37.9386	0.956622	1117	1.89646	9.25375	4.58551	0.963747
396	81.2418	30	-1.9867e+06	37.8691	0.966056	1134	1.90053	9.16614	4.57898	1.06545
397	81.0259	29	-1.98694e+06	37.6546	0.967667	1084	1.89757	9.35712	4.58434	0.857281
398	81.1291	30	-1.98727e+06	37.6787	0.958302	1090	1.90246	9.20873	4.57737	0.82284
399	81.2426	30	-1.98827e+06	37.4816	0.948347	1095	1.90393	9.09879	4.57565	1.06485
400	80.8032	30	-1.98727e+06	37.3191	0.957623	1079	1.89533	9.27831	4.57541	0.971252
401	81.1228	30	-1.98687e+06	37.6443	0.959388	1081	1.89581	9.0774	4.57213	1.02924
402	81.9867	30	-1.98734e+06	37.724	0.953927	1100	1.90597	9.2438	4.5751	1.07158
403	80.8995	30	-1.98728e+06	37.7585	0.964379	1105	1.90212	9.52019	4.57517	0.940154
404	81.3465	30	-1.98694e+06	37.753	0.960247	1100	1.89804	9.41276	4.58006	1.01776
405	80.7429	30	-1.98686e+06	37.6595	0.959853	1066	1.89279	9.48686	4.58673	0.921883
406	79.2012	30	-1.98775e+06	37.7855	0.949196	1059	1.89602	9.38579	4.58776	0.960466
407	80.962	30	-1.98779e+06	37.8917	0.943868	1079	1.90594	9.38516	4.58256	0.974802
408	80.5009	30	-1.98774e+06	37.9344	0.947706	1062	1.90585	9.21901	4.58618	1.01841
409	82.032	30	-1.98754e+06	38.0436	0.948659	1069	1.90627	9.34036	4.57986	1.1563
410	80.7166	30	-1.9879e+06	37.9447	0.948257	1086	1.91192	9.34141	4.57422	1.0389
411	82.1702	30	-1.98849e+06	37.78	0.94915	1066	1.91062	9.43698	4.57047	0.984954
412	81.5888	30	-1.98775e+06	37.8328	0.958824	1110	1.90814	9.12378	4.56582	1.0975
413	80.9442	31	-1.98787e+06	37.7637	0.955904	1099	1.9081	8.95405	4.5695	1.01813
414	81.1852	30	-1.98872e+06	37.7813	0.952782	1098	1.91111	9.32529	4.57037	1.01909
415	81.0274	30	-1.98754e+06	37.5731	0.953666	1080	1.90311	9.33992	4.57363	0.982786
416	81.8609	30	-1.98777e+06	37.9532	0.950031	1106	1.90341	9.32388	4.57459	0.984051
417	82.4407	30	-1.98743e+06	37.8327	0.956143	1109	1.90389	9.36228	4.56927	0.929361
418	83.3561	29	-1.98737e+06	37.9552	0.962393	1113	1.90059	9.25265	4.57165	1.00966
419	82.6745	30	-1.98701e+06	37.8881	0.963987	1120	1.90285	9.17274	4.57269	1.11137
420	82.2777	30	-1.98723e+06	37.8942	0.967193	1102	1.90122	9.38226	4.57557	1.02327
421	81.0433	29	-1.98704e+06	37.8722	0.967744	1075	1.89697	9.34813	4.58061	1.09539
422	81.1561	29	-1.98714e+06	37.6222	0.976287	1077	1.89886	9.1777	4.57686	1.15632
423	81.5386	31	-1.98641e+06	37.8355	0.97198	1118	1.89206	9.35081	4.58084	1.11279
424	81.3746	30	-1.98694e+06	38.0926	0.967456	1073	1.89371	9.27328	4.57972	0.990512
425	82.0911	30	-1.98702e+06	37.7134	0.971892	1054	1.89229	9.32535	4.57127	1.00891
426	81.0668	31	-1.98823e+06	37.527	0.970352	1062	1.90314	9.52819	4.57391	1.25603
427	83.3472	31	-1.98811e+06	37.645	0.959792	1093	1.90516	9.29031	4.57206	1.01679
428	83.5543	32	-1.98755e+06	37.5925	0.956036	1080	1.90434	9.16696	4.57691	1.13093
429	83.9982	32	-1.98781e+06	37.5817	0.964925	1084	1.90681	9.37981	4.57581	0.935686
430	82.007	31	-1.98763e+06	37.4095	0.957065	1100	1.90009	9.27383	4.58158	1.15505
431	83.1312	32	-1.98799e+06	37.7152	0.953403	1106	1.90358	9.0281	4.57804	1.03101
432	84.2027	32	-1.98698e+06	37.5767	0.953613	1106	1.89662	9.39698	4.57532	0.864565
433	82.546	31	-1.98776e+06	37.7188	0.950586	1101	1.90329	9.04176	4.57083	0.944606
434	81.0025	29	-1.98757e+06	37.677	0.957327	1098	1.90336	8.88104	4.57473	1.04938
435	81.8302	31	-1.9879e+06	37.9391	0.952909	1114	1.90606	8.90259	4.57024	0.972845
436	84.2704	30	-1.98761e+06	37.843	0.947226	1124	1.90035	9.09911	4.57496	0.845464
437	82.2712	30	-1.9877e+06	37.8425	0.950725	1116	1.90589	9.01412	4.56806	0.888051
438	84.3126	32	-1.98791e+06	37.8049	0.953921	1117	1.90437	8.97835	4.57056	0.987823
439	83.1794	31	-1.98833e+06	37.8815	0.949038	1080	1.90325	9.05776	4.57186	1.0147
440	82.2593	30	-1.98757e+06	37.6205	0.954591	1077	1.90346	9.0434	4.57236	1.00259
441	81.6851	31	-1.98767e+06	37.6703	0.961083	1092	1.89834	9.23047	4.58178	0.960134
442	81.9066	30	-1.98818e+06	37.7273	0.955381	1071	1.90113	9.06813	4.58282	0.794707
443	80.7967	30	-1.98784e+06	37.9728	0.957112	1101	1.90256	9.0371	4.58104	0.958
444	80.8197	31	-1.98758e+06	37.7077	0.954463	1073	1.90433	9.03412	4.57577	0.985419
445	81.8789	29	-1.98784e+06	37.4573	0.965327	1076	1.89983	9.04941	4.58582	1.03972
446	81.5602	30	-1.98741e+06	37.1717	0.966865	1089	1.89551	8.89995	4.58523	0.955334
447	81.2551	30	-1.98764e+06	37.2065	0.963458	1096	1.90041	8.98182	4.58232	0.943177
448	83.2787	31	-1.98809e+06	37.4436	0.965019	1117	1.90085	8.9934	4.58058	0.90461
449	80.6493	30	-1.98796e+06	37.6765	0.962893	1071	1.89856	8.87551	4.58607	0.965856
450	80.4979	30	-1.98749e+06	37.6513	0.955053	1108	1.90522	9.24116	4.58827	1.03995
451	81.1779	30	-1.98879e+06	37.3376	0.947819	1083	1.91485	9.23047	4.58434	0.972264
452	81.3603	30	-1.98905e+06	37.2426	0.94667	1111	1.91484	9.13726	4.57613	0.909919
453	81.0518	29	-1.98842e+06	37.1636	0.943271	1124	1.91099	9.14334	4.57554	1.01739
454	80.4191	30	-1.98784e+06	37.4694	0.94802	1136	1.90738	9.0574	4.57834	1.02729
455	82.1738	30	-1.98811e+06	37.3942	0.954164	1125	1.90815	9.13229	4.57338	1.02544
456	80.1231	28	-1.98789e+06	37.4595	0.949557	1122	1.90662	9.05138	4.57812	1.02399
457	81.7979	30	-1.98708e+06	37.6071	0.947693	1111	1.90478	9.07703	4.57559	1.16429
458	82.4916	30	-1.98896e+06	37.8178	0.936748	1110	1.91197	9.11093	4.57161	0.875073
459	81.948	29	-1.98869e+06	37.4073	0.938987	1113	1.90782	9.23765	4.57659	0.906201
460	80.2846	30	-1.98753e+06	37.6046	0.940963	1098	1.90569	9.1933	4.58056	1.00561
461	81.6176	30	-1.98751e+06	37.5755	0.95066	1100	1.90353	8.97074	4.57708	1.11726
462	80.9996	30	-1.98703e+06	37.529	0.956696	1128	1.90228	9.08794	4.5785	1.16819
463	83.6762	29	-1.98671e+06	37.5209	0.961307	1163	1.89786	8.87158	4.57748	1.02805
464	82.2642	29	-1.98682e+06	37.7024	0.962708	1123	1.90004	9.08971	4.5728	1.03369
465	82.0022	30	-1.98813e+06	37.6267	0.962001	1121	1.90378	9.01972	4.57004	1.03165
466	82.0813	30	-1.98866e+06	37.5283	0.964839	1104	1.90988	9.16862	4.56889	1.05919
467	81.4944	30	-1.98817e+06	37.5328	0.96007	1152	1.90296	9.00866	4.56978	0.924573
468	81.9998	30	-1.98831e+06	37.4297	0.956428	1127	1.90745	9.10623	4.56407	1.05307
469	82.5125	30	-1.98793e+06	37.4526	0.956499	1130	1.90492	9.06446	4.56945	0.96811
470	82.4224	28	-1.98791e+06	37.6183	0.953993	1120	1.90663	9.2607	4.56255	1.00423
471	81.9411	30	-1.98807e+06	37.6763	0.95621	1093	1.90387	9.25858	4.5699	1.02683
472	81.3493	29	-1.98819e+06	37.6931	0.956549	1117	1.90605	9.21174	4.56966	0.911071
473	80.7228	30	-1.98852e+06	37.7476	0.956617	1110	1.90863	9.34775	4.57406	1.13176
474	80.1782	29	-1.9878e+06	37.6125	0.955838	1094	1.90724	9.10933	4.56928	1.02531
475	80.9203	30	-1.98757e+06	37.5245	0.955997	1117	1.90031	8.99755	4.57392	1.07498
476	80.0341	30	-1.98744e+06	37.6586	0.952412	1093	1.90191	8.92315	4.5701	0.921232
477	80.3742	30	-1.98832e+06	37.6282	0.95442	1096	1.90983	9.05423	4.56683	0.998231
478	80.973	30	-1.98755e+06	37.8023	0.957261	1119	1.90296	9.13112	4.57299	1.10303
479	81.3303	30	-1.98807e+06	37.6763	0.950366	1118	1.90908	8.99987	4.56978	1.0346
480	81.6774	29	-1.9881e+06	37.4804	0.95071	1126	1.90884	9.22192	4.57744	1.02756
481	82.1251	30	-1.98753e+06	37.4762	0.940908	1159	1.90502	9.17322	4.57814	1.01953
482	81.8127	29	-1.98792e+06	37.3661	0.941816	1136	1.9045	9.32643	4.57894	1.02317
483	81.4501	30	-1.98717e+06	37.4734	0.944886	1116	1.90376	9.21303	4.57345	0.963622
484	82.408	29	-1.98751e+06	37.2746	0.944393	1144	1.90933	9.13075	4.57168	0.907357
485	83.765	29	-1.98746e+06	37.3912	0.947326	1135	1.90865	9.09831	4.57426	1.05847
486	83.9872	29	-1.98696e+06	37.4667	0.951169	1138	1.90173	9.1664	4.5683	1.01052
487	81.9996	30	-1.98669e+06	37.6407	0.95124	1145	1.90017	9.05437	4.57861	1.00342
488	85.0087	29	-1.98758e+06	37.6775	0.949908	1134	1.90521	8.92635	4.57941	0.957507
489	84.3869	29	-1.98773e+06	37.6417	0.943726	1158	1.90716	9.20285	4.57928	1.06185
490	85.232	28	-1.98769e+06	37.461	0.943312	1162	1.90632	9.06724	4.57996	0.978062
491	84.516	29	-1.98756e+06	37.505	0.940742	1173	1.90351	9.11031	4.57374	1.00257
492	85.7923	28	-1.98763e+06	37.5192	0.938668	1122	1.90308	9.162	4.57418	0.899687
493	82.377	29	-1.98872e+06	37.5574	0.934489	1129	1.91221	9.15909	4.57883	1.03158
494	80.635	29	-1.98807e+06	37.4333	0.933306	1114	1.91276	9.24742	4.57647	1.00118
495	82.0451	30	-1.98803e+06	37.6461	0.92307	1122	1.90926	9.00193	4.57648	1.00963
496	82.3506	29	-1.98827e+06	37.815	0.918764	1123	1.91051	9.26382	4.57975	1.02975
497	83.5962	29	-1.98739e+06	37.8098	0.924841	1147	1.90102	9.07724	4.57734	1.01881
498	84.1268	29	-1.98777e+06	37.8298	0.92184	1137	1.90576	9.2891	4.58424	0.966336
499	81.1301	30	-1.98747e+06	37.7539	0.928201	1073	1.9016	9.25054	4.58258	1.14833
500	81.4429	30	-1.98771e+06	37.6613	0.937268	1078	1.90802	9.17023	4.57819	1.02929
501	80.3677	29	-1.98745e+06	37.4132	0.935161	1062	1.90404	9.11785	4.58962	1.00892
502	80.6054	30	-1.98837e+06	37.4517	0.932812	1104	1.90606	9.33969	4.58969	1.09263
503	81.0033	30	-1.98782e+06	37.2391	0.932259	1086	1.90576	9.16465	4.58785	0.85323
504	80.9285	30	-1.98767e+06	37.5293	0.931405	1061	1.90147	8.86044	4.58831	1.02909
505	79.8176	29	-1.98776e+06	37.559	0.942597	1067	1.90577	9.1253	4.58846	0.836632
506	79.1139	29	-1.98811e+06	37.3219	0.943993	1071	1.91052	8.94081	4.57933	1.02283
507	81.2402	30	-1.9874e+06	37.6209	0.941273	1077	1.90711	8.97358	4.57372	1.12394
508	81.6787	30	-1.9877e+06	37.4182	0.946302	1095	1.90516	9.09128	4.57144	0.961752
509	79.6968	29	-1.98876e+06	37.4618	0.949457	1063	1.91251	9.16284	4.57296	1.08034
510	81.835	30	-1.98873e+06	37.7781	0.943538	1076	1.90737	8.8853	4.57912	0.930898
511	78.9721	29	-1.98829e+06	37.5193	0.941668	1106	1.90729	9.05834	4.58109	0.943598
512	79.5103	29	-1.98845e+06	37.3965	0.946959	1096	1.90968	9.1018	4.58013	1.03273
513	79.6653	30	-1.98864e+06	37.4986	0.939714	1093	1.91343	9.1768	4.57722	1.08678
514	81.3693	30	-1.98787e+06	37.468	0.936573	1063	1.9075	9.02976	4.57808	1.08355
515	81.2257	30	-1.98871e+06	37.6731	0.933787	1080	1.91315	9.26233	4.57228	1.03535
516	80.6228	30	-1.98844e+06	37.4548	0.93312	1089	1.91066	9.18829	4.57335	1.12747
517	80.1728	29	-1.98794e+06	37.1437	0.940834	1100	1.9071	9.10557	4.58033	1.03968
518	83.0759	30	-1.98826e+06	37.4461	0.945375	1037	1.90788	9.14372	4.57621	0.992167
519	84.167	31	-1.98754e+06	37.3557	0.950955	1075	1.90392	9.01291	4.56697	1.02945
520	79.7895	29	-1.9874e+06	37.469	0.95005	1086	1.90917	9.04861	4.56971	1.12482
521	81.5554	31	-1.98797e+06	37.2813	0.946354	1089	1.90916	9.27633	4.56849	1.07907
522	80.9791	31	-1.9881e+06	37.3402	0.946545	1112	1.91231	9.13707	4.57239	0.988035
523	78.8416	29	-1.9875e+06	37.2851	0.955195	1099	1.90515	9.128	4.57197	0.969643
524	83.1977	30	-1.98731e+06	37.2735	0.953265	1090	1.90505	9.09851	4.57098	1.0612
525	81.1111	30	-1.98792e+06	37.3043	0.941744	1090	1.90689	9.26536	4.57601	1.06075
526	79.9457	30	-1.98836e+06	37.4194	0.93922	1103	1.91441	9.14045	4.57367	1.13593
527	81.3175	30	-1.988e+06	37.442	0.929695	1100	1.91268	8.98005	4.57709	1.12309
528	81.2024	31	-1.98724e+06	37.3976	0.926984	1092	1.9095	8.9858	4.58224	1.04041
529	81.4362	30	-1.98812e+06	37.1972	0.926584	1109	1.91339	8.98674	4.57874	1.02504
530	81.1455	30	-1.98825e+06	37.1563	0.935692	1100	1.91136	8.98757	4.57915	0.999272
531	82.9114	30	-1.98744e+06	36.9982	0.937612	1088	1.9044	8.93773	4.58569	1.17999
532	81.7158	31	-1.98766e+06	37.1302	0.934829	1112	1.9108	8.98685	4.57577	1.05704
533	83.0412	30	-1.9888e+06	37.0125	0.937269	1097	1.91672	9.06179	4.57726	0.971474
534	81.3884	31	-1.98868e+06	37.211	0.92831	1090	1.91516	9.16492	4.57691	1.03982
535	80.9246	31	-1.98819e+06	36.9096	0.932144	1112	1.91531	9.15567	4.5722	1.0937
536	80.8293	30	-1.98841e+06	37.3096	0.932364	1083	1.92098	9.12174	4.57205	0.895831
537	80.7304	30	-1.98925e+06	37.1903	0.929022	1101	1.92133	9.37915	4.57423	0.946078
538	81.3821	30	-1.98908e+06	37.2785	0.92393	1093	1.92097	9.19387	4.57684	0.957264
539	80.4276	30	-1.98792e+06	37.0214	0.931601	1078	1.91226	9.32493	4.57816	1.04957
540	80.4832	30	-1.98929e+06	37.2497	0.932173	1085	1.91516	9.4571	4.58044	1.08549
541	79.7306	30	-1.98864e+06	37.3861	0.928854	1120	1.91578	9.20591	4.57956	0.965888
542	79.9353	30	-1.98883e+06	37.2292	0.928524	1114	1.91444	9.28315	4.57853	0.969363
543	81.4074	30	-1.98904e+06	37.0622	0.933474	1104	1.91541	9.44039	4.58044	1.06531
544	80.8891	30	-1.98922e+06	37.2383	0.929176	1109	1.91616	9.3776	4.57402	1.09149
545	81.5166	29	-1.98952e+06	37.3604	0.925213	1110	1.91468	9.37446	4.57749	0.960644
546	80.5036	30	-1.98925e+06	37.1644	0.92562	1083	1.9108	9.4764	4.57435	0.907607
547	79.7075	29	-1.99005e+06	37.1219	0.928863	1090	1.92026	9.22066	4.57663	0.98211
548	79.6332	30	-1.98909e+06	37.0703	0.927324	1084	1.91501	9.39045	4.57979	0.974461
549	80.3775	30	-1.98886e+06	37.1912	0.931395	1112	1.91345	9.22986	4.5787	0.974574
550	80.2195	30	-1.98927e+06	37.3757	0.938564	1128	1.91127	9.47236	4.58626	0.942604
551	82.9828	29	-1.98822e+06	37.3674	0.9386	1138	1.91082	9.24055	4.58332	0.991603
552	80.6917	30	-1.98773e+06	37.4695	0.938714	1103	1.90843	9.14719	4.58088	1.02289
553	79.762	30	-1.98744e+06	37.3582	0.939709	1101	1.90463	9.0197	4.58135	1.0674
554	79.5686	29	-1.98809e+06	37.295	0.943819	1081	1.90829	9.12531	4.57775	0.980489
555	79.7191	30	-1.98767e+06	37.2221	0.944903	1108	1.90601	9.03513	4.58253	1.06385
556	81.1286	29	-1.98722e+06	37.4196	0.951478	1132	1.9016	9.46882	4.58074	0.947513
557	81.9929	28	-1.98809e+06	37.1723	0.951016	1130	1.90395	9.39881	4.58132	1.02831
558	81.0642	30	-1.98704e+06	37.362	0.956785	1123	1.90384	9.1335	4.58134	1.02265
559	80.9853	31	-1.98842e+06	37.1543	0.949285	1105	1.91054	9.27612	4.58127	0.930794
560	81.0618	29	-1.98783e+06	37.2201	0.943539	1116	1.9047	9.12324	4.59265	0.977151
561	83.4971	29	-1.9883e+06	37.4159	0.939375	1133	1.90374	9.19624	4.58462	1.05992
562	82.7997	29	-1.9882e+06	37.5793	0.938463	1160	1.9066	9.06008	4.5844	1.04573
563	81.7556	29	-1.98777e+06	37.3587	0.933399	1118	1.90477	9.05044	4.57913	1.0307
564	81.0602	30	-1.9876e+06	37.7572	0.934858	1125	1.901	9.26176	4.57669	0.916268
565	82.8708	31	-1.98734e+06	37.6937	0.931538	1117	1.89786	9.04313	4.58042	1.09609
566	82.6462	31	-1.98836e+06	37.6272	0.931131	1121	1.90558	9.0947	4.5816	0.98566
567	81.2414	30	-1.98835e+06	37.5978	0.936667	1113	1.90691	9.02154	4.57867	0.989853
568	81.5053	31	-1.98816e+06	38.0573	0.936146	1130	1.90393	8.90423	4.57557	1.04807
569	81.365	29	-1.98805e+06	37.9528	0.938216	1140	1.90667	9.15124	4.57152	1.03657
570	81.9236	28	-1.98731e+06	38.1846	0.935884	1120	1.90317	9.08415	4.57193	1.02178
571	82.9645	29	-1.98736e+06	37.9039	0.944068	1144	1.90328	9.08758	4.57457	0.932681
572	83.5929	29	-1.98761e+06	37.9747	0.941537	1149	1.90584	9.10292	4.5767	0.944562
573	83.2922	28	-1.98777e+06	37.9336	0.945599	1153	1.90913	9.13407	4.57601	0.961339
574	83.744	27	-1.98802e+06	37.7281	0.947645	1164	1.90736	8.94205	4.57642	1.22251
575	82.0263	29	-1.98723e+06	37.4186	0.955409	1137	1.90767	9.08636	4.57361	0.955216
576	80.455	29	-1.98694e+06	37.4109	0.954643	1128	1.90794	9.22601	4.57899	0.965279
577	81.4313	29	-1.98687e+06	37.4875	0.969552	1135	1.90075	9.18675	4.58411	1.00961
578	81.1761	29	-1.98757e+06	37.621	0.96683	1120	1.90018	9.11324	4.58411	1.02715
579	82.7065	29	-1.98678e+06	37.6633	0.960053	1126	1.89839	9.2287	4.5806	0.951469
580	82.5486	29	-1.98651e+06	37.6227	0.957289	1143	1.89635	9.25421	4.58735	0.966149
581	82.1033	29	-1.98706e+06	37.5346	0.958564	1122	1.9031	9.37779	4.57541	1.05505
582	82.6503	29	-1.98755e+06	37.6267	0.948697	1117	1.90119	9.2731	4.5674	0.977917
583	80.5296	30	-1.98691e+06	37.8216	0.943674	1110	1.89955	8.91947	4.57896	1.06347
584	81.5004	29	-1.98684e+06	37.7102	0.942751	1126	1.89762	9.21735	4.57397	0.996918
585	80.5244	29	-1.98758e+06	37.7807	0.940299	1112	1.90559	9.11912	4.57726	0.989177
586	80.5688	29	-1.98777e+06	37.8563	0.939315	1127	1.90537	9.25302	4.56912	1.08789
587	80.6949	29	-1.98747e+06	37.8839	0.937517	1124	1.90444	9.10397	4.57285	1.01245
588	80.6907	30	-1.98811e+06	37.5921	0.937403	1117	1.90733	9.07084	4.57877	1.02559
589	82.4123	29	-1.98656e+06	37.7724	0.948667	1139	1.90051	9.28304	4.57656	0.934067
590	79.9807	30	-1.98754e+06	38.0334	0.933856	1099	1.90925	9.21564	4.57244	1.1162
591	79.5112	30	-1.98741e+06	37.9669	0.936846	1128	1.90416	9.2901	4.57557	1.09915
592	82.3893	29	-1.9875e+06	37.9404	0.93702	1138	1.90288	9.37595	4.5731	1.02705
593	80.7637	29	-1.98783e+06	37.8737	0.937205	1115	1.90638	9.45993	4.57323	0.968315
594	81.8561	29	-1.98795e+06	37.7642	0.935011	1146	1.90587	9.48787	4.5765	0.918917
595	81.6718	29	-1.98805e+06	37.7349	0.933907	1109	1.90847	9.38546	4.57383	1.04715
596	82.0932	30	-1.9878e+06	37.6749	0.948502	1135	1.91085	9.55934	4.57622	1.02415
597	80.8229	28	-1.98825e+06	37.471	0.955367	1113	1.90573	9.43934	4.58118	1.02976
598	80.1229	30	-1.9884e+06	37.5508	0.944321	1110	1.91027	9.37395	4.57638	0.927157
599	79.8223	29	-1.98854e+06	37.6329	0.941823	1086	1.90923	9.28459	4.57321	0.88214
600	80.2465	30	-1.98817e+06	37.634	0.938256	1090	1.90509	9.3977	4.57514	0.956872
601	80.9056	30	-1.98817e+06	37.6809	0.940359	1097	1.90491	8.95547	4.56445	1.07043
602	81.6571	29	-1.9874e+06	37.6738	0.945592	1118	1.90459	9.18032	4.57051	1.08311
603	80.1788	30	-1.9869e+06	37.6802	0.948943	1105	1.90089	9.25545	4.57766	1.07006
604	79.6941	28	-1.98726e+06	37.6356	0.950574	1113	1.90464	9.47839	4.58428	0.927064
605	81.6364	29	-1.98726e+06	37.7629	0.945903	1086	1.90064	9.09591	4.58615	1.01618
606	80.9082	30	-1.9871e+06	37.9432	0.943946	1094	1.90369	9.24146	4.58342	1.07598
607	80.0771	30	-1.98731e+06	37.8464	0.942288	1102	1.9054	9.45067	4.59264	0.994467
608	82.7565	31	-1.98721e+06	37.7875	0.944757	1107	1.90134	9.15877	4.58805	0.952841
609	82.0878	29	-1.98742e+06	37.7572	0.948194	1130	1.89915	9.12944	4.58705	1.00956
610	83.7272	29	-1.98816e+06	37.3523	0.941433	1141	1.91202	9.25559	4.58112	1.11702
611	83.5993	29	-1.98834e+06	37.411	0.941733	1163	1.9126	9.2749	4.58428	1.06045
612	83.8727	28	-1.9887e+06	37.2983	0.944517	1147	1.91018	9.37018	4.57917	1.0621
613	85.0627	28	-1.98822e+06	37.4135	0.940023	1142	1.90862	9.38122	4.584	0.922442
614	83.5035	29	-1.98795e+06	37.489	0.942881	1165	1.90576	9.2599	4.58136	0.967956
615	83.0663	29	-1.98774e+06	37.6822	0.949497	1126	1.90492	9.20521	4.57956	1.03704
616	84.4596	29	-1.98755e+06	37.6818	0.948366	1107	1.90452	9.27397	4.57954	1.10028
617	82.9055	29	-1.98749e+06	37.6427	0.953316	1139	1.90518	9.26379	4.58084	1.06744
618	81.8573	30	-1.98791e+06	37.78	0.946182	1103	1.91083	9.19016	4.57774	0.94342
619	81.5687	29	-1.98798e+06	37.5779	0.950854	1153	1.91305	9.21314	4.58038	0.902426
620	81.2279	29	-1.98708e+06	37.271	0.949833	1121	1.90144	9.34009	4.58504	1.03029
621	82.0063	29	-1.98635e+06	37.3296	0.955574	1138	1.89606	9.38787	4.58883	1.06899
622	84.4305	30	-1.98692e+06	37.2538	0.955754	1127	1.90269	9.29123	4.58243	0.817162
623	84.0932	30	-1.98746e+06	37.3348	0.954425	1115	1.90106	9.13573	4.58237	1.08264
624	85.193	31	-1.98716e+06	37.4614	0.94971	1122	1.90713	9.20867	4.58361	1.02136
625	83.658	32	-1.9865e+06	37.3898	0.950338	1123	1.90286	9.4728	4.58355	1.04216
626	80.9504	31	-1.98722e+06	37.359	0.94762	1102	1.9067	9.34722	4.582	1.10258
627	81.6972	31	-1.9868e+06	37.5056	0.950019	1096	1.90169	9.31081	4.58208	1.08346
628	83.6965	30	-1.98627e+06	37.2624	0.950507	1113	1.89513	9.23753	4.57888	0.851443
629	84.9022	30	-1.98626e+06	37.3901	0.953425	1169	1.90203	9.30289	4.57285	0.871232
630	85.8013	28	-1.98627e+06	37.4914	0.955594	1155	1.89934	9.32008	4.57927	0.96499
631	87.3753	29	-1.98691e+06	37.7076	0.963085	1163	1.90284	9.25063	4.57672	0.994901
632	86.7496	30	-1.98701e+06	37.67	0.96055	1148	1.90232	9.29336	4.56545	0.986629
633	85.1446	30	-1.98671e+06	37.4312	0.96535	1118	1.9066	9.38558	4.56751	1.01064
634	84.0195	30	-1.98678e+06	37.7488	0.962688	1116	1.90029	9.36337	4.56968	0.946084
635	83.9112	32	-1.98713e+06	37.427	0.961449	1106	1.89896	9.2865	4.57505	0.923594
636	83.8987	30	-1.98642e+06	37.2883	0.961727	1140	1.89495	9.38172	4.58054	1.12871
637	84.5802	30	-1.98725e+06	37.4569	0.96473	1145	1.89707	9.51555	4.57872	1.02793
638	84.6324	29	-1.9869e+06	37.5592	0.961406	1143	1.89891	9.54145	4.57945	1.02971
639	83.1246	29	-1.98719e+06	37.4791	0.964151	1147	1.89557	9.29335	4.5778	1.02057
640	83.9695	29	-1.98676e+06	37.6407	0.958126	1123	1.89644	9.27109	4.57314	1.06319
641	84.157	28	-1.98626e+06	37.7131	0.952323	1154	1.89912	9.19827	4.57437	0.929945
642	83.4765	29	-1.98733e+06	37.4645	0.94998	1138	1.89624	9.37211	4.57743	0.878568
643	83.3614	29	-1.98682e+06	37.6227	0.953818	1148	1.89858	9.61995	4.57467	1.12138
644	85.532	28	-1.98741e+06	37.4501	0.955037	1136	1.90114	9.37401	4.57922	0.970688
645	83.2448	29	-1.98749e+06	37.3394	0.947937	1148	1.90842	9.50453	4.57907	0.965648
646	85.047	28	-1.98703e+06	37.5442	0.952197	1154	1.9039	9.3622	4.58407	0.962471
647	85.0893	29	-1.98752e+06	37.455	0.95781	1142	1.89784	9.49161	4.58551	0.995026
648	84.2473	29	-1.98816e+06	37.478	0.955182	1145	1.91007	9.35402	4.5879	0.902505
649	84.7032	29	-1.98732e+06	37.4095	0.96009	1125	1.90415	9.2993	4.58635	0.994485
650	84.6389	30	-1.98753e+06	37.1861	0.962762	1109	1.90129	9.27398	4.58327	0.958938
651	81.3231	30	-1.987e+06	37.5069	0.957826	1112	1.90356	9.2049	4.58317	1.11126
652	84.635	30	-1.98667e+06	37.512	0.967849	1159	1.90101	9.17512	4.58026	0.981223
653	87.935	28	-1.98804e+06	37.6707	0.96314	1125	1.90121	9.21865	4.58753	0.89078
654	81.8294	29	-1.98646e+06	37.5312	0.955135	1149	1.89981	8.95556	4.58705	1.02974
655	84.0067	28	-1.98651e+06	37.5723	0.954704	1157	1.89636	9.23754	4.5842	0.954818
656	87.4195	28	-1.98641e+06	37.575	0.954634	1170	1.9004	9.06905	4.58338	0.977514
657	85.8332	29	-1.98679e+06	37.7774	0.956923	1156	1.89999	9.09518	4.58036	1.12313
658	86.2427	29	-1.98659e+06	37.8372	0.958356	1156	1.89844	9.19071	4.57971	1.0497
659	86.5752	33	-1.98668e+06	37.5758	0.959936	1101	1.89495	8.89683	4.57741	1.05534
660	81.5625	30	-1.98692e+06	37.6487	0.954316	1127	1.89585	8.82592	4.58567	1.0455
661	83.6247	29	-1.98658e+06	37.5671	0.96092	1150	1.89096	9.14849	4.59118	0.94409
662	86.5241	28	-1.98711e+06	37.3372	0.954868	1166	1.89789	8.99048	4.5792	1.15937
663	85.9838	28	-1.9876e+06	37.6246	0.954616	1227	1.90027	9.09148	4.5777	1.07794
664	87.8903	30	-1.98744e+06	37.5706	0.943639	1189	1.90203	9.13356	4.57132	1.04448
665	87.0186	30	-1.98759e+06	37.8106	0.94962	1180	1.90448	9.2589	4.57265	1.05035
666	83.8339	28	-1.98727e+06	37.5535	0.945449	1178	1.89707	9.12777	4.58015	0.942326
667	84.5576	28	-1.98741e+06	37.4629	0.952172	1170	1.89622	9.25189	4.57467	1.03724
668	86.1441	28	-1.98733e+06	37.3387	0.950389	1193	1.89949	9.09781	4.56998	1.00938
669	84.2364	26	-1.9862e+06	37.4139	0.956317	1195	1.89365	9.10779	4.56798	0.853785
670	86.1594	28	-1.98688e+06	37.4971	0.956454	1181	1.89544	8.94558	4.57607	1.06367
671	86.9224	28	-1.98677e+06	37.2734	0.957691	1156	1.89885	9.03651	4.57095	1.0257
672	86.192	28	-1.98746e+06	37.3636	0.957321	1143	1.89934	9.23182	4.57733	1.08197
673	88.8512	30	-1.98698e+06	37.394	0.953374	1155	1.89519	9.27922	4.58372	1.10822
674	85.2239	28	-1.98711e+06	37.4927	0.955527	1143	1.898	9.19433	4.57914	1.04422
675	85.782	28	-1.98729e+06	37.3453	0.956262	1174	1.89833	9.30477	4.57404	0.914988
676	96.8419	34	-1.98708e+06	37.1444	0.969778	1130	1.89616	9.21976	4.57799	1.04318
677	96.8976	33	-1.98757e+06	37.3732	0.960791	1150	1.89598	9.22743	4.57476	0.972357
678	94.9755	34	-1.98779e+06	37.4282	0.955398	1145	1.90349	8.96593	4.57671	1.05876
679	94.7101	33	-1.98782e+06	37.6889	0.95293	1155	1.90469	9.15633	4.57908	1.12494
680	98.3972	34	-1.9886e+06	37.6128	0.943847	1156	1.911	9.14857	4.57719	1.00034
681	93.7326	33	-1.98825e+06	37.2643	0.94639	1160	1.90528	9.2947	4.58426	1.00775
682	88.3066	28	-1.98804e+06	37.0591	0.947849	1169	1.90461	9.11422	4.58237	1.04228
683	91.3134	32	-1.98826e+06	37.3109	0.953932	1151	1.9038	9.32115	4.58071	1.08684
684	86.1207	29	-1.98761e+06	37.3496	0.954783	1166	1.90151	9.44642	4.57795	0.949347
685	86.5994	27	-1.98733e+06	37.4358	0.948139	1173	1.90124	9.24625	4.57569	0.975981
686	87.4599	28	-1.98773e+06	37.3646	0.948536	1153	1.9074	9.27079	4.57534	1.07297
687	85.8206	29	-1.98768e+06	37.5201	0.950355	1131	1.90474	9.22542	4.57673	0.944579
688	83.672	30	-1.9873e+06	37.2195	0.945445	1123	1.89796	9.26709	4.5812	0.873256
689	83.0665	29	-1.9876e+06	37.2517	0.948809	1143	1.89587	9.13044	4.58651	0.906656
690	91.3192	29	-1.98748e+06	37.2097	0.953668	1105	1.89814	9.20574	4.59663	0.946855
691	92.817	35	-1.98802e+06	37.0672	0.955403	1103	1.90179	9.03371	4.594	1.04243
692	91.0509	33	-1.98866e+06	37.445	0.947225	1091	1.90462	9.11708	4.5917	1.06415
693	91.1472	34	-1.98772e+06	37.2	0.953403	1150	1.90323	9.10813	4.5882	1.15271
694	91.6185	34	-1.98798e+06	37.3325	0.949217	1099	1.90798	9.19889	4.59418	1.07057
695	92.4183	36	-1.98763e+06	37.1853	0.949982	1125	1.90549	9.19108	4.59006	0.938223
696	83.2692	30	-1.98863e+06	37.1316	0.950858	1139	1.91239	9.06379	4.58391	0.890472
697	84.9159	30	-1.98779e+06	37.233	0.953182	1132	1.90543	8.98413	4.58568	1.00987
698	82.7574	30	-1.98791e+06	36.9049	0.96092	1145	1.91006	8.94098	4.58902	0.874045
699	84.513	28	-1.98746e+06	36.8967	0.958624	1139	1.90425	9.0904	4.58568	1.0876
700	86.477	31	-1.98783e+06	37.0349	0.962236	1174	1.90378	9.10316	4.58294	1.01739
701	86.1561	28	-1.98752e+06	37.4087	0.954583	1140	1.90845	9.24486	4.5721	0.986979
702	82.2545	29	-1.9878e+06	37.3287	0.95348	1149	1.90581	9.03916	4.57545	1.02832
703	82.2568	29	-1.98795e+06	37.0903	0.957804	1122	1.90771	9.36895	4.57801	1.02473
704	86.4779	31	-1.98755e+06	37.4603	0.954606	1117	1.90816	9.20065	4.57647	0.982553
705	86.2569	32	-1.98848e+06	37.6166	0.951494	1136	1.90589	9.1965	4.57075	0.881793
706	82.6489	29	-1.98738e+06	37.6372	0.951189	1140	1.90554	9.26421	4.5728	1.05529
707	83.4711	28	-1.98835e+06	37.6894	0.955722	1155	1.91155	9.19844	4.58185	0.939199
708	85.2365	28	-1.98788e+06	37.3448	0.955568	1166	1.90487	9.24704	4.57652	0.959191
709	87.0552	28	-1.98691e+06	37.3495	0.945561	1133	1.89971	9.26052	4.57731	1.11587
710	88.5304	31	-1.98718e+06	37.6928	0.94452	1160	1.90553	9.17059	4.57524	0.855337
711	85.1275	28	-1.98689e+06	37.6633	0.950762	1149	1.90336	9.25021	4.57372	0.943059
712	84.0074	30	-1.98782e+06	37.4762	0.947454	1115	1.90591	9.2283	4.57459	1.06839
713	90.9181	28	-1.98781e+06	37.5153	0.950927	1108	1.90499	9.07676	4.58548	0.971336
714	84.0715	30	-1.98866e+06	37.5763	0.945856	1111	1.91218	9.13345	4.57492	0.929958
715	84.3378	30	-1.98759e+06	37.3183	0.945565	1133	1.90542	9.21895	4.57738	1.05148
716	85.2633	32	-1.98767e+06	37.156	0.957188	1099	1.90312	9.23239	4.57941	0.991023
717	81.0907	29	-1.98834e+06	37.156	0.957848	1132	1.90984	9.37417	4.58088	0.956354
718	86.5439	29	-1.98751e+06	37.3727	0.963444	1126	1.90529	9.40018	4.57474	1.02162
719	82.469	31	-1.98816e+06	37.5837	0.957263	1085	1.90317	9.28376	4.58442	0.984884
720	91.0698	31	-1.98781e+06	37.5182	0.945581	1067	1.90728	9.2083	4.57903	0.895658
721	83.3668	32	-1.98675e+06	37.5976	0.951484	1115	1.89882	9.33989	4.5775	1.09296
722	89.1345	32	-1.98733e+06	37.4866	0.950445	1090	1.90874	9.38319	4.57676	0.99176
723	90.2122	29	-1.98774e+06	37.3799	0.949546	1102	1.90447	9.43428	4.57666	0.918665
724	83.3346	31	-1.98752e+06	37.4306	0.951628	1116	1.90472	9.30138	4.57195	0.95245
725	84.6473	31	-1.98758e+06	37.55	0.953101	1126	1.90667	9.28138	4.57621	1.00757
726	81.5637	30	-1.98817e+06	37.7147	0.954897	1091	1.90518	9.15198	4.57598	1.07512
727	81.9103	29	-1.98746e+06	37.4671	0.952493	1140	1.90508	8.99008	4.57047	0.982981
728	84.9076	32	-1.98754e+06	37.4505	0.953407	1119	1.90435	9.21223	4.5687	0.95771
729	87.4677	31	-1.98745e+06	37.3741	0.954784	1104	1.90447	9.1708	4.57989	1.0624
730	83.9125	29	-1.98742e+06	37.297	0.952775	1087	1.90471	9.09476	4.58152	0.781584
731	94.0947	36	-1.98812e+06	37.0757	0.946565	1113	1.91406	9.32622	4.5743	1.04854
732	83.5548	31	-1.9885e+06	37.2145	0.952909	1121	1.9119	9.20782	4.57667	1.02826
733	83.563	28	-1.98847e+06	37.225	0.954512	1122	1.91506	9.21728	4.57424	0.911691
734	83.1093	29	-1.98821e+06	37.3158	0.9525	1138	1.91104	9.22068	4.57635	0.976055
735	82.2183	29	-1.98723e+06	37.3641	0.961015	1138	1.90853	9.17521	4.57261	0.967179
736	82.8764	30	-1.98754e+06	37.4682	0.956934	1129	1.90393	9.36046	4.57637	1.055
737	80.8272	31	-1.98773e+06	37.3929	0.960768	1101	1.90618	9.36468	4.57398	1.01025
738	81.5275	30	-1.98778e+06	37.4122	0.96251	1118	1.90283	9.17939	4.57664	1.06805
739	81.4306	29	-1.98759e+06	37.4835	0.961246	1142	1.90423	9.39253	4.58084	0.961497
740	84.3686	29	-1.98782e+06	37.3966	0.96366	1136	1.90382	9.0665	4.57876	1.1586
741	82.5305	29	-1.98709e+06	37.3416	0.969462	1114	1.90023	9.24607	4.5835	1.03631
742	81.4577	30	-1.98762e+06	37.2907	0.972911	1124	1.90642	9.17364	4.58207	0.961896
743	83.7777	29	-1.98728e+06	37.3209	0.975589	1127	1.90394	9.23561	4.58031	1.00909
744	84.819	30	-1.98738e+06	37.2582	0.973096	1131	1.90427	9.36052	4.57809	0.982796
745	81.7622	29	-1.98763e+06	37.4979	0.967747	1134	1.90465	9.31062	4.57486	0.8606
746	82.8258	30	-1.98734e+06	37.2843	0.964962	1155	1.90047	9.22824	4.57625	0.991388
747	85.4288	29	-1.98808e+06	37.4756	0.954918	1151	1.90785	9.24797	4.57469	0.884122
748	83.7436	29	-1.98804e+06	37.24	0.96035	1127	1.90481	9.23726	4.5792	0.955496
749	83.0814	30	-1.98867e+06	37.1697	0.959642	1113	1.90921	9.1424	4.58194	0.99346
750	91.3441	26	-1.98816e+06	37.3603	0.954498	1159	1.90795	9.09247	4.58021	1.00683
751	85.6932	28	-1.98689e+06	37.3287	0.953638	1184	1.90331	8.99516	4.57816	1.04649
752	86.4031	28	-1.98723e+06	37.5434	0.958293	1150	1.90151	9.10511	4.58044	0.960255
753	84.0505	29	-1.98729e+06	37.4264	0.966834	1129	1.90394	9.05052	4.58367	1.03514
754	83.5999	30	-1.98688e+06	37.471	0.964875	1143	1.89724	9.17338	4.58238	1.00529
755	82.4192	30	-1.98687e+06	37.3419	0.962516	1139	1.90045	9.11802	4.58775	1.05024
756	81.9887	30	-1.98682e+06	37.3317	0.950107	1106	1.90014	9.19082	4.58514	0.991595
757	83.9955	31	-1.98813e+06	37.2704	0.950244	1132	1.90866	9.20448	4.5855	0.949032
758	82.6677	32	-1.98791e+06	37.0304	0.954151	1113	1.91156	9.35313	4.57635	1.01887
759	81.9073	29	-1.98769e+06	37.1446	0.952009	1134	1.90228	9.18203	4.58344	1.05773
760	81.5911	29	-1.98748e+06	37.1828	0.940233	1135	1.90382	9.20946	4.5809	0.869097
761	82.9054	29	-1.98786e+06	37.1295	0.954237	1133	1.9052	9.24544	4.57879	1.0132
762	83.7998	29	-1.98778e+06	37.3077	0.959155	1139	1.91015	9.33359	4.57925	1.01893
763	83.602	28	-1.98753e+06	37.256	0.964237	1142	1.90362	9.1122	4.58817	1.09784
764	81.7906	30	-1.98749e+06	37.0734	0.963579	1130	1.90025	8.88071	4.58334	1.10299
765	90.3892	37	-1.98698e+06	37.3291	0.961492	1113	1.90001	9.11956	4.58914	0.893636
766	80.0345	29	-1.98768e+06	37.2131	0.95112	1120	1.90552	9.01099	4.58602	0.904551
767	83.246	29	-1.98764e+06	37.2657	0.954308	1130	1.91004	9.26315	4.58267	0.977136
768	82.954	29	-1.98757e+06	37.1849	0.954594	1127	1.90686	9.13985	4.58397	1.06844
769	83.926	29	-1.98795e+06	37.1258	0.960369	1135	1.90481	9.15998	4.5869	1.02165
770	82.0813	29	-1.98762e+06	36.9081	0.958165	1130	1.90313	9.17691	4.58776	1.01682
771	82.0982	30	-1.98717e+06	37.0551	0.957442	1104	1.90795	8.93826	4.5834	0.975084
772	82.4689	30	-1.98813e+06	37.0805	0.954511	1146	1.90598	9.29475	4.58518	1.10754
773	83.0268	29	-1.98809e+06	37.3027	0.959472	1105	1.90632	9.21426	4.58266	1.03405
774	81.0707	30	-1.98734e+06	37.2491	0.957394	1110	1.90542	8.99417	4.57919	0.95493
775	80.5698	30	-1.98683e+06	37.1214	0.95942	1099	1.89797	9.39072	4.58188	0.929214
776	80.5469	30	-1.98763e+06	37.2686	0.952266	1110	1.90206	9.19634	4.5834	0.933587
777	81.877	29	-1.98745e+06	37.2493	0.952265	1105	1.90042	9.18623	4.58638	0.981082
778	88.0333	26	-1.98684e+06	37.3207	0.94573	1105	1.90236	9.0562	4.58471	0.941412
779	81.2351	30	-1.98774e+06	37.0502	0.951988	1134	1.90696	9.19962	4.58415	1.00997
780	82.8133	29	-1.98843e+06	37.0252	0.943623	1137	1.9077	9.20504	4.5898	0.973527
781	80.8453	28	-1.98676e+06	36.8984	0.945696	1117	1.90092	9.30289	4.59522	0.993983
782	79.4948	29	-1.98707e+06	37.1161	0.951913	1112	1.90086	9.07034	4.59504	0.999409
783	80.3633	29	-1.98746e+06	37.0631	0.946733	1104	1.90756	9.04997	4.58851	0.895082
784	80.8806	30	-1.98808e+06	36.8823	0.955609	1085	1.91172	9.20651	4.59033	0.959179
785	81.5155	30	-1.98794e+06	36.9523	0.954694	1105	1.90638	9.22328	4.58913	0.952733
786	82.4342	29	-1.98794e+06	37.1841	0.954285	1132	1.90834	9.1883	4.59156	0.921626
787	83.3449	30	-1.98756e+06	37.4118	0.951462	1163	1.90983	9.44774	4.58055	0.930261
788	81.2652	30	-1.98799e+06	37.422	0.950335	1095	1.90793	9.37208	4.58722	1.13679
789	79.8058	30	-1.98777e+06	37.3993	0.955288	1099	1.91173	9.28137	4.5847	0.969752
790	81.287	30	-1.98688e+06	37.2322	0.966361	1062	1.90499	9.13802	4.58434	1.21378
791	81.6878	30	-1.98745e+06	37.1589	0.964884	1111	1.90759	9.22479	4.58585	0.954098
792	81.4175	30	-1.98801e+06	37.1374	0.96126	1085	1.90918	9.15454	4.58447	1.0897
793	80.7283	30	-1.98756e+06	37.4689	0.966852	1101	1.9067	9.19692	4.58731	1.10246
794	82.0377	30	-1.98694e+06	37.5024	0.968715	1144	1.89935	9.19534	4.58623	0.883183
795	85.2322	29	-1.98695e+06	37.4657	0.962673	1151	1.9011	9.25158	4.58269	1.11857
796	83.0588	29	-1.98727e+06	37.3108	0.961397	1132	1.90292	8.97362	4.58844	0.950353
797	79.3187	30	-1.9864e+06	37.1919	0.96429	1091	1.90175	8.94646	4.59074	0.876006
798	79.77	31	-1.98762e+06	36.9823	0.966233	1097	1.89808	8.95015	4.58161	0.874447
799	80.3667	29	-1.98755e+06	37.2341	0.965324	1083	1.90278	8.95052	4.58537	1.04211
800	81.4019	30	-1.98791e+06	37.4513	0.957923	1132	1.90886	9.29002	4.58256	1.14204
801	81.2318	29	-1.98775e+06	37.3497	0.971021	1118	1.90896	9.03802	4.58262	1.05654
802	83.2363	29	-1.98638e+06	37.3259	0.971008	1136	1.89616	9.10375	4.57992	1.07365
803	82.6616	29	-1.98804e+06	37.2344	0.970917	1118	1.90173	9.02031	4.5829	0.989432
804	81.5636	30	-1.98765e+06	37.153	0.966147	1122	1.9058	9.23959	4.58966	1.01101
805	81.2542	30	-1.98803e+06	36.9423	0.967396	1114	1.90739	9.10856	4.58606	0.895799
806	81.3145	30	-1.9876e+06	36.9492	0.963121	1118	1.91007	9.13562	4.58207	1.00765
807	82.4949	29	-1.98824e+06	37.2982	0.958007	1123	1.90981	9.12078	4.5801	0.957147
808	82.533	28	-1.98845e+06	37.2137	0.956271	1129	1.91079	9.15221	4.5802	0.899428
809	85.2516	30	-1.98823e+06	37.1583	0.95804	1140	1.90325	9.16374	4.5836	1.07367
810	84.17	29	-1.98786e+06	37.484	0.955074	1134	1.90687	9.28403	4.58408	0.96732
811	84.8784	31	-1.98786e+06	37.6142	0.947041	1128	1.90329	9.28243	4.58301	0.879597
812	85.0796	32	-1.98783e+06	37.5319	0.961965	1119	1.90191	9.41291	4.57956	0.938733
813	85.2818	31	-1.9873e+06	37.7183	0.953858	1128	1.90297	9.38034	4.57843	1.00139
814	85.047	31	-1.98738e+06	37.663	0.949345	1127	1.89968	9.57759	4.57973	1.0315
815	84.1373	31	-1.98798e+06	37.7953	0.954065	1124	1.90108	9.22361	4.5803	0.96671
816	86.4142	30	-1.98872e+06	37.4809	0.947	1150	1.90689	9.51466	4.58286	1.02443
817	81.5727	30	-1.98845e+06	37.5147	0.93886	1112	1.90518	9.1576	4.5738	0.956762
818	83.8978	30	-1.98832e+06	37.8959	0.939373	1143	1.90649	9.1731	4.57448	1.10603
819	84.0674	29	-1.98812e+06	38.0615	0.944975	1168	1.90293	9.23132	4.57702	1.09
820	85.9073	30	-1.98783e+06	37.7291	0.941619	1163	1.90535	9.23534	4.57876	1.04199
821	87.3662	29	-1.9892e+06	37.7598	0.938749	1166	1.916	9.0593	4.56963	1.00282
822	86.4001	30	-1.98827e+06	37.8274	0.934509	1161	1.91151	9.17293	4.57381	1.08648
823	86.3897	30	-1.9878e+06	37.6263	0.935332	1141	1.90919	9.36939	4.57678	0.918035
824	88.2192	30	-1.98815e+06	37.6083	0.947272	1156	1.91438	9.12399	4.57046	1.00213
825	83.7645	30	-1.98703e+06	37.5698	0.943212	1111	1.90346	9.0835	4.57338	1.01877
826	80.3248	30	-1.98781e+06	37.6408	0.947538	1115	1.90726	9.00223	4.57941	0.918928
827	79.2687	30	-1.98672e+06	37.9107	0.947767	1097	1.90454	9.07284	4.58727	1.05164
828	80.151	29	-1.98752e+06	37.6554	0.941738	1126	1.90809	9.11953	4.59144	1.07875
829	82.6637	29	-1.98789e+06	37.9746	0.944807	1133	1.90835	9.10445	4.585	1.02195
830	82.3427	29	-1.9881e+06	37.6584	0.952397	1129	1.90891	9.17384	4.57733	1.00288
831	82.5385	28	-1.98753e+06	37.4481	0.948004	1143	1.91652	9.21065	4.57662	0.979086
832	82.7149	29	-1.9875e+06	37.4462	0.951062	1129	1.90753	9.38096	4.57982	1.05199
833	85.5622	28	-1.98742e+06	37.9548	0.940101	1147	1.90373	9.21153	4.5822	1.0267
834	85.2936	28	-1.98758e+06	37.9816	0.944894	1144	1.90411	9.3102	4.58278	1.05682
835	83.7277	29	-1.9879e+06	37.998	0.939002	1161	1.90961	9.34177	4.58408	1.03942
836	83.5649	29	-1.98772e+06	38.0917	0.926416	1128	1.91145	9.13555	4.58296	1.04622
837	81.2582	30	-1.9884e+06	38.0032	0.926191	1111	1.90565	9.38622	4.58643	0.867323
838	81.4557	29	-1.98811e+06	37.9256	0.932685	1111	1.90748	9.27832	4.58547	0.8454
839	81.978	31	-1.98727e+06	37.7438	0.931822	1105	1.90332	9.23097	4.59059	0.979878
840	79.9358	30	-1.98736e+06	37.4723	0.951526	1095	1.90817	9.20211	4.59058	0.866017
841	80.2822	30	-1.98654e+06	37.4185	0.953318	1107	1.89724	9.24793	4.58757	1.05819
842	81.7167	29	-1.98754e+06	37.629	0.952992	1137	1.90263	9.27934	4.58544	0.994935
843	80.8385	29	-1.9876e+06	37.5453	0.95027	1085	1.91004	9.35222	4.58054	1.03042
844	79.7087	30	-1.98799e+06	37.6041	0.95653	1088	1.91012	9.29874	4.58329	1.01584
845	82.2178	30	-1.98658e+06	37.49	0.965077	1092	1.90096	9.35531	4.57808	1.04821
846	80.5326	29	-1.98681e+06	37.6455	0.965911	1091	1.8998	9.11939	4.58788	0.946177
847	80.957	29	-1.9868e+06	37.4089	0.960676	1092	1.89986	9.35439	4.59066	1.00481
848	81.7681	30	-1.98706e+06	37.3513	0.961061	1074	1.90291	9.32453	4.58537	1.08247
849	80.8557	30	-1.98679e+06	37.3743	0.961686	1075	1.90149	9.24305	4.58695	1.02516
850	82.0058	29	-1.98642e+06	37.3916	0.959573	1125	1.8947	9.26437	4.57776	0.965262
851	79.9868	29	-1.98666e+06	37.5666	0.958424	1107	1.90249	9.30315	4.5797	1.03337
852	82.5763	29	-1.98636e+06	37.6939	0.956534	1137	1.90014	9.08921	4.57792	0.931544
853	81.0634	30	-1.98734e+06	37.8021	0.951365	1095	1.90213	9.29126	4.57719	0.913366
854	80.5634	30	-1.98691e+06	37.9416	0.952354	1115	1.90148	9.37903	4.57921	1.0721
855	80.6141	30	-1.98688e+06	37.7418	0.954888	1135	1.89962	9.27954	4.58142	1.14363
856	82.6424	30	-1.98728e+06	37.2729	0.960404	1144	1.90333	9.33093	4.57927	1.03705
857	86.0027	30	-1.98783e+06	37.1668	0.960176	1135	1.90621	9.45019	4.57877	1.12999
858	85.1293	30	-1.98693e+06	37.1184	0.964782	1142	1.90461	9.26866	4.58348	1.10776
859	84.9682	29	-1.98682e+06	37.2973	0.958449	1162	1.90084	9.30181	4.58441	0.999411
860	82.7225	30	-1.98713e+06	37.1166	0.970096	1117	1.90635	9.25533	4.57938	0.913827
861	83.4947	28	-1.98701e+06	37.2196	0.95893	1098	1.90091	9.27428	4.58399	0.992931
862	80.6275	29	-1.98784e+06	37.1448	0.962514	1081	1.90839	9.35672	4.58358	0.901611
863	80.5054	30	-1.98682e+06	37.24	0.967483	1091	1.89774	9.01903	4.57761	1.00719
864	80.2762	30	-1.98699e+06	37.4961	0.976253	1099	1.89676	9.22377	4.57577	1.04323
865	80.3291	30	-1.98745e+06	37.5463	0.970601	1160	1.90021	8.99929	4.5797	0.913949
866	82.8639	29	-1.98752e+06	37.9798	0.960537	1128	1.90172	9.23995	4.58281	1.06065
867	81.9718	30	-1.98684e+06	37.4249	0.962518	1134	1.90356	9.02796	4.58891	0.959623
868	80.5932	30	-1.98738e+06	37.4306	0.965766	1093	1.90141	9.04652	4.58882	1.01088
869	81.1416	30	-1.98786e+06	37.2691	0.962638	1049	1.90152	8.99462	4.58886	0.926627
870	78.9602	31	-1.9884e+06	37.3843	0.957501	1060	1.90576	9.16311	4.5835	0.900676
871	80.6503	30	-1.98736e+06	37.1497	0.966752	1094	1.90397	9.31569	4.58922	0.959199
872	80.3004	30	-1.98683e+06	37.0439	0.968693	1094	1.89486	9.22853	4.59559	0.995182
873	82.0833	29	-1.98724e+06	37.0797	0.977434	1132	1.89915	9.05383	4.59717	1.0236
874	82.3727	29	-1.98819e+06	37.201	0.967138	1097	1.90796	9.27387	4.58743	0.992644
875	80.7009	30	-1.98755e+06	37.3657	0.968107	1127	1.90032	9.13923	4.58847	0.897918
876	81.3532	29	-1.9877e+06	37.493	0.962603	1131	1.90546	9.15684	4.57848	0.844385
877	83.9048	28	-1.98793e+06	37.4169	0.957893	1179	1.90948	9.17414	4.58625	1.10187
878	84.4954	27	-1.98786e+06	37.2408	0.948742	1148	1.90546	9.36466	4.59211	1.0322
879	84.9281	28	-1.98863e+06	37.3004	0.949142	1117	1.91124	9.28042	4.58925	1.06458
880	83.4089	30	-1.98849e+06	37.3804	0.947956	1106	1.91562	9.27447	4.58654	0.887947
881	82.9794	29	-1.98792e+06	37.2642	0.95456	1140	1.90888	8.96375	4.58636	1.08613
882	81.9704	30	-1.9889e+06	37.3255	0.956796	1107	1.91391	8.9676	4.58151	1.01408
883	81.3363	29	-1.98811e+06	37.2463	0.957679	1121	1.90611	9.30196	4.58328	1.06626
884	80.9573	29	-1.98818e+06	37.3908	0.959044	1114	1.90872	9.24782	4.58196	1.13507
885	80.5788	30	-1.98859e+06	37.0841	0.953244	1091	1.91224	9.40559	4.58277	1.10761
886	82.513	30	-1.98849e+06	37.1432	0.955111	1144	1.9119	9.15637	4.58446	1.03173
887	84.4044	29	-1.98845e+06	37.036	0.95869	1168	1.91368	9.23705	4.58103	1.16522
888	83.5936	28	-1.98806e+06	37.1414	0.971799	1145	1.90511	9.33174	4.57735	1.07196
889	82.9902	28	-1.98768e+06	36.9856	0.972519	1138	1.90343	9.22865	4.57471	1.00232
890	83.7814	29	-1.98793e+06	37.1291	0.960228	1136	1.91093	9.36182	4.58281	0.945524
891	84.9569	28	-1.98802e+06	37.1811	0.960093	1147	1.91271	9.24247	4.57794	0.901659
892	83.3111	29	-1.98766e+06	37.1034	0.960655	1138	1.9085	8.86991	4.58006	0.909305
893	83.8144	29	-1.98884e+06	37.4089	0.958641	1167	1.9177	9.01614	4.57631	1.0401
894	83.1326	28	-1.98864e+06	37.5264	0.948898	1121	1.91274	9.17021	4.57271	0.945395
895	82.9469	29	-1.9882e+06	37.6183	0.952611	1117	1.91031	9.21658	4.57504	1.0491
896	81.4472	29	-1.98859e+06	37.5643	0.955504	1115	1.91724	9.34322	4.57359	0.905678
897	79.1451	30	-1.98837e+06	37.557	0.949345	1129	1.91094	9.03277	4.57201	0.973887
898	81.1864	30	-1.98819e+06	37.1629	0.946818	1131	1.91173	9.16707	4.57818	0.970516
899	82.0189	29	-1.98797e+06	37.3271	0.939763	1097	1.90993	9.23851	4.57901	0.906898
900	82.7198	29	-1.98795e+06	37.3436	0.945633	1128	1.91294	9.18129	4.58045	1.00233
901	83.1181	29	-1.98883e+06	37.198	0.946747	1176	1.91453	9.39238	4.58061	0.971975
902	84.1726	29	-1.98785e+06	37.2459	0.953801	1110	1.90638	9.38643	4.57837	0.992569
903	82.3088	30	-1.98694e+06	37.3135	0.94724	1117	1.89976	8.9256	4.57789	0.956464
904	83.7066	29	-1.9874e+06	37.5667	0.94855	1173	1.90321	9.3286	4.57739	0.985916
905	84.8848	28	-1.98766e+06	37.3815	0.953904	1169	1.90893	9.19725	4.57303	1.06963
906	82.4924	29	-1.98801e+06	37.2871	0.947277	1142	1.90905	9.02884	4.57387	0.991123
907	83.0956	29	-1.9883e+06	37.1055	0.951234	1108	1.9071	9.18737	4.57784	0.840098
908	82.1582	29	-1.98875e+06	37.2177	0.959548	1122	1.90891	9.23128	4.5822	0.985153
909	83.537	29	-1.98798e+06	37.1555	0.955251	1138	1.90505	9.40314	4.58351	0.97881
910	85.5317	30	-1.98698e+06	36.9696	0.967368	1159	1.90122	9.36171	4.58676	0.935579
911	86.187	30	-1.98741e+06	37.0218	0.971677	1163	1.90399	9.26057	4.58154	0.976719
912	85.1131	31	-1.98687e+06	37.1722	0.97149	1128	1.90085	9.38103	4.58215	1.03556
913	86.8398	30	-1.98771e+06	37.3949	0.967667	1138	1.90432	9.3525	4.58096	0.886075
914	86.9323	30	-1.98679e+06	37.2768	0.974308	1164	1.89637	9.24609	4.58538	1.00182
915	88.8065	29	-1.98705e+06	37.6703	0.970968	1144	1.89821	9.32038	4.58322	0.997995
916	87.6701	29	-1.98669e+06	37.774	0.96684	1130	1.89895	9.32102	4.57839	0.985692
917	85.6396	30	-1.98595e+06	37.5039	0.970646	1156	1.897	9.00309	4.5786	0.964002
918	85.9369	30	-1.98644e+06	37.7173	0.976849	1152	1.8967	9.25566	4.57896	0.904911
919	84.8944	30	-1.98596e+06	37.6074	0.974821	1159	1.89497	9.3353	4.57614	1.02831
920	84.9864	30	-1.98617e+06	37.5471	0.975274	1146	1.89416	9.12518	4.57706	0.992496
921	86.5989	30	-1.98626e+06	37.5912	0.972905	1151	1.89497	9.27051	4.58011	1.05547
922	88.2251	30	-1.98632e+06	37.4912	0.966185	1166	1.89266	9.35981	4.57482	1.0449
923	85.3579	27	-1.9877e+06	37.2906	0.966679	1149	1.89647	9.31435	4.57067	1.08274
924	82.4576	30	-1.98716e+06	37.471	0.963602	1139	1.89691	9.03302	4.57592	1.06528
925	84.2925	28	-1.9871e+06	37.5197	0.960176	1159	1.89706	9.26015	4.58173	1.01255
926	86.5238	28	-1.98681e+06	37.5826	0.962849	1180	1.89919	9.31912	4.58265	1.03448
927	84.8666	27	-1.98778e+06	37.3416	0.966072	1162	1.90099	9.37176	4.58183	0.89298
928	85.352	28	-1.9878e+06	37.5336	0.963529	1169	1.90582	9.21237	4.58645	0.962756
929	85.6324	28	-1.987e+06	37.3801	0.970056	1167	1.90147	9.30124	4.58447	1.11714
930	84.5687	28	-1.98787e+06	37.2586	0.968524	1163	1.90704	9.27355	4.57833	0.9881
931	84.66	28	-1.98771e+06	37.2176	0.958156	1191	1.9081	9.23332	4.58304	0.993796
932	85.4142	28	-1.98755e+06	37.0767	0.956974	1182	1.90303	9.34228	4.58371	1.11416
933	85.5108	28	-1.98736e+06	37.1218	0.965233	1166	1.90307	9.28854	4.58312	0.986052
934	85.9555	29	-1.98768e+06	37.168	0.9635	1179	1.90372	9.20904	4.5832	1.01184
935	85.3721	28	-1.98787e+06	37.184	0.965308	1173	1.9055	9.29562	4.58692	0.978047
936	85.2147	28	-1.98796e+06	37.1276	0.956734	1183	1.90324	9.32671	4.5949	1.01164
937	84.7132	28	-1.98799e+06	37.1725	0.96146	1195	1.90427	9.13212	4.59862	1.05437
938	84.7945	28	-1.9867e+06	37.0451	0.962044	1213	1.89793	9.16703	4.59071	0.961133
939	85.793	28	-1.98662e+06	37.3005	0.967817	1184	1.89694	9.0996	4.59495	0.909108
940	85.3696	28	-1.98592e+06	37.3228	0.969563	1173	1.8994	9.27226	4.59141	0.889999
941	85.2984	28	-1.98673e+06	37.3316	0.960015	1163	1.89859	9.18732	4.59459	0.935173
942	84.9365	28	-1.98609e+06	37.1822	0.968606	1156	1.89731	9.1958	4.59032	0.986935
943	85.6672	27	-1.98553e+06	37.2291	0.968853	1190	1.88807	8.8712	4.59133	1.20143
944	84.7244	29	-1.98615e+06	37.3134	0.981149	1216	1.89464	9.08356	4.58667	0.920122
945	84.2151	29	-1.98627e+06	37.3326	0.980382	1202	1.8955	9.19898	4.5822	1.01638
946	88.4255	30	-1.98599e+06	37.8149	0.977385	1163	1.89247	9.37667	4.58641	0.937621
947	86.0938	30	-1.98763e+06	37.5075	0.972706	1141	1.89802	9.23172	4.58585	1.0925
948	84.5752	29	-1.98784e+06	37.1479	0.973987	1157	1.90179	9.06869	4.58856	1.02081
949	83.9158	29	-1.9877e+06	37.0611	0.971685	1162	1.90308	9.08482	4.59048	1.01997
950	84.3977	28	-1.98742e+06	37.0657	0.969529	1182	1.90098	9.0589	4.58571	1.07997
951	84.9948	28	-1.98744e+06	37.053	0.970762	1203	1.89931	8.96125	4.58021	1.10958
952	86.1302	28	-1.98742e+06	36.9747	0.966057	1197	1.90313	9.07126	4.58268	1.03372
953	85.9333	28	-1.987e+06	37.4187	0.963965	1177	1.90242	8.99889	4.58172	0.965683
954	85.2958	29	-1.98706e+06	37.4965	0.958167	1137	1.90256	8.93341	4.58289	1.01
955	81.0761	30	-1.98707e+06	37.503	0.964183	1142	1.89898	9.02025	4.58348	1.0222
956	81.9837	29	-1.98727e+06	37.2552	0.965301	1129	1.90805	9.08185	4.58109	1.03641
957	80.2013	30	-1.98705e+06	37.4082	0.952301	1106	1.90077	8.99547	4.5813	0.982648
958	80.5478	30	-1.98846e+06	37.1465	0.95056	1122	1.90861	9.29609	4.58431	0.854807
959	82.626	29	-1.98842e+06	37.3047	0.944815	1130	1.91229	9.24491	4.58045	0.877454
960	82.8934	29	-1.98852e+06	37.1615	0.952331	1154	1.90897	9.3093	4.58614	1.03849
961	82.6475	30	-1.98778e+06	37.3751	0.958483	1154	1.90314	9.14858	4.58375	0.90248
962	82.9976	29	-1.98797e+06	37.3663	0.947889	1099	1.90387	9.13809	4.58432	0.906577
963	83.0016	29	-1.98736e+06	37.5323	0.943018	1115	1.90426	9.10077	4.58264	1.04969
964	81.7385	29	-1.98777e+06	37.3431	0.947895	1159	1.9033	9.0892	4.5765	0.981407
965	81.3316	29	-1.98869e+06	37.6867	0.946575	1099	1.91054	9.06857	4.57992	0.974451
966	80.6072	30	-1.98762e+06	37.1702	0.956385	1115	1.90398	8.88014	4.58584	1.07057
967	80.8583	29	-1.98727e+06	37.2149	0.950966	1114	1.90545	8.80155	4.58782	1.06096
968	80.5194	30	-1.98845e+06	36.9001	0.952484	1097	1.91116	9.13201	4.58492	0.907962
969	80.2783	30	-1.98825e+06	37.157	0.949007	1120	1.90857	9.29173	4.58773	0.984931
970	79.4441	30	-1.98801e+06	36.9441	0.954274	1102	1.91261	9.03302	4.5825	1.10425
971	80.8824	30	-1.9881e+06	37.0493	0.948807	1108	1.90341	9.11029	4.58279	1.08348
972	82.4247	29	-1.98894e+06	37.2225	0.953921	1114	1.90932	8.9872	4.59071	1.00882
973	79.34	30	-1.98832e+06	37.2496	0.940503	1084	1.90686	9.16271	4.59133	0.936362
974	80.4923	30	-1.9887e+06	37.2954	0.942019	1089	1.90834	9.00372	4.58799	0.862087
975	81.8055	30	-1.98873e+06	37.1895	0.941779	1085	1.91124	9.30838	4.58866	0.98396
976	80.6539	29	-1.98936e+06	37.2471	0.944669	1082	1.9142	9.21875	4.58674	0.993809
977	80.7961	29	-1.98979e+06	37.176	0.943617	1101	1.91224	9.1447	4.58197	0.943726
978	80.1139	30	-1.98921e+06	37.491	0.9395	1104	1.91582	9.08371	4.58079	0.886887
979	81.1661	30	-1.98971e+06	37.7927	0.943244	1132	1.91988	9.06573	4.57201	1.08697
980	82.3455	29	-1.98872e+06	37.6925	0.94341	1130	1.91227	9.12819	4.57589	1.02767
981	81.0428	30	-1.9883e+06	37.6505	0.947566	1103	1.9074	9.19259	4.58071	0.881417
982	79.9546	30	-1.9884e+06	37.6175	0.952039	1126	1.91164	9.01243	4.57771	1.06274
983	80.3068	29	-1.98833e+06	37.3343	0.956563	1125	1.91051	9.1205	4.57915	1.05673
984	82.4667	28	-1.98735e+06	37.2655	0.956887	1134	1.90536	9.31018	4.58516	1.01202
985	83.5361	28	-1.98826e+06	37.301	0.962634	1146	1.90327	9.18435	4.58471	1.07896
986	83.2987	29	-1.98804e+06	37.3292	0.967176	1124	1.90569	9.09204	4.58172	0.920736
987	84.9899	29	-1.98789e+06	37.5618	0.95714	1153	1.90597	9.25752	4.57706	0.925758
988	81.4501	28	-1.98743e+06	37.3883	0.960634	1134	1.90466	9.11741	4.57832	1.0411
989	83.7499	28	-1.98759e+06	37.5012	0.950258	1143	1.90529	9.13056	4.58199	0.939963
990	81.5762	30	-1.98896e+06	37.3008	0.949021	1132	1.91414	9.07244	4.57393	0.957677
991	82.6088	30	-1.98859e+06	37.1411	0.950821	1122	1.9107	9.15708	4.57274	1.05668
992	83.51	28	-1.98777e+06	37.3681	0.950992	1138	1.90846	9.23476	4.58067	0.860124
993	83.7676	29	-1.98816e+06	37.1547	0.94504	1119	1.90881	9.02458	4.58118	0.958564
994	83.4361	29	-1.98779e+06	37.1466	0.948644	1141	1.90829	8.9635	4.57631	0.976286
995	81.3519	29	-1.98785e+06	37.2735	0.946841	1119	1.90915	8.98846	4.57342	0.905435
996	82.74	29	-1.98809e+06	37.424	0.949915	1154	1.91305	9.09906	4.57765	1.07422
997	85.0629	28	-1.9888e+06	37.072	0.949846	1167	1.91372	9.06928	4.57602	1.01416
998	83.92	28	-1.98916e+06	37.083	0.957589	1140	1.90832	9.02502	4.58055	1.07671
999	84.7465	29	-1.98922e+06	37.1248	0.953889	1180	1.91331	9.21579	4.57559	1.07922
