iter	time	topo	loglik	length	alpha	Nmode	statent	statalpha	rrent	rrmean
0	0	0	-3.40129e+06	11.3051	1	11	2.67852	20	4.84839	1.01437
1	36.3067	62	-1.7039e+06	14.3193	0.680765	29	2.01804	19.3077	4.19995	0.88862
2	37.4838	60	-1.65404e+06	26.1436	0.62456	42	1.69215	14.2322	4.0895	0.936059
3	39.0614	59	-1.62235e+06	34.1199	0.595881	60	1.47045	9.84077	4.20557	0.9401
4	40.6561	57	-1.59512e+06	35.4451	0.578247	80	1.40296	10.6136	4.16516	1.23526
5	41.7542	55	-1.5751e+06	34.9165	0.572151	91	1.38791	9.39964	4.26831	1.18234
6	39.6726	58	-1.56058e+06	34.9346	0.566655	113	1.3686	8.9079	4.27577	0.863628
7	39.8428	56	-1.54527e+06	35.0137	0.567037	118	1.35366	8.51121	4.37107	0.910245
8	40.5553	56	-1.53736e+06	35.0257	0.562767	131	1.34046	8.75743	4.35647	0.990783
9	41.0576	56	-1.53179e+06	35.5066	0.561749	137	1.32719	8.34788	4.38957	0.991079
10	41.6989	56	-1.527e+06	35.7126	0.565862	151	1.31261	8.37174	4.2397	1.09852
11	42.632	54	-1.52372e+06	35.7981	0.57163	154	1.30371	7.4497	4.26105	1.0234
12	42.0231	53	-1.51886e+06	36.1782	0.574011	154	1.28964	7.4763	4.25071	0.969738
13	43.8464	53	-1.5136e+06	36.5032	0.577493	176	1.2755	7.42289	4.26345	1.01731
14	44.7132	52	-1.50722e+06	37.1061	0.582189	179	1.27443	7.37757	4.34825	1.06544
15	43.9727	52	-1.49643e+06	36.5001	0.598727	183	1.26871	7.42362	4.23692	0.908749
16	44.807	52	-1.48855e+06	35.4856	0.606342	181	1.26604	7.00463	4.34316	0.997027
17	44.1415	51	-1.48173e+06	34.5537	0.608147	192	1.26452	7.49131	4.37499	0.949534
18	44.9738	52	-1.47441e+06	33.2245	0.61724	189	1.25814	7.1426	4.31665	1.03593
19	44.5587	51	-1.46904e+06	32.8638	0.617474	187	1.26465	7.49025	4.22107	0.940402
20	45.2575	52	-1.46224e+06	32.3025	0.623668	190	1.26794	7.39702	4.42182	0.96343
21	45.0323	52	-1.45912e+06	31.6703	0.630363	196	1.25851	7.50278	4.35749	1.0327
22	44.4719	51	-1.45842e+06	30.7668	0.63428	193	1.25473	7.03968	4.19332	0.934169
23	45.2192	52	-1.45642e+06	29.9884	0.641576	196	1.25151	7.52233	4.276	0.97851
24	43.4803	53	-1.45644e+06	29.7307	0.653075	198	1.25654	7.23556	4.17069	0.953808
25	44.4803	51	-1.44499e+06	28.871	0.662719	190	1.25411	6.954	4.2884	0.88124
26	45.0635	54	-1.44291e+06	28.4118	0.669568	196	1.25484	6.76562	4.28061	0.86486
27	44.2738	52	-1.44157e+06	27.9124	0.67885	206	1.25097	7.10867	4.3259	0.848908
28	41.8182	52	-1.44097e+06	27.4764	0.685225	209	1.2473	6.93404	4.3499	0.862257
29	43.3272	55	-1.4396e+06	27.3851	0.690824	203	1.25034	7.41212	4.38573	1.06314
30	44.5707	52	-1.43981e+06	26.9476	0.690913	204	1.24863	7.16565	4.34112	1.01874
31	43.9413	55	-1.43976e+06	26.7492	0.693343	211	1.24833	6.60928	4.25074	0.91245
32	42.8112	54	-1.43992e+06	26.3256	0.693698	199	1.24953	6.56171	4.353	1.0326
33	44.4748	54	-1.4399e+06	26.2847	0.691144	204	1.24673	7.30836	4.24892	0.936996
34	45.3523	52	-1.43958e+06	25.9418	0.70728	192	1.24728	7.22081	4.33796	1.05418
35	44.4928	51	-1.4392e+06	25.6458	0.711381	205	1.245	7.17923	4.24675	0.909014
36	43.328	53	-1.43867e+06	25.4919	0.716194	200	1.23899	6.77898	4.30477	0.927839
37	43.9873	54	-1.43933e+06	25.32	0.715322	207	1.24185	7.33007	4.37683	0.99042
38	43.4023	51	-1.43864e+06	24.9475	0.721831	207	1.2404	7.53196	4.37893	0.890523
39	43.2171	54	-1.43905e+06	25.0006	0.717876	201	1.24515	7.12637	4.31237	0.826326
40	42.942	54	-1.4387e+06	24.8373	0.725556	203	1.24331	7.45791	4.29808	1.03567
41	42.8096	55	-1.43914e+06	24.8597	0.722157	211	1.24763	7.07096	4.26605	0.904603
42	43.4947	54	-1.43865e+06	24.753	0.727191	204	1.24498	6.64176	4.32604	0.932158
43	43.2009	55	-1.43805e+06	24.8941	0.720697	216	1.23964	7.15965	4.36515	0.965483
44	44.0509	55	-1.43891e+06	24.7533	0.720523	203	1.24497	7.18094	4.39185	0.98246
45	42.4666	53	-1.43773e+06	24.7346	0.734114	209	1.23978	7.24086	4.28292	0.995342
46	44.4999	55	-1.43745e+06	24.7079	0.738596	211	1.2381	7.14968	4.31451	0.982142
47	43.6079	54	-1.43668e+06	24.6527	0.742533	216	1.23599	6.84093	4.34154	0.980824
48	41.8215	53	-1.43639e+06	24.6324	0.739679	214	1.23507	7.14281	4.37474	1.11556
49	43.1227	54	-1.43598e+06	24.5557	0.745244	209	1.23311	6.83142	4.32418	0.960793
50	43.8864	54	-1.43597e+06	24.5646	0.746211	224	1.23462	6.58364	4.38932	0.971739
51	41.8693	53	-1.43515e+06	24.4579	0.753419	200	1.2268	6.57393	4.46124	0.86013
52	43.1704	52	-1.43526e+06	24.533	0.749637	204	1.2286	6.7528	4.41016	0.975402
53	43.6417	55	-1.43511e+06	24.4436	0.756637	198	1.2271	5.99188	4.36643	1.10917
54	43.3303	55	-1.4349e+06	24.3686	0.761986	214	1.22037	6.5684	4.32273	0.999704
55	43.2801	54	-1.43499e+06	24.4515	0.770344	202	1.21873	6.65184	4.34579	1.04559
56	43.6125	55	-1.43431e+06	24.5331	0.776418	200	1.22355	6.34109	4.28254	0.925758
57	44.731	55	-1.43379e+06	24.3961	0.784515	205	1.21841	6.5329	4.32175	0.987102
58	42.9081	53	-1.43369e+06	24.094	0.789052	205	1.21564	6.72101	4.38795	0.875041
59	45.0722	53	-1.43402e+06	24.2523	0.798253	203	1.21415	6.7938	4.42526	0.919756
60	45.5454	52	-1.43329e+06	24.1844	0.803056	176	1.20914	6.34268	4.46237	0.89816
61	44.8664	52	-1.43205e+06	24.1479	0.8232	174	1.20237	6.16087	4.46819	1.02791
62	44.7466	53	-1.43275e+06	24.1987	0.827298	180	1.20568	6.74821	4.4467	1.01639
63	45.4597	52	-1.43237e+06	24.0922	0.830579	177	1.19913	6.42303	4.45012	1.01971
64	45.1366	52	-1.43311e+06	24.2972	0.824187	185	1.20341	6.45517	4.47827	1.02467
65	44.4616	52	-1.43262e+06	24.3168	0.823425	179	1.20294	6.05825	4.30914	0.985255
66	45.5589	52	-1.43208e+06	24.4501	0.828349	180	1.20115	6.22254	4.37502	0.98228
67	45.0178	52	-1.43176e+06	24.3526	0.838341	185	1.19814	6.26847	4.36389	0.967792
68	44.4886	52	-1.43171e+06	24.2928	0.843245	184	1.19574	6.54482	4.38962	0.906136
69	44.8079	52	-1.43155e+06	24.303	0.847345	171	1.19548	6.26581	4.45671	1.05616
70	43.4029	52	-1.43179e+06	24.2741	0.846605	174	1.19364	6.28627	4.40507	0.949028
71	44.7793	52	-1.43077e+06	24.0571	0.866465	180	1.18987	6.01239	4.40892	1.10252
72	44.4125	53	-1.43041e+06	23.9663	0.873426	180	1.18971	6.23969	4.35647	0.903208
73	44.1908	53	-1.43073e+06	23.7842	0.88467	170	1.19036	6.30399	4.46113	0.972716
74	43.794	53	-1.43004e+06	23.7939	0.882891	169	1.18585	6.40692	4.4523	1.00241
75	44.9544	53	-1.43019e+06	23.7758	0.88387	179	1.18666	6.29386	4.4494	0.938578
76	44.4726	51	-1.43073e+06	23.9825	0.876371	188	1.19071	6.35785	4.46301	1.0366
77	44.1426	53	-1.42986e+06	23.9246	0.881359	166	1.18563	5.47216	4.45586	0.988722
78	44.3096	53	-1.43007e+06	24.1767	0.876912	165	1.18382	6.36484	4.4355	0.877574
79	43.1813	54	-1.42952e+06	24.1592	0.880543	157	1.18122	5.91463	4.42103	1.00579
80	44.1054	54	-1.42938e+06	24.1792	0.892234	167	1.17636	6.15564	4.35517	0.816928
81	43.4908	54	-1.42922e+06	24.15	0.894439	150	1.17731	6.20147	4.48561	1.00243
82	44.1639	54	-1.42926e+06	24.1277	0.898028	167	1.18025	6.95763	4.45102	1.10268
83	44.2861	52	-1.42886e+06	23.9651	0.905273	166	1.17911	6.26544	4.48122	1.14578
84	44.5078	52	-1.4286e+06	23.9777	0.904894	169	1.17422	6.36429	4.58194	1.00206
85	44.7578	53	-1.4281e+06	24.0127	0.900763	175	1.17063	5.94678	4.42098	1.03482
86	44.3834	53	-1.42772e+06	24.1102	0.906043	159	1.16922	6.40053	4.43189	0.992979
87	43.3534	53	-1.42824e+06	24.1881	0.913014	175	1.16723	6.19046	4.36137	0.879726
88	45.2308	52	-1.42791e+06	24.2692	0.918886	181	1.16867	5.99671	4.46669	0.968651
89	44.9547	52	-1.42737e+06	24.0442	0.929407	180	1.16577	5.76068	4.42082	0.974855
90	45.3972	53	-1.42712e+06	24.2094	0.935434	176	1.16309	5.84937	4.52397	1.00967
91	44.5109	53	-1.42682e+06	24.2976	0.948304	168	1.16136	6.09911	4.40336	0.996698
92	43.5241	53	-1.42644e+06	24.0621	0.952658	166	1.15445	5.77316	4.571	1.01527
93	43.9473	54	-1.42713e+06	24.1993	0.955331	160	1.15841	6.19398	4.4281	1.02139
94	42.5007	52	-1.42573e+06	23.9583	0.960842	158	1.15581	5.89583	4.30026	0.979973
95	43.6981	53	-1.42609e+06	24.2209	0.973887	163	1.15536	5.7674	4.39758	0.969179
96	44.5797	53	-1.42531e+06	24.1895	0.991471	181	1.14907	5.84991	4.44861	1.00331
97	44.5169	52	-1.42528e+06	23.9146	1.00718	179	1.14472	6.18818	4.46825	0.955192
98	44.7092	53	-1.42484e+06	24.1709	1.01049	175	1.14522	5.84312	4.4402	1.02097
99	45.4862	52	-1.42427e+06	24.027	1.01753	192	1.14495	5.76395	4.46109	0.941349
100	44.9377	52	-1.42439e+06	24.1793	1.00839	178	1.14204	5.75042	4.5273	0.982818
101	45.4519	52	-1.42445e+06	24.1973	1.00495	175	1.13839	6.13866	4.50401	0.995979
102	44.9528	53	-1.42421e+06	24.2443	1.01758	176	1.13563	5.65268	4.49935	0.982257
103	44.9456	52	-1.42408e+06	24.1966	1.01963	188	1.13737	5.67936	4.51069	0.990506
104	45.1805	53	-1.42388e+06	24.3913	1.01664	173	1.14026	5.65475	4.41769	1.18165
105	43.7754	51	-1.42339e+06	24.479	1.03287	193	1.13538	5.54101	4.51975	0.951919
106	45.9386	52	-1.42311e+06	24.5065	1.02427	179	1.13618	5.65653	4.42429	1.05295
107	45.2392	52	-1.42285e+06	24.4741	1.04037	189	1.13214	5.61382	4.50082	1.08001
108	45.6602	51	-1.42271e+06	24.2236	1.05793	189	1.12781	5.87918	4.42233	0.961726
109	45.4144	52	-1.42181e+06	24.2828	1.07286	179	1.12486	5.81101	4.38039	0.871854
110	45.3714	52	-1.4215e+06	24.5247	1.08781	196	1.11876	5.49408	4.4855	1.04972
111	45.842	52	-1.42118e+06	24.6393	1.09573	184	1.11682	5.4999	4.48117	1.0011
112	45.8579	52	-1.42135e+06	24.7406	1.10103	192	1.11842	5.59855	4.44491	0.919823
113	44.7163	51	-1.42126e+06	24.6255	1.09836	167	1.11841	5.15635	4.51624	0.956848
114	44.1314	52	-1.4207e+06	24.5897	1.1049	187	1.11633	5.84665	4.39647	0.984024
115	43.8431	50	-1.42042e+06	24.5758	1.11586	185	1.1133	5.65728	4.47817	1.06273
116	44.4795	52	-1.42082e+06	24.5833	1.12786	172	1.11381	5.71762	4.52263	0.9652
117	45.021	53	-1.41988e+06	24.7464	1.1297	186	1.10902	5.74369	4.49029	1.02001
118	44.4413	51	-1.41948e+06	24.6592	1.16538	185	1.10666	5.69885	4.39174	0.998381
119	45.3739	53	-1.41956e+06	24.5837	1.16984	179	1.10629	5.95851	4.40177	0.973957
120	45.092	53	-1.4194e+06	24.5919	1.17066	188	1.10621	5.6628	4.47372	0.927472
121	45.2534	52	-1.41958e+06	24.5203	1.1755	178	1.10298	5.29796	4.5186	1.04153
122	45.595	51	-1.41881e+06	24.4867	1.18576	187	1.10137	5.60492	4.51832	0.93041
123	44.9324	51	-1.41933e+06	24.5615	1.18308	196	1.10417	5.47935	4.43958	0.946918
124	45.3021	51	-1.41841e+06	24.6488	1.18646	185	1.09996	5.89438	4.4693	1.01682
125	45.1663	52	-1.41834e+06	24.7212	1.20266	180	1.09978	5.70311	4.47813	0.915057
126	45.2353	52	-1.41789e+06	24.7342	1.21478	189	1.09635	5.48541	4.5031	0.988944
127	45.0756	52	-1.41771e+06	24.5659	1.21547	186	1.09452	5.67508	4.47814	0.991017
128	45.8341	52	-1.41733e+06	24.6357	1.2342	192	1.09174	5.58517	4.53599	1.01171
129	43.7404	54	-1.4173e+06	24.638	1.24257	200	1.09415	5.60017	4.47336	1.023
130	45.5172	53	-1.41745e+06	24.6056	1.23504	196	1.0919	5.58723	4.44432	1.0451
131	44.8055	52	-1.41703e+06	24.991	1.23794	199	1.09475	5.84906	4.40694	0.926849
132	44.9252	54	-1.41665e+06	24.8198	1.24659	197	1.09331	5.88386	4.35154	0.964415
133	43.4856	53	-1.41627e+06	24.9791	1.25276	192	1.09071	5.94588	4.42696	1.00624
134	44.6607	54	-1.41671e+06	25.1091	1.24946	209	1.09004	5.24547	4.43086	0.977641
135	44.0538	53	-1.41597e+06	24.9901	1.26085	182	1.08678	5.40908	4.45292	1.00718
136	45.5185	52	-1.4164e+06	24.8629	1.27317	184	1.08584	5.51675	4.47807	1.0513
137	45.7981	52	-1.41589e+06	24.9569	1.2731	195	1.08627	5.68044	4.49592	0.919914
138	45.5499	53	-1.41599e+06	25.0752	1.2629	208	1.08483	5.37691	4.36658	0.953808
139	45.5458	52	-1.4157e+06	24.9802	1.28367	182	1.08221	5.46583	4.59568	1.04315
140	45.3159	52	-1.4154e+06	24.9788	1.28723	183	1.08214	5.45758	4.48013	1.16817
141	46.0129	52	-1.4148e+06	24.9982	1.28303	193	1.08023	5.47508	4.39564	0.931351
142	46.2503	52	-1.41592e+06	25.0526	1.27272	196	1.08423	5.53449	4.49043	0.971022
143	45.2587	52	-1.41524e+06	24.9962	1.2776	192	1.08137	5.60319	4.55111	0.991792
144	44.6887	52	-1.41547e+06	25.07	1.28992	201	1.08491	5.41898	4.45751	0.917629
145	44.53	53	-1.41532e+06	25.1358	1.2975	200	1.08154	5.86163	4.42564	1.1094
146	42.1101	55	-1.41529e+06	25.277	1.28306	209	1.07905	5.71231	4.46082	1.03856
147	42.0534	53	-1.41516e+06	25.2466	1.2797	195	1.07977	5.07063	4.45584	0.975947
148	44.651	53	-1.41586e+06	25.3528	1.28732	198	1.08217	5.43097	4.45283	1.04072
149	42.9521	53	-1.41567e+06	25.2737	1.27346	209	1.08114	5.64566	4.36871	1.02106
150	43.1634	54	-1.41455e+06	25.4158	1.29443	214	1.08062	5.39575	4.40006	1.18098
151	42.5671	55	-1.41527e+06	25.252	1.30935	198	1.08238	5.2658	4.37209	0.923247
152	43.5739	54	-1.4151e+06	25.2334	1.29697	219	1.08065	5.71716	4.44965	1.03807
153	44.1326	53	-1.41509e+06	25.198	1.29243	191	1.0815	5.64847	4.34216	1.03309
154	44.7098	52	-1.41488e+06	25.0882	1.32089	188	1.07942	5.54027	4.46468	1.04244
155	44.7492	52	-1.41503e+06	25.033	1.31587	193	1.07946	5.6152	4.51459	0.960987
156	43.5761	53	-1.41492e+06	25.1366	1.31071	200	1.07925	5.26739	4.33706	0.963188
157	42.8521	54	-1.41478e+06	25.2566	1.29041	205	1.07849	5.32294	4.59158	1.10393
158	43.4402	54	-1.41468e+06	25.1038	1.28782	196	1.0806	5.38911	4.4648	0.872479
159	45.1495	52	-1.41553e+06	25.0769	1.28351	186	1.08046	5.51609	4.46939	0.872616
160	45.0813	52	-1.41567e+06	25.013	1.28054	194	1.08009	5.85719	4.5167	0.944657
161	44.7858	52	-1.41561e+06	25.2579	1.29705	184	1.0787	5.99857	4.49404	1.08325
162	44.8505	53	-1.41446e+06	25.2241	1.29518	196	1.07709	5.80392	4.45986	1.07306
163	45.1713	53	-1.41443e+06	25.2273	1.30267	187	1.07731	5.51831	4.45592	0.993081
164	45.208	52	-1.41419e+06	25.0793	1.32118	198	1.07748	5.45174	4.38168	1.05846
165	45.2244	52	-1.41417e+06	25.1058	1.31667	196	1.07378	5.30907	4.46001	1.00617
166	45.1606	52	-1.41487e+06	25.1971	1.30044	198	1.07645	5.14894	4.41715	0.98548
167	44.8962	52	-1.41379e+06	24.9637	1.30492	187	1.07569	5.37986	4.40595	1.09219
168	45.0699	52	-1.41413e+06	25.4123	1.31161	191	1.07212	5.16386	4.49289	1.02054
169	43.792	53	-1.41443e+06	25.3099	1.32717	194	1.07258	5.15898	4.41747	1.04797
170	44.995	52	-1.41368e+06	25.3048	1.33102	189	1.06882	5.48721	4.5105	0.871522
171	44.3643	53	-1.41359e+06	25.402	1.33743	198	1.07187	4.52922	4.52608	0.878724
172	43.5365	52	-1.4132e+06	25.4537	1.33773	186	1.07174	5.27851	4.46222	0.913602
173	43.5702	51	-1.41315e+06	25.3696	1.35922	199	1.07084	5.41887	4.47742	0.971888
174	43.282	54	-1.41354e+06	25.3494	1.36045	200	1.07013	5.17015	4.49503	1.01802
175	44.41	52	-1.41314e+06	25.1709	1.34741	193	1.07006	5.07235	4.47518	1.06254
176	45.3239	52	-1.41398e+06	25.1714	1.35902	193	1.07048	5.21762	4.46732	1.10115
177	43.6172	53	-1.41344e+06	25.1747	1.36982	195	1.07034	5.34752	4.50359	0.909665
178	44.8124	52	-1.414e+06	25.0955	1.37502	182	1.07335	5.17041	4.5158	0.958293
179	45.0696	52	-1.41448e+06	24.9953	1.34437	189	1.07283	4.73204	4.55677	1.13649
180	44.6564	52	-1.41454e+06	24.8112	1.34743	191	1.07226	5.14302	4.52432	1.12422
181	44.9022	52	-1.41381e+06	25.0005	1.33077	192	1.07578	5.20489	4.49111	0.985888
182	43.1783	54	-1.41439e+06	25.2979	1.31493	216	1.07617	4.99601	4.4187	0.96369
183	43.3668	54	-1.41378e+06	25.2488	1.32494	220	1.07303	5.60165	4.41638	0.984599
184	42.8286	53	-1.41388e+06	25.3168	1.32182	206	1.07106	5.396	4.48428	0.879028
185	42.4444	54	-1.41405e+06	25.302	1.33297	211	1.07203	5.07383	4.50626	0.958241
186	42.7883	54	-1.41398e+06	25.003	1.33049	200	1.07396	5.23507	4.38868	1.05978
187	43.3558	54	-1.41396e+06	24.9217	1.33901	210	1.07252	4.84524	4.44123	1.02552
188	43.5965	53	-1.41353e+06	24.9382	1.33182	211	1.0741	5.51611	4.46537	1.02715
189	41.8442	54	-1.4145e+06	25.0256	1.32508	208	1.07509	5.05533	4.47863	1.00009
190	43.9895	54	-1.41375e+06	25.0862	1.35503	206	1.07496	4.95423	4.43579	0.940531
191	42.5054	53	-1.41418e+06	25.0475	1.34933	195	1.07272	5.08423	4.44448	1.08144
192	43.7916	51	-1.41346e+06	24.8897	1.34834	197	1.07075	5.05291	4.46923	0.885625
193	45.1896	52	-1.41366e+06	25.1271	1.35701	192	1.07153	5.2079	4.53633	0.968737
194	45.0511	52	-1.41378e+06	25.1758	1.34398	183	1.06982	4.94435	4.55309	0.958157
195	44.2455	51	-1.41418e+06	25.3974	1.34287	193	1.07351	5.08074	4.46829	1.09268
196	44.429	51	-1.41327e+06	25.3365	1.34883	197	1.07287	5.06929	4.48603	1.03984
197	43.8539	53	-1.41326e+06	25.1764	1.37466	202	1.07264	4.94792	4.43625	1.03498
198	43.2874	54	-1.41318e+06	25.1878	1.36574	197	1.07168	5.18972	4.44892	1.09678
199	43.42	52	-1.41345e+06	25.2798	1.35883	201	1.06855	5.19343	4.48287	0.978329
200	43.9409	53	-1.41341e+06	25.3351	1.35367	195	1.0702	5.39131	4.46544	1.02508
201	44.2036	52	-1.41322e+06	25.2301	1.37547	182	1.06764	5.35735	4.47966	1.05093
202	44.4383	51	-1.41318e+06	25.1687	1.36449	196	1.06697	4.95336	4.54334	0.95512
203	45.1125	52	-1.41299e+06	25.0976	1.35417	190	1.06726	5.09834	4.4993	1.01572
204	44.87	52	-1.41303e+06	25.3897	1.35615	184	1.06729	5.26611	4.6042	0.796721
205	45.0192	52	-1.41289e+06	25.2686	1.36181	194	1.06728	5.31157	4.46688	0.996835
206	44.7134	52	-1.41245e+06	25.368	1.36007	191	1.06963	5.07475	4.40392	1.00818
207	44.406	52	-1.41366e+06	25.1414	1.34042	188	1.07096	4.9946	4.42268	0.92588
208	44.3839	51	-1.4138e+06	25.0141	1.33708	191	1.07106	4.88841	4.48613	1.07549
209	45.1091	52	-1.41277e+06	25.109	1.35047	192	1.07145	5.20882	4.48315	0.984068
210	45.3249	52	-1.41306e+06	25.1745	1.37464	178	1.06793	5.22188	4.49729	1.0042
211	45.1563	52	-1.41269e+06	25.202	1.36596	188	1.06725	5.23352	4.5451	0.995245
212	45.1901	52	-1.41288e+06	25.2962	1.38201	187	1.06533	5.13995	4.55746	0.973756
213	44.7427	52	-1.41304e+06	25.2127	1.37286	175	1.0646	4.80507	4.48076	0.941919
214	44.5172	52	-1.41266e+06	25.1638	1.39225	180	1.0667	5.18307	4.47698	0.919784
215	45.083	52	-1.41311e+06	25.0518	1.39007	196	1.0657	5.39474	4.5443	0.917829
216	44.7102	52	-1.4131e+06	24.9938	1.38379	188	1.07226	5.20231	4.51386	0.94686
217	44.9902	52	-1.41305e+06	24.8359	1.3835	186	1.06854	5.31069	4.45028	1.03467
218	44.6084	51	-1.41332e+06	25.0556	1.38084	177	1.06617	5.44218	4.4724	0.935846
219	44.6403	52	-1.41313e+06	25.2229	1.37815	210	1.06763	5.27998	4.44606	1.03265
220	44.7661	52	-1.41316e+06	25.0258	1.38113	193	1.06626	4.77657	4.48582	0.937186
221	44.7162	52	-1.41308e+06	25.1541	1.37608	175	1.06673	4.96538	4.44142	0.94542
222	44.2717	52	-1.41325e+06	25.2011	1.35738	183	1.07207	5.13637	4.53208	1.04716
223	44.8826	51	-1.41338e+06	25.0469	1.33734	181	1.07212	4.81825	4.53812	1.08194
224	44.1139	52	-1.41341e+06	25.202	1.32339	190	1.06952	4.74844	4.44613	1.01102
225	44.94	52	-1.41313e+06	25.3404	1.354	181	1.0693	5.04114	4.49433	0.898746
226	44.102	51	-1.41301e+06	25.2275	1.34867	173	1.07019	5.38362	4.48451	1.09715
227	44.6131	51	-1.41315e+06	25.2057	1.34562	185	1.069	4.82961	4.50765	1.11588
228	44.1784	53	-1.41339e+06	24.9503	1.34909	208	1.06716	5.35894	4.41997	1.02934
229	45.3095	52	-1.41352e+06	24.9839	1.34494	194	1.06823	5.01618	4.44805	0.958933
230	43.6512	53	-1.41314e+06	25.1071	1.34489	190	1.07051	4.9424	4.45761	0.995594
231	42.6038	54	-1.41378e+06	25.2143	1.33265	195	1.07275	5.29647	4.50313	0.957101
232	44.4834	53	-1.4135e+06	25.1211	1.34269	190	1.07221	5.24102	4.4869	0.860594
233	44.9847	52	-1.41355e+06	25.1159	1.33914	198	1.07155	5.39894	4.45619	0.946343
234	45.178	52	-1.41351e+06	25.0775	1.33518	190	1.0725	5.42667	4.57838	1.03014
235	45.2461	52	-1.41407e+06	25.1786	1.3172	196	1.07534	5.09234	4.52895	0.976124
236	44.9065	52	-1.41443e+06	25.2307	1.30843	178	1.07639	5.16807	4.48142	0.949434
237	45.3207	52	-1.41351e+06	25.2321	1.32599	183	1.07412	5.34472	4.53502	1.11472
238	45.2207	52	-1.41412e+06	25.351	1.30819	189	1.07668	5.62222	4.49764	1.15157
239	44.5552	53	-1.41379e+06	25.1389	1.32121	206	1.0734	5.02592	4.41534	1.05098
240	44.3686	53	-1.41341e+06	25.2682	1.31695	183	1.07488	4.85668	4.39674	1.0039
241	43.8252	53	-1.41383e+06	25.5088	1.31313	199	1.07589	5.23932	4.52752	1.0146
242	44.4102	53	-1.41351e+06	25.4922	1.31238	196	1.07161	5.0572	4.44707	0.931421
243	44.4671	53	-1.41332e+06	25.4239	1.32397	187	1.06969	5.41431	4.37954	0.978823
244	44.4341	51	-1.41357e+06	25.5502	1.31626	195	1.07207	5.11621	4.49004	0.883744
245	44.2604	53	-1.4135e+06	25.4163	1.31579	199	1.07206	5.4731	4.4938	0.864853
246	44.1879	52	-1.41318e+06	25.4938	1.32541	194	1.0698	5.16968	4.4391	0.965013
247	44.9905	52	-1.41361e+06	25.4847	1.32395	190	1.07299	5.21913	4.5219	0.829076
248	42.4946	53	-1.41314e+06	25.4339	1.33001	209	1.07094	5.49631	4.52456	0.869454
249	44.3082	52	-1.41257e+06	25.5182	1.33318	188	1.07018	5.16336	4.49147	1.00821
250	44.2011	51	-1.41285e+06	25.5649	1.32909	194	1.06988	5.01037	4.45124	0.934846
251	44.4761	51	-1.41342e+06	25.5299	1.30884	191	1.07078	5.14918	4.52443	1.02494
252	44.1219	53	-1.41363e+06	25.5666	1.31333	198	1.0711	5.18082	4.43747	1.08147
253	43.3058	51	-1.4138e+06	25.5385	1.31384	189	1.07305	5.08275	4.49256	0.975599
254	44.7696	52	-1.41386e+06	25.5602	1.31468	184	1.07383	5.1881	4.39202	0.955829
255	44.9123	52	-1.41358e+06	25.4848	1.31373	184	1.07054	4.99954	4.42258	0.986432
256	45.1805	51	-1.4139e+06	25.4171	1.31337	189	1.07315	4.85914	4.45911	1.00608
257	44.2273	53	-1.41273e+06	25.3832	1.3353	195	1.06568	4.85155	4.45514	0.949472
258	43.7746	52	-1.41263e+06	25.5096	1.3391	203	1.06881	4.85137	4.50621	1.18452
259	43.1237	52	-1.41319e+06	25.6138	1.33512	194	1.06699	4.74079	4.52221	1.07903
260	44.3475	52	-1.41305e+06	25.5404	1.33687	198	1.0671	5.07545	4.47382	1.03205
261	43.1944	54	-1.41252e+06	25.4204	1.33201	217	1.06855	5.10986	4.43077	1.04914
262	43.8987	53	-1.41263e+06	25.5495	1.32551	188	1.06812	4.75315	4.4268	1.02808
263	42.8766	54	-1.41237e+06	25.6643	1.34616	212	1.06812	5.02192	4.39567	0.939425
264	43.5251	53	-1.41173e+06	25.4313	1.34314	190	1.06722	4.9772	4.43725	1.04357
265	44.6389	52	-1.41209e+06	25.4711	1.35329	189	1.06742	4.91333	4.44677	1.07142
266	44.8443	52	-1.41296e+06	25.6115	1.32517	201	1.07013	5.00568	4.46022	0.960672
267	44.4415	53	-1.41308e+06	25.316	1.34216	202	1.06791	4.90007	4.38088	0.975284
268	42.2916	54	-1.41325e+06	25.2745	1.32928	198	1.06907	4.60949	4.52437	0.949991
269	44.3824	51	-1.41331e+06	25.2213	1.31807	190	1.0739	4.9735	4.51803	0.970092
270	44.9478	52	-1.41364e+06	25.0863	1.30757	182	1.07299	4.80439	4.50317	0.917527
271	44.5255	51	-1.41364e+06	25.1837	1.30817	202	1.07129	4.93206	4.46382	0.910676
272	43.4462	53	-1.41272e+06	25.2737	1.33558	186	1.06808	5.07194	4.46189	0.976618
273	45.1768	52	-1.41241e+06	25.3657	1.34961	192	1.06753	4.7548	4.48367	1.03936
274	42.629	52	-1.412e+06	25.2176	1.34677	192	1.06519	4.9726	4.48529	0.898043
275	43.8223	51	-1.41257e+06	25.1674	1.34434	194	1.06816	4.88689	4.48432	1.00364
276	43.5955	53	-1.41309e+06	25.1987	1.33793	199	1.0689	5.64117	4.5195	0.916706
277	43.9277	52	-1.41274e+06	25.2695	1.34498	187	1.06681	4.81332	4.42167	0.955615
278	44.1693	53	-1.4127e+06	25.5106	1.34536	196	1.07086	5.19221	4.41025	1.00614
279	44.3634	53	-1.41296e+06	25.373	1.33166	212	1.06956	4.97759	4.48243	1.1302
280	42.2942	54	-1.41254e+06	25.4528	1.31817	207	1.06718	5.01656	4.57689	0.968588
281	43.295	54	-1.41235e+06	25.4447	1.33226	212	1.06716	4.89292	4.51855	0.883046
282	43.3271	54	-1.41278e+06	25.4978	1.33069	197	1.06624	4.91746	4.52014	0.894429
283	42.9938	54	-1.41264e+06	25.5846	1.32877	205	1.06986	5.07125	4.57527	1.00932
284	42.5059	54	-1.41219e+06	25.387	1.34232	214	1.06795	4.9082	4.56135	1.033
285	42.1845	54	-1.41269e+06	25.4539	1.32974	203	1.06879	4.56919	4.43862	1.06224
286	41.7325	54	-1.41287e+06	25.5942	1.33449	200	1.0673	4.74204	4.42747	1.07228
287	42.642	55	-1.41244e+06	25.5559	1.32648	202	1.06854	4.86002	4.60766	0.92162
288	43.3159	53	-1.41222e+06	25.5219	1.34467	198	1.06923	4.66386	4.59884	1.19231
289	42.6379	55	-1.41253e+06	25.4067	1.33389	200	1.06844	5.02638	4.39682	0.995521
290	43.0772	54	-1.41239e+06	25.4183	1.33012	208	1.06875	4.8795	4.45087	0.946921
291	43.6738	55	-1.41223e+06	25.4041	1.34054	217	1.06791	4.94797	4.54116	1.02849
292	42.7437	54	-1.41248e+06	25.3683	1.33778	217	1.06839	5.10457	4.56197	0.983038
293	41.9869	54	-1.41271e+06	25.6078	1.32385	189	1.06744	4.60068	4.49353	0.973228
294	42.7731	54	-1.41201e+06	25.5044	1.32395	204	1.06593	4.968	4.50896	0.944515
295	43.5017	54	-1.41275e+06	25.4068	1.32071	204	1.06738	4.89859	4.45838	0.996217
296	42.8932	53	-1.41179e+06	25.4821	1.34189	202	1.06354	4.72518	4.49292	0.897751
297	42.9179	52	-1.41248e+06	25.5136	1.33062	203	1.06654	4.83922	4.46861	0.961171
298	42.9826	54	-1.41221e+06	25.8175	1.33235	199	1.06429	4.60834	4.48985	1.04051
299	44.0003	52	-1.41253e+06	25.7804	1.32499	188	1.06794	5.07815	4.45469	0.887559
300	45.0806	52	-1.41216e+06	25.8429	1.31097	193	1.06537	4.95524	4.48909	0.970118
301	43.8358	53	-1.41221e+06	25.7768	1.32766	194	1.06812	5.1747	4.42249	0.991805
302	44.607	52	-1.41244e+06	25.6413	1.32251	193	1.06601	5.08486	4.50911	0.985007
303	43.5201	53	-1.41236e+06	25.6192	1.34084	207	1.06638	4.97472	4.54487	1.13133
304	44.546	53	-1.41254e+06	25.39	1.33864	191	1.06561	4.68516	4.48022	0.974987
305	44.6928	52	-1.41281e+06	25.4693	1.3449	198	1.06777	5.30179	4.47643	0.910098
306	44.8899	52	-1.41239e+06	25.488	1.33096	207	1.06824	4.88707	4.40345	1.0807
307	43.3175	53	-1.41319e+06	25.3601	1.32729	210	1.07096	5.12329	4.48027	1.00752
308	43.841	53	-1.41278e+06	25.424	1.31501	202	1.07082	4.9873	4.47972	1.01706
309	43.4758	53	-1.41254e+06	25.4325	1.32344	203	1.07044	4.82566	4.48402	0.863252
310	43.1724	54	-1.41339e+06	25.7547	1.32126	203	1.07164	4.95162	4.47431	0.859315
311	43.4611	53	-1.41304e+06	25.7649	1.31173	194	1.07064	4.81143	4.47943	0.985404
312	43.1963	54	-1.41247e+06	25.7024	1.31689	212	1.06997	4.67029	4.48165	1.01096
313	43.9363	53	-1.41266e+06	25.72	1.30657	188	1.06843	4.4957	4.54163	1.07157
314	42.6802	52	-1.41241e+06	25.662	1.30928	200	1.06729	4.83513	4.41847	0.988649
315	43.8629	52	-1.41295e+06	25.8456	1.3131	195	1.06793	5.05075	4.49209	0.881288
316	45.3088	52	-1.41224e+06	25.6109	1.32933	182	1.06439	4.99632	4.47231	1.03391
317	44.6916	52	-1.41231e+06	25.7618	1.32697	180	1.06533	4.99321	4.51073	0.973821
318	44.7797	52	-1.41292e+06	25.5921	1.33226	196	1.07076	5.0585	4.47548	0.967834
319	45.1337	51	-1.41267e+06	25.4462	1.33176	187	1.06767	4.65133	4.55158	1.1506
320	45.2773	52	-1.41282e+06	25.4605	1.32159	185	1.06938	4.8534	4.4914	0.979646
321	44.2725	52	-1.4127e+06	25.3294	1.3226	186	1.06991	4.91388	4.53366	0.926113
322	45.2083	52	-1.41324e+06	25.4879	1.31847	187	1.07307	4.95647	4.49876	0.98867
323	44.6867	52	-1.41366e+06	25.4733	1.2988	193	1.07343	5.28022	4.43877	0.891162
324	44.2349	53	-1.4132e+06	25.5849	1.29614	183	1.07004	5.14302	4.51514	1.07459
325	44.0904	51	-1.41352e+06	25.5558	1.30577	191	1.07032	5.11414	4.4752	1.01736
326	44.0447	54	-1.41401e+06	25.6971	1.30628	188	1.07414	4.90426	4.4911	1.13766
327	44.3053	52	-1.41296e+06	25.6087	1.31627	187	1.07065	4.90398	4.39539	0.98062
328	45.3185	52	-1.41288e+06	25.6114	1.32329	197	1.06933	4.853	4.53231	0.905835
329	43.2023	54	-1.41295e+06	25.5106	1.34416	203	1.06743	5.11831	4.48668	1.07923
330	42.3067	55	-1.41268e+06	25.3433	1.33716	200	1.06831	5.07486	4.4452	0.916897
331	42.9631	55	-1.41262e+06	25.4198	1.34154	208	1.06886	4.80437	4.49629	0.969544
332	42.9747	54	-1.41341e+06	25.4619	1.33462	204	1.07053	4.51929	4.46677	1.07679
333	42.9262	54	-1.4126e+06	25.4346	1.34055	202	1.06869	4.70334	4.48754	1.01739
334	43.3738	54	-1.4131e+06	25.5159	1.33532	195	1.06937	4.94307	4.51763	0.935835
335	43.3154	54	-1.41292e+06	25.4006	1.33224	205	1.06664	5.08874	4.5089	1.04897
336	44.4273	52	-1.41279e+06	25.6799	1.31087	188	1.06865	4.93245	4.61384	1.01672
337	43.2543	54	-1.41305e+06	25.4913	1.32689	217	1.07044	5.19158	4.40813	0.919164
338	42.4894	54	-1.41275e+06	25.3496	1.31876	208	1.0693	5.13411	4.46423	0.95788
339	43.061	55	-1.41271e+06	25.1422	1.32222	205	1.06828	4.75068	4.38279	0.912342
340	42.9468	54	-1.41308e+06	25.5577	1.31203	215	1.07061	4.90788	4.41459	1.08019
341	42.7559	54	-1.41273e+06	25.5691	1.32127	204	1.06914	4.99235	4.47255	1.16069
342	42.7809	55	-1.41216e+06	25.5125	1.32438	201	1.06689	5.25773	4.55882	1.08432
343	43.0951	53	-1.41281e+06	25.3376	1.32078	193	1.06852	4.70735	4.49477	0.93215
344	45.2993	52	-1.41358e+06	25.4086	1.32248	191	1.07219	4.82254	4.49785	0.863622
345	43.8469	52	-1.41337e+06	25.5144	1.32272	180	1.0729	5.1033	4.45049	0.886701
346	44.0014	52	-1.41314e+06	25.7133	1.3392	181	1.06983	4.4455	4.56893	0.997436
347	44.8401	52	-1.41292e+06	25.2749	1.34794	191	1.06584	4.9319	4.48764	1.0464
348	43.3592	51	-1.41293e+06	25.2202	1.34406	200	1.06817	4.84274	4.59091	0.965349
349	44.047	53	-1.4132e+06	25.1025	1.34882	203	1.06908	4.66014	4.46722	0.992326
350	43.0987	54	-1.41343e+06	25.1748	1.33775	212	1.07096	5.09127	4.39246	0.977375
351	43.1618	54	-1.41341e+06	25.1562	1.33007	212	1.07176	5.26498	4.47449	0.982251
352	42.9107	54	-1.41278e+06	25.0107	1.34768	209	1.07108	5.08612	4.46236	0.991318
353	43.2022	54	-1.41213e+06	25.1164	1.35038	215	1.06664	5.10268	4.5079	0.980305
354	43.2078	54	-1.41311e+06	25.586	1.32342	220	1.07309	5.01117	4.51599	1.03197
355	43.0699	54	-1.41284e+06	25.3812	1.32101	223	1.07339	5.04826	4.44064	0.979876
356	43.181	54	-1.41336e+06	25.2699	1.33182	209	1.06979	5.06296	4.49034	0.996008
357	42.7377	54	-1.41251e+06	25.2046	1.35288	204	1.06892	4.82902	4.42064	1.1228
358	42.5497	55	-1.41292e+06	25.3299	1.34233	208	1.07093	4.75073	4.49507	0.974773
359	42.3019	53	-1.4129e+06	25.2674	1.34273	206	1.07097	4.69384	4.50882	1.04986
360	42.1299	54	-1.41342e+06	25.1974	1.35135	199	1.07181	4.82594	4.52683	0.964155
361	43.5384	53	-1.41296e+06	25.172	1.33685	197	1.07116	4.72704	4.43573	1.09478
362	45.0112	52	-1.41286e+06	24.9934	1.36084	191	1.06637	4.57631	4.51578	0.96064
363	45.1201	52	-1.41273e+06	25.2283	1.35456	195	1.06914	5.08449	4.51708	0.964452
364	43.7567	53	-1.4127e+06	25.1567	1.34486	197	1.06858	4.99115	4.51678	0.919204
365	42.7392	53	-1.41356e+06	25.2835	1.33143	193	1.07004	4.82776	4.46592	0.849632
366	44.3015	53	-1.4128e+06	25.4304	1.33994	191	1.07262	4.8611	4.58297	1.0531
367	45.1738	51	-1.41295e+06	25.4395	1.32954	192	1.07305	4.84658	4.55572	0.933958
368	44.4982	52	-1.41228e+06	25.3749	1.3263	200	1.06792	5.13964	4.46267	0.991433
369	43.7083	53	-1.41276e+06	25.5304	1.33259	203	1.0671	4.6975	4.46161	0.983096
370	44.4179	51	-1.41237e+06	25.6063	1.32882	194	1.06604	4.78219	4.45705	1.00691
371	45.1315	52	-1.41254e+06	25.8366	1.32423	189	1.06834	4.84872	4.45789	0.941889
372	44.9413	52	-1.41242e+06	25.7212	1.33123	190	1.06716	4.75801	4.59279	0.933057
373	44.9661	52	-1.41304e+06	25.6174	1.32808	204	1.07023	5.24599	4.49125	0.956642
374	44.0392	53	-1.41276e+06	25.4725	1.32948	195	1.0692	5.07162	4.56795	0.987028
375	43.7135	51	-1.41322e+06	25.2931	1.34148	184	1.06743	5.11438	4.53431	1.09341
376	44.9885	53	-1.41307e+06	25.3117	1.32643	185	1.07084	5.04828	4.47724	1.05051
377	44.9434	52	-1.41325e+06	25.4371	1.32754	192	1.07102	4.55372	4.48892	0.974275
378	44.6352	52	-1.41297e+06	25.5946	1.30162	175	1.06999	5.03229	4.53523	1.00477
379	44.8144	52	-1.41228e+06	25.6859	1.29731	184	1.06766	4.97077	4.55122	0.982063
380	45.0987	52	-1.41305e+06	25.5281	1.3038	194	1.0696	5.00853	4.48252	0.926815
381	44.9972	52	-1.41301e+06	25.4971	1.31493	182	1.06865	5.06745	4.62198	0.941869
382	44.7622	52	-1.41261e+06	25.6469	1.30038	195	1.06753	5.2745	4.55188	1.105
383	44.3556	53	-1.41319e+06	25.6616	1.30249	193	1.06849	5.08809	4.48036	1.14668
384	44.4063	52	-1.41276e+06	25.3865	1.31388	195	1.06508	4.79587	4.46179	0.89518
385	45.0977	52	-1.4124e+06	25.4963	1.33081	197	1.0666	4.92068	4.54551	0.909907
386	43.8109	53	-1.41263e+06	25.8021	1.32493	197	1.06501	4.79489	4.46903	1.00139
387	42.7394	55	-1.41232e+06	25.6967	1.32567	208	1.06635	4.69969	4.4003	1.00439
388	44.3553	53	-1.41265e+06	25.5828	1.32731	194	1.06522	5.17539	4.50094	1.1363
389	44.6004	53	-1.41262e+06	25.5697	1.3396	203	1.06724	4.96505	4.5138	1.00327
390	44.3253	53	-1.41257e+06	25.5635	1.33726	191	1.06833	4.70543	4.4753	0.943181
391	44.1082	53	-1.4125e+06	25.5284	1.3431	198	1.06524	4.79923	4.49793	0.952395
392	44.9866	52	-1.41299e+06	25.4879	1.32696	186	1.06799	4.76313	4.53932	0.841371
393	44.9105	52	-1.41239e+06	25.3954	1.32569	191	1.06608	5.39882	4.57614	1.06588
394	44.4917	52	-1.41189e+06	25.3921	1.3347	199	1.06503	4.9189	4.49787	1.01945
395	43.7168	52	-1.41224e+06	25.4031	1.33947	199	1.06615	4.81288	4.56157	0.967017
396	43.3084	55	-1.41202e+06	25.3251	1.34891	199	1.06763	5.25753	4.52345	1.01617
397	44.6426	53	-1.41278e+06	25.3645	1.35143	201	1.06818	5.02783	4.41936	1.15081
398	43.1311	53	-1.41205e+06	25.2404	1.3531	201	1.06542	4.79563	4.44346	0.956807
399	41.6112	53	-1.41285e+06	25.2646	1.3529	210	1.07101	4.97318	4.45303	1.03889
400	41.6089	52	-1.41239e+06	25.4357	1.35884	206	1.06896	5.1502	4.46256	1.15319
401	43.2253	54	-1.41232e+06	25.4125	1.357	205	1.06895	5.17651	4.4793	0.977617
402	43.9638	51	-1.41271e+06	25.2618	1.33856	193	1.07189	5.01267	4.52678	0.996349
403	42.5326	54	-1.41311e+06	25.3894	1.33917	199	1.07116	5.0379	4.53331	0.89696
404	44.5048	52	-1.41296e+06	25.2955	1.32744	194	1.07034	5.20457	4.56406	1.04798
405	44.8655	53	-1.41387e+06	25.36	1.30708	180	1.07285	5.00519	4.53836	1.01059
406	45.3186	52	-1.41286e+06	25.3999	1.3088	185	1.06916	4.84047	4.47424	0.976612
407	43.8454	52	-1.41286e+06	25.3931	1.32468	205	1.06967	5.08353	4.52435	1.09912
408	42.943	55	-1.41285e+06	25.4321	1.32856	218	1.06834	4.90833	4.53033	1.01651
409	42.9819	55	-1.41227e+06	25.3484	1.3281	207	1.07144	5.20189	4.56668	1.02986
410	43.1295	55	-1.41266e+06	25.4005	1.32844	218	1.06757	5.19101	4.55433	1.04467
411	44.3743	53	-1.41246e+06	25.4002	1.31125	228	1.0691	4.97573	4.57919	1.08877
412	43.6688	54	-1.41213e+06	25.5724	1.32215	221	1.06731	4.90506	4.59731	0.980808
413	43.5961	54	-1.41311e+06	25.5334	1.31154	204	1.06918	4.99962	4.52329	0.980571
414	43.3554	55	-1.41282e+06	25.5005	1.32511	200	1.06878	4.90225	4.49605	1.07076
415	42.6489	54	-1.41285e+06	25.6172	1.31122	210	1.07089	4.90337	4.53998	1.09943
416	43.3551	53	-1.41203e+06	25.7943	1.32203	218	1.06459	4.90597	4.53567	0.922394
417	42.4315	53	-1.41223e+06	25.63	1.33037	210	1.06362	4.96184	4.50064	0.902141
418	41.4311	53	-1.41227e+06	25.3988	1.33071	200	1.06533	4.64164	4.58416	0.985402
419	42.9635	55	-1.41202e+06	25.463	1.34457	210	1.06709	4.87381	4.50268	0.951065
420	42.986	54	-1.41245e+06	25.3615	1.33142	203	1.06873	5.13941	4.48767	0.977001
421	43.7765	54	-1.41221e+06	25.3972	1.33971	186	1.06582	5.04926	4.59889	1.05828
422	45.8437	52	-1.41278e+06	25.5023	1.33627	194	1.06688	4.88362	4.56014	1.03014
423	45.4498	52	-1.41248e+06	25.5219	1.31521	181	1.06849	4.74942	4.51926	1.08541
424	45.1662	53	-1.41255e+06	25.4447	1.32288	205	1.07095	5.14335	4.44523	1.05438
425	43.5711	55	-1.41239e+06	25.3072	1.31874	205	1.07063	5.01214	4.47287	1.02763
426	43.5524	55	-1.41276e+06	25.197	1.33388	219	1.07047	4.92907	4.44248	1.04875
427	43.0837	54	-1.41313e+06	25.204	1.34158	194	1.07222	5.09659	4.42791	1.06897
428	42.7541	55	-1.41282e+06	25.2166	1.33606	202	1.07178	4.82906	4.4724	1.01258
429	44.3121	53	-1.4125e+06	25.091	1.33673	197	1.07089	4.96093	4.49382	0.917886
430	44.0746	54	-1.41229e+06	25.1311	1.35238	202	1.06783	4.94025	4.53848	1.13273
431	44.5857	52	-1.41294e+06	25.1626	1.35494	185	1.06782	4.876	4.54077	0.946783
432	44.4525	53	-1.41252e+06	25.1865	1.34386	205	1.06675	4.84622	4.54286	1.0467
433	43.6019	54	-1.41254e+06	25.2142	1.3463	199	1.07093	4.53273	4.52707	0.969241
434	45.2281	52	-1.41299e+06	25.3815	1.33854	185	1.06984	5.04589	4.55524	0.946645
435	43.404	54	-1.41321e+06	25.4062	1.32415	210	1.06893	5.15221	4.55896	0.943269
436	43.088	55	-1.41283e+06	25.2132	1.3243	204	1.06733	4.69862	4.50591	0.929915
437	43.2059	55	-1.41258e+06	25.3885	1.3051	206	1.06913	4.89672	4.46198	0.990995
438	42.835	55	-1.41268e+06	25.3925	1.3112	222	1.06979	4.63574	4.37203	1.09783
439	43.181	55	-1.41194e+06	25.5189	1.32343	215	1.06485	4.76462	4.46559	0.991976
440	43.6723	54	-1.41263e+06	25.3491	1.33076	209	1.06852	4.87585	4.6036	0.900312
441	43.7503	54	-1.41294e+06	25.3712	1.32591	198	1.06822	4.91672	4.42937	0.969073
442	43.2445	54	-1.41233e+06	25.2593	1.33989	213	1.06681	4.79239	4.49033	1.01885
443	43.8796	54	-1.41259e+06	25.2886	1.34494	194	1.06803	4.85651	4.53264	0.954244
444	42.5173	54	-1.41262e+06	25.1998	1.32175	210	1.06941	4.93627	4.44636	1.07179
445	42.8797	54	-1.41294e+06	25.3219	1.31879	215	1.06866	5.01628	4.53308	1.07835
446	42.1997	54	-1.41299e+06	25.3497	1.32457	214	1.07115	4.99579	4.52466	0.939999
447	43.6165	55	-1.4128e+06	25.149	1.32533	198	1.07154	4.81857	4.53593	1.0377
448	42.6814	53	-1.41244e+06	25.3702	1.31852	230	1.0714	4.56486	4.51934	1.11826
449	43.5713	54	-1.41311e+06	25.1938	1.33244	225	1.06948	4.61617	4.56026	0.948828
450	43.3169	54	-1.41294e+06	25.1676	1.31119	206	1.07049	4.88853	4.4435	0.932637
451	42.7458	54	-1.41278e+06	25.1939	1.32097	220	1.07064	4.89534	4.5211	1.00545
452	43.5886	55	-1.41278e+06	25.5067	1.31357	198	1.06846	4.96995	4.48059	0.95692
453	42.4293	54	-1.4125e+06	25.1738	1.32403	217	1.06941	4.78127	4.48431	1.18097
454	43.0748	55	-1.41295e+06	24.9869	1.32381	215	1.07323	4.61544	4.49469	1.10474
455	44.1039	54	-1.41244e+06	25.0265	1.32575	211	1.06709	4.88144	4.42412	0.984678
456	43.517	55	-1.41291e+06	25.2383	1.32314	207	1.06893	4.96594	4.46915	0.934332
457	43.5785	55	-1.41231e+06	25.2196	1.32018	205	1.0646	4.90012	4.43405	1.1518
458	44.9296	53	-1.41266e+06	25.4522	1.32924	200	1.06636	4.3574	4.50884	0.900487
459	42.1084	54	-1.41218e+06	25.4822	1.33842	204	1.06674	4.57709	4.48295	0.998175
460	43.1042	54	-1.41279e+06	25.4359	1.31512	209	1.06754	4.42844	4.51221	0.9811
461	41.3967	53	-1.41232e+06	25.6361	1.30531	205	1.07101	5.07357	4.43358	1.06051
462	44.152	54	-1.41303e+06	25.5754	1.32358	225	1.07157	4.83558	4.46399	0.969236
463	44.4623	53	-1.41258e+06	25.4184	1.32238	216	1.07102	5.04002	4.46135	0.97696
464	41.5452	52	-1.41269e+06	25.5792	1.31109	209	1.0694	4.82343	4.56668	0.992132
465	43.4002	55	-1.41238e+06	25.5376	1.29895	195	1.0693	4.76037	4.51619	0.933566
466	43.2221	54	-1.41253e+06	25.481	1.29165	216	1.06963	5.1272	4.52707	0.954603
467	43.0288	55	-1.41263e+06	25.4996	1.30288	208	1.06709	4.8988	4.70243	0.936591
468	42.4115	54	-1.41262e+06	25.4543	1.299	202	1.06868	4.50362	4.55736	1.04436
469	42.4822	54	-1.41232e+06	25.3609	1.31661	205	1.06626	4.5736	4.51903	0.811752
470	43.0974	55	-1.41239e+06	25.537	1.30559	209	1.06997	4.99961	4.51752	0.969596
471	42.9676	55	-1.41251e+06	25.4757	1.31235	215	1.06894	4.71941	4.57125	0.873535
472	43.3977	54	-1.41286e+06	25.5376	1.30518	215	1.07052	5.01345	4.54718	0.959949
473	43.3046	55	-1.41255e+06	25.5421	1.32555	209	1.06671	4.83841	4.5157	0.966183
474	43.8424	54	-1.41303e+06	25.4726	1.32982	222	1.06761	4.99992	4.55349	0.904054
475	43.8548	54	-1.41273e+06	25.4421	1.33042	228	1.06773	4.77454	4.48083	1.03491
476	42.9714	54	-1.41283e+06	25.4293	1.31361	221	1.07208	4.86061	4.45788	1.05458
477	43.6719	54	-1.41292e+06	25.4002	1.31683	221	1.07119	4.94977	4.45281	1.05771
478	43.1059	53	-1.41306e+06	25.2542	1.31738	211	1.07052	4.64249	4.46326	0.927553
479	43.4401	54	-1.41329e+06	25.2878	1.30965	225	1.07213	4.77472	4.61284	1.01745
480	43.6079	54	-1.41308e+06	25.1873	1.31932	217	1.06863	4.57843	4.44164	0.957445
481	42.8031	53	-1.41252e+06	25.3955	1.315	209	1.06801	4.91885	4.52807	0.949647
482	42.361	53	-1.41175e+06	25.2199	1.34696	221	1.06578	4.33979	4.49785	1.06782
483	42.9676	54	-1.41231e+06	25.3327	1.35253	204	1.06519	4.78144	4.5163	0.917454
484	42.868	55	-1.41272e+06	25.4007	1.34842	218	1.06694	4.71903	4.50565	0.997639
485	43.8817	54	-1.41268e+06	25.3054	1.35266	227	1.06584	4.91417	4.60802	1.02053
486	43.7989	54	-1.41263e+06	25.3657	1.3531	223	1.06831	5.05101	4.50489	0.98823
487	43.4273	55	-1.41269e+06	25.4676	1.34215	201	1.06598	5.06936	4.57811	0.940345
488	44.3163	53	-1.41212e+06	25.5238	1.34843	196	1.06574	4.83412	4.62199	0.867124
489	44.9608	53	-1.41238e+06	25.5334	1.33099	192	1.06475	4.85693	4.57404	1.00302
490	42.2557	54	-1.41192e+06	25.6656	1.344	213	1.06587	4.83004	4.47766	0.981136
491	43.3672	55	-1.4121e+06	25.7083	1.33624	209	1.06684	4.89747	4.55343	1.03438
492	42.4241	54	-1.41219e+06	25.7285	1.32278	215	1.0674	4.81742	4.51011	0.932291
493	42.9246	54	-1.4118e+06	25.6048	1.34342	204	1.06633	4.94844	4.49918	1.18493
494	42.1194	54	-1.41177e+06	25.61	1.33723	205	1.06361	4.6454	4.5057	1.01791
495	42.8192	55	-1.41183e+06	25.4585	1.33722	203	1.06551	5.127	4.48809	1.14932
496	41.9178	54	-1.41215e+06	25.7969	1.34427	216	1.06332	4.91939	4.58234	1.10778
497	43.5459	54	-1.41184e+06	25.6514	1.33006	230	1.06348	4.80831	4.47869	1.12844
498	43.9672	54	-1.41245e+06	25.5723	1.33316	211	1.06496	4.66625	4.52424	1.01189
499	43.2584	54	-1.41151e+06	25.5882	1.34277	212	1.06444	4.58667	4.38236	0.858003
500	43.8354	54	-1.41238e+06	25.4505	1.34156	219	1.06443	4.66068	4.43763	0.908323
501	43.3452	55	-1.41214e+06	25.512	1.33755	200	1.06528	4.91964	4.49745	1.12921
502	43.1878	55	-1.41228e+06	25.5479	1.33026	205	1.06788	4.63741	4.52782	1.0806
503	42.4034	54	-1.41247e+06	25.362	1.32515	212	1.06811	4.78312	4.54849	1.02589
504	42.8198	54	-1.41272e+06	25.299	1.31411	216	1.06788	4.80308	4.5169	0.82781
505	43.6446	54	-1.4123e+06	25.5292	1.29301	216	1.06937	4.58874	4.48948	0.956163
506	44.56	53	-1.41319e+06	25.6523	1.29783	233	1.06819	5.31621	4.46821	1.15815
507	44.284	52	-1.41219e+06	25.5856	1.32273	235	1.06626	4.67053	4.50298	0.957501
508	44.7799	52	-1.41208e+06	25.4302	1.33755	227	1.06472	4.6449	4.56773	1.16043
509	44.758	53	-1.41254e+06	25.4734	1.32871	232	1.06726	4.63278	4.47614	0.892047
510	44.0529	51	-1.41331e+06	25.4023	1.33209	229	1.06585	5.09822	4.48302	0.947325
511	44.1159	53	-1.41274e+06	25.5377	1.32181	236	1.06882	5.14713	4.45127	1.03597
512	44.1393	53	-1.41245e+06	25.5571	1.32504	219	1.06757	4.75733	4.43684	0.930377
513	43.8547	53	-1.41256e+06	25.4109	1.32255	221	1.0672	4.46674	4.56053	1.00553
514	42.3331	53	-1.41224e+06	25.5153	1.3346	218	1.06368	4.88574	4.45559	1.09724
515	43.2988	53	-1.41212e+06	25.5092	1.34364	206	1.06398	4.61613	4.51803	1.0659
516	42.8033	54	-1.41154e+06	25.5233	1.35128	215	1.06089	4.59861	4.52745	0.907911
517	43.3537	54	-1.41191e+06	25.6912	1.33762	214	1.06463	4.68575	4.60484	1.0808
518	42.4247	54	-1.41253e+06	25.9815	1.31633	214	1.06755	4.6611	4.58973	0.939096
519	42.9996	55	-1.41236e+06	25.6717	1.30878	191	1.0652	4.59926	4.5826	1.04006
520	42.582	53	-1.41295e+06	25.7076	1.31519	196	1.06743	5.07341	4.49911	0.889149
521	42.3259	53	-1.41232e+06	25.6398	1.3116	212	1.06588	4.97202	4.58685	1.06065
522	42.9411	55	-1.41208e+06	25.7929	1.32424	200	1.06766	4.66959	4.44312	1.05454
523	42.757	54	-1.41214e+06	25.7233	1.31556	203	1.06407	4.95894	4.44587	0.855114
524	43.3796	54	-1.41265e+06	25.838	1.3125	224	1.06749	4.48384	4.41011	0.878899
525	43.3848	54	-1.41229e+06	25.7317	1.31412	224	1.06361	4.82996	4.50578	0.948709
526	43.9725	53	-1.41197e+06	25.9817	1.30188	228	1.06529	5.03887	4.39636	1.02101
527	43.9151	53	-1.41168e+06	25.7329	1.32579	225	1.06248	4.87262	4.44415	1.02255
528	43.6406	53	-1.41168e+06	25.7926	1.32807	212	1.06256	4.68634	4.46641	0.976644
529	43.8996	54	-1.41184e+06	25.7574	1.32833	225	1.06149	5.00826	4.51236	1.07819
530	43.5206	52	-1.41168e+06	25.7632	1.34542	229	1.06248	5.03084	4.47562	0.985295
531	43.3387	52	-1.41157e+06	25.6833	1.35166	224	1.06199	4.76731	4.48094	1.13116
532	43.5915	54	-1.41197e+06	25.5605	1.35209	205	1.06232	4.8178	4.49493	1.20575
533	43.1066	54	-1.4118e+06	25.5319	1.32869	210	1.06281	4.53095	4.4501	1.14442
534	42.9256	54	-1.41206e+06	25.4642	1.30808	221	1.06602	4.94661	4.49761	0.859492
535	43.1669	54	-1.41221e+06	25.5698	1.31501	222	1.06826	5.10183	4.56333	1.12624
536	44.0842	53	-1.41204e+06	25.5721	1.33809	232	1.06188	4.759	4.49005	0.957653
537	43.5373	52	-1.41248e+06	25.5351	1.33821	230	1.06605	4.91951	4.48748	0.940538
538	42.5136	53	-1.41213e+06	25.6906	1.33791	217	1.06418	4.86033	4.51862	1.08126
539	44.3696	53	-1.4118e+06	25.7466	1.33255	225	1.06181	4.63241	4.53176	0.938744
540	44.0205	53	-1.41207e+06	25.6928	1.3223	231	1.06387	4.89212	4.48464	0.945478
541	44.065	52	-1.41208e+06	25.6561	1.33704	221	1.0641	4.70673	4.56056	0.987869
542	43.5863	53	-1.41149e+06	25.7813	1.31919	223	1.06409	4.70305	4.58163	0.978784
543	42.6353	54	-1.41131e+06	25.815	1.32746	211	1.06517	4.74577	4.51304	0.963764
544	42.5116	54	-1.41176e+06	25.6982	1.3289	211	1.06276	4.70992	4.56775	0.764707
545	42.9684	54	-1.41157e+06	25.8316	1.33092	216	1.06544	4.53882	4.59528	1.01575
546	44.052	53	-1.41181e+06	25.6305	1.32465	212	1.065	4.36027	4.52378	0.805644
547	43.4693	54	-1.41234e+06	25.8729	1.31866	195	1.06719	4.57525	4.55308	1.06138
548	42.4131	54	-1.41241e+06	25.6337	1.33681	208	1.06786	4.59292	4.58891	0.974752
549	41.6817	54	-1.41205e+06	25.4854	1.3378	220	1.06526	4.7708	4.46745	1.03457
550	42.7293	54	-1.41182e+06	25.4523	1.33592	224	1.06666	4.86842	4.44909	0.808083
551	43.0503	53	-1.41191e+06	25.5408	1.35177	221	1.0678	5.11281	4.48005	1.06076
552	42.7955	54	-1.41284e+06	25.3971	1.33126	207	1.06989	5.10073	4.57154	1.12723
553	42.0078	54	-1.41282e+06	25.2784	1.32917	201	1.06806	5.06241	4.61969	1.03804
554	43.4742	54	-1.41288e+06	25.3233	1.32613	198	1.06698	5.18576	4.54182	1.03737
555	42.5067	55	-1.41208e+06	25.2509	1.32294	209	1.0667	4.87835	4.57441	0.990546
556	42.9532	55	-1.41237e+06	25.1987	1.33331	216	1.06667	4.87674	4.45775	0.932838
557	42.9741	55	-1.41231e+06	25.2455	1.34046	210	1.06589	4.64446	4.48421	0.939477
558	41.5468	52	-1.41221e+06	25.3826	1.34176	223	1.06574	4.50974	4.47852	1.05148
559	44.3134	53	-1.41259e+06	25.3332	1.32864	225	1.07018	4.50537	4.46932	0.911592
560	44.6179	53	-1.41255e+06	25.4257	1.33808	228	1.0677	4.97629	4.61235	0.972377
561	43.1513	52	-1.41158e+06	25.326	1.35591	234	1.06364	4.74297	4.52465	0.957584
562	45.6112	52	-1.41279e+06	25.3128	1.34093	243	1.06892	4.83045	4.46267	0.913045
563	44.1948	52	-1.41269e+06	25.3348	1.31575	224	1.06779	5.18512	4.52067	1.02983
564	44.1544	53	-1.41195e+06	25.4887	1.32751	239	1.066	5.15566	4.57215	1.09447
565	44.1481	52	-1.41256e+06	25.3606	1.33952	225	1.06599	4.83952	4.53544	1.02388
566	43.6945	53	-1.41275e+06	25.5709	1.34628	235	1.06492	4.66969	4.55308	0.948835
567	42.9568	53	-1.41289e+06	25.5834	1.34204	224	1.06989	4.85554	4.44813	1.12215
568	42.1618	53	-1.41248e+06	25.453	1.33833	201	1.06842	4.63896	4.45952	0.987602
569	42.7662	55	-1.41249e+06	25.4825	1.34056	208	1.06848	4.92599	4.45579	0.976545
570	41.626	53	-1.41225e+06	25.4898	1.32887	205	1.06792	5.00219	4.48336	1.18543
571	43.3947	54	-1.41172e+06	25.6906	1.34377	213	1.06605	4.96613	4.46935	0.99546
572	42.9916	55	-1.41227e+06	25.6732	1.33097	204	1.06484	4.95297	4.49908	1.00993
573	42.882	55	-1.41272e+06	25.5367	1.32232	210	1.06778	5.09814	4.49905	1.00174
574	43.1791	55	-1.41258e+06	25.5401	1.31808	213	1.0674	4.89682	4.52795	1.00821
575	43.0521	53	-1.4126e+06	25.5052	1.31439	220	1.0679	4.84056	4.61009	0.928256
576	42.1365	54	-1.41236e+06	25.3951	1.31739	203	1.06769	4.77693	4.51759	1.05088
577	43.0904	55	-1.41253e+06	25.6287	1.3069	224	1.06969	4.85273	4.54987	0.986969
578	42.8712	54	-1.41202e+06	25.8322	1.31137	220	1.06861	4.909	4.50486	1.03952
579	42.6396	54	-1.41188e+06	25.7581	1.32329	218	1.06608	4.46003	4.48231	0.917382
580	43.2329	54	-1.41205e+06	25.728	1.32912	212	1.06555	4.36878	4.54656	0.95457
581	43.407	53	-1.41208e+06	25.7303	1.30899	229	1.06893	5.1412	4.57153	0.953843
582	43.4317	54	-1.41207e+06	25.7089	1.3157	222	1.06511	4.66006	4.55968	1.04191
583	43.7008	53	-1.4121e+06	25.7114	1.31792	241	1.06584	4.99229	4.58031	0.980458
584	44.5478	53	-1.41206e+06	25.772	1.31662	234	1.06573	4.78837	4.5583	0.997078
585	44.9924	51	-1.41205e+06	25.7986	1.31154	237	1.06775	5.08847	4.4228	1.16573
586	44.2346	53	-1.41239e+06	25.7205	1.30312	223	1.06928	4.78703	4.50506	1.10614
587	42.8189	54	-1.41214e+06	25.6443	1.32375	210	1.06867	4.96454	4.46025	0.965028
588	42.4756	54	-1.41241e+06	25.3678	1.33408	215	1.06913	5.06576	4.5717	0.923329
589	42.3549	53	-1.41163e+06	25.2279	1.35373	223	1.06425	4.75925	4.49887	0.973965
590	44.0214	54	-1.41194e+06	25.4719	1.34416	223	1.06328	4.89953	4.57324	1.05206
591	43.3456	53	-1.41213e+06	25.3209	1.35578	219	1.06448	5.00656	4.63068	0.984081
592	43.7243	53	-1.41201e+06	25.4446	1.34659	233	1.06604	4.70181	4.53057	0.958971
593	43.791	54	-1.41203e+06	25.3946	1.34579	224	1.06736	5.08654	4.54579	1.0903
594	44.2931	53	-1.41166e+06	25.3068	1.34399	234	1.06663	5.06931	4.46239	1.04318
595	43.0976	53	-1.41203e+06	25.5332	1.34579	221	1.06873	4.87811	4.48145	1.00357
596	43.5195	53	-1.41289e+06	25.5633	1.33359	218	1.06833	4.93193	4.48184	0.950311
597	42.4429	53	-1.41296e+06	25.5458	1.32277	211	1.06899	4.69998	4.52448	0.941763
598	42.9059	55	-1.41249e+06	25.5698	1.3205	201	1.06569	4.9441	4.4982	0.898313
599	43.3486	54	-1.41264e+06	25.5479	1.32701	231	1.06847	4.46815	4.48197	1.077
600	44.2832	53	-1.41209e+06	25.5012	1.35233	232	1.06543	4.83078	4.4409	0.959735
601	43.7504	52	-1.41113e+06	25.4217	1.36828	228	1.06534	4.87727	4.4859	0.940626
602	44.3786	53	-1.4115e+06	25.3573	1.34744	230	1.06509	4.89246	4.46476	0.999884
603	44.7648	52	-1.41181e+06	25.0221	1.33132	243	1.06611	4.79127	4.46011	0.981287
604	45.4665	51	-1.41186e+06	25.2666	1.33605	234	1.06901	4.66907	4.41935	1.01336
605	44.2482	53	-1.4118e+06	25.283	1.33869	224	1.06881	4.75188	4.54485	0.975118
606	43.7309	53	-1.41307e+06	25.3644	1.34047	226	1.06895	4.59272	4.46863	0.985417
607	44.24	53	-1.41201e+06	25.3749	1.34909	233	1.06646	4.95481	4.4584	0.952935
608	43.5438	51	-1.41195e+06	25.3952	1.3555	229	1.06593	4.85986	4.51945	0.938007
609	44.5123	53	-1.41261e+06	25.4444	1.33392	229	1.06879	4.87939	4.49401	0.975654
610	43.3919	51	-1.41172e+06	25.4126	1.33935	247	1.06565	5.27054	4.42655	0.917881
611	43.8703	50	-1.41199e+06	25.4298	1.33639	238	1.06737	4.77247	4.45921	1.05443
612	43.6389	53	-1.41204e+06	25.4319	1.33135	219	1.06558	4.60991	4.41349	0.975251
613	44.6075	53	-1.41235e+06	25.4027	1.315	232	1.06679	4.64075	4.4976	0.956392
614	43.1384	54	-1.41315e+06	25.5747	1.32498	205	1.06505	4.6628	4.5157	0.883662
615	43.0803	53	-1.4131e+06	25.7113	1.31557	224	1.06954	4.55258	4.52228	1.02656
616	43.2141	54	-1.41281e+06	25.5561	1.30876	210	1.06748	4.93118	4.5503	1.09963
617	43.1215	52	-1.41226e+06	25.5896	1.30347	221	1.06703	4.58696	4.51333	0.95683
618	43.4876	54	-1.41266e+06	25.459	1.2974	209	1.06934	4.60657	4.52594	1.05448
619	43.3711	54	-1.41226e+06	25.6201	1.28149	229	1.07015	4.93082	4.52234	1.07398
620	43.2641	53	-1.41252e+06	25.5743	1.28516	216	1.07082	4.34012	4.61136	0.959526
621	43.2338	53	-1.41285e+06	25.6733	1.28412	215	1.06963	4.82815	4.56666	0.990435
622	43.8119	53	-1.41226e+06	25.7054	1.28987	221	1.06879	4.76825	4.48995	1.09062
623	43.0631	54	-1.41211e+06	25.8574	1.30677	226	1.06507	4.55337	4.53422	1.13113
624	43.6757	53	-1.41199e+06	25.6984	1.29886	242	1.06727	5.05267	4.35192	1.00008
625	43.851	53	-1.41202e+06	25.7378	1.29849	225	1.06626	4.72298	4.42419	1.01395
626	42.9181	54	-1.41206e+06	25.7796	1.30464	218	1.06612	4.78299	4.47675	1.15836
627	42.7552	53	-1.41247e+06	25.701	1.31818	220	1.06532	5.12517	4.49852	1.10645
628	43.7804	54	-1.41236e+06	25.5974	1.30565	215	1.06496	4.97455	4.57244	1.0378
629	43.1384	54	-1.41251e+06	25.7453	1.30631	219	1.06765	4.89161	4.58981	1.04844
630	42.7711	54	-1.41209e+06	25.8645	1.31605	224	1.06545	4.59829	4.52464	1.21044
631	44.1241	53	-1.41268e+06	25.6224	1.32176	233	1.06568	4.85364	4.49641	1.09834
632	44.268	52	-1.41248e+06	25.6968	1.32016	220	1.06574	4.9763	4.49257	0.942968
633	43.8393	53	-1.41258e+06	25.7191	1.32105	222	1.06565	5.02307	4.51822	1.02302
634	43.8181	53	-1.41212e+06	25.7995	1.32646	219	1.0654	4.68334	4.48256	1.05089
635	42.8316	53	-1.41231e+06	25.8066	1.31981	221	1.0687	5.17605	4.47372	0.970464
636	43.1645	54	-1.41206e+06	25.6104	1.29608	209	1.06674	5.03462	4.50843	1.01176
637	42.724	55	-1.41177e+06	25.747	1.32019	212	1.06863	4.77976	4.51244	0.850985
638	41.6323	54	-1.41182e+06	25.872	1.31824	206	1.06533	5.34543	4.59332	0.977798
639	42.7077	54	-1.41205e+06	25.6224	1.30776	218	1.06395	5.01593	4.63188	1.05087
640	43.6842	53	-1.41261e+06	25.7093	1.2885	213	1.06699	4.81858	4.63098	0.82915
641	42.278	54	-1.41222e+06	25.7543	1.29879	212	1.06772	4.62497	4.56491	1.13875
642	42.4368	53	-1.41201e+06	25.6528	1.31631	219	1.06639	4.69205	4.52226	1.03847
643	41.8338	53	-1.41222e+06	25.9057	1.31362	214	1.06436	4.67111	4.5465	1.06507
644	42.8691	54	-1.41303e+06	25.6961	1.31778	205	1.06523	4.90684	4.61736	1.11745
645	42.6488	54	-1.4126e+06	25.6956	1.31606	203	1.06823	4.77719	4.56585	0.876487
646	43.5966	54	-1.41244e+06	25.8795	1.29046	205	1.0678	4.72158	4.55979	1.10849
647	41.8727	54	-1.41253e+06	25.7548	1.29187	208	1.06811	5.13073	4.5396	1.10812
648	42.5209	54	-1.41283e+06	25.7968	1.29988	218	1.0693	4.71748	4.55157	1.12645
649	41.6266	53	-1.41256e+06	25.6411	1.29351	214	1.06951	4.87779	4.63257	1.07897
650	41.9816	52	-1.41204e+06	25.4906	1.3121	221	1.06655	4.95715	4.47608	0.95219
651	43.3599	54	-1.41309e+06	25.4486	1.31477	213	1.06954	4.70517	4.52909	0.98767
652	42.9181	54	-1.41321e+06	25.2211	1.30598	220	1.07022	5.03335	4.48237	0.922587
653	43.3505	54	-1.41282e+06	25.4561	1.301	220	1.07194	4.69295	4.57003	1.04691
654	43.0467	54	-1.41271e+06	25.3748	1.2902	215	1.07379	4.90527	4.53195	1.02545
655	42.9179	54	-1.41294e+06	25.2991	1.3031	209	1.07335	4.7792	4.59692	0.877385
656	43.0181	55	-1.41255e+06	25.5422	1.30219	213	1.07145	4.61978	4.52915	0.926642
657	42.5699	54	-1.41241e+06	25.3894	1.29189	220	1.07278	5.00302	4.60849	0.939642
658	43.5768	54	-1.4124e+06	25.4932	1.29035	214	1.07181	4.42855	4.48315	0.955016
659	43.7707	53	-1.41234e+06	25.6248	1.30027	215	1.07122	4.80635	4.51142	0.924701
660	43.3643	54	-1.41194e+06	25.6538	1.30416	216	1.06872	4.79718	4.51241	1.03558
661	42.465	53	-1.41237e+06	25.3376	1.32953	208	1.06834	5.03366	4.50688	0.969598
662	41.3786	52	-1.41211e+06	25.2834	1.32316	204	1.06573	4.80411	4.51721	1.0095
663	43.1951	54	-1.41302e+06	25.3645	1.32249	223	1.06785	5.19168	4.52417	0.95136
664	44.3765	52	-1.41228e+06	25.4787	1.33273	230	1.06805	4.63229	4.54515	0.989352
665	44.5809	52	-1.4123e+06	25.6569	1.32886	233	1.06488	4.88261	4.49049	1.15141
666	43.29	52	-1.41275e+06	25.6648	1.33073	237	1.06487	4.85946	4.55724	0.929202
667	43.3878	51	-1.41171e+06	25.5495	1.31765	236	1.06413	4.85418	4.57393	1.08355
668	44.0066	52	-1.41294e+06	25.5057	1.31263	240	1.06942	4.67463	4.48958	0.974916
669	44.0501	53	-1.41241e+06	25.7453	1.30407	220	1.06822	4.73042	4.49774	0.92742
670	43.7383	53	-1.41219e+06	26.0546	1.29742	231	1.06687	4.60901	4.54798	1.02114
671	43.7192	52	-1.4124e+06	25.7815	1.28973	233	1.068	4.77777	4.45938	1.00016
672	46.0068	53	-1.41229e+06	25.6618	1.29941	246	1.06802	4.72592	4.559	0.978888
673	44.3018	53	-1.41171e+06	25.6307	1.29369	234	1.0675	4.80457	4.45929	0.981795
674	43.2723	52	-1.41148e+06	25.7907	1.31313	234	1.06832	4.63851	4.44081	0.968897
675	44.001	53	-1.41186e+06	25.7574	1.31286	226	1.06536	5.26598	4.57229	1.13305
676	44.0557	53	-1.41193e+06	25.8478	1.32346	232	1.06424	5.16458	4.49931	0.964589
677	43.4947	53	-1.4119e+06	25.8304	1.32047	228	1.06478	5.05074	4.55318	1.02429
678	44.556	52	-1.41149e+06	25.8176	1.3297	239	1.06342	4.87884	4.58037	0.933963
679	43.4525	51	-1.41142e+06	25.9066	1.3218	224	1.06424	4.91183	4.41122	0.867091
680	44.3474	52	-1.4118e+06	25.8333	1.31833	249	1.06495	4.81125	4.51697	1.01449
681	43.6711	53	-1.41249e+06	25.7019	1.30377	225	1.06695	4.6344	4.53409	0.93118
682	43.4993	53	-1.41301e+06	25.5643	1.30881	223	1.06755	4.56858	4.54824	0.909503
683	42.7804	53	-1.41212e+06	25.6121	1.31926	215	1.06434	4.73033	4.58635	1.06507
684	42.3786	54	-1.41222e+06	25.791	1.30864	207	1.0665	4.6002	4.59632	1.12849
685	43.5406	54	-1.41191e+06	25.5455	1.31728	220	1.06431	4.87231	4.47117	0.987174
686	42.8799	54	-1.41215e+06	25.6622	1.31947	216	1.06528	4.8961	4.50727	0.85626
687	42.8152	53	-1.41204e+06	25.7634	1.32401	216	1.06438	4.8721	4.60589	0.961403
688	43.1096	53	-1.41205e+06	25.7381	1.31689	231	1.06649	4.69845	4.49525	0.905082
689	43.2377	52	-1.4125e+06	25.7299	1.29933	232	1.06813	5.0722	4.53237	0.963904
690	44.1991	52	-1.41276e+06	25.6733	1.32044	224	1.06633	4.78813	4.55677	1.12182
691	43.7973	52	-1.4122e+06	25.5991	1.30767	221	1.06656	4.98671	4.59562	1.03835
692	43.5708	53	-1.41186e+06	25.4911	1.31603	220	1.0655	4.73767	4.57231	1.01065
693	43.5857	52	-1.41198e+06	25.4176	1.32537	228	1.06466	4.98577	4.61431	0.979766
694	43.8717	52	-1.41222e+06	25.4282	1.32171	226	1.06782	5.00794	4.49878	0.977123
695	43.9793	52	-1.41175e+06	25.603	1.31855	225	1.06613	4.62667	4.56022	0.997693
696	43.3886	53	-1.41185e+06	25.4451	1.32049	224	1.06558	4.65269	4.53311	0.952841
697	43.5769	53	-1.41227e+06	25.5465	1.30875	218	1.06766	4.82093	4.59759	0.935654
698	44.0913	53	-1.41278e+06	25.379	1.31314	244	1.06809	4.77774	4.55229	1.04431
699	43.5708	51	-1.41265e+06	25.4447	1.30908	228	1.06616	4.90254	4.49019	0.948204
700	44.75	52	-1.41198e+06	25.625	1.33035	235	1.06497	4.78771	4.49296	1.02151
701	44.3222	53	-1.4121e+06	25.8408	1.33182	235	1.06716	4.93404	4.60587	1.07821
702	44.3463	52	-1.41226e+06	25.6602	1.31923	238	1.0664	4.75323	4.53692	0.936447
703	44.7126	52	-1.41228e+06	25.6098	1.31927	233	1.06414	4.19808	4.5038	0.962104
704	44.2202	53	-1.41194e+06	25.5778	1.3148	235	1.06578	4.6246	4.52704	0.957287
705	44.0871	53	-1.41254e+06	25.4795	1.33176	229	1.06542	4.74683	4.4374	1.1362
706	43.2708	53	-1.41263e+06	25.6518	1.34586	229	1.06387	5.09706	4.55466	0.965757
707	43.8382	53	-1.4126e+06	25.6682	1.33521	224	1.06697	4.50248	4.45394	0.973829
708	43.7641	53	-1.41244e+06	25.4272	1.34373	225	1.06638	4.75557	4.4557	1.05131
709	44.1569	52	-1.41238e+06	25.3904	1.3384	238	1.06633	4.52803	4.53433	0.972428
710	43.8714	52	-1.41217e+06	25.498	1.32608	228	1.06633	4.68615	4.58918	0.98963
711	41.7033	53	-1.41261e+06	25.667	1.31585	214	1.06491	4.91008	4.5424	1.10652
712	42.9819	54	-1.41232e+06	25.7283	1.3205	219	1.06564	4.76241	4.52166	1.01037
713	43.0023	52	-1.41277e+06	25.6582	1.2988	229	1.06588	4.99048	4.59968	0.966657
714	43.4698	53	-1.41276e+06	25.6797	1.2929	223	1.06702	4.79459	4.46344	1.14511
715	44.0855	53	-1.4132e+06	25.5884	1.29453	228	1.06927	4.71424	4.51011	0.982081
716	43.2406	52	-1.41251e+06	25.5728	1.29509	237	1.06807	4.98942	4.59689	1.02945
717	42.5332	52	-1.41335e+06	25.4401	1.2921	222	1.07131	4.47146	4.47499	1.02424
718	43.2485	53	-1.41283e+06	25.6571	1.31303	233	1.06873	4.66433	4.70638	0.93751
719	42.8297	52	-1.41325e+06	25.7554	1.3108	237	1.07043	4.606	4.62488	1.00489
720	43.4165	53	-1.41249e+06	25.5846	1.2844	221	1.06925	4.58376	4.57348	0.968995
721	42.4729	54	-1.4132e+06	25.528	1.29453	206	1.06865	4.76015	4.62072	0.955785
722	42.1528	53	-1.41238e+06	25.3974	1.29822	222	1.06759	4.94625	4.63492	1.06502
723	42.4733	53	-1.41328e+06	25.5077	1.29236	209	1.07129	4.82499	4.57501	1.06859
724	43.2351	53	-1.41283e+06	25.5255	1.27766	230	1.06997	4.74159	4.51292	0.981904
725	41.7227	53	-1.41318e+06	25.6229	1.26896	208	1.07029	4.86345	4.5467	0.969981
726	42.6548	54	-1.41355e+06	25.6277	1.30051	216	1.06901	4.60423	4.63481	0.995019
727	43.3008	54	-1.41357e+06	25.4283	1.30797	218	1.06904	4.82371	4.63117	0.992986
728	43.2582	54	-1.41398e+06	25.4117	1.29663	230	1.07157	4.6997	4.54679	0.884636
729	41.4002	52	-1.41378e+06	25.6029	1.29818	204	1.06874	4.73036	4.55137	1.17785
730	42.0482	52	-1.41348e+06	25.5517	1.29568	204	1.06904	4.88807	4.6003	0.973322
731	42.7194	54	-1.41328e+06	25.4931	1.3117	201	1.06916	4.45373	4.50463	1.1526
732	43.7525	53	-1.41345e+06	25.4506	1.30786	202	1.06963	4.54631	4.69141	1.107
733	42.9639	54	-1.41299e+06	25.5363	1.31755	218	1.06892	4.40035	4.55032	1.03646
734	43.1991	53	-1.41381e+06	25.3724	1.2961	212	1.07192	4.77456	4.54944	0.95091
735	41.942	54	-1.41382e+06	25.3819	1.29677	201	1.07171	4.5508	4.57122	0.974142
736	42.4005	55	-1.41326e+06	25.3537	1.30478	222	1.06909	4.88779	4.57254	1.02306
737	42.741	54	-1.41336e+06	25.5777	1.30812	218	1.07101	4.65104	4.5669	1.06739
738	42.8764	54	-1.41325e+06	25.5154	1.32678	217	1.06929	4.48258	4.54936	0.93247
739	43.1242	54	-1.41261e+06	25.4986	1.31576	217	1.06759	4.7773	4.47026	1.02568
740	42.467	52	-1.41278e+06	25.3224	1.30897	215	1.06731	4.65885	4.49797	0.967555
741	42.7415	54	-1.41321e+06	25.3558	1.32409	206	1.06852	4.60143	4.6427	1.13065
742	42.4875	54	-1.41281e+06	25.5818	1.33197	220	1.06924	4.75356	4.57162	0.870769
743	42.8116	54	-1.41266e+06	25.3845	1.31108	204	1.07045	4.90298	4.54977	0.986098
744	43.0485	54	-1.41259e+06	25.7961	1.31684	207	1.06691	4.46109	4.562	1.00689
745	42.3211	54	-1.41251e+06	25.7149	1.328	209	1.06783	4.23109	4.58973	1.10656
746	42.2681	55	-1.41285e+06	25.7862	1.32332	197	1.0689	4.48369	4.62328	1.17454
747	41.5565	52	-1.41257e+06	25.6676	1.31691	212	1.06605	4.34996	4.571	1.12336
748	43.3006	54	-1.41256e+06	25.7061	1.31204	227	1.06855	4.40008	4.50651	1.14355
749	43.2276	54	-1.41251e+06	25.6264	1.31467	211	1.06715	4.62066	4.59847	1.08985
750	42.002	54	-1.41238e+06	25.6703	1.31808	210	1.06828	4.48012	4.53552	0.98843
751	42.5259	55	-1.41351e+06	25.5339	1.29959	205	1.07059	4.5145	4.56021	1.06328
752	42.9043	53	-1.41245e+06	25.5477	1.29544	217	1.06887	4.51592	4.51897	0.999262
753	43.6905	52	-1.41257e+06	25.8424	1.28656	239	1.07217	4.6161	4.4715	0.857603
754	43.8487	52	-1.41297e+06	25.6825	1.29448	238	1.06872	4.50111	4.55574	0.996596
755	43.5403	54	-1.41269e+06	25.5876	1.30813	219	1.06918	4.82671	4.6042	1.0293
756	42.8929	53	-1.41259e+06	25.6031	1.29926	219	1.06958	4.72959	4.56608	1.0757
757	42.6898	53	-1.41299e+06	25.4943	1.29981	221	1.07067	4.45066	4.52161	1.14224
758	44.4298	53	-1.41321e+06	25.4459	1.29828	237	1.06834	4.60948	4.43457	1.05892
759	43.1172	52	-1.41313e+06	25.4691	1.30831	222	1.06788	4.31468	4.61552	1.13431
760	42.7685	54	-1.41309e+06	25.4255	1.30343	210	1.07026	4.75751	4.51678	0.897771
761	43.6065	53	-1.41292e+06	25.6795	1.28205	216	1.07161	4.66433	4.50086	1.08613
762	42.1674	53	-1.41281e+06	25.5779	1.28324	215	1.07029	4.58594	4.51637	1.11819
763	43.3659	53	-1.41229e+06	25.5353	1.28361	228	1.06881	4.64689	4.59884	0.877009
764	44.4469	53	-1.41267e+06	25.5393	1.2891	222	1.06919	4.62543	4.57175	1.04524
765	43.0118	54	-1.41261e+06	25.4028	1.31193	207	1.06532	4.5587	4.56491	0.863226
766	42.8676	54	-1.41214e+06	25.5652	1.31778	234	1.06785	4.77512	4.53881	0.956401
767	42.0901	53	-1.41237e+06	25.6519	1.31815	213	1.06474	4.67599	4.57516	1.0266
768	42.2776	54	-1.41233e+06	25.7659	1.29321	212	1.06649	4.76442	4.621	1.18428
769	42.2673	54	-1.41209e+06	25.823	1.30325	214	1.06448	4.63476	4.59544	0.964233
770	42.3169	54	-1.41293e+06	26.038	1.31631	213	1.06614	4.48061	4.54947	0.898976
771	42.5516	54	-1.41242e+06	25.8403	1.29899	211	1.06585	4.54797	4.6169	0.951004
772	42.6361	54	-1.41256e+06	25.7088	1.31051	206	1.06475	4.33079	4.6021	1.0288
773	42.3228	55	-1.4118e+06	25.6096	1.31028	215	1.06302	4.39833	4.60368	1.01999
774	42.0674	54	-1.41218e+06	25.7105	1.31891	205	1.06413	4.60632	4.51011	0.975706
775	42.497	55	-1.41139e+06	25.653	1.33295	200	1.06329	4.67778	4.52064	0.969163
776	41.401	54	-1.41218e+06	25.5422	1.34166	203	1.06427	4.63799	4.58083	0.926521
777	42.5545	55	-1.41183e+06	25.6418	1.33083	207	1.06361	4.81324	4.57005	0.957969
778	43.1661	54	-1.41137e+06	25.6995	1.31318	224	1.06551	4.65648	4.60049	1.04243
779	43.2524	54	-1.41172e+06	25.6135	1.3144	217	1.06567	4.39329	4.53667	1.02346
780	42.9034	54	-1.41234e+06	25.5211	1.30937	214	1.06772	4.67679	4.56049	1.07789
781	42.4877	54	-1.41209e+06	25.453	1.33182	215	1.06575	4.68648	4.56216	0.980183
782	43.7161	53	-1.41221e+06	25.3361	1.34806	221	1.06581	4.57624	4.49211	0.842426
783	43.4101	54	-1.41221e+06	25.3911	1.32717	218	1.06596	4.65475	4.61576	0.971214
784	43.2983	54	-1.41248e+06	25.4597	1.33784	225	1.0653	4.72386	4.52218	0.973985
785	43.5972	52	-1.4125e+06	25.4962	1.32515	233	1.06495	4.59921	4.50409	0.987085
786	43.7314	52	-1.41241e+06	25.5568	1.31522	227	1.06848	4.61616	4.61161	0.988699
787	43.8149	51	-1.41281e+06	25.6538	1.32441	240	1.06746	5.04203	4.4981	1.00632
788	44.2657	53	-1.41258e+06	25.673	1.32233	231	1.06681	4.70156	4.44108	0.947824
789	44.4489	53	-1.41255e+06	25.6243	1.3177	227	1.06618	4.93774	4.52213	1.02618
790	44.3616	52	-1.4126e+06	25.7846	1.31472	232	1.06654	4.5589	4.56795	0.912634
791	44.0413	52	-1.41215e+06	25.9417	1.30936	219	1.06635	4.68125	4.53876	0.897936
792	43.4888	54	-1.41248e+06	25.6525	1.31058	216	1.0679	4.57599	4.4821	0.975544
793	43.0664	54	-1.41242e+06	25.7375	1.31361	216	1.06571	4.98292	4.49892	1.03178
794	43.3475	54	-1.41206e+06	25.6093	1.32945	230	1.06587	4.57059	4.49093	0.974139
795	43.5851	53	-1.41245e+06	25.6675	1.32553	236	1.06637	4.71617	4.51391	1.01067
796	43.5732	53	-1.41162e+06	25.5451	1.34276	227	1.06414	4.49833	4.45478	1.18123
797	43.6405	53	-1.4129e+06	25.447	1.34448	225	1.06424	4.78301	4.5933	0.966808
798	43.478	54	-1.41248e+06	25.2843	1.35734	230	1.06477	4.40704	4.5285	1.06779
799	43.5064	53	-1.4123e+06	25.3277	1.34955	225	1.0659	4.6644	4.56904	0.90277
800	43.4253	53	-1.41214e+06	25.3857	1.35024	226	1.0644	4.47018	4.5374	1.11197
801	43.8912	52	-1.41268e+06	25.3683	1.33971	232	1.06666	4.7619	4.55681	0.983062
802	43.8884	52	-1.41253e+06	25.5278	1.31929	241	1.0692	4.89378	4.53866	0.981125
803	43.1168	50	-1.41199e+06	25.578	1.33453	245	1.06733	4.64673	4.56685	1.08271
804	43.4462	51	-1.41141e+06	25.5511	1.33861	227	1.06537	4.79997	4.44274	0.943733
805	43.9024	52	-1.41187e+06	25.5264	1.34208	235	1.06396	4.75288	4.46343	1.03519
806	44.4423	51	-1.41199e+06	25.5195	1.32774	229	1.06495	4.46453	4.58303	1.07703
807	43.6816	52	-1.41181e+06	25.6162	1.3249	209	1.06534	4.80063	4.49091	0.993593
808	42.6591	54	-1.41248e+06	25.7737	1.3242	216	1.06744	4.53459	4.50739	1.04118
809	41.9607	53	-1.41184e+06	25.4471	1.32409	217	1.06449	4.61604	4.54325	0.990422
810	42.7011	54	-1.41181e+06	25.6305	1.33194	223	1.06195	4.63915	4.56191	1.00537
811	43.7172	52	-1.41207e+06	25.7067	1.32493	240	1.06608	4.73032	4.5168	1.02625
812	44.5636	52	-1.41246e+06	25.6464	1.33428	240	1.06731	4.59298	4.48401	0.986982
813	44.8295	51	-1.41203e+06	25.5603	1.33172	232	1.06802	4.36788	4.45027	1.13505
814	43.7437	51	-1.41227e+06	25.4906	1.33242	239	1.06747	4.60834	4.50748	0.945724
815	43.7004	50	-1.4119e+06	25.6404	1.32827	246	1.06744	4.41237	4.5013	1.00543
816	43.6756	51	-1.41255e+06	25.5053	1.32622	229	1.06694	4.52072	4.5591	1.0475
817	44.2099	51	-1.41256e+06	25.4966	1.31343	236	1.06792	4.50481	4.57058	1.01509
818	44.5225	52	-1.41265e+06	25.4422	1.30486	242	1.06954	4.57678	4.58688	1.02378
819	44.9391	52	-1.41265e+06	25.3758	1.3115	246	1.07071	4.62505	4.63212	0.881495
820	44.7987	50	-1.4128e+06	25.4001	1.32654	240	1.06694	4.27465	4.49953	0.90043
821	42.7082	51	-1.41219e+06	25.2518	1.33792	230	1.06466	4.6798	4.55259	0.868361
822	44.7964	51	-1.41225e+06	25.4931	1.32042	252	1.0666	4.66494	4.52588	1.01892
823	44.9823	50	-1.41222e+06	25.3946	1.31621	249	1.06654	4.94522	4.52351	1.00749
824	44.6704	51	-1.4124e+06	25.3935	1.31067	237	1.06672	4.64949	4.53992	1.1689
825	44.7341	52	-1.41203e+06	25.6745	1.314	240	1.06718	4.50192	4.57669	1.00714
826	44.5292	52	-1.41243e+06	25.5117	1.30158	223	1.06903	4.52264	4.53304	1.16955
827	43.2622	52	-1.41285e+06	25.6292	1.29293	226	1.06733	4.72161	4.55688	0.926466
828	44.0156	52	-1.41261e+06	25.4927	1.3052	255	1.06818	4.75289	4.59222	1.00468
829	42.4582	51	-1.41255e+06	25.4621	1.30626	220	1.06696	4.86143	4.53877	0.975512
830	42.8727	54	-1.41271e+06	25.425	1.32228	209	1.06872	4.79294	4.51731	1.04585
831	42.2639	53	-1.41246e+06	25.2977	1.32303	208	1.06747	4.7014	4.55681	1.00702
832	42.1506	55	-1.4129e+06	25.3711	1.32618	205	1.06757	4.55666	4.63997	1.06414
833	42.7035	54	-1.41287e+06	25.4127	1.34981	212	1.06807	4.62765	4.63423	0.966799
834	42.7977	53	-1.41313e+06	25.2976	1.35771	227	1.06673	4.64056	4.56295	0.934235
835	43.4366	53	-1.41254e+06	25.2523	1.34415	218	1.06536	4.69528	4.54219	0.988043
836	43.1201	54	-1.41351e+06	25.4325	1.32895	209	1.06991	4.81801	4.49182	0.990499
837	42.1553	54	-1.41344e+06	25.5528	1.32686	207	1.0672	4.80823	4.58738	1.00775
838	42.5687	54	-1.41262e+06	25.7384	1.30561	202	1.06672	4.77705	4.56149	0.921393
839	42.9159	54	-1.41294e+06	25.6735	1.3133	217	1.06904	4.96699	4.51845	0.872263
840	42.6669	53	-1.41256e+06	25.5745	1.32335	212	1.06737	4.58704	4.5321	0.959806
841	42.1324	53	-1.41289e+06	25.6131	1.31144	215	1.06848	4.80501	4.46583	0.91065
842	43.2806	54	-1.4123e+06	25.4723	1.31523	229	1.06482	4.61065	4.5723	1.04019
843	42.6982	54	-1.41242e+06	25.548	1.33163	209	1.0634	4.46092	4.53349	1.01993
844	42.4633	54	-1.41223e+06	25.5561	1.33299	204	1.06606	4.60608	4.57177	0.957375
845	43.0528	54	-1.41219e+06	25.6521	1.32112	215	1.06456	4.61138	4.53948	0.958029
846	43.3795	53	-1.41175e+06	25.5238	1.31893	216	1.06347	4.45992	4.46992	1.07891
847	43.4003	53	-1.41231e+06	25.6461	1.34057	230	1.06267	4.57548	4.58707	0.814355
848	44.4643	52	-1.41243e+06	25.2943	1.355	237	1.06349	4.63695	4.60707	0.972301
849	43.3741	52	-1.41167e+06	25.3389	1.34346	230	1.06784	4.47924	4.57047	1.01412
850	44.1358	52	-1.41223e+06	25.5446	1.33586	233	1.06832	4.83168	4.52502	0.960141
851	44.692	52	-1.41203e+06	25.4608	1.33519	242	1.06887	4.6124	4.50818	0.994404
852	44.8686	52	-1.41236e+06	25.5442	1.34499	228	1.06845	4.47754	4.49814	1.00072
853	43.9413	52	-1.41195e+06	25.5494	1.33674	234	1.06835	4.44385	4.53378	0.884226
854	44.6107	52	-1.41244e+06	25.6515	1.33512	242	1.06674	4.57458	4.56468	1.03597
855	44.703	52	-1.41246e+06	25.6679	1.33407	233	1.06577	4.40001	4.48945	1.05582
856	44.527	52	-1.41169e+06	25.5521	1.33408	250	1.06516	4.86392	4.46411	1.05797
857	44.8377	51	-1.41191e+06	25.6126	1.31019	248	1.06798	4.73839	4.50701	0.96276
858	45.5704	52	-1.41199e+06	25.3593	1.31522	233	1.06898	4.59187	4.52431	0.986614
859	45.0375	50	-1.41195e+06	25.2752	1.34108	260	1.0677	4.82001	4.55309	1.0571
860	45.3006	51	-1.41193e+06	25.39	1.33517	255	1.06435	4.73826	4.51248	0.978705
861	45.8782	50	-1.41253e+06	25.4136	1.32193	255	1.06615	4.80726	4.53593	1.13188
862	45.1676	51	-1.41229e+06	25.6006	1.31843	242	1.06694	4.88534	4.53232	0.898169
863	44.7976	52	-1.41275e+06	25.5214	1.34731	248	1.06735	4.50292	4.59903	0.885875
864	45.2654	51	-1.41259e+06	25.5203	1.33048	249	1.06944	4.77528	4.58312	1.01575
865	45.0962	51	-1.41319e+06	25.2086	1.32172	242	1.07067	4.52218	4.54274	1.13361
866	44.7093	51	-1.41276e+06	25.0703	1.34154	245	1.06881	4.34126	4.49741	1.07673
867	44.6616	50	-1.41307e+06	25.2601	1.3296	245	1.07172	4.77471	4.55837	1.24524
868	44.0029	50	-1.41277e+06	25.437	1.33002	246	1.07164	4.6459	4.46907	0.920084
869	44.4169	52	-1.41247e+06	25.4829	1.32551	240	1.07127	4.7449	4.47944	0.892946
870	43.9157	52	-1.41269e+06	25.6493	1.32113	231	1.06559	4.85829	4.54464	0.952311
871	43.3179	52	-1.41254e+06	25.5527	1.32665	228	1.06538	4.57017	4.44828	1.04952
872	43.5029	52	-1.41254e+06	25.7658	1.32119	227	1.06841	4.42757	4.51895	0.948467
873	44.3102	51	-1.4122e+06	25.7889	1.32711	250	1.06671	4.59214	4.515	1.00628
874	44.7323	51	-1.41235e+06	25.6782	1.31023	238	1.06893	4.81831	4.49148	0.992472
875	44.4238	52	-1.41231e+06	25.7966	1.31995	233	1.06594	4.73187	4.4727	0.867995
876	45.3174	51	-1.4129e+06	25.8024	1.31092	240	1.06972	4.76827	4.46063	0.971616
877	44.0001	51	-1.41298e+06	25.6696	1.29947	244	1.06827	4.35193	4.50672	0.99977
878	45.2724	51	-1.41255e+06	25.5993	1.30277	232	1.06816	4.61608	4.51261	0.998622
879	44.0468	50	-1.41298e+06	25.5893	1.30717	261	1.06785	4.67835	4.57399	1.04451
880	45.8421	51	-1.41218e+06	25.661	1.30134	262	1.06423	4.39402	4.55918	0.964301
881	44.8572	51	-1.41201e+06	25.7434	1.30939	238	1.06706	4.41145	4.54674	0.896162
882	43.8547	51	-1.41242e+06	25.8096	1.30404	231	1.06597	4.58826	4.53866	0.920553
883	44.1375	51	-1.41204e+06	25.7874	1.31	238	1.06454	4.59907	4.56576	1.06019
884	45.0135	52	-1.41242e+06	25.6816	1.30829	238	1.06807	4.45697	4.54285	0.90547
885	44.8497	51	-1.41208e+06	25.4161	1.3239	251	1.06499	4.70425	4.44607	0.89646
886	45.5427	51	-1.41238e+06	25.473	1.32586	243	1.06906	4.60345	4.49307	0.964764
887	44.4352	52	-1.41236e+06	25.419	1.32	230	1.06788	4.85932	4.59852	0.980781
888	44.9671	51	-1.41147e+06	25.3725	1.34354	266	1.06312	4.70295	4.55112	1.07598
889	45.146	51	-1.41209e+06	25.6239	1.33243	231	1.06492	4.52349	4.55652	0.990947
890	44.0958	52	-1.41199e+06	25.6828	1.34785	235	1.06435	5.00847	4.51924	0.897437
891	44.7554	51	-1.41099e+06	25.8395	1.34687	234	1.06001	4.51868	4.65558	1.00231
892	44.9087	52	-1.41107e+06	25.9334	1.3494	245	1.06112	4.64406	4.56171	1.04266
893	44.4786	50	-1.41166e+06	25.7242	1.3448	255	1.06427	4.6078	4.47559	1.16315
894	44.6787	51	-1.41189e+06	25.4559	1.34116	245	1.06377	4.66534	4.56717	1.1038
895	44.4747	52	-1.4125e+06	25.3817	1.3443	223	1.06702	4.41382	4.58476	0.98979
896	43.2529	53	-1.41179e+06	25.2918	1.33517	228	1.0662	4.52419	4.59146	1.08302
897	42.6394	52	-1.41286e+06	25.2479	1.32826	231	1.06831	4.54859	4.53619	1.09296
898	43.4704	51	-1.41321e+06	25.2788	1.32237	238	1.06625	4.79239	4.54805	0.994232
899	44.0223	52	-1.41306e+06	25.4632	1.31572	228	1.067	4.45214	4.55131	1.04857
900	43.7389	53	-1.41301e+06	25.4168	1.31004	232	1.06878	4.45924	4.54921	0.973787
901	43.6852	52	-1.41326e+06	25.2459	1.334	229	1.06696	4.75575	4.5708	1.02278
902	43.5512	53	-1.41328e+06	25.3189	1.32894	218	1.06977	4.68768	4.5793	0.90047
903	43.5944	53	-1.41352e+06	25.1997	1.32046	217	1.07133	4.68291	4.65077	0.931826
904	43.1855	53	-1.41331e+06	25.1345	1.32299	232	1.06969	4.4788	4.59894	0.945289
905	43.1498	51	-1.41301e+06	25.136	1.32674	235	1.06977	4.4021	4.56533	1.04177
906	43.0356	52	-1.41359e+06	25.3156	1.32836	233	1.07098	4.46083	4.51274	1.1973
907	43.2498	52	-1.4128e+06	25.1475	1.32995	214	1.06833	4.52067	4.56665	1.08335
908	43.3868	53	-1.41256e+06	25.4398	1.3278	228	1.06533	4.46642	4.56698	0.992494
909	43.0476	54	-1.41234e+06	25.3957	1.33531	201	1.06417	4.434	4.61229	0.96756
910	41.828	55	-1.41235e+06	25.3805	1.35312	209	1.06331	4.73387	4.64358	1.02641
911	42.3059	54	-1.41241e+06	25.4652	1.34237	225	1.06585	4.98141	4.55906	0.949904
912	43.435	54	-1.41222e+06	25.4571	1.34929	209	1.06619	4.32542	4.6088	1.10422
913	41.5233	53	-1.41213e+06	25.5793	1.3383	224	1.06705	4.52977	4.62866	1.00189
914	42.817	52	-1.41238e+06	25.754	1.33164	218	1.0677	4.65267	4.6475	0.875016
915	43.6411	53	-1.41174e+06	25.6318	1.33591	224	1.06745	4.64421	4.51732	1.08403
916	44.2913	53	-1.41212e+06	25.6902	1.32851	223	1.06461	4.79772	4.61208	1.03292
917	44.3391	52	-1.41261e+06	25.7858	1.30816	233	1.06605	4.68203	4.56484	1.02989
918	43.1017	52	-1.41178e+06	25.9147	1.29791	220	1.06476	4.3558	4.51694	1.00127
919	43.761	53	-1.41199e+06	25.8962	1.30771	234	1.06523	4.6831	4.61887	1.10225
920	44.5825	51	-1.41175e+06	25.6765	1.29914	250	1.06486	4.51833	4.50724	0.974895
921	44.7596	52	-1.41212e+06	25.7468	1.29444	244	1.06522	4.33656	4.56124	0.826878
922	44.3988	53	-1.41183e+06	25.868	1.29482	239	1.0671	4.38119	4.37646	0.99796
923	43.6178	52	-1.41204e+06	25.7392	1.3051	237	1.06596	4.43	4.58772	0.896557
924	44.6385	52	-1.41235e+06	25.6861	1.29862	227	1.06875	4.40949	4.43265	0.875764
925	43.2733	52	-1.4129e+06	25.4593	1.30955	222	1.06901	4.29927	4.65245	0.89884
926	44.1956	52	-1.41299e+06	25.4782	1.3213	226	1.06886	4.41287	4.56355	0.967745
927	43.6857	53	-1.4122e+06	25.5182	1.31894	244	1.06647	4.64563	4.50381	0.884534
928	43.661	52	-1.41227e+06	25.7509	1.32022	235	1.06771	4.90559	4.5545	0.909195
929	43.9719	51	-1.41209e+06	25.889	1.319	234	1.0646	4.55439	4.48778	0.810097
930	44.6858	52	-1.41229e+06	25.7606	1.31598	233	1.06803	4.45499	4.62916	0.983887
931	44.6249	53	-1.41198e+06	25.5657	1.31654	235	1.0655	4.33541	4.54233	0.983562
932	43.7645	52	-1.41301e+06	25.5118	1.31289	222	1.06928	4.41415	4.61632	0.889566
933	44.7473	52	-1.4122e+06	25.6596	1.31815	236	1.0651	4.24319	4.53923	0.975149
934	44.4217	52	-1.41261e+06	25.6446	1.30678	228	1.06804	4.73153	4.54347	1.01848
935	44.3777	52	-1.41158e+06	25.4989	1.32767	233	1.06347	4.35467	4.56087	0.971045
936	43.8927	52	-1.41245e+06	25.4224	1.32864	228	1.06775	4.41632	4.57562	1.09617
937	43.7222	53	-1.41223e+06	25.3221	1.33531	239	1.06385	4.40343	4.55778	0.989104
938	43.8402	53	-1.4122e+06	25.5308	1.32837	224	1.06476	4.77331	4.54786	1.0085
939	43.9233	52	-1.41209e+06	25.3838	1.33479	234	1.06241	4.71314	4.64347	1.03278
940	44.0245	53	-1.41254e+06	25.4583	1.33942	229	1.06607	4.94531	4.54741	0.978469
941	44.2797	52	-1.41211e+06	25.4887	1.34135	228	1.06396	4.29951	4.58083	1.03456
942	44.0537	53	-1.4132e+06	25.6349	1.34613	224	1.06621	4.74002	4.55994	0.986579
943	44.5826	51	-1.4128e+06	25.519	1.34768	263	1.06947	4.76124	4.45851	0.84187
944	45.2954	49	-1.41246e+06	25.2857	1.35637	246	1.06587	4.74864	4.52609	0.922081
945	45.4296	51	-1.41189e+06	25.045	1.35161	251	1.06497	4.54962	4.55262	1.15002
946	45.0921	51	-1.41225e+06	25.1154	1.33453	249	1.06594	4.52582	4.54094	0.940886
947	45.3628	51	-1.41238e+06	25.4807	1.34037	263	1.06644	4.68356	4.52393	1.05778
948	45.3815	50	-1.41208e+06	25.345	1.32623	254	1.06457	4.55539	4.61002	0.990809
949	46.3624	50	-1.41212e+06	25.4952	1.33049	256	1.06831	4.44908	4.56965	0.98339
950	46.3876	50	-1.41176e+06	25.4429	1.33163	259	1.06503	4.59044	4.56151	0.98995
951	44.8973	49	-1.41243e+06	25.3149	1.3488	253	1.0654	4.4767	4.57715	0.921809
952	45.23	51	-1.41244e+06	25.4027	1.34387	256	1.06566	4.56476	4.50323	1.06285
953	45.5336	51	-1.4126e+06	25.3709	1.34368	257	1.06949	4.7897	4.48814	1.09312
954	46.6634	50	-1.41242e+06	25.3234	1.35481	270	1.06597	4.78778	4.50744	0.985147
955	45.1147	51	-1.41214e+06	25.4105	1.33731	246	1.06345	4.41778	4.60863	0.933307
956	43.6105	50	-1.412e+06	25.2989	1.33958	247	1.06336	4.21182	4.6112	1.00887
957	44.2977	52	-1.41195e+06	25.4802	1.32684	249	1.065	4.9137	4.52695	1.0031
958	46.8519	49	-1.41279e+06	25.6641	1.3232	268	1.06916	4.53705	4.57753	0.934943
959	47.2736	49	-1.41269e+06	25.4531	1.31738	251	1.06708	4.40957	4.58623	0.877251
960	44.4726	51	-1.4129e+06	25.3942	1.31688	251	1.06688	4.41629	4.53235	1.10452
961	44.3779	51	-1.41293e+06	25.3975	1.32874	238	1.0688	4.42728	4.56885	1.02755
962	44.5284	51	-1.41208e+06	25.494	1.33967	236	1.06603	4.33146	4.49789	1.09906
963	44.8302	51	-1.41207e+06	25.3234	1.33225	241	1.06604	4.38944	4.48073	1.0077
964	44.6905	51	-1.41269e+06	25.5902	1.30722	237	1.06822	4.37122	4.58878	1.13052
965	45.0778	51	-1.41247e+06	25.9317	1.30198	239	1.06945	4.36932	4.49274	0.995187
966	44.8662	52	-1.41197e+06	25.7154	1.30476	230	1.06701	4.7073	4.43883	1.07958
967	45.3436	51	-1.41177e+06	25.9434	1.32661	241	1.06645	4.48249	4.55423	0.971968
968	44.3284	52	-1.41208e+06	25.8425	1.33769	232	1.06559	4.66716	4.52663	0.959468
969	44.5424	51	-1.41158e+06	25.6479	1.32826	246	1.06379	4.59599	4.5044	0.933506
970	45.1715	51	-1.41215e+06	25.7277	1.31947	245	1.06835	4.15459	4.57297	0.925002
971	45.4305	51	-1.41168e+06	25.6568	1.3103	260	1.06685	4.586	4.62824	0.995479
972	45.5499	50	-1.4126e+06	25.6068	1.32695	241	1.06817	4.41426	4.58128	0.897397
973	45.0332	51	-1.41206e+06	25.3819	1.31031	234	1.06629	4.28861	4.50637	1.0997
974	44.7311	52	-1.41212e+06	25.4268	1.32051	235	1.06658	4.39076	4.5346	0.999519
975	44.0447	51	-1.4129e+06	25.6163	1.31411	231	1.06749	4.53876	4.52854	0.997674
976	44.4323	52	-1.41281e+06	25.5482	1.30215	238	1.06853	4.28402	4.63354	1.09294
977	44.5736	52	-1.41252e+06	25.5267	1.30094	240	1.06763	4.64385	4.55007	0.910519
978	43.9179	51	-1.41321e+06	25.4719	1.29152	236	1.06849	4.715	4.56212	0.883641
979	44.8659	52	-1.41283e+06	25.7995	1.29215	248	1.06745	4.80953	4.59295	0.914218
980	46.5698	50	-1.41226e+06	25.7432	1.30645	243	1.0674	4.75904	4.55666	0.930139
981	45.1529	51	-1.41238e+06	25.537	1.32607	247	1.06218	4.65753	4.62628	0.961706
982	44.842	53	-1.41224e+06	25.6428	1.32638	229	1.06799	4.8521	4.59433	0.905827
983	44.6123	52	-1.41255e+06	25.6201	1.32487	225	1.06391	4.73317	4.65007	0.923443
984	43.8867	52	-1.41233e+06	25.5459	1.32879	231	1.06576	4.6712	4.64742	0.986026
985	43.8606	52	-1.41233e+06	25.577	1.33473	225	1.06247	4.28785	4.64769	0.926491
986	43.5472	52	-1.4122e+06	25.4437	1.34057	234	1.06419	4.92327	4.49644	1.11105
987	43.8684	51	-1.41255e+06	25.5056	1.34203	224	1.0628	4.68663	4.52284	0.9658
988	42.4349	53	-1.41236e+06	25.4603	1.33899	209	1.06419	5.23736	4.52541	1.14947
989	42.8475	53	-1.41277e+06	25.3378	1.3131	225	1.06849	4.47505	4.51233	0.925522
990	42.9952	51	-1.41251e+06	25.3897	1.32573	248	1.06812	4.6585	4.63694	0.987412
991	43.7881	51	-1.41274e+06	25.3079	1.33241	232	1.06856	4.60626	4.44841	0.897689
992	43.9793	52	-1.41236e+06	25.294	1.33752	231	1.06629	4.34794	4.49645	1.01187
993	45.3997	51	-1.41222e+06	25.3514	1.33966	251	1.06502	4.52535	4.64289	1.00639
994	45.4275	49	-1.41222e+06	25.3024	1.34417	252	1.06432	4.36013	4.6547	0.849773
995	45.9855	51	-1.41116e+06	25.1708	1.36169	254	1.06166	4.35288	4.51982	0.840027
996	45.1124	51	-1.41153e+06	25.0659	1.36772	251	1.06244	4.7002	4.54912	0.931439
997	43.884	51	-1.41229e+06	25.3662	1.3436	233	1.06455	4.5287	4.49777	1.18682
998	44.5416	51	-1.41187e+06	25.4272	1.32416	250	1.06555	5.07692	4.46359	0.942771
999	44.8256	52	-1.41236e+06	25.4673	1.34269	240	1.06569	4.78379	4.55856	0.856635
