iter	time	topo	loglik	length	alpha	Nmode	statent	statalpha	rrent	rrmean
0	0	0	-3.9493e+06	11.5248	1	8	2.69197	20	4.82576	0.954058
1	36.246	62	-2.48087e+06	22.6797	0.675063	13	2.49381	23.0029	4.76304	1.0218
2	36.1024	61	-2.43736e+06	28.8499	0.672726	21	2.48078	25.6583	4.7172	1.03917
3	37.3922	60	-2.3776e+06	32.2789	0.676433	36	2.44843	21.42	4.70292	1.10624
4	41.3671	58	-2.33911e+06	35.009	0.674359	53	2.41717	18.2977	4.70336	0.986912
5	41.0504	57	-2.31177e+06	36.1574	0.678837	71	2.3739	16.4914	4.70566	1.0568
6	42.5205	55	-2.27715e+06	37.2318	0.681658	81	2.33605	15.1685	4.7215	0.981387
7	41.9325	55	-2.24803e+06	38.2706	0.678211	102	2.30023	14.7637	4.71773	1.02934
8	42.2164	56	-2.20033e+06	38.2705	0.678802	148	2.27533	14.8281	4.71012	0.971431
9	44.8878	53	-2.17845e+06	38.6058	0.680246	168	2.24358	12.9383	4.70215	1.07329
10	46.0462	52	-2.15886e+06	39.2868	0.682917	223	2.21524	12.329	4.69198	1.01093
11	47.9168	51	-2.14515e+06	39.4993	0.688261	258	2.19394	12.1311	4.68991	1.05653
12	51.5289	49	-2.12918e+06	39.2175	0.689047	288	2.17845	11.0765	4.68781	1.00258
13	50.3702	49	-2.12243e+06	40.0574	0.680663	325	2.1458	11.321	4.69508	1.00942
14	53.0319	47	-2.10766e+06	40.4754	0.681253	380	2.13147	10.6939	4.68651	0.991021
15	53.5199	46	-2.10117e+06	40.631	0.680167	417	2.1131	11.1911	4.69035	0.940602
16	54.1641	46	-2.09662e+06	41.5314	0.678992	430	2.09588	10.7585	4.68266	0.919375
17	57.2939	44	-2.09017e+06	41.6638	0.681162	474	2.0832	10.3824	4.682	0.988632
18	59.6932	43	-2.08668e+06	41.8089	0.685155	492	2.07527	10.4039	4.67515	0.92508
19	56.8839	42	-2.07326e+06	41.6058	0.688656	508	2.08283	10.4828	4.66393	1.10368
20	57.7425	42	-2.07009e+06	41.3785	0.690181	531	2.0812	9.70759	4.65574	1.02173
21	60.2952	41	-2.06719e+06	40.9222	0.687904	547	2.07696	10.6094	4.64858	1.02842
22	61.0844	39	-2.05881e+06	39.7322	0.696383	575	2.08171	9.92402	4.64836	1.03452
23	62.2176	40	-2.05628e+06	39.6727	0.69509	632	2.07058	9.98442	4.64521	0.990521
24	65.2147	38	-2.05334e+06	39.9022	0.700121	674	2.06215	10.0339	4.64367	1.07456
25	67.7001	38	-2.04925e+06	39.6257	0.699367	660	2.0673	10.0696	4.63985	1.0528
26	67.9358	38	-2.04125e+06	38.6894	0.714061	702	2.06636	10.2559	4.63228	1.04772
27	67.8981	38	-2.03762e+06	39.3497	0.714061	733	2.06049	10.1756	4.62529	1.04997
28	68.7926	36	-2.03558e+06	39.2163	0.711229	753	2.05425	10.0883	4.62684	1.04672
29	70.3277	34	-2.03456e+06	38.9224	0.713934	773	2.05277	10.1837	4.62225	1.00202
30	69.7042	36	-2.03269e+06	39.0934	0.712307	788	2.0491	9.88588	4.62398	0.868866
31	71.3453	36	-2.03181e+06	39.2436	0.716495	816	2.04369	9.70113	4.6228	1.02334
32	70.9739	36	-2.0303e+06	38.9165	0.725967	819	2.03622	9.83476	4.62142	1.06482
33	71.9411	36	-2.02888e+06	39.0082	0.731572	842	2.03362	9.73587	4.62148	0.975759
34	72.6657	34	-2.0281e+06	39.12	0.734824	870	2.03416	9.80154	4.61832	0.928634
35	75.5134	34	-2.02679e+06	39.1886	0.740284	852	2.0237	9.68366	4.61387	1.0309
36	72.7487	34	-2.0263e+06	39.4898	0.734582	874	2.02488	9.91849	4.61002	1.08234
37	74.5515	33	-2.02539e+06	39.6003	0.736314	883	2.02674	9.74741	4.60807	0.923725
38	75.5327	34	-2.024e+06	39.9331	0.742582	878	2.01699	9.69162	4.611	1.05758
39	76.4795	34	-2.02261e+06	39.6531	0.747416	899	2.0124	9.73322	4.60472	1.0243
40	76.01	34	-2.02203e+06	39.6877	0.750094	897	2.00777	9.72338	4.60751	0.923275
41	75.51	34	-2.02167e+06	40.045	0.752358	911	2.00471	9.83084	4.61392	0.932258
42	76.8374	34	-2.02148e+06	40.1391	0.746128	928	2.00553	9.73612	4.60527	1.04689
43	75.724	33	-2.02111e+06	40.4526	0.747427	932	2.00445	9.94333	4.60777	1.06441
44	77.003	32	-2.01967e+06	40.3409	0.749483	940	2.00563	9.68396	4.59809	0.971838
45	77.9852	32	-2.02014e+06	40.1139	0.753093	952	2.01036	9.74551	4.60178	1.12902
46	80.2043	32	-2.01958e+06	40.136	0.753634	951	2.00995	10.2098	4.59881	1.05782
47	80.8094	32	-2.01837e+06	39.494	0.761322	981	2.00921	10.0305	4.59612	1.03703
48	81.9568	32	-2.01685e+06	39.4182	0.763498	982	2.00244	9.81783	4.59318	0.97896
49	81.4943	32	-2.01721e+06	39.2354	0.76202	987	2.00585	9.92779	4.58818	1.04477
50	79.3308	31	-2.0164e+06	39.154	0.770002	981	2.00334	9.82466	4.58744	0.949004
51	80.6532	32	-2.00872e+06	38.0162	0.76439	961	2.0123	9.80853	4.58146	0.926119
52	80.6537	32	-2.00795e+06	37.7414	0.770739	977	2.01021	10.079	4.5848	1.09131
53	80.1751	32	-2.00779e+06	37.809	0.772176	992	2.01465	9.98985	4.5816	0.945931
54	80.6458	33	-2.00724e+06	37.765	0.774424	1000	2.01472	10.1184	4.57287	0.961445
55	81.5151	32	-2.00664e+06	37.4255	0.776132	984	2.01583	10.2834	4.57096	1.00226
56	79.1775	32	-2.00764e+06	37.3664	0.777867	1018	2.02221	10.2079	4.5744	1.15367
57	80.7261	32	-2.00721e+06	37.0917	0.780242	1003	2.02023	10.1489	4.57707	1.01411
58	78.5187	31	-2.00721e+06	37.0966	0.780016	982	2.02389	10.146	4.57979	1.05948
59	80.3212	32	-2.00727e+06	37.2706	0.772599	1010	2.02184	10.0984	4.57696	1.09946
60	79.3059	32	-2.0066e+06	37.2706	0.777252	983	2.01658	9.85051	4.58413	0.933784
61	81.101	32	-2.00595e+06	37.1141	0.780116	975	2.01785	9.82354	4.58385	0.948999
62	80.3401	32	-2.00572e+06	37.245	0.781421	1014	2.01588	10.027	4.58267	1.07072
63	79.8368	32	-2.00681e+06	37.6933	0.782158	985	2.02017	9.76922	4.57093	0.892534
64	80.7503	32	-2.00549e+06	37.5911	0.782359	1006	2.01668	9.86481	4.56954	1.0296
65	80.1416	32	-2.00564e+06	37.3975	0.783942	1005	2.01203	10.1034	4.57032	0.996326
66	79.8266	32	-2.00507e+06	37.4125	0.789047	1001	2.01259	9.90618	4.57219	1.08006
67	79.1036	33	-2.00411e+06	37.5981	0.778412	1023	2.00976	10.0189	4.57684	0.913264
68	82.6779	32	-2.00462e+06	37.5672	0.775117	1041	2.01406	9.83322	4.57448	1.08072
69	81.2686	32	-2.0039e+06	37.6437	0.779157	1013	2.00504	10.0578	4.57945	0.944634
70	80.2375	33	-2.00289e+06	37.4045	0.786248	986	2.00183	9.6149	4.57269	0.883392
71	80.0546	32	-2.00299e+06	37.223	0.785541	1026	2.00229	9.82195	4.57265	0.959978
72	82.0794	31	-2.00324e+06	36.9326	0.793395	1026	2.00768	10.1303	4.57193	1.02209
73	81.7502	32	-2.00287e+06	37.1087	0.79214	1040	2.00586	9.92014	4.57065	0.921005
74	83.3767	31	-2.00317e+06	37.3019	0.790801	1047	2.00751	9.90833	4.57974	1.06982
75	82.4709	31	-2.00224e+06	37.1415	0.794267	1052	2.00504	9.73656	4.57476	1.0944
76	84.4151	30	-2.00173e+06	37.3603	0.794791	1080	2.00033	9.76654	4.57102	0.930629
77	85.278	31	-2.0016e+06	37.4219	0.785359	1070	2.00131	9.82603	4.56478	1.02584
78	84.3578	30	-2.00226e+06	37.113	0.792906	1075	2.00323	9.91781	4.56822	0.909977
79	85.4237	31	-2.00191e+06	37.2668	0.79808	1080	2.00171	9.53825	4.56831	0.944875
80	85.9459	31	-2.00278e+06	36.9327	0.800546	1055	2.0074	9.8543	4.57307	0.982773
81	83.9802	31	-2.00222e+06	37.2364	0.802913	1053	2.00689	9.80761	4.56707	1.11668
82	82.3955	32	-2.00182e+06	37.2382	0.800495	1034	2.00887	9.8187	4.5677	0.87856
83	82.83	31	-2.00231e+06	37.5353	0.792337	1060	2.00875	9.86938	4.56002	1.1585
84	83.5552	30	-2.00187e+06	37.2344	0.792859	1055	2.00712	9.83357	4.56605	1.03306
85	85.1776	30	-2.00197e+06	37.324	0.790696	1049	2.0027	9.77816	4.56843	0.9603
86	84.9182	30	-2.0021e+06	37.1162	0.784355	1060	2.00347	9.79827	4.57338	0.983676
87	83.4145	30	-2.00194e+06	37.0322	0.788113	1072	2.00874	9.88175	4.57325	1.11415
88	86.3387	30	-2.00163e+06	37.0304	0.783303	1064	2.00423	9.76529	4.566	1.10746
89	85.0428	30	-2.00226e+06	36.7579	0.788929	1088	2.01295	9.82754	4.55919	1.201
90	84.5947	30	-2.00144e+06	36.7178	0.790745	1062	2.00248	9.64771	4.56593	1.04443
91	84.289	30	-1.99986e+06	37.1176	0.793982	1083	2.00102	9.61766	4.56424	1.04552
92	84.0737	30	-2.00063e+06	37.1118	0.792908	1080	2.00234	9.5908	4.56412	1.04486
93	84.3631	30	-2.00037e+06	37.4385	0.794898	1089	2.00082	9.39638	4.57178	1.14424
94	84.1139	31	-2.00057e+06	37.1033	0.798748	1093	2.00209	9.40833	4.5657	0.995848
95	85.4902	30	-2.00028e+06	37.3761	0.800759	1108	1.99827	9.73742	4.56859	1.02579
96	84.925	31	-2.00069e+06	37.4566	0.802161	1078	1.99792	9.7573	4.56546	1.03109
97	85.1286	30	-1.99969e+06	37.4165	0.806279	1071	1.99386	9.85364	4.56439	0.915696
98	85.1032	30	-2.00021e+06	37.2747	0.808467	1082	1.99304	9.77745	4.56324	1.04873
99	85.3292	30	-2.00074e+06	37.2068	0.806715	1074	2.00205	9.66071	4.56912	1.11183
100	83.7693	31	-1.99982e+06	37.3839	0.805676	1093	1.99587	9.71684	4.57059	1.14122
101	83.7301	30	-1.9993e+06	37.1953	0.805974	1106	1.99487	9.77099	4.5674	1.01587
102	84.6338	30	-1.99956e+06	36.9832	0.80026	1074	1.9919	9.73276	4.5709	0.897547
103	83.7495	30	-1.99997e+06	37.0563	0.801204	1083	1.99446	9.83829	4.56657	1.05132
104	84.7701	30	-1.99969e+06	37.1263	0.800602	1075	1.995	9.72744	4.56681	0.859314
105	84.7604	30	-1.99978e+06	37.089	0.804944	1085	1.99138	9.82941	4.56487	0.936744
106	84.6198	31	-1.9994e+06	37.0781	0.808165	1059	1.99306	9.67786	4.57164	1.0036
107	83.9814	30	-1.9988e+06	37.2645	0.811599	1102	1.98583	9.81083	4.57147	0.900603
108	84.7281	31	-1.99789e+06	37.0649	0.818453	1090	1.98464	9.79106	4.57003	1.0614
109	84.8681	30	-1.99796e+06	37.0991	0.819673	1082	1.97942	9.69306	4.57699	0.957232
110	84.8067	31	-1.99785e+06	37.1097	0.827661	1088	1.97849	9.99087	4.57118	0.998401
111	85.3229	31	-1.99761e+06	37.1842	0.828759	1078	1.97995	9.53944	4.57103	0.938044
112	84.776	30	-1.99717e+06	37.0709	0.83282	1123	1.97518	9.60849	4.56476	0.918702
113	82.8055	30	-1.99665e+06	37.1514	0.829367	1134	1.97663	9.68046	4.56449	0.941053
114	85.1589	30	-1.99741e+06	37.3621	0.823766	1113	1.97771	9.4357	4.5594	0.949932
115	84.2223	31	-1.99506e+06	37.2412	0.827195	1100	1.96173	9.51168	4.56373	1.00425
116	84.4731	30	-1.99624e+06	37.3748	0.83123	1119	1.96747	9.47754	4.569	0.907164
117	83.2503	31	-1.99665e+06	37.4765	0.831111	1094	1.96849	9.51581	4.56574	0.986047
118	83.6265	30	-1.99613e+06	37.4119	0.834075	1091	1.96528	9.44299	4.56701	0.939685
119	84.1578	31	-1.99537e+06	37.3152	0.841511	1088	1.95435	9.38321	4.57776	1.05236
120	82.917	30	-1.9956e+06	37.4097	0.839736	1113	1.96017	9.52114	4.57811	1.02235
121	84.3592	30	-1.99465e+06	37.2633	0.84617	1102	1.95454	9.53584	4.5794	1.04381
122	84.381	31	-1.99489e+06	37.0808	0.843894	1090	1.95544	9.63207	4.57699	0.959439
123	84.2156	31	-1.99399e+06	37.2033	0.848264	1096	1.94717	9.64028	4.57672	0.792225
124	83.6983	30	-1.99431e+06	37.1666	0.852909	1142	1.95166	9.48496	4.57242	0.944611
125	82.0846	29	-1.99466e+06	37.2662	0.859405	1114	1.94963	9.46766	4.57225	1.09449
126	86.0369	30	-1.99431e+06	37.4459	0.860091	1142	1.94862	9.67673	4.57525	1.02821
127	85.9342	30	-1.99378e+06	37.3498	0.858878	1134	1.948	9.68483	4.57835	1.07491
128	83.0662	31	-1.99392e+06	36.8207	0.87393	1110	1.94507	9.83178	4.57857	0.942701
129	82.6025	29	-1.99347e+06	37.2107	0.876713	1111	1.93903	9.70656	4.58202	1.02971
130	83.9903	29	-1.99316e+06	37.5079	0.878449	1121	1.93741	9.5747	4.58737	0.978941
131	85.9693	30	-1.99232e+06	37.3725	0.883816	1132	1.93491	9.59775	4.57828	1.08252
132	84.776	31	-1.99279e+06	37.427	0.886502	1123	1.9313	9.62651	4.58216	1.02515
133	85.1412	30	-1.99185e+06	37.7617	0.888754	1141	1.93404	9.5967	4.57641	0.97504
134	84.6601	31	-1.99262e+06	37.6773	0.890977	1137	1.9342	9.47655	4.57237	0.941634
135	85.0613	30	-1.9917e+06	37.5698	0.893539	1111	1.93162	9.17393	4.57939	1.16919
136	85.4966	30	-1.99235e+06	37.6616	0.900361	1106	1.93366	9.55576	4.57828	1.0269
137	83.9448	31	-1.99174e+06	37.7209	0.894612	1133	1.93389	9.62681	4.57234	1.0365
138	84.4432	31	-1.99225e+06	37.8237	0.902676	1131	1.93314	9.71637	4.57118	1.10613
139	85.2106	30	-1.99105e+06	38.0326	0.894686	1112	1.93097	9.64011	4.57199	1.01257
140	84.5536	31	-1.99102e+06	37.7917	0.897547	1111	1.92552	9.63059	4.57109	1.03321
141	84.9281	31	-1.99158e+06	37.674	0.895695	1083	1.93567	9.52973	4.56049	1.14512
142	84.0016	31	-1.99094e+06	37.8267	0.898381	1125	1.92749	9.54016	4.56307	1.02181
143	83.7081	30	-1.99214e+06	37.9486	0.901935	1099	1.93352	9.44547	4.55994	1.09628
144	85.0539	30	-1.99193e+06	37.8168	0.904297	1121	1.93546	9.71373	4.56236	1.06317
145	82.9241	31	-1.99114e+06	37.5935	0.91591	1079	1.92765	9.53856	4.56993	1.0034
146	84.4096	30	-1.99097e+06	37.5425	0.925204	1091	1.92623	9.63391	4.56608	0.830984
147	82.9497	30	-1.99135e+06	38.109	0.911188	1103	1.92555	9.71303	4.56988	0.949332
148	83.0941	31	-1.9909e+06	38.1964	0.90988	1085	1.92203	9.66157	4.58185	1.06948
149	83.5715	30	-1.99084e+06	37.8034	0.903602	1114	1.92442	9.68816	4.57761	0.948041
150	84.6799	30	-1.99054e+06	37.7165	0.909725	1093	1.92134	9.62906	4.58217	1.06645
151	82.9931	31	-1.99009e+06	37.6151	0.909439	1106	1.92534	9.4414	4.57425	0.996324
152	83.6398	30	-1.99107e+06	37.7159	0.902137	1125	1.93021	9.51081	4.57797	1.01463
153	83.4152	31	-1.99092e+06	37.7627	0.901704	1112	1.92812	9.6867	4.57477	0.96386
154	83.7615	30	-1.99134e+06	37.7918	0.893123	1084	1.93055	9.65423	4.56841	1.03456
155	84.8461	31	-1.99102e+06	37.6012	0.89463	1079	1.93234	9.52003	4.56598	0.901841
156	84.5402	31	-1.99128e+06	37.3348	0.901406	1074	1.93112	9.51657	4.57235	1.06336
157	84.1284	31	-1.99058e+06	37.3125	0.899982	1083	1.93122	9.61117	4.5741	0.968189
158	84.4014	31	-1.99148e+06	37.4046	0.904068	1092	1.92859	9.63812	4.57347	0.917291
159	82.1898	31	-1.99089e+06	37.3565	0.914883	1095	1.93078	9.6554	4.57061	1.20469
160	84.0981	29	-1.99091e+06	37.51	0.908241	1084	1.93174	9.46481	4.56838	0.99684
161	84.3644	30	-1.99073e+06	37.2613	0.907172	1111	1.93393	9.61178	4.56916	1.01035
162	82.6699	31	-1.99157e+06	37.4027	0.906133	1080	1.93899	9.30548	4.5659	1.11464
163	83.8354	31	-1.99195e+06	37.5601	0.90102	1124	1.9338	9.65644	4.57178	0.922186
164	85.1183	30	-1.99154e+06	37.6528	0.894479	1136	1.93047	9.50151	4.57095	0.889442
165	86.1388	30	-1.99211e+06	37.3918	0.896819	1121	1.93308	9.6692	4.56984	0.981711
166	85.1257	29	-1.99144e+06	37.602	0.902234	1108	1.92915	9.58155	4.57104	1.06784
167	84.5687	30	-1.99057e+06	37.5103	0.909236	1138	1.92289	9.75692	4.57517	1.05185
168	86.4487	29	-1.99018e+06	37.552	0.911874	1125	1.92098	9.71257	4.57664	1.10248
169	84.8212	29	-1.99061e+06	37.2992	0.922877	1121	1.92176	9.69898	4.57528	1.06161
170	84.7944	30	-1.99074e+06	37.3671	0.922522	1145	1.92192	9.5359	4.57942	0.926703
171	86.1247	30	-1.98976e+06	37.2256	0.920115	1128	1.92107	9.40049	4.57888	0.949664
172	85.1482	30	-1.99137e+06	37.4693	0.909888	1149	1.92701	9.47353	4.57578	0.974176
173	85.0064	30	-1.99069e+06	37.5631	0.911827	1118	1.92675	9.67705	4.56974	1.05289
174	86.1877	29	-1.98994e+06	37.6547	0.917657	1138	1.92433	9.61838	4.57169	0.892864
175	85.7709	29	-1.99001e+06	37.6575	0.924847	1137	1.92251	9.62244	4.57482	1.09707
176	86.1331	30	-1.98936e+06	37.745	0.925169	1154	1.91971	9.52285	4.57942	0.978806
177	87.6814	29	-1.98999e+06	37.2823	0.934223	1155	1.91853	9.48599	4.57555	0.989034
178	87.4069	29	-1.99017e+06	37.3186	0.934015	1163	1.92336	9.45231	4.57664	0.952861
179	87.0395	29	-1.98995e+06	37.4304	0.932144	1146	1.91977	9.69313	4.57457	0.956757
180	86.3608	30	-1.98903e+06	37.3075	0.933954	1130	1.91647	9.30435	4.56964	1.13117
181	87.4979	29	-1.99024e+06	37.1447	0.938299	1175	1.92052	9.65395	4.57073	1.05754
182	88.5268	29	-1.98933e+06	37.2597	0.934417	1159	1.91995	9.45057	4.57274	0.949915
183	88.6508	29	-1.99028e+06	37.263	0.927911	1139	1.9179	9.37786	4.56946	1.09789
184	88.3833	28	-1.98997e+06	37.2402	0.93024	1169	1.92572	9.53668	4.57223	1.08278
185	88.4418	29	-1.99062e+06	37.3222	0.935835	1153	1.92544	9.58824	4.57719	0.904729
186	89.743	28	-1.99088e+06	37.4252	0.933546	1160	1.92403	9.49107	4.57603	0.992274
187	89.4319	29	-1.99078e+06	37.5086	0.934008	1181	1.92469	9.4563	4.57027	1.01383
188	88.7529	29	-1.99074e+06	37.7155	0.933486	1152	1.92672	9.58153	4.57132	0.86564
189	88.4207	28	-1.99075e+06	37.5127	0.930704	1167	1.92415	9.56857	4.56883	0.900569
190	87.274	29	-1.99089e+06	37.733	0.926696	1123	1.92392	9.44722	4.57351	1.10675
191	85.2651	30	-1.9907e+06	37.6844	0.927329	1133	1.92029	9.73042	4.57287	0.9659
192	86.0858	30	-1.99018e+06	37.3942	0.916977	1137	1.91917	9.72889	4.57789	1.00832
193	85.2927	28	-1.98982e+06	37.4316	0.916163	1155	1.92185	9.36281	4.56833	0.991552
194	87.9233	28	-1.99024e+06	37.818	0.913226	1175	1.92124	9.50975	4.5692	1.04362
195	88.4947	28	-1.99024e+06	37.6194	0.90618	1215	1.92492	9.57269	4.56968	1.03835
196	88.2924	29	-1.99058e+06	37.4124	0.917999	1166	1.92647	9.6738	4.57269	0.998511
197	88.5386	29	-1.98939e+06	37.2845	0.925777	1177	1.91526	9.48332	4.58312	1.09307
198	89.8289	29	-1.98923e+06	37.4754	0.936605	1167	1.91829	9.70979	4.57665	1.04295
199	85.9737	29	-1.99006e+06	37.4584	0.932395	1121	1.92068	9.5743	4.58123	0.993631
200	86.0147	30	-1.9898e+06	37.2712	0.934121	1161	1.91428	9.33834	4.57833	1.02771
201	88.587	29	-1.98897e+06	37.1821	0.933132	1141	1.91488	9.61351	4.57213	0.954704
202	87.4694	29	-1.98945e+06	37.2268	0.931978	1155	1.91266	9.65205	4.57393	0.984661
203	89.0746	29	-1.98972e+06	37.2168	0.928324	1152	1.91489	9.45682	4.57597	1.01415
204	84.6798	31	-1.98906e+06	37.3169	0.933513	1125	1.91182	9.40677	4.57483	0.893991
205	84.5167	30	-1.99017e+06	37.3763	0.941061	1125	1.91655	9.5326	4.57423	1.08209
206	84.7548	31	-1.98931e+06	37.3712	0.941168	1098	1.91054	9.44613	4.58334	1.01967
207	82.7035	30	-1.98918e+06	37.257	0.943328	1092	1.91101	9.27255	4.57614	0.980395
208	84.4605	31	-1.98872e+06	37.6264	0.945535	1112	1.90559	9.40376	4.5734	0.945231
209	82.6199	31	-1.98789e+06	38.0028	0.944729	1109	1.9093	9.28247	4.57523	0.88897
210	82.8635	30	-1.98793e+06	37.8074	0.93753	1104	1.90446	9.48506	4.57504	0.957796
211	84.2191	30	-1.98832e+06	38.0156	0.939305	1120	1.91137	9.29363	4.57829	0.906672
212	83.1262	31	-1.98772e+06	37.9305	0.946126	1073	1.89989	9.22849	4.58416	1.11595
213	83.2488	30	-1.98878e+06	37.6632	0.948534	1119	1.90287	9.40906	4.58486	0.984171
214	82.7175	29	-1.98734e+06	37.7881	0.943893	1118	1.90633	9.31793	4.57392	1.06632
215	83.901	29	-1.98849e+06	37.635	0.944604	1142	1.90784	9.53275	4.57481	0.890254
216	86.3518	30	-1.98836e+06	37.5513	0.944922	1133	1.91142	9.43252	4.57451	0.988218
217	86.1219	30	-1.98854e+06	37.4554	0.942203	1131	1.90692	9.31179	4.57459	1.06243
218	87.9608	29	-1.98864e+06	37.5648	0.943529	1159	1.91279	9.2505	4.57257	1.00465
219	88.784	29	-1.98831e+06	37.2938	0.950987	1138	1.90724	9.33365	4.57181	1.03397
220	84.2108	30	-1.98883e+06	37.2743	0.94354	1121	1.91077	9.5311	4.57241	1.02213
221	83.8399	30	-1.98932e+06	37.3516	0.937728	1123	1.9119	9.34176	4.57012	0.94544
222	84.0295	30	-1.9899e+06	37.4414	0.93526	1103	1.91828	9.50203	4.56717	1.02094
223	83.1657	31	-1.99003e+06	37.7301	0.939843	1096	1.92147	9.24974	4.56575	1.03029
224	84.5497	31	-1.98917e+06	37.7167	0.930952	1065	1.91648	9.38827	4.57316	0.925754
225	83.867	29	-1.9884e+06	37.6006	0.940948	1067	1.91166	9.48858	4.58208	0.909316
226	85.8358	31	-1.98792e+06	37.4265	0.940708	1092	1.90677	9.26923	4.58731	0.946703
227	83.8409	31	-1.98767e+06	37.4191	0.943604	1123	1.90346	9.34235	4.58251	1.04483
228	84.2485	30	-1.98841e+06	37.8077	0.946655	1094	1.9081	9.73138	4.57517	0.975776
229	84.4245	29	-1.98906e+06	37.4369	0.951585	1093	1.91176	9.39781	4.57413	1.02389
230	84.7019	31	-1.98945e+06	37.1595	0.954379	1065	1.91077	9.5064	4.57724	1.01694
231	84.2643	30	-1.98839e+06	37.2209	0.956214	1072	1.90814	9.40145	4.58622	1.1558
232	84.1966	30	-1.98822e+06	37.0975	0.952965	1111	1.90943	9.63744	4.57996	1.16674
233	84.2222	30	-1.98767e+06	36.9882	0.953217	1112	1.90431	9.35548	4.5767	0.981971
234	83.6143	31	-1.98871e+06	37.2534	0.951358	1072	1.90591	9.492	4.57966	0.970693
235	83.8611	31	-1.98841e+06	37.3	0.946486	1109	1.90631	9.26647	4.57619	0.912911
236	84.3161	31	-1.98943e+06	37.2899	0.944059	1084	1.91067	9.51203	4.57184	0.937457
237	83.4829	30	-1.98896e+06	37.119	0.948748	1055	1.91055	9.55064	4.57313	0.870247
238	84.186	31	-1.9881e+06	37.3482	0.954377	1086	1.91184	9.61538	4.57172	1.09555
239	84.6619	30	-1.98871e+06	37.2792	0.957829	1124	1.90776	9.60501	4.58027	0.895509
240	84.6361	30	-1.98905e+06	37.0695	0.960126	1128	1.90867	9.68525	4.58389	0.941371
241	83.5735	31	-1.98821e+06	37.1703	0.958564	1116	1.90818	9.24375	4.58579	0.994541
242	83.0396	30	-1.98817e+06	37.0832	0.96391	1087	1.90068	9.37158	4.58863	1.0993
243	82.46	31	-1.98911e+06	37.1568	0.956476	1103	1.90969	9.45601	4.58675	0.951295
244	83.6641	30	-1.98938e+06	37.1954	0.942544	1069	1.91329	9.53038	4.58134	1.11111
245	84.1594	30	-1.98908e+06	37.3531	0.938703	1106	1.91267	9.62466	4.57957	1.08425
246	83.2497	30	-1.98879e+06	37.607	0.940952	1120	1.9078	9.35907	4.57863	1.09804
247	83.914	30	-1.98862e+06	37.6693	0.937554	1110	1.90775	9.33712	4.57892	1.04812
248	84.6377	30	-1.98868e+06	37.5412	0.940509	1101	1.90565	9.50733	4.5764	1.09206
249	86.0157	30	-1.98912e+06	37.5714	0.94402	1083	1.90835	9.34783	4.58153	1.00697
250	84.2036	30	-1.98858e+06	37.6624	0.942901	1103	1.90697	9.37978	4.5815	0.99242
251	84.4679	30	-1.98834e+06	37.9738	0.944619	1142	1.91161	9.21122	4.57697	1.00327
252	83.9848	30	-1.9889e+06	37.779	0.934173	1113	1.91284	9.59157	4.57736	1.05962
253	83.635	31	-1.98946e+06	37.79	0.938884	1097	1.91315	9.56264	4.5838	0.970124
254	84.3347	30	-1.98932e+06	37.809	0.936486	1064	1.90874	9.31586	4.58425	0.996355
255	84.118	30	-1.98875e+06	37.6033	0.940971	1108	1.90824	9.4632	4.59239	0.96102
256	83.9553	30	-1.98837e+06	37.5011	0.941135	1093	1.90486	9.51638	4.58522	0.93163
257	84.9535	30	-1.98944e+06	37.3708	0.94224	1067	1.91187	9.64258	4.58564	0.902514
258	83.3005	30	-1.98949e+06	37.2442	0.943273	1062	1.91243	9.63541	4.57832	1.08373
259	83.0769	30	-1.98958e+06	37.0798	0.9354	1069	1.90784	9.68553	4.58189	1.00608
260	83.4166	30	-1.99027e+06	37.2815	0.928987	1098	1.92062	9.40251	4.58122	0.981123
261	84.6572	30	-1.98978e+06	37.3457	0.936315	1079	1.91889	9.62445	4.57722	1.0325
262	84.3815	30	-1.9884e+06	37.3028	0.9408	1111	1.90903	9.50292	4.57839	1.16812
263	83.0183	30	-1.98907e+06	37.4154	0.947217	1108	1.91262	9.37274	4.57531	1.13487
264	84.059	31	-1.98867e+06	37.3894	0.942181	1102	1.91158	9.25239	4.5766	0.957837
265	84.7974	30	-1.98841e+06	37.4074	0.936669	1077	1.9079	9.41267	4.57262	1.00342
266	83.72	30	-1.98904e+06	37.5912	0.938268	1118	1.9142	9.4368	4.56974	0.914126
267	83.1899	31	-1.98875e+06	37.3691	0.935397	1109	1.91357	9.21744	4.57069	1.0856
268	83.6364	30	-1.98844e+06	37.3811	0.942342	1091	1.91206	9.58882	4.56812	0.948498
269	85.1252	31	-1.98874e+06	37.4456	0.935879	1125	1.9092	9.35189	4.57615	1.07054
270	85.1095	30	-1.98784e+06	37.2438	0.95183	1113	1.90849	9.35787	4.57347	0.991755
271	84.729	31	-1.98814e+06	37.1493	0.955406	1101	1.90475	9.13791	4.57818	0.890178
272	84.3266	31	-1.98751e+06	37.4636	0.953686	1067	1.90258	9.30466	4.57835	0.945127
273	84.1333	31	-1.98857e+06	37.3313	0.951684	1091	1.90603	9.60457	4.57754	1.11078
274	84.3743	31	-1.98788e+06	37.7813	0.951727	1096	1.90627	9.34807	4.57759	1.03957
275	84.4442	30	-1.98806e+06	37.8643	0.949014	1115	1.90041	9.1884	4.57456	0.987175
276	83.619	31	-1.98813e+06	37.7171	0.949399	1103	1.90263	9.32851	4.57423	0.969198
277	85.8164	30	-1.9886e+06	37.7844	0.949368	1108	1.91017	9.44277	4.57183	1.08357
278	83.7621	31	-1.98812e+06	37.9122	0.94485	1092	1.90474	9.23494	4.57444	0.996194
279	83.7466	31	-1.98796e+06	37.9061	0.951916	1107	1.90502	9.24825	4.57199	0.987075
280	83.9644	30	-1.98757e+06	37.9428	0.949219	1097	1.90597	9.35186	4.58104	1.0091
281	82.4216	30	-1.98788e+06	37.9159	0.948936	1087	1.90245	9.58094	4.57821	0.972481
282	83.7423	31	-1.98778e+06	37.8675	0.953815	1081	1.89787	9.48769	4.57479	0.92224
283	83.7946	30	-1.98806e+06	38.1835	0.948572	1099	1.90247	9.50524	4.56911	1.13369
284	82.9861	31	-1.9878e+06	38.1941	0.950733	1090	1.90242	9.39678	4.57761	1.05743
285	83.1818	30	-1.98769e+06	37.9702	0.95386	1086	1.89845	9.27818	4.57098	1.06408
286	83.2203	31	-1.98776e+06	37.8775	0.955468	1107	1.90064	9.27176	4.56738	0.975702
287	86.1585	30	-1.98794e+06	37.8244	0.957856	1130	1.90059	9.32209	4.57463	1.09007
288	86.3192	29	-1.98809e+06	37.7885	0.950286	1149	1.90117	9.1726	4.57399	1.058
289	85.2685	30	-1.98838e+06	37.6091	0.945041	1143	1.9073	9.21438	4.57202	1.05732
290	83.9107	31	-1.98843e+06	37.5746	0.941487	1120	1.90841	9.25091	4.57827	1.00863
291	85.26	29	-1.98833e+06	37.4854	0.943515	1126	1.90317	9.37948	4.58316	0.973157
292	84.4211	30	-1.98801e+06	37.5311	0.936886	1092	1.90186	9.21	4.58199	0.906255
293	83.0197	30	-1.98775e+06	37.3942	0.933381	1101	1.90142	9.48785	4.58469	1.11818
294	84.1268	31	-1.98861e+06	37.3767	0.93589	1088	1.90572	9.29819	4.57829	0.920477
295	83.2899	31	-1.98862e+06	37.6533	0.932139	1101	1.90647	9.33514	4.57923	0.924055
296	83.5616	30	-1.98779e+06	37.4707	0.93306	1115	1.90498	9.55049	4.58112	1.04345
297	84.5002	30	-1.98721e+06	37.5511	0.931749	1102	1.90608	9.53126	4.57577	1.04651
298	83.4111	31	-1.98811e+06	37.6171	0.932338	1117	1.90721	9.55923	4.57635	0.829398
299	86.6678	30	-1.98719e+06	37.6312	0.929513	1130	1.90322	9.24358	4.5842	0.983743
300	85.2755	30	-1.98774e+06	37.8065	0.936495	1107	1.90723	9.49444	4.57824	0.866145
301	82.5111	30	-1.98799e+06	37.6059	0.933303	1107	1.90616	9.65414	4.57539	0.952203
302	84.526	30	-1.98849e+06	37.8612	0.941206	1086	1.90444	9.37053	4.57615	0.911072
303	85.1525	31	-1.98749e+06	37.6045	0.948024	1084	1.90342	9.56751	4.58126	0.996923
304	84.2034	30	-1.9881e+06	37.444	0.953119	1088	1.9019	9.28999	4.5801	0.980173
305	82.89	30	-1.98811e+06	37.5802	0.949912	1068	1.90426	9.46324	4.5816	1.1464
306	84.2914	30	-1.98734e+06	37.3579	0.952281	1060	1.89965	9.20844	4.58599	1.06263
307	83.9393	31	-1.9867e+06	37.3972	0.960282	1075	1.89906	9.39187	4.57468	1.00824
308	83.7633	29	-1.98695e+06	37.3194	0.958468	1102	1.89915	9.28102	4.57654	1.08611
309	82.9307	30	-1.98746e+06	37.3388	0.952436	1098	1.90147	9.28764	4.57564	1.0669
310	84.759	30	-1.98704e+06	37.449	0.959019	1101	1.89895	9.46665	4.5775	1.10475
311	83.2617	30	-1.98768e+06	37.8353	0.957791	1095	1.8989	9.31919	4.57815	1.0388
312	84.0211	31	-1.98709e+06	37.554	0.965159	1088	1.90192	9.50033	4.57966	0.999954
313	83.9131	30	-1.98726e+06	37.6416	0.952542	1073	1.90223	9.34602	4.58493	1.20624
314	84.5985	30	-1.98759e+06	37.6226	0.950895	1068	1.90208	9.43619	4.58049	1.03527
315	84.1432	30	-1.98788e+06	37.5683	0.954879	1098	1.90243	8.91201	4.57898	1.0306
316	84.8609	30	-1.9891e+06	37.2084	0.949819	1094	1.90593	9.052	4.58081	0.913742
317	83.8517	30	-1.98778e+06	37.4605	0.948739	1098	1.9	9.23068	4.57705	1.06734
318	84.4074	31	-1.98784e+06	37.7305	0.948722	1091	1.89931	8.96018	4.57844	0.878817
319	85.313	30	-1.98796e+06	37.4717	0.942587	1111	1.90463	9.1751	4.57282	0.99247
320	85.0696	31	-1.98908e+06	37.4531	0.945857	1120	1.90685	9.23623	4.57637	1.08551
321	84.759	30	-1.98895e+06	37.4663	0.95534	1090	1.90676	9.25301	4.57692	0.918227
322	84.9199	30	-1.98821e+06	37.5039	0.951492	1064	1.89988	9.12685	4.57787	1.06825
323	84.8464	30	-1.98897e+06	37.3325	0.952597	1090	1.90774	9.45263	4.57611	1.11307
324	84.8004	31	-1.98877e+06	37.6899	0.949758	1104	1.91079	9.52111	4.58215	0.948743
325	84.1712	30	-1.98798e+06	37.4489	0.955962	1066	1.90292	9.46581	4.572	0.962665
326	84.727	30	-1.98889e+06	37.5435	0.947572	1068	1.90765	9.10093	4.5722	0.98454
327	83.9492	31	-1.98814e+06	37.4331	0.954075	1069	1.90082	9.23605	4.56544	1.01022
328	82.7018	31	-1.98744e+06	37.2938	0.958534	1055	1.90221	9.26321	4.57052	0.963802
329	83.6048	29	-1.98735e+06	37.0948	0.961196	1093	1.90098	9.3039	4.57114	1.02557
330	83.8288	30	-1.98752e+06	37.2927	0.96935	1070	1.90232	9.46892	4.56803	0.797559
331	82.6651	30	-1.98777e+06	37.4267	0.952924	1096	1.90219	9.1982	4.5752	1.09979
332	84.1656	31	-1.98858e+06	37.477	0.948024	1059	1.9036	9.38157	4.57081	0.991213
333	81.995	30	-1.98772e+06	37.7792	0.955596	1053	1.89788	9.3468	4.5737	1.06989
334	83.022	31	-1.988e+06	37.8597	0.950277	1062	1.89828	9.34717	4.57363	0.939127
335	83.8221	31	-1.98786e+06	37.8645	0.962531	1068	1.90125	9.40785	4.56964	1.08152
336	85.0395	30	-1.98732e+06	37.6104	0.962161	1074	1.89396	9.15562	4.56693	0.934963
337	84.1699	30	-1.98713e+06	37.3996	0.960863	1063	1.89913	9.43866	4.5739	0.971907
338	83.9399	29	-1.98776e+06	37.4874	0.959358	1074	1.8993	9.41339	4.57834	1.04507
339	85.9544	30	-1.98877e+06	37.28	0.961608	1088	1.90388	9.13238	4.5794	1.09129
340	83.5053	30	-1.98753e+06	37.604	0.961744	1057	1.89576	9.13202	4.57886	1.03744
341	82.6372	29	-1.98817e+06	37.6053	0.950147	1095	1.90229	9.3331	4.57812	1.13376
342	84.6777	30	-1.98792e+06	37.7442	0.948837	1125	1.90246	9.23018	4.57769	0.966076
343	84.7922	30	-1.98743e+06	37.7266	0.951194	1120	1.89669	9.19127	4.57809	1.06949
344	83.0708	31	-1.9874e+06	38.0093	0.955034	1126	1.89778	9.23981	4.57952	0.968864
345	83.657	31	-1.98834e+06	38.1234	0.94342	1116	1.89851	9.38428	4.57286	1.02214
346	83.6907	30	-1.98792e+06	37.81	0.950072	1117	1.90079	9.35794	4.57393	0.956649
347	84.4974	30	-1.98802e+06	37.8173	0.955338	1091	1.90401	9.46744	4.57895	1.02254
348	84.0912	30	-1.98734e+06	37.5584	0.954801	1080	1.89612	9.32132	4.57807	1.03321
349	84.0365	30	-1.98694e+06	37.772	0.964504	1092	1.89767	9.40944	4.57668	0.957382
350	82.6501	29	-1.98706e+06	37.9174	0.956025	1072	1.89596	9.0595	4.58318	1.06202
351	84.5689	30	-1.98724e+06	37.679	0.95825	1083	1.9	9.23607	4.58127	1.00413
352	83.646	30	-1.98768e+06	37.8291	0.949194	1100	1.9005	9.24932	4.58349	1.06292
353	82.8913	31	-1.98727e+06	38.0193	0.947068	1117	1.90101	9.08951	4.57646	1.00178
354	83.6422	31	-1.98701e+06	37.9273	0.953431	1120	1.89775	9.09066	4.57231	1.05514
355	84.6532	30	-1.9876e+06	37.6989	0.948475	1098	1.90121	9.414	4.57771	1.04891
356	83.2206	30	-1.98771e+06	37.3476	0.957532	1113	1.89886	9.5133	4.57408	1.00815
357	85.1849	30	-1.98791e+06	37.5744	0.95448	1088	1.90192	9.40314	4.56703	0.94709
358	84.3384	30	-1.98785e+06	37.6562	0.951957	1066	1.89584	9.39393	4.57527	1.11765
359	82.4937	30	-1.98843e+06	37.5132	0.964901	1059	1.89376	9.197	4.58408	1.00292
360	83.4886	30	-1.98753e+06	37.5791	0.964471	1079	1.89417	9.28129	4.58353	0.996173
361	83.052	30	-1.9874e+06	37.5239	0.964839	1050	1.89803	9.14825	4.58622	0.949156
362	83.7516	30	-1.98674e+06	37.566	0.963311	1063	1.89469	9.1758	4.59204	1.08924
363	85.3081	31	-1.98706e+06	37.6757	0.964191	1059	1.89207	9.26308	4.58864	1.1261
364	84.9956	30	-1.9874e+06	37.5229	0.963365	1090	1.89469	9.49804	4.58687	0.9553
365	82.7194	30	-1.98698e+06	37.6107	0.961633	1082	1.89094	9.19848	4.58547	1.02103
366	83.0068	30	-1.98761e+06	37.7053	0.957712	1097	1.8972	9.33865	4.58219	1.08048
367	85.8237	31	-1.98757e+06	37.3124	0.962297	1114	1.8962	9.38812	4.5847	1.03621
368	84.3585	31	-1.98719e+06	37.6404	0.959246	1082	1.89313	9.20259	4.58745	1.00949
369	82.5477	30	-1.9883e+06	37.3647	0.956441	1084	1.90705	9.28497	4.58175	0.989127
370	83.2892	30	-1.98838e+06	36.9842	0.957895	1043	1.90564	9.27131	4.58741	1.00076
371	83.2476	30	-1.98908e+06	37.0102	0.958986	1057	1.90431	9.17941	4.58888	1.05035
372	84.0103	29	-1.98869e+06	36.9664	0.97208	1082	1.9057	9.14947	4.58408	1.09508
373	84.6445	30	-1.98829e+06	36.8954	0.964995	1074	1.89903	9.18966	4.58318	1.09981
374	84.4334	30	-1.98871e+06	36.8771	0.953746	1075	1.90033	9.21288	4.58241	1.00522
375	83.7776	30	-1.98928e+06	37.188	0.953288	1099	1.90648	9.19838	4.57548	1.10234
376	84.1331	31	-1.98949e+06	37.1993	0.960772	1096	1.9118	9.19342	4.5785	1.01807
377	82.856	30	-1.9882e+06	36.7316	0.960562	1071	1.90034	9.51894	4.57796	0.868538
378	82.7627	30	-1.9885e+06	36.9032	0.965433	1083	1.9014	9.20508	4.58278	0.980401
379	84.3577	30	-1.98925e+06	37.2593	0.959701	1056	1.90726	9.45944	4.57998	0.965888
380	83.434	30	-1.98904e+06	37.2255	0.96386	1068	1.90255	9.27214	4.58084	0.970025
381	84.1949	31	-1.98845e+06	37.4259	0.964271	1072	1.90236	9.37227	4.57777	1.043
382	83.8974	31	-1.98849e+06	37.4771	0.960935	1047	1.89877	9.35809	4.57829	0.990203
383	83.9826	30	-1.9888e+06	37.4119	0.961234	1109	1.90077	9.13698	4.57662	0.844028
384	85.8807	31	-1.98807e+06	37.1235	0.959986	1077	1.90053	9.26327	4.58114	1.07544
385	84.0918	30	-1.98882e+06	37.0709	0.96043	1094	1.90301	9.48013	4.57609	1.0282
386	84.2328	30	-1.98793e+06	37.001	0.954613	1075	1.90183	9.46487	4.57762	0.929356
387	83.3936	30	-1.98816e+06	37.3322	0.958958	1051	1.89573	9.30145	4.58205	0.931039
388	83.2624	30	-1.98868e+06	37.4705	0.958844	1091	1.90261	9.37186	4.57775	0.924446
389	84.6362	30	-1.98816e+06	37.2546	0.961573	1070	1.89986	9.3551	4.57734	1.02591
390	84.1862	31	-1.98793e+06	37.3737	0.957807	1051	1.90579	9.2318	4.57263	1.00272
391	83.9583	31	-1.98723e+06	37.4519	0.953911	1071	1.89971	9.29593	4.57194	0.874395
392	83.3477	30	-1.98823e+06	37.4336	0.950464	1099	1.90604	9.31175	4.57257	1.00121
393	83.1514	30	-1.98783e+06	37.6442	0.959135	1099	1.90125	9.26421	4.57644	0.887565
394	85.1128	30	-1.98815e+06	37.5856	0.955985	1085	1.90372	9.34286	4.57182	0.983725
395	83.0704	29	-1.98863e+06	37.2216	0.960089	1038	1.91053	9.34609	4.57298	0.981537
396	82.0599	29	-1.98979e+06	37.4377	0.954818	1066	1.91466	9.79686	4.57644	0.970616
397	83.4392	30	-1.98918e+06	37.4816	0.949015	1054	1.91099	9.44179	4.58034	0.924652
398	82.8292	31	-1.98879e+06	37.7957	0.940791	1039	1.91088	9.18511	4.57799	1.02397
399	81.5454	30	-1.98933e+06	37.6697	0.936835	1052	1.91223	9.24003	4.57743	0.977404
400	83.5944	30	-1.9892e+06	37.8683	0.928961	1066	1.90628	9.1417	4.57617	0.903524
401	83.4027	31	-1.98848e+06	38.1027	0.924814	1064	1.90955	9.13279	4.57653	1.02571
402	82.0465	31	-1.98801e+06	37.7436	0.928546	1056	1.90747	9.22533	4.57001	1.03818
403	81.9104	30	-1.98897e+06	38.0651	0.920179	1041	1.91142	9.18917	4.57535	1.09031
404	82.2868	30	-1.9887e+06	38.05	0.924705	1084	1.91429	9.19908	4.57104	0.884065
405	83.1875	31	-1.98904e+06	37.6381	0.918834	1082	1.91425	9.61129	4.57748	1.05929
406	85.0506	30	-1.98883e+06	37.3418	0.924098	1051	1.91869	9.4065	4.57762	0.996232
407	82.7465	30	-1.98875e+06	37.3554	0.928095	1070	1.90921	9.14385	4.57915	1.01017
408	81.6366	30	-1.98918e+06	37.5839	0.937443	1039	1.91172	9.31092	4.57737	0.93504
409	79.9286	30	-1.98907e+06	37.3937	0.934624	1058	1.9125	9.17141	4.57618	1.06778
410	81.4822	31	-1.98867e+06	37.3546	0.937892	1063	1.91213	9.41904	4.57535	0.978771
411	83.1721	31	-1.98843e+06	37.3254	0.939961	1065	1.90773	9.33554	4.57601	1.07897
412	83.7204	30	-1.98841e+06	37.3921	0.93506	1084	1.90793	9.30386	4.57358	0.931189
413	84.1191	30	-1.98959e+06	37.4582	0.932864	1084	1.9097	9.39859	4.5713	1.19333
414	85.2251	30	-1.98866e+06	37.6741	0.932611	1075	1.90894	9.53949	4.57285	1.06329
415	83.894	31	-1.98908e+06	37.331	0.928249	1063	1.91178	9.44133	4.57326	1.03071
416	85.6366	31	-1.989e+06	37.4288	0.93586	1074	1.90911	9.34167	4.57127	0.979339
417	85.7675	30	-1.98821e+06	37.4362	0.932934	1086	1.90716	9.29631	4.57671	0.865988
418	83.7087	31	-1.98824e+06	37.4066	0.947958	1044	1.90388	9.36976	4.57173	1.08525
419	83.6919	31	-1.98842e+06	37.4578	0.933894	1072	1.90851	9.33023	4.57578	0.987664
420	84.4584	30	-1.98879e+06	37.4794	0.939838	1076	1.905	9.28925	4.57374	0.89813
421	82.8811	30	-1.98843e+06	37.5264	0.937258	1062	1.90413	9.55468	4.57603	1.00057
422	85.3273	31	-1.98969e+06	37.402	0.94175	1074	1.90786	9.43977	4.57956	1.01309
423	85.0698	29	-1.98924e+06	37.5871	0.948057	1063	1.90723	9.32155	4.57825	0.933558
424	84.4489	29	-1.98822e+06	37.6074	0.94199	1139	1.90177	9.40797	4.58066	1.0488
425	84.1427	31	-1.98827e+06	37.5645	0.942138	1111	1.90324	9.45836	4.57784	0.966143
426	84.4328	30	-1.98803e+06	37.5098	0.951747	1134	1.90317	9.25513	4.57562	1.14648
427	83.9062	30	-1.98814e+06	37.4124	0.942864	1124	1.90676	9.42076	4.57638	1.00036
428	84.7244	31	-1.98884e+06	37.6452	0.940801	1079	1.90567	9.17234	4.57531	1.02068
429	84.7267	31	-1.9889e+06	37.324	0.943107	1059	1.90635	9.19144	4.57336	1.02091
430	86.1114	30	-1.98851e+06	37.3489	0.94543	1088	1.90593	9.06185	4.57326	1.13204
431	83.6348	30	-1.98863e+06	37.5046	0.940502	1093	1.90604	9.15879	4.57431	0.950064
432	83.9468	31	-1.98969e+06	37.672	0.950428	1079	1.90968	8.91325	4.57096	1.07194
433	84.4269	30	-1.98892e+06	37.2764	0.946441	1123	1.9094	8.94777	4.56713	1.19182
434	83.3632	31	-1.98934e+06	37.6632	0.942008	1078	1.91113	8.97441	4.57208	1.05363
435	83.3725	31	-1.98883e+06	37.0774	0.947529	1031	1.9042	9.02486	4.57474	0.956264
436	83.1053	30	-1.98896e+06	37.0484	0.947149	1057	1.90801	9.04483	4.57601	0.895134
437	85.2981	30	-1.98928e+06	37.1743	0.950455	1073	1.90778	9.04712	4.57413	1.09441
438	84.5316	30	-1.98855e+06	37.1079	0.953349	1078	1.90363	9.24916	4.57828	1.00369
439	83.7587	31	-1.98876e+06	37.1816	0.955206	1066	1.90408	9.36653	4.58225	0.949608
440	85.466	30	-1.98855e+06	37.2781	0.955783	1111	1.90796	9.36361	4.579	0.901588
441	85.2558	30	-1.98846e+06	37.4992	0.955155	1084	1.90168	9.53402	4.57924	0.980598
442	83.4172	30	-1.98905e+06	37.5037	0.954552	1088	1.90386	9.51087	4.58517	0.92785
443	84.1257	31	-1.98874e+06	37.6001	0.944118	1101	1.90401	9.2966	4.58664	0.963541
444	84.5028	30	-1.98837e+06	37.5296	0.941494	1094	1.90586	9.34284	4.57807	1.09033
445	82.2105	31	-1.98826e+06	37.6738	0.945772	1104	1.90444	9.27205	4.58308	0.90714
446	84.4554	31	-1.98869e+06	37.5948	0.938566	1101	1.91036	9.42865	4.58747	1.01884
447	83.0253	29	-1.98881e+06	37.3842	0.93452	1083	1.90969	9.31903	4.58717	1.09388
448	84.953	30	-1.989e+06	37.2639	0.929512	1075	1.91208	9.26718	4.58075	0.986122
449	84.8682	30	-1.98849e+06	37.5121	0.924797	1097	1.91447	9.05135	4.57991	0.926819
450	83.9471	31	-1.98894e+06	37.4198	0.929858	1084	1.91076	9.08367	4.58073	0.969327
451	84.2824	31	-1.98834e+06	37.5843	0.934903	1055	1.90663	9.11855	4.57317	0.940456
452	81.4483	30	-1.98913e+06	37.7294	0.931879	1055	1.91512	9.1999	4.57135	0.930349
453	81.9935	31	-1.98865e+06	37.6414	0.934746	1054	1.91507	9.26834	4.56592	1.07079
454	82.5445	31	-1.98857e+06	37.5682	0.938499	1048	1.91283	9.23296	4.56865	1.03471
455	80.9509	31	-1.98834e+06	37.6523	0.937597	1031	1.91032	9.23631	4.56358	0.97835
456	81.508	30	-1.9881e+06	37.6917	0.933529	1058	1.90832	9.2135	4.57303	0.876228
457	81.1468	30	-1.98809e+06	37.6419	0.940411	1054	1.9091	9.1333	4.57432	1.0378
458	82.0556	31	-1.98877e+06	37.9087	0.934233	1059	1.90914	9.28444	4.57331	0.941538
459	80.5797	29	-1.9884e+06	37.6894	0.934441	1083	1.90785	9.18796	4.57504	0.940039
460	82.7813	30	-1.98829e+06	37.4761	0.944894	1067	1.90947	8.86773	4.57289	0.945186
461	81.8715	30	-1.98882e+06	37.3397	0.94905	1050	1.90739	8.97237	4.5705	1.00627
462	83.0971	30	-1.98901e+06	37.4384	0.948895	1093	1.91094	9.13564	4.57278	0.912435
463	83.1147	29	-1.98786e+06	37.5449	0.956012	1086	1.90528	9.03676	4.57526	0.872025
464	83.2927	30	-1.98819e+06	37.5511	0.959059	1084	1.90738	9.15419	4.57259	1.0611
465	83.4042	30	-1.98732e+06	37.6835	0.951485	1082	1.89941	9.16019	4.56901	0.940824
466	82.688	30	-1.98737e+06	37.8562	0.954429	1108	1.90217	9.15503	4.56553	1.1197
467	82.6304	30	-1.98814e+06	37.5827	0.947611	1081	1.90282	8.89641	4.57095	1.10003
468	81.4574	30	-1.98837e+06	37.6061	0.945673	1095	1.90633	9.30915	4.56671	1.04693
469	82.3956	30	-1.98792e+06	37.6763	0.953132	1085	1.90415	9.18945	4.56208	0.974902
470	82.2301	30	-1.98787e+06	37.7414	0.946693	1078	1.90552	9.10221	4.56669	0.813921
471	83.9858	30	-1.98765e+06	37.6686	0.948072	1085	1.90035	9.16728	4.57301	1.07875
472	82.405	29	-1.98794e+06	37.9128	0.944605	1104	1.90518	8.99709	4.57198	0.876471
473	83.2126	30	-1.98774e+06	37.9088	0.945463	1123	1.901	9.24543	4.57311	1.03728
474	83.7991	29	-1.98703e+06	37.7569	0.951267	1134	1.90001	9.09708	4.57362	0.922379
475	85.6869	29	-1.98803e+06	37.7252	0.956849	1169	1.90527	9.3348	4.57792	0.983068
476	87.4326	28	-1.98676e+06	37.4392	0.953906	1150	1.89839	9.33105	4.57074	1.00682
477	87.9409	28	-1.98775e+06	37.6296	0.948824	1129	1.90054	9.26225	4.57304	1.07069
478	85.4149	29	-1.98818e+06	37.6325	0.945219	1119	1.90092	9.27597	4.5741	0.989191
479	84.659	29	-1.98823e+06	37.7803	0.948915	1159	1.90604	9.45125	4.57787	0.932138
480	86.2993	29	-1.98792e+06	37.6726	0.949489	1150	1.9075	9.21236	4.57241	1.05645
481	87.4178	29	-1.98847e+06	37.6526	0.949808	1168	1.90809	9.23534	4.56788	1.04896
482	86.9892	28	-1.9885e+06	37.7658	0.945161	1139	1.90789	9.44144	4.57533	0.971033
483	86.2434	28	-1.98796e+06	37.7916	0.938869	1157	1.90098	9.25381	4.57384	0.921892
484	84.9381	29	-1.98848e+06	37.7552	0.9461	1114	1.9081	9.41579	4.5699	1.12882
485	84.1634	29	-1.98866e+06	37.8323	0.944779	1103	1.90339	9.36053	4.57196	0.94969
486	81.9227	30	-1.98884e+06	37.6825	0.941916	1112	1.90917	9.46329	4.57327	0.934338
487	83.1995	30	-1.98916e+06	37.3972	0.94199	1094	1.9063	9.28225	4.57305	0.906038
488	83.2084	29	-1.98906e+06	37.5101	0.940115	1112	1.90882	9.44739	4.57073	1.01199
489	81.7414	29	-1.98855e+06	37.8168	0.941723	1102	1.90209	9.28633	4.57208	0.895192
490	82.213	30	-1.98872e+06	37.8043	0.936511	1093	1.90777	9.29973	4.57486	1.03554
491	82.4424	29	-1.98846e+06	37.6133	0.938424	1114	1.9091	9.06625	4.57042	0.992619
492	83.4663	30	-1.98787e+06	37.7553	0.939017	1052	1.90456	9.28531	4.57361	0.896097
493	85.1977	29	-1.98891e+06	37.8846	0.949322	1066	1.90438	9.17615	4.57621	0.940835
494	84.2011	30	-1.98892e+06	37.5503	0.946578	1066	1.90061	9.18694	4.58023	0.962767
495	82.4617	30	-1.98896e+06	37.7555	0.953492	1087	1.90854	9.20733	4.57036	1.00977
496	82.7694	30	-1.98838e+06	37.4731	0.95679	1060	1.90287	9.23241	4.57374	1.16708
497	80.425	29	-1.98852e+06	37.4	0.94821	1063	1.90049	9.14225	4.58009	1.01127
498	81.3757	29	-1.98812e+06	37.5025	0.956831	1071	1.89833	9.04875	4.5847	1.05555
499	82.6435	30	-1.98786e+06	37.6734	0.953014	1068	1.89275	9.27242	4.58847	1.05246
500	82.4351	30	-1.98873e+06	37.4843	0.961121	1082	1.90054	9.26086	4.58847	1.04934
501	83.3848	30	-1.98801e+06	37.386	0.958084	1075	1.89461	9.19777	4.59194	1.05153
502	82.4942	30	-1.98839e+06	37.551	0.956593	1074	1.90001	9.03969	4.59035	1.17985
503	82.6995	30	-1.98811e+06	37.4638	0.955985	1059	1.89868	9.24326	4.58681	0.922193
504	83.654	30	-1.98826e+06	37.4373	0.956856	1095	1.90056	9.01	4.58992	0.946643
505	82.8976	29	-1.98842e+06	37.1783	0.949627	1118	1.89601	9.07625	4.59125	0.908564
506	83.3387	30	-1.98904e+06	37.1376	0.948093	1081	1.90114	9.39049	4.59271	1.00098
507	83.3472	29	-1.98861e+06	37.2153	0.953025	1113	1.90214	9.27322	4.58416	0.972514
508	82.5471	30	-1.98949e+06	37.2496	0.953281	1098	1.90898	9.22118	4.58144	1.16771
509	82.868	30	-1.98882e+06	37.0255	0.953245	1124	1.90599	9.22758	4.58452	0.862668
510	82.153	30	-1.98879e+06	36.9022	0.959302	1109	1.90404	9.3709	4.58462	0.944931
511	83.4386	30	-1.98785e+06	37.1165	0.96714	1121	1.89857	9.12881	4.58491	0.939614
512	85.8902	29	-1.9878e+06	37.3193	0.962246	1132	1.90067	9.34396	4.57492	1.14401
513	83.3589	30	-1.98848e+06	37.5412	0.955657	1095	1.90765	9.57795	4.57276	0.982542
514	82.5412	29	-1.98889e+06	37.264	0.95406	1132	1.90957	9.30265	4.57265	1.14023
515	83.9484	30	-1.98906e+06	37.0771	0.95132	1075	1.91014	9.6132	4.57209	1.1069
516	83.7724	30	-1.98776e+06	37.4061	0.960621	1121	1.90165	9.71687	4.5737	1.08983
517	83.403	30	-1.98896e+06	37.6017	0.960148	1078	1.90844	9.54673	4.57591	1.00953
518	83.3856	29	-1.98873e+06	37.4063	0.963078	1108	1.90632	9.42094	4.57298	1.14744
519	82.7272	30	-1.98868e+06	37.5171	0.958016	1113	1.90647	9.38946	4.57981	0.938641
520	81.7152	30	-1.98809e+06	37.3859	0.966038	1110	1.90472	9.5476	4.57511	1.06031
521	82.3532	30	-1.98721e+06	37.338	0.964514	1111	1.89967	9.36432	4.57266	1.0655
522	83.2761	29	-1.9882e+06	37.5315	0.971094	1123	1.90425	9.32165	4.57012	1.09115
523	81.7389	29	-1.98851e+06	37.7827	0.962457	1096	1.90477	9.55936	4.56624	0.948086
524	82.0633	30	-1.98842e+06	37.602	0.952127	1109	1.90725	9.4801	4.57058	1.00785
525	82.2414	29	-1.98832e+06	37.5199	0.953956	1085	1.9043	9.2779	4.56701	0.886957
526	82.9564	30	-1.98796e+06	37.494	0.958097	1099	1.90434	9.34028	4.5756	0.968
527	83.445	30	-1.98918e+06	37.5492	0.949319	1083	1.90872	9.43639	4.57087	1.09568
528	82.6669	30	-1.98867e+06	37.5985	0.962412	1096	1.904	9.64069	4.58376	1.05375
529	84.5676	29	-1.98887e+06	37.4247	0.969269	1091	1.90077	9.42446	4.57974	0.910623
530	83.1817	30	-1.98782e+06	37.521	0.969696	1099	1.90003	9.33264	4.57861	0.937912
531	83.6023	30	-1.98799e+06	37.4392	0.966865	1109	1.89877	9.21981	4.58183	1.01064
532	83.7665	30	-1.98825e+06	37.2402	0.967428	1071	1.90583	9.16232	4.58178	1.04069
533	81.4527	30	-1.98832e+06	37.4093	0.966485	1069	1.9025	9.14683	4.58276	1.00087
534	83.665	29	-1.98818e+06	37.2878	0.968301	1060	1.90828	9.19122	4.58238	0.921479
535	82.6438	29	-1.9891e+06	37.1694	0.964166	1074	1.9102	9.2838	4.57578	0.952621
536	80.8916	28	-1.98912e+06	37.1282	0.963071	1097	1.91131	9.1729	4.57454	0.918225
537	82.0088	29	-1.98812e+06	37.3219	0.958098	1135	1.90167	9.29452	4.57272	0.983104
538	82.015	30	-1.98745e+06	36.9085	0.961649	1100	1.90366	9.24943	4.57536	1.02932
539	82.9718	30	-1.98776e+06	37.1558	0.956355	1118	1.89674	9.29159	4.57721	0.965041
540	82.7956	30	-1.98838e+06	37.1223	0.957555	1105	1.90578	9.34628	4.57451	1.06884
541	83.2568	30	-1.98766e+06	37.3512	0.952551	1111	1.89961	9.08268	4.56865	0.930198
542	83.4807	30	-1.98846e+06	37.2048	0.956674	1119	1.9023	9.40025	4.57659	0.885326
543	81.9401	30	-1.98812e+06	37.4004	0.959477	1110	1.90123	9.33667	4.57585	0.939193
544	83.9246	29	-1.98773e+06	37.7386	0.957606	1121	1.90255	9.28633	4.5754	1.01984
545	83.2407	30	-1.98842e+06	37.8989	0.963188	1104	1.90623	9.33739	4.57888	0.977498
546	82.6848	30	-1.98758e+06	37.7962	0.957088	1102	1.90121	9.25884	4.58203	0.977466
547	82.1629	30	-1.98788e+06	37.9262	0.952934	1124	1.90032	8.98607	4.58166	1.05573
548	82.3504	30	-1.98759e+06	37.7553	0.950971	1107	1.90947	9.05667	4.57315	0.970784
549	82.1209	30	-1.98854e+06	37.6113	0.955988	1084	1.91166	9.29533	4.57187	1.02023
550	82.4429	30	-1.98851e+06	37.5024	0.949816	1087	1.91009	9.27632	4.57533	0.946385
551	82.1114	30	-1.9876e+06	37.5575	0.949037	1112	1.90775	9.17468	4.5751	0.954217
552	82.7496	30	-1.98716e+06	37.4276	0.947555	1094	1.90115	9.30925	4.5845	1.03635
553	82.5851	30	-1.9874e+06	37.3901	0.960967	1079	1.90021	9.19732	4.57894	1.0258
554	81.6482	30	-1.9872e+06	37.3554	0.962819	1080	1.90117	9.23262	4.57532	1.05131
555	83.0429	30	-1.98714e+06	37.5254	0.969331	1135	1.90175	9.35444	4.57555	0.980995
556	83.58	29	-1.98736e+06	37.3849	0.96528	1114	1.90156	9.39396	4.58333	1.13549
557	86.4979	29	-1.98803e+06	37.3879	0.971691	1148	1.90262	9.14779	4.57886	1.03909
558	85.6506	29	-1.98782e+06	37.4257	0.964699	1128	1.90204	9.35552	4.5797	1.16208
559	85.5998	29	-1.98684e+06	37.6193	0.96681	1113	1.89701	9.1674	4.57475	1.02169
560	83.7069	29	-1.98899e+06	37.3555	0.964304	1130	1.90724	9.47815	4.57915	1.01272
561	83.887	29	-1.98767e+06	37.4165	0.964285	1153	1.9015	9.2686	4.58496	0.924482
562	86.4931	29	-1.9877e+06	37.3982	0.962984	1132	1.89699	9.26706	4.5857	1.03071
563	86.09	29	-1.98688e+06	37.5006	0.957152	1137	1.89428	9.18754	4.58483	1.01606
564	83.8064	29	-1.98678e+06	37.4957	0.959561	1133	1.89621	9.32498	4.58375	0.983404
565	85.4676	29	-1.98689e+06	37.5241	0.957295	1153	1.89696	9.40279	4.58447	0.982713
566	83.8797	29	-1.98704e+06	37.3697	0.957442	1129	1.90047	9.37523	4.5915	0.978303
567	85.5375	29	-1.98807e+06	37.0596	0.951399	1111	1.90493	9.46692	4.58389	0.955407
568	84.0073	29	-1.98835e+06	37.1899	0.949456	1126	1.91059	9.40374	4.58168	0.926509
569	83.8941	30	-1.98719e+06	37.3471	0.95267	1122	1.90189	9.25284	4.57974	0.947122
570	83.747	30	-1.9877e+06	37.3324	0.956529	1113	1.90389	9.27966	4.58306	1.0696
571	83.6271	30	-1.98696e+06	37.201	0.95661	1128	1.8958	9.30818	4.57889	1.10981
572	85.9241	29	-1.98782e+06	37.4641	0.956165	1115	1.90287	9.20453	4.57677	1.01582
573	83.346	29	-1.98819e+06	37.3493	0.952826	1118	1.90903	9.41538	4.57564	1.02436
574	82.8045	30	-1.987e+06	37.1393	0.954338	1128	1.90141	9.43519	4.57867	1.03934
575	85.0841	31	-1.98751e+06	37.4839	0.96228	1101	1.90415	9.1861	4.5791	0.974918
576	83.2538	30	-1.9878e+06	37.3797	0.956387	1098	1.90399	9.25535	4.58454	1.0118
577	83.7898	29	-1.98712e+06	37.3992	0.963902	1085	1.89956	9.22845	4.58357	1.03935
578	82.807	30	-1.98844e+06	37.1308	0.962771	1092	1.91218	9.35976	4.57237	0.955258
579	82.6572	30	-1.98729e+06	37.2334	0.958674	1100	1.90523	9.249	4.57407	1.05388
580	83.8991	30	-1.98778e+06	37.3652	0.956827	1139	1.90783	9.431	4.57856	0.961535
581	85.3091	28	-1.98716e+06	37.2287	0.951957	1144	1.908	9.42523	4.57642	0.921205
582	85.2683	29	-1.98806e+06	37.3565	0.949285	1164	1.90947	9.2126	4.56974	1.12895
583	85.211	29	-1.9871e+06	37.4246	0.948277	1130	1.90083	9.22294	4.58461	1.11207
584	84.747	28	-1.98678e+06	37.5313	0.95195	1146	1.9053	9.23758	4.58192	1.00011
585	84.1891	28	-1.98731e+06	37.6454	0.945327	1113	1.90358	9.09383	4.58642	0.989745
586	83.3511	30	-1.98729e+06	37.472	0.945578	1095	1.91074	9.23257	4.57921	1.00152
587	82.74	30	-1.9885e+06	37.4598	0.947491	1088	1.91021	9.22619	4.58744	1.04028
588	83.1142	30	-1.98748e+06	37.3007	0.950555	1148	1.90485	9.13265	4.57791	0.870681
589	84.3405	30	-1.98777e+06	37.2795	0.950905	1111	1.91086	9.07282	4.58245	0.997671
590	82.8254	29	-1.98758e+06	37.3098	0.949711	1114	1.90594	9.04961	4.58564	0.882971
591	87.0872	28	-1.98682e+06	37.2559	0.953894	1123	1.90624	9.04758	4.57965	1.00856
592	86.9902	31	-1.98698e+06	37.5489	0.947271	1134	1.90572	9.06682	4.57571	1.06929
593	85.3833	30	-1.98797e+06	37.3848	0.942885	1122	1.91197	9.25467	4.5731	0.999435
594	85.3413	30	-1.98794e+06	37.5748	0.94094	1122	1.90422	9.08583	4.56946	0.94231
595	84.7404	29	-1.98678e+06	37.4821	0.94445	1133	1.89711	9.17232	4.57649	1.0811
596	84.9688	28	-1.98799e+06	37.801	0.940346	1131	1.90538	9.23269	4.56942	0.939569
597	83.6559	29	-1.98708e+06	37.983	0.948211	1092	1.90063	8.96246	4.56282	1.04767
598	83.7413	29	-1.98656e+06	37.9789	0.948807	1106	1.89355	8.98643	4.57002	0.984579
599	83.1056	29	-1.98587e+06	37.9174	0.952585	1120	1.89407	9.14941	4.56786	0.99305
600	85.1085	29	-1.98684e+06	37.8612	0.946767	1132	1.90139	9.1091	4.56645	0.964094
601	85.0954	29	-1.9878e+06	37.8745	0.951687	1117	1.90601	9.10898	4.57036	0.948617
602	82.6322	30	-1.98742e+06	37.695	0.954983	1112	1.90124	9.09755	4.56673	0.942841
603	82.1304	30	-1.98721e+06	37.7741	0.957018	1101	1.90363	9.14369	4.56619	1.04201
604	82.0601	31	-1.98727e+06	37.6708	0.960152	1108	1.90237	9.09475	4.56943	1.02184
605	81.5965	29	-1.98658e+06	37.6298	0.95692	1112	1.89971	9.22544	4.57022	1.00982
606	82.772	30	-1.98757e+06	37.5282	0.96083	1098	1.90191	9.07644	4.56682	0.890327
607	82.3384	30	-1.98793e+06	37.6292	0.960386	1097	1.90001	9.03103	4.56679	1.16688
608	82.7089	30	-1.98742e+06	37.6744	0.960436	1103	1.90607	9.08271	4.57557	1.0576
609	83.0025	30	-1.98764e+06	37.8353	0.954167	1107	1.90778	9.20327	4.5701	0.906891
610	81.9294	28	-1.9875e+06	38.012	0.949395	1114	1.90634	9.30294	4.56987	0.882341
611	82.708	29	-1.9874e+06	37.8765	0.955269	1131	1.90464	9.16654	4.5628	1.01094
612	82.6025	30	-1.98724e+06	37.6091	0.956693	1114	1.90158	9.21781	4.57153	0.925094
613	82.449	30	-1.98687e+06	37.7219	0.956301	1096	1.89845	9.01624	4.56987	1.13034
614	82.7422	30	-1.98742e+06	37.6157	0.953438	1122	1.89633	9.29785	4.57913	0.830897
615	84.033	30	-1.98676e+06	37.8415	0.966945	1096	1.89841	9.14197	4.57234	0.921054
616	83.4374	30	-1.98637e+06	37.926	0.964382	1132	1.89314	9.20731	4.57811	1.01272
617	84.5329	29	-1.98824e+06	37.6556	0.957946	1145	1.90618	9.23818	4.57856	1.0178
618	83.6849	29	-1.98857e+06	37.6633	0.952122	1110	1.90322	9.27537	4.57628	0.882182
619	83.6877	30	-1.98847e+06	37.581	0.957888	1097	1.90595	9.409	4.56891	0.976785
620	83.5709	30	-1.98872e+06	37.6997	0.952897	1085	1.91253	9.22025	4.56237	0.964064
621	83.3684	30	-1.98827e+06	37.7505	0.94905	1126	1.90957	9.04523	4.56977	1.00398
622	84.929	31	-1.98769e+06	37.6743	0.945746	1113	1.9065	9.11509	4.56873	0.937589
623	83.8608	30	-1.98766e+06	37.6947	0.939313	1125	1.90102	9.25909	4.5701	1.20764
624	82.3672	30	-1.98828e+06	37.9347	0.940542	1116	1.90962	9.02692	4.57169	1.0355
625	84.6877	29	-1.98807e+06	37.8725	0.944686	1134	1.91244	9.10507	4.57106	0.977143
626	86.2556	29	-1.98803e+06	37.6032	0.937294	1156	1.90839	9.03353	4.56853	0.920911
627	87.5629	29	-1.9882e+06	37.5892	0.941096	1124	1.91185	9.02177	4.5654	1.11477
628	85.4609	29	-1.98879e+06	37.7264	0.938647	1128	1.91078	9.16755	4.56797	0.975019
629	82.5338	30	-1.98938e+06	37.7031	0.932648	1115	1.91709	9.26362	4.5734	0.971616
630	82.3458	30	-1.98838e+06	37.4052	0.937391	1118	1.91209	9.12314	4.57322	0.943512
631	81.9339	29	-1.98889e+06	37.4011	0.92879	1116	1.91592	9.3278	4.57634	1.04208
632	83.2634	30	-1.98893e+06	37.3595	0.930525	1106	1.9145	9.19036	4.57892	1.0839
633	84.1059	29	-1.98812e+06	37.2818	0.932057	1134	1.91927	9.27648	4.57843	0.923531
634	85.7342	29	-1.98802e+06	37.3678	0.938446	1161	1.9144	9.32715	4.57414	0.964483
635	85.5798	28	-1.98825e+06	37.2758	0.947312	1136	1.91374	9.15803	4.5736	0.90911
636	82.9025	28	-1.98756e+06	37.4073	0.947998	1147	1.90725	9.01083	4.56822	1.05776
637	84.536	29	-1.98765e+06	37.7049	0.95138	1123	1.91208	8.95876	4.57067	1.1229
638	83.5127	30	-1.9883e+06	37.8363	0.948225	1123	1.90996	9.08127	4.57478	0.906181
639	84.6951	30	-1.98827e+06	37.5328	0.947806	1124	1.91164	9.23112	4.57824	1.06715
640	85.3796	29	-1.98836e+06	37.3309	0.942057	1098	1.90696	8.99526	4.57607	1.02589
641	82.3128	30	-1.98773e+06	37.4547	0.943518	1111	1.9035	8.85859	4.57939	0.965674
642	83.8961	29	-1.98795e+06	37.456	0.952586	1130	1.90254	9.06751	4.57529	0.880842
643	83.4027	29	-1.98768e+06	37.6292	0.953239	1110	1.90809	8.91394	4.57345	0.925976
644	82.1316	30	-1.98801e+06	37.494	0.944569	1085	1.9065	9.05243	4.57149	1.09972
645	84.5914	29	-1.98806e+06	37.4344	0.94615	1156	1.90884	8.96512	4.57275	0.938366
646	87.8157	28	-1.98724e+06	37.6331	0.941043	1168	1.90601	8.93793	4.57464	1.05417
647	87.0761	28	-1.98846e+06	37.4975	0.932242	1172	1.91056	8.81432	4.5672	1.15473
648	86.9106	28	-1.9891e+06	37.746	0.936708	1156	1.91319	9.05494	4.56502	1.04652
649	85.8237	28	-1.9889e+06	37.9609	0.922624	1121	1.91241	9.00036	4.56457	1.05031
650	85.9966	29	-1.98851e+06	37.4522	0.928109	1146	1.91437	9.15351	4.56264	0.886822
651	84.819	28	-1.98841e+06	37.4394	0.936986	1143	1.91435	9.11918	4.56262	1.13509
652	87.734	28	-1.98806e+06	37.4755	0.928963	1173	1.91293	9.1938	4.56884	1.05485
653	86.661	28	-1.98829e+06	37.3878	0.938571	1172	1.9159	9.0915	4.56725	0.943887
654	86.5488	28	-1.98829e+06	37.4606	0.940573	1122	1.9095	9.07644	4.56711	1.2604
655	84.9038	29	-1.98836e+06	37.6861	0.941049	1137	1.91247	9.14357	4.56216	0.953122
656	84.7636	28	-1.9878e+06	37.6957	0.936772	1134	1.90805	9.01627	4.56373	0.821053
657	87.3122	28	-1.98746e+06	37.6278	0.941701	1142	1.90935	8.96649	4.56322	1.12271
658	88.1838	28	-1.98827e+06	37.7281	0.935797	1145	1.9069	8.9302	4.57131	0.854894
659	84.2299	29	-1.98742e+06	37.9066	0.947586	1151	1.90303	9.02187	4.57965	1.14876
660	85.9228	29	-1.98829e+06	37.607	0.947589	1152	1.91173	9.09881	4.57246	0.987668
661	83.275	29	-1.98781e+06	37.8401	0.943109	1133	1.90734	8.76686	4.57822	0.972891
662	84.1205	29	-1.98705e+06	37.6514	0.952164	1125	1.90682	8.98084	4.5706	0.915474
663	85.417	29	-1.98783e+06	37.8491	0.946712	1140	1.90863	8.98836	4.57444	0.849505
664	86.1394	29	-1.98732e+06	37.8533	0.95362	1151	1.90351	8.95927	4.56942	1.06963
665	84.5457	30	-1.98765e+06	37.6049	0.954243	1105	1.90695	8.80331	4.57252	1.07342
666	82.7949	30	-1.98848e+06	37.4826	0.954686	1095	1.90816	9.1266	4.57273	0.9941
667	84.9518	28	-1.9879e+06	37.4466	0.963014	1141	1.90192	9.05915	4.57375	0.822659
668	85.0855	29	-1.98658e+06	37.4939	0.957969	1136	1.89441	9.04031	4.58066	0.9127
669	84.7025	29	-1.98686e+06	37.2816	0.960678	1106	1.90215	8.99172	4.57698	1.04873
670	85.7216	29	-1.98709e+06	37.3892	0.959656	1171	1.90159	9.26053	4.56994	0.880033
671	86.9567	29	-1.98701e+06	37.1884	0.970301	1151	1.90081	9.28969	4.56946	0.989609
672	86.4177	30	-1.98727e+06	37.2017	0.967897	1182	1.90196	9.28858	4.56831	1.01596
673	85.735	28	-1.98754e+06	37.4101	0.96876	1160	1.90235	9.3456	4.57108	0.918443
674	85.612	28	-1.98708e+06	37.1402	0.971506	1166	1.90391	9.23968	4.57342	1.05656
675	87.1064	28	-1.98826e+06	37.3504	0.962485	1120	1.91034	9.24977	4.57105	1.04632
676	85.6075	29	-1.98814e+06	37.4415	0.961188	1143	1.91003	9.13345	4.57327	1.02786
677	84.8788	29	-1.98856e+06	37.3689	0.952205	1105	1.91332	9.12933	4.57661	1.05605
678	82.1581	30	-1.98898e+06	37.2941	0.949426	1083	1.91741	9.11269	4.57459	0.917198
679	81.3284	29	-1.98858e+06	37.2277	0.943289	1081	1.91459	9.14192	4.5782	0.981595
680	81.9612	29	-1.98933e+06	37.3192	0.942105	1112	1.91381	9.20512	4.5771	1.01263
681	82.4332	30	-1.98793e+06	37.358	0.94163	1127	1.91303	9.26599	4.57826	1.00498
682	84.7004	29	-1.98752e+06	37.3484	0.94099	1124	1.90584	9.03718	4.58159	0.843632
683	83.8548	30	-1.98802e+06	37.1546	0.950475	1119	1.90651	9.18355	4.58071	0.945065
684	83.1111	30	-1.98797e+06	37.0837	0.953923	1105	1.90777	9.27911	4.57939	1.10651
685	82.6231	30	-1.98766e+06	37.4211	0.951111	1091	1.90413	8.97452	4.58061	0.953187
686	84.9468	30	-1.98807e+06	37.2975	0.936988	1132	1.90981	9.10181	4.57256	0.946508
687	83.4418	29	-1.98841e+06	37.4663	0.933353	1091	1.90567	9.03415	4.57173	0.990214
688	82.7109	30	-1.98787e+06	37.4418	0.943089	1097	1.90496	9.05344	4.57469	1.06886
689	84.7126	30	-1.98749e+06	37.3357	0.950655	1099	1.90797	9.25987	4.57623	1.10787
690	83.0521	30	-1.98784e+06	37.2488	0.951337	1116	1.90743	9.14269	4.57947	1.05489
691	82.6781	30	-1.98727e+06	37.1256	0.953406	1105	1.90149	8.94588	4.5811	0.995731
692	84.3813	30	-1.9881e+06	37.1442	0.955218	1124	1.90655	9.05917	4.57617	0.944009
693	82.8768	30	-1.9884e+06	37.0967	0.954384	1087	1.91061	9.10753	4.57585	0.93228
694	82.8061	31	-1.98804e+06	37.2264	0.964702	1097	1.90447	8.92079	4.57516	1.00441
695	83.2149	29	-1.98645e+06	37.2268	0.958316	1141	1.90106	9.11011	4.57855	0.872196
696	84.4642	29	-1.98712e+06	37.126	0.950108	1131	1.9052	9.19152	4.5822	0.960678
697	84.5628	30	-1.9876e+06	37.2557	0.946443	1135	1.90862	9.01512	4.58194	1.03935
698	85.9951	28	-1.98782e+06	36.9836	0.956205	1149	1.90876	9.22257	4.58812	0.933782
699	87.7753	28	-1.98704e+06	37.0551	0.957436	1168	1.9031	9.16536	4.58609	0.888571
700	85.2108	29	-1.98776e+06	37.1428	0.953523	1121	1.90293	9.11126	4.58864	1.03551
701	83.1501	30	-1.98823e+06	37.203	0.948677	1116	1.90569	9.02984	4.58485	0.95674
702	82.9264	30	-1.98738e+06	37.22	0.948558	1102	1.9057	9.0482	4.58493	0.916041
703	82.8187	30	-1.98722e+06	37.3963	0.958457	1101	1.90282	8.78379	4.58164	1.10218
704	83.9938	30	-1.9875e+06	37.1344	0.952438	1095	1.90423	8.97536	4.57907	1.00015
705	84.1056	30	-1.98846e+06	37.2093	0.946625	1091	1.91165	9.17817	4.57249	1.05759
706	83.6585	31	-1.98852e+06	36.9955	0.941254	1069	1.91107	8.93654	4.57219	1.03473
707	85.8689	30	-1.98904e+06	36.9797	0.935413	1069	1.90762	8.86324	4.56988	1.09355
708	83.4773	30	-1.98852e+06	37.354	0.934892	1092	1.91075	8.94015	4.5758	1.00198
709	84.2038	30	-1.98897e+06	37.7911	0.935275	1097	1.90996	8.98171	4.57178	0.971463
710	84.8022	30	-1.98824e+06	37.4241	0.932474	1065	1.91262	9.02114	4.56657	1.04585
711	83.5894	30	-1.98845e+06	37.5343	0.936871	1097	1.90502	8.85731	4.56923	1.07519
712	85.0985	30	-1.98733e+06	37.8074	0.938541	1109	1.9011	8.89666	4.56774	0.856048
713	83.8562	30	-1.98788e+06	37.7175	0.937699	1120	1.90408	9.11513	4.56726	1.03305
714	84.382	30	-1.98724e+06	37.5155	0.94434	1139	1.90136	9.22172	4.57234	1.01275
715	84.3236	29	-1.98784e+06	37.5701	0.941567	1130	1.90933	9.04514	4.56869	0.954937
716	85.713	30	-1.98707e+06	37.7058	0.940133	1128	1.89976	8.96581	4.5758	1.05083
717	84.4698	30	-1.98778e+06	37.7846	0.94352	1126	1.90718	9.2554	4.57495	0.988572
718	85.7632	29	-1.98806e+06	37.6713	0.944571	1136	1.90882	9.28683	4.57069	1.17347
719	85.0057	30	-1.98764e+06	37.4569	0.942397	1124	1.90684	9.29882	4.57534	1.13289
720	85.931	30	-1.98797e+06	37.7401	0.954323	1119	1.90344	9.08651	4.57788	0.950259
721	83.4284	29	-1.98685e+06	37.552	0.958664	1123	1.8995	9.16885	4.57737	1.1407
722	84.7469	30	-1.98771e+06	37.4305	0.946156	1108	1.90747	9.32143	4.57132	1.04432
723	84.9211	30	-1.9873e+06	37.6492	0.935881	1118	1.90699	8.9802	4.57429	1.05934
724	85.9151	30	-1.98792e+06	37.39	0.936222	1156	1.90749	8.99354	4.57047	1.08444
725	87.5624	29	-1.98824e+06	37.4301	0.930657	1141	1.90859	8.97352	4.5692	0.992016
726	85.8358	29	-1.98809e+06	37.893	0.930746	1138	1.91286	9.07958	4.57348	1.04806
727	86.5962	29	-1.9881e+06	37.7332	0.939299	1152	1.91072	9.10015	4.56931	0.948052
728	86.2949	29	-1.98813e+06	37.8324	0.943604	1126	1.90334	9.0311	4.58269	0.966663
729	84.316	30	-1.98839e+06	37.8642	0.94618	1106	1.90764	9.01478	4.57765	1.09964
730	83.3503	30	-1.9877e+06	37.4632	0.949956	1089	1.90098	9.09335	4.57843	1.08509
731	84.2639	30	-1.98757e+06	37.5501	0.954548	1117	1.90333	8.81968	4.57219	1.02006
732	84.8938	30	-1.98793e+06	37.6877	0.942949	1128	1.90524	8.95828	4.57341	0.944587
733	84.3533	30	-1.98775e+06	37.8955	0.942762	1139	1.90627	8.99266	4.57227	0.972004
734	82.0065	29	-1.98798e+06	37.8875	0.952473	1100	1.90657	8.90043	4.56739	1.02311
735	82.1053	30	-1.98739e+06	37.6261	0.958637	1092	1.90058	8.93545	4.56997	1.01501
736	83.3497	30	-1.98754e+06	37.609	0.960491	1110	1.90315	8.86632	4.57516	1.08381
737	83.268	30	-1.98768e+06	37.2954	0.968209	1119	1.90367	9.10266	4.57749	0.892279
738	84.5907	30	-1.98683e+06	37.4243	0.963717	1124	1.90208	8.93119	4.57771	1.0096
739	84.1299	30	-1.98714e+06	37.4654	0.957012	1116	1.90111	8.89622	4.57952	0.94241
740	85.3377	30	-1.98742e+06	37.7685	0.954773	1156	1.89994	8.8597	4.58049	1.10519
741	85.9198	29	-1.98786e+06	37.4818	0.963615	1136	1.90221	8.84786	4.57723	1.05392
742	85.7245	30	-1.98739e+06	37.6632	0.96285	1130	1.89908	9.19256	4.57761	0.90454
743	85.7242	29	-1.98805e+06	37.5805	0.965693	1149	1.90523	9.22233	4.5778	0.960803
744	89.4396	28	-1.98736e+06	37.2882	0.962491	1165	1.89946	9.28491	4.58035	0.93544
745	87.9491	29	-1.98754e+06	37.758	0.959152	1151	1.90067	8.88244	4.57463	0.901887
746	86.4769	29	-1.9874e+06	37.3979	0.957378	1114	1.89948	8.83302	4.57898	1.0502
747	84.0528	30	-1.98697e+06	37.4035	0.956202	1101	1.90077	8.91802	4.58462	0.927722
748	82.9962	30	-1.987e+06	37.3046	0.954838	1114	1.90054	8.91216	4.58425	0.984542
749	84.9657	30	-1.98724e+06	37.4219	0.955369	1141	1.90046	8.96933	4.58371	0.953525
750	84.7899	30	-1.98818e+06	37.5738	0.947676	1143	1.906	9.08122	4.58337	1.0536
751	86.0753	29	-1.98792e+06	37.6306	0.945802	1114	1.904	9.09974	4.58424	1.03604
752	87.6029	29	-1.98781e+06	37.5979	0.943636	1113	1.90423	9.10093	4.58152	1.06415
753	85.2337	31	-1.98739e+06	37.7825	0.946201	1134	1.90714	9.23711	4.57736	1.00963
754	86.9451	29	-1.98621e+06	37.3436	0.962957	1187	1.89888	9.3499	4.58316	1.16217
755	86.8434	27	-1.98787e+06	37.6804	0.962359	1143	1.90584	9.08907	4.57886	0.860959
756	85.5977	30	-1.98766e+06	37.7081	0.96291	1148	1.90275	9.11816	4.57479	0.882818
757	86.4621	29	-1.98727e+06	37.7071	0.959295	1175	1.90089	9.03575	4.57355	0.921671
758	87.9444	29	-1.98728e+06	37.6745	0.971313	1151	1.90103	9.1827	4.57431	1.029
759	89.3848	28	-1.98715e+06	37.919	0.964124	1136	1.90235	9.20998	4.5764	1.0503
760	87.4403	30	-1.98754e+06	37.7652	0.955581	1107	1.90357	9.18192	4.57892	0.947609
761	84.3639	30	-1.98754e+06	37.5977	0.964257	1115	1.89929	9.14508	4.58298	0.962856
762	87.1143	29	-1.98763e+06	37.5615	0.95545	1145	1.90483	9.18995	4.58396	0.988807
763	86.6678	28	-1.98785e+06	37.4746	0.95779	1154	1.90493	9.09607	4.58113	0.932913
764	89.5062	28	-1.98776e+06	37.533	0.956381	1151	1.90339	8.98364	4.57822	1.03322
765	86.0033	30	-1.9883e+06	37.5449	0.95675	1108	1.90743	9.35391	4.57902	1.06802
766	85.5404	30	-1.9887e+06	37.779	0.954115	1102	1.9105	9.25592	4.58199	1.09353
767	85.6214	28	-1.989e+06	37.848	0.947388	1094	1.90791	9.41112	4.57956	1.05085
768	83.5013	30	-1.98819e+06	37.962	0.942376	1090	1.90765	9.43837	4.58001	1.03404
769	82.8038	28	-1.98761e+06	37.816	0.948007	1124	1.90303	9.19399	4.57734	1.04973
770	86.7429	29	-1.98841e+06	37.5356	0.959029	1121	1.90339	9.38732	4.57246	0.907352
771	86.398	30	-1.98864e+06	37.5038	0.948185	1087	1.90797	9.2307	4.57426	1.01069
772	85.2867	30	-1.98817e+06	37.5059	0.947282	1063	1.90769	9.1754	4.58263	1.08583
773	85.3701	30	-1.98841e+06	37.468	0.946308	1063	1.9056	9.01169	4.58345	1.11722
774	85.0135	29	-1.98801e+06	37.5542	0.961509	1071	1.90282	9.15056	4.58284	0.976292
775	84.8621	30	-1.98867e+06	37.5344	0.962429	1115	1.9054	9.38695	4.58164	0.997342
776	83.1695	30	-1.98856e+06	37.7348	0.949953	1126	1.90823	9.3716	4.58136	1.08105
777	86.1715	30	-1.98831e+06	37.4277	0.945475	1071	1.90561	9.1783	4.57597	1.13708
778	85.9259	30	-1.9886e+06	37.4964	0.94715	1064	1.90968	9.18365	4.57869	1.00979
779	87.8852	29	-1.98876e+06	37.9355	0.945742	1043	1.90843	9.21197	4.57569	1.0103
780	86.1397	30	-1.9893e+06	37.8325	0.949125	1116	1.91317	9.18937	4.5746	1.08861
781	85.2805	30	-1.98875e+06	37.4315	0.947221	1084	1.90897	9.0324	4.57964	0.945366
782	84.2909	30	-1.98816e+06	37.7975	0.949979	1056	1.90828	9.22257	4.57893	1.21943
783	83.9612	30	-1.9877e+06	37.7539	0.957609	1079	1.90692	9.29938	4.57686	1.10649
784	82.8285	30	-1.98859e+06	37.4486	0.954336	1101	1.91385	9.18989	4.57645	0.932631
785	83.7315	30	-1.98833e+06	37.4771	0.954324	1086	1.91196	9.21384	4.58176	0.941207
786	84.8216	30	-1.98877e+06	37.2986	0.96639	1087	1.90455	9.20786	4.5811	0.884222
787	85.6484	30	-1.98941e+06	37.2384	0.957153	1089	1.91405	9.31904	4.57767	0.906412
788	84.778	31	-1.98843e+06	37.0154	0.961568	1093	1.90567	9.06334	4.57577	1.05014
789	82.5504	30	-1.98835e+06	36.9851	0.962125	1096	1.90476	9.099	4.57755	1.14338
790	81.3903	29	-1.9886e+06	37.1074	0.950718	1113	1.91103	9.25684	4.57862	1.00549
791	82.8376	31	-1.98787e+06	37.4199	0.947193	1095	1.90756	9.08903	4.57739	1.02639
792	85.4974	30	-1.98837e+06	37.383	0.94487	1123	1.91092	9.26372	4.57567	0.936349
793	84.9573	31	-1.98921e+06	37.4592	0.943331	1135	1.91604	9.14372	4.57798	1.00851
794	84.7221	31	-1.98891e+06	37.3081	0.943131	1091	1.91317	9.15522	4.57705	0.955309
795	85.596	30	-1.98922e+06	37.1094	0.945114	1065	1.91942	9.22608	4.58244	1.06646
796	84.5886	30	-1.98864e+06	37.3409	0.935656	1098	1.91422	9.44792	4.57882	1.07943
797	87.0618	30	-1.9888e+06	37.4881	0.943415	1116	1.9145	9.61191	4.57162	1.10019
798	85.8165	30	-1.98935e+06	37.4113	0.93448	1108	1.91492	9.18892	4.57489	0.968559
799	84.8976	31	-1.98912e+06	37.3819	0.943954	1075	1.91311	9.20793	4.57103	1.21913
800	83.9727	31	-1.98829e+06	37.4903	0.95063	1103	1.90784	9.16981	4.57024	1.06327
801	83.5702	30	-1.98759e+06	37.4891	0.954318	1067	1.90327	9.18719	4.56791	1.0753
802	83.3884	29	-1.98831e+06	37.3581	0.953858	1095	1.91019	9.19667	4.56713	0.996925
803	84.7647	30	-1.98751e+06	37.6516	0.959963	1081	1.90114	8.97933	4.57436	0.920349
804	84.9606	30	-1.98758e+06	37.742	0.959385	1074	1.9004	8.95097	4.57464	1.03415
805	84.9522	30	-1.9873e+06	37.5528	0.957151	1082	1.9039	9.06718	4.57615	1.09104
806	86.1566	29	-1.98734e+06	37.4646	0.958567	1087	1.9056	9.15255	4.5756	1.03596
807	84.4252	30	-1.98828e+06	37.8826	0.943595	1141	1.90527	9.37726	4.5791	0.985482
808	85.509	29	-1.98769e+06	37.6471	0.945146	1116	1.90531	9.45779	4.57813	1.07914
809	83.9393	29	-1.98715e+06	37.7707	0.947095	1116	1.90397	9.32528	4.57937	0.963902
810	86.622	29	-1.98753e+06	37.5522	0.951062	1102	1.906	9.30267	4.57575	0.996196
811	84.1177	30	-1.98709e+06	37.6575	0.945263	1090	1.90069	9.44061	4.57159	0.976296
812	83.6408	30	-1.98789e+06	38.0408	0.937852	1130	1.90131	9.32471	4.57851	1.00273
813	83.4173	30	-1.98731e+06	37.6471	0.948888	1092	1.90272	9.23445	4.58003	0.921276
814	83.6275	29	-1.98792e+06	37.6206	0.951855	1107	1.90488	9.24358	4.57883	0.88265
815	83.3957	30	-1.98817e+06	37.5399	0.954355	1105	1.90781	9.3085	4.57985	0.999953
816	84.9614	30	-1.98812e+06	37.6186	0.9578	1111	1.90906	9.12486	4.58005	0.859327
817	86.501	30	-1.98845e+06	37.7401	0.954163	1171	1.90971	9.26887	4.57596	0.953821
818	86.9616	28	-1.98849e+06	37.6823	0.952275	1152	1.91389	9.19988	4.57237	1.0102
819	88.4796	29	-1.98755e+06	37.6019	0.956278	1168	1.90726	9.33414	4.58174	1.0227
820	88.3057	29	-1.98833e+06	37.6928	0.957869	1153	1.91236	9.26001	4.57379	1.0104
821	86.637	29	-1.98872e+06	37.7343	0.962466	1148	1.91648	9.16843	4.56712	0.898759
822	87.7639	29	-1.9888e+06	37.6916	0.955223	1158	1.91524	9.14686	4.56442	1.16649
823	85.7693	30	-1.98819e+06	37.7734	0.956849	1109	1.91028	9.35745	4.56934	1.06321
824	85.2961	30	-1.98855e+06	37.5829	0.954157	1137	1.91139	9.13701	4.56467	1.009
825	85.3836	30	-1.98841e+06	37.6158	0.956626	1134	1.91284	9.07097	4.5684	0.919973
826	84.7623	30	-1.98843e+06	37.6609	0.951394	1150	1.9069	9.06364	4.56801	0.901394
827	85.9124	28	-1.98773e+06	37.4979	0.950748	1143	1.90323	9.19962	4.57277	0.982024
828	86.6339	31	-1.98845e+06	37.6373	0.948024	1113	1.91055	9.16555	4.56537	0.994395
829	83.9617	30	-1.98846e+06	37.6862	0.947997	1104	1.9142	9.01081	4.55797	0.866408
830	85.6582	30	-1.98923e+06	37.4877	0.951288	1127	1.91478	9.18262	4.55528	0.955944
831	84.7619	30	-1.98787e+06	37.6158	0.956399	1118	1.90681	9.15755	4.56431	1.03635
832	83.9955	30	-1.98801e+06	37.4996	0.951272	1129	1.91238	9.19989	4.56587	0.97067
833	86.2574	30	-1.98825e+06	37.54	0.954535	1144	1.90715	9.38986	4.57264	0.911737
834	88.5048	28	-1.98847e+06	37.9665	0.953376	1170	1.91067	9.29717	4.56901	0.926495
835	87.7907	29	-1.98803e+06	37.6751	0.955341	1140	1.90872	9.06871	4.56783	1.01823
836	87.0438	29	-1.9876e+06	37.7146	0.9453	1132	1.90882	9.3539	4.56932	1.06759
837	88.1386	29	-1.98853e+06	37.6763	0.935849	1161	1.91525	9.1472	4.56519	0.966491
838	89.2608	29	-1.9878e+06	37.5989	0.945695	1166	1.91368	9.06948	4.57133	0.955008
839	88.7966	30	-1.98833e+06	37.5977	0.940411	1143	1.91129	9.1468	4.57135	1.03151
840	87.6836	29	-1.98762e+06	37.4798	0.941072	1169	1.91063	9.29551	4.57857	1.02541
841	87.5993	29	-1.98813e+06	37.5716	0.939681	1147	1.91337	9.21846	4.57379	0.950514
842	87.2881	29	-1.98799e+06	37.7651	0.93685	1147	1.91242	9.26122	4.57417	0.913936
843	86.9957	29	-1.98758e+06	37.7158	0.935672	1127	1.90763	9.05884	4.57456	1.0979
844	87.9062	29	-1.98806e+06	37.71	0.936576	1172	1.91475	9.03725	4.5717	1.10573
845	88.3549	29	-1.98779e+06	37.6965	0.942716	1175	1.90888	9.31973	4.56562	1.06429
846	86.5348	29	-1.9878e+06	37.9098	0.943723	1157	1.9078	9.15873	4.57406	0.912606
847	89.8646	29	-1.98725e+06	37.8275	0.948857	1128	1.90818	9.2138	4.56782	1.06167
848	86.7917	29	-1.98729e+06	38.0631	0.942627	1149	1.90665	9.19324	4.57073	1.03164
849	88.5767	29	-1.9875e+06	37.9479	0.944544	1145	1.91052	9.33588	4.56882	1.03101
850	86.9468	29	-1.98783e+06	38.1028	0.947958	1129	1.91301	9.36063	4.56723	1.02905
851	85.1437	30	-1.98754e+06	38.0077	0.941057	1108	1.90972	9.59904	4.56422	1.16457
852	86.5637	29	-1.98757e+06	38.0811	0.941817	1157	1.91193	9.33415	4.56953	1.00273
853	87.228	29	-1.98716e+06	37.978	0.945998	1148	1.91057	9.24338	4.57196	1.01414
854	85.2712	29	-1.98763e+06	37.9047	0.943393	1130	1.91188	9.23727	4.57361	0.965335
855	87.3866	29	-1.98688e+06	37.8594	0.944094	1151	1.91147	9.18376	4.56472	1.0053
856	85.4262	29	-1.98736e+06	37.6969	0.94926	1150	1.91104	9.3232	4.56354	1.09498
857	87.9216	28	-1.987e+06	37.9145	0.955116	1124	1.9089	9.31107	4.56322	1.01679
858	88.6754	29	-1.98717e+06	37.8126	0.94949	1176	1.91504	9.17706	4.56825	0.947242
859	88.7957	29	-1.98782e+06	37.7032	0.934547	1148	1.91279	9.11201	4.57143	1.01421
860	87.6301	29	-1.98808e+06	37.8876	0.931922	1164	1.91529	9.20727	4.57456	0.920652
861	87.4548	28	-1.98743e+06	37.8304	0.941262	1145	1.90841	9.19404	4.57017	0.846379
862	87.2011	28	-1.98739e+06	37.567	0.938012	1189	1.91055	9.06083	4.56463	1.04906
863	86.982	29	-1.98806e+06	37.442	0.953698	1139	1.91183	9.22815	4.56607	1.02788
864	87.7243	28	-1.9887e+06	37.5722	0.946331	1151	1.91408	9.27642	4.56443	1.066
865	87.8554	29	-1.9881e+06	37.9477	0.941465	1171	1.91301	9.28807	4.56345	1.0772
866	88.0608	29	-1.98812e+06	38.0581	0.933397	1155	1.91979	9.1894	4.56773	1.0822
867	86.8625	29	-1.98909e+06	37.9247	0.935561	1141	1.92002	9.25852	4.57119	1.01122
868	87.0358	29	-1.98875e+06	37.709	0.939874	1127	1.91978	9.33166	4.56935	1.0718
869	85.8212	29	-1.98845e+06	37.7024	0.938148	1140	1.91452	9.05844	4.57092	0.992187
870	84.8265	29	-1.98825e+06	37.6504	0.940671	1087	1.91273	9.05489	4.57026	0.86942
871	85.7129	30	-1.98794e+06	37.9063	0.94669	1116	1.91552	9.4314	4.56856	1.07742
872	85.1685	30	-1.98829e+06	37.7511	0.949942	1114	1.91521	9.32467	4.56521	0.984421
873	85.4541	30	-1.98804e+06	37.7441	0.935451	1142	1.91154	9.25767	4.56671	0.986916
874	87.6615	29	-1.98743e+06	37.7581	0.944668	1121	1.91065	9.26964	4.57002	1.03115
875	84.749	29	-1.9875e+06	37.6977	0.959246	1115	1.91086	9.28831	4.57472	1.134
876	85.4134	30	-1.98712e+06	37.5782	0.961237	1109	1.90343	9.54144	4.57362	0.974765
877	84.3191	30	-1.98768e+06	37.3456	0.972306	1110	1.9041	9.45394	4.57763	1.03803
878	84.2506	30	-1.98763e+06	37.2257	0.967326	1107	1.90697	9.45414	4.57395	0.92368
879	82.5238	31	-1.98788e+06	37.3823	0.969412	1097	1.90823	9.18399	4.57511	1.03215
880	83.3124	31	-1.98751e+06	37.2428	0.965595	1089	1.90729	9.13406	4.57777	1.01808
881	83.1309	30	-1.98814e+06	37.3048	0.967061	1092	1.9085	9.30893	4.57732	0.961971
882	84.4802	30	-1.98837e+06	37.4959	0.96491	1068	1.90893	9.22937	4.57977	0.955115
883	85.2351	30	-1.98807e+06	37.6432	0.962637	1078	1.9101	9.20563	4.57845	1.04676
884	85.1116	29	-1.98788e+06	37.6754	0.959051	1102	1.90491	9.37298	4.57872	1.01327
885	82.9066	30	-1.98722e+06	37.5143	0.957653	1098	1.90307	9.18066	4.5785	1.0291
886	85.8632	30	-1.98745e+06	37.4076	0.966305	1098	1.9015	9.22029	4.57787	1.09998
887	84.1296	30	-1.98752e+06	37.4353	0.968413	1118	1.90704	9.25237	4.57894	1.03188
888	83.4354	30	-1.98785e+06	37.3893	0.966049	1127	1.90939	9.2642	4.58509	1.03505
889	84.5748	31	-1.98831e+06	37.3823	0.955522	1094	1.9146	9.21341	4.57621	0.966316
890	85.5145	30	-1.98799e+06	37.1995	0.9589	1093	1.9133	9.33421	4.57932	1.06061
891	85.0864	30	-1.98833e+06	37.1938	0.956707	1092	1.90918	9.3336	4.57787	1.0593
892	83.7109	31	-1.98891e+06	37.3567	0.955957	1090	1.91466	9.38852	4.57294	0.994333
893	85.9219	31	-1.98909e+06	37.1843	0.961138	1080	1.9107	9.34601	4.57557	0.861839
894	83.8729	30	-1.98819e+06	37.4061	0.966321	1075	1.91031	9.30614	4.57901	0.943235
895	83.8524	31	-1.98874e+06	37.4347	0.964456	1102	1.90918	9.14823	4.57523	0.990751
896	83.8233	31	-1.98883e+06	37.3911	0.961788	1127	1.90714	9.20702	4.57546	1.03319
897	83.4104	30	-1.98829e+06	37.2836	0.959198	1111	1.9084	9.06456	4.58111	1.05084
898	83.3572	30	-1.98883e+06	37.5198	0.962295	1102	1.90625	9.16257	4.58151	1.02971
899	85.9375	29	-1.98771e+06	37.4686	0.961485	1136	1.90276	9.34628	4.57869	1.04318
900	86.0274	29	-1.98794e+06	37.7227	0.970714	1144	1.90391	9.35184	4.57927	1.07705
901	85.9989	30	-1.98771e+06	37.5078	0.971426	1116	1.90049	9.05292	4.58298	0.871595
902	88.8609	28	-1.98752e+06	37.4282	0.973789	1132	1.90128	9.24646	4.57483	1.01297
903	85.6402	30	-1.98673e+06	37.5867	0.973697	1137	1.90058	9.22304	4.57158	0.875654
904	85.0506	30	-1.98812e+06	37.5916	0.97212	1097	1.8967	9.14351	4.57221	0.930956
905	84.5694	31	-1.98794e+06	37.7489	0.962945	1077	1.89966	9.22083	4.57531	1.06517
906	85.372	30	-1.98759e+06	37.5568	0.960849	1069	1.90174	9.24044	4.576	1.00274
907	83.9706	31	-1.98772e+06	37.7935	0.952463	1105	1.90359	9.22667	4.57677	0.907662
908	84.669	30	-1.98821e+06	37.8852	0.957163	1081	1.90913	9.19576	4.57139	1.01087
909	84.5221	30	-1.9882e+06	37.9463	0.949812	1083	1.90673	9.35599	4.56995	1.02199
910	83.5205	30	-1.98802e+06	37.8274	0.952795	1096	1.90688	9.26683	4.57564	0.964893
911	84.5845	31	-1.98777e+06	37.7319	0.957415	1098	1.90011	9.18227	4.57187	0.976638
912	84.627	31	-1.98813e+06	37.6926	0.946981	1103	1.90274	9.19716	4.56865	1.09556
913	84.6932	31	-1.98745e+06	37.587	0.94851	1066	1.90123	9.25167	4.57755	0.950862
914	85.2363	30	-1.98723e+06	37.4892	0.955397	1076	1.89727	9.08279	4.58359	0.983055
915	84.4546	30	-1.98757e+06	37.5989	0.958545	1100	1.90113	8.97579	4.58057	1.06362
916	84.9499	31	-1.98776e+06	37.3034	0.963538	1088	1.90096	9.37199	4.5772	1.04495
917	82.6909	30	-1.98816e+06	37.2946	0.972888	1100	1.90392	9.57833	4.58092	0.900739
918	84.3983	31	-1.98801e+06	37.3098	0.965994	1068	1.8966	9.36589	4.57974	1.05655
919	83.1895	30	-1.988e+06	37.6113	0.967389	1049	1.89872	9.10452	4.58329	0.971555
920	81.1942	30	-1.98795e+06	37.5756	0.961873	1066	1.89858	9.13617	4.58123	1.0718
921	84.2149	30	-1.98792e+06	37.5276	0.959541	1072	1.89946	9.3662	4.57947	1.02572
922	83.924	30	-1.98685e+06	37.6052	0.96609	1081	1.89266	9.29472	4.57658	1.00722
923	85.2082	30	-1.98843e+06	37.5055	0.961735	1067	1.90733	9.34348	4.57265	0.997322
924	86.6832	29	-1.98721e+06	37.576	0.957927	1070	1.89948	9.23913	4.58058	0.988654
925	85.8276	30	-1.9876e+06	37.4515	0.962624	1068	1.90026	9.2726	4.57334	1.00754
926	84.5982	31	-1.98753e+06	37.6751	0.959946	1074	1.90191	9.26647	4.57526	1.0184
927	85.6169	30	-1.98766e+06	37.6157	0.954446	1091	1.9021	9.47587	4.5848	1.13158
928	85.6095	30	-1.98805e+06	37.5366	0.953704	1112	1.90182	9.12074	4.58285	0.945319
929	86.3076	29	-1.98868e+06	37.5553	0.957119	1085	1.90492	9.31953	4.57718	0.953078
930	84.7082	30	-1.98715e+06	37.2841	0.966934	1113	1.90069	9.3725	4.58146	0.894252
931	87.3754	31	-1.98781e+06	37.3336	0.967375	1108	1.9027	9.28964	4.58034	1.02752
932	84.9447	31	-1.98806e+06	37.28	0.968895	1051	1.89954	9.28109	4.58048	0.95022
933	85.2623	30	-1.98766e+06	37.3139	0.972292	1053	1.89975	9.24565	4.5817	1.03629
934	84.9096	31	-1.98766e+06	37.1524	0.97509	1062	1.89865	9.19195	4.58161	1.02994
935	83.8825	30	-1.9872e+06	37.1177	0.976525	1040	1.89744	9.17444	4.57996	0.906628
936	83.8178	31	-1.98774e+06	37.3853	0.979966	1068	1.8948	9.27855	4.57906	0.893818
937	85.327	30	-1.98738e+06	37.4645	0.977251	1071	1.89721	9.14926	4.57827	1.0398
938	85.9244	30	-1.98748e+06	37.2817	0.967417	1061	1.89716	9.31117	4.58258	0.999054
939	86.9446	29	-1.98687e+06	37.1515	0.972007	1066	1.89523	9.27628	4.58773	0.995374
940	83.8828	30	-1.98702e+06	37.3107	0.971271	1062	1.89852	9.48164	4.58772	1.03499
941	83.8848	29	-1.98706e+06	37.3747	0.966116	1078	1.90081	9.17482	4.58341	1.00882
942	84.2688	30	-1.98768e+06	37.5306	0.96647	1081	1.90411	9.3199	4.58311	1.02118
943	84.5674	30	-1.98765e+06	37.178	0.969818	1068	1.90265	9.32321	4.58068	1.02995
944	84.4819	30	-1.98842e+06	37.2197	0.966302	1073	1.90071	9.33331	4.58383	0.867534
945	84.2251	31	-1.98761e+06	37.2322	0.970357	1095	1.89702	9.31713	4.5902	1.0033
946	84.2385	31	-1.98777e+06	37.4179	0.963214	1076	1.89995	9.34948	4.59401	1.02359
947	84.6447	30	-1.9877e+06	37.7152	0.960974	1105	1.89724	9.29021	4.5869	0.969168
948	82.8464	30	-1.9876e+06	37.7465	0.96618	1103	1.89743	9.15971	4.5881	0.971017
949	85.036	30	-1.98709e+06	37.6554	0.965434	1088	1.89198	9.0417	4.59112	1.09455
950	83.1312	30	-1.98662e+06	37.4859	0.971057	1081	1.89119	9.12549	4.58156	1.11558
951	84.0475	31	-1.98671e+06	37.3571	0.976319	1093	1.89409	9.17764	4.57995	0.936334
952	83.5846	30	-1.98696e+06	37.6013	0.960352	1092	1.89555	9.11147	4.58438	0.914394
953	82.8425	30	-1.98686e+06	37.5302	0.956187	1057	1.89304	9.1065	4.58657	0.862867
954	83.872	30	-1.98749e+06	37.3542	0.958017	1078	1.8963	9.07637	4.58525	1.1718
955	84.5702	30	-1.98699e+06	36.9728	0.964449	1093	1.89974	9.34786	4.58823	1.09725
956	83.3741	30	-1.98743e+06	37.0689	0.976126	1088	1.89705	9.1775	4.58885	0.977921
957	82.8326	31	-1.98643e+06	37.0687	0.983896	1094	1.89284	9.16066	4.58851	1.11205
958	83.4861	31	-1.9868e+06	36.9601	0.983269	1091	1.89659	9.1813	4.57967	0.872521
959	83.7793	30	-1.98762e+06	36.9768	0.989394	1104	1.90603	9.16146	4.57464	1.04347
960	84.3986	31	-1.98705e+06	37.1239	0.982776	1137	1.90018	9.29287	4.57744	0.991967
961	85.3613	30	-1.98777e+06	36.842	0.983995	1112	1.90262	9.13863	4.58154	1.04243
962	85.7052	30	-1.98786e+06	36.8771	0.982107	1124	1.91117	9.19806	4.57743	1.02511
963	85.317	30	-1.98759e+06	37.0543	0.970609	1113	1.90659	9.09525	4.57814	1.02949
964	85.5082	30	-1.98792e+06	37.2174	0.956572	1161	1.90828	9.18196	4.58164	0.883165
965	87.0076	29	-1.98795e+06	37.0149	0.96741	1119	1.90716	9.46048	4.57465	0.911324
966	85.8145	30	-1.98783e+06	37.0866	0.966832	1125	1.90662	9.10284	4.58051	1.03265
967	84.4837	30	-1.98798e+06	36.8971	0.971456	1113	1.90898	9.06667	4.58037	0.928067
968	85.8342	30	-1.9882e+06	37.164	0.965442	1115	1.91137	8.73022	4.57669	1.00304
969	84.2781	30	-1.9883e+06	36.9041	0.969738	1113	1.90952	9.20007	4.57907	0.967112
970	83.4979	30	-1.98774e+06	37.1794	0.964719	1077	1.90602	9.24703	4.57662	1.01056
971	83.9702	30	-1.98811e+06	37.2341	0.964282	1086	1.90379	9.09329	4.58219	1.00382
972	82.6641	29	-1.98844e+06	37.0188	0.962184	1105	1.90687	8.92021	4.57852	0.94611
973	84.8656	30	-1.98801e+06	36.9946	0.959966	1103	1.90803	9.11116	4.57923	0.989312
974	83.4499	30	-1.98792e+06	36.967	0.962888	1089	1.90326	9.27688	4.57872	0.995035
975	86.0918	30	-1.98882e+06	37.1939	0.956353	1098	1.90453	9.18119	4.57721	0.989649
976	84.0106	30	-1.98822e+06	36.9284	0.952076	1108	1.90455	9.22907	4.58215	0.890423
977	89.1943	28	-1.98857e+06	36.949	0.960993	1111	1.9097	9.29268	4.58267	0.973367
978	87.8179	30	-1.98849e+06	37.027	0.965057	1102	1.91096	9.15193	4.58587	0.956511
979	84.5555	31	-1.98759e+06	37.2218	0.95618	1105	1.90536	9.08817	4.58652	1.06433
980	85.6638	30	-1.98718e+06	37.1271	0.950441	1104	1.90921	9.02205	4.58203	1.03655
981	84.2681	30	-1.98729e+06	37.133	0.953316	1095	1.90769	8.93691	4.58117	1.00743
982	84.2292	30	-1.9868e+06	37.304	0.952276	1123	1.90515	8.76788	4.58865	1.09968
983	84.0803	30	-1.98797e+06	37.4297	0.95734	1080	1.90967	8.91286	4.58424	1.08161
984	85.7152	30	-1.98782e+06	37.5503	0.949596	1080	1.90595	8.97439	4.57891	1.0274
985	84.6379	30	-1.98762e+06	37.4942	0.956252	1115	1.91035	9.03332	4.57951	1.08474
986	85.5907	30	-1.98691e+06	37.3137	0.950658	1110	1.90627	8.87199	4.58098	1.05698
987	84.6215	30	-1.98753e+06	37.2479	0.951936	1115	1.91394	8.75466	4.57832	0.919223
988	83.4754	30	-1.98829e+06	37.4833	0.952679	1112	1.91431	9.10888	4.57772	0.925883
989	85.5383	30	-1.98784e+06	37.3796	0.950336	1114	1.91463	9.00575	4.58227	1.08062
990	84.4306	30	-1.98785e+06	37.2341	0.956222	1100	1.90993	9.06314	4.58743	1.00104
991	84.3257	31	-1.98765e+06	36.9951	0.961543	1092	1.90565	9.15332	4.58103	0.993115
992	86.4903	30	-1.98773e+06	36.9989	0.959118	1128	1.90514	9.27622	4.57858	1.01098
993	87.4357	29	-1.98846e+06	37.1975	0.960424	1136	1.90971	9.06342	4.57474	1.03937
994	82.0758	29	-1.98803e+06	37.3765	0.964447	1093	1.90912	9.08041	4.57746	0.946871
995	83.9333	30	-1.98854e+06	37.4995	0.959506	1096	1.91358	9.06139	4.57606	1.01645
996	83.9919	31	-1.98818e+06	37.2569	0.960085	1111	1.90733	8.95245	4.56605	1.07
997	84.627	30	-1.98858e+06	37.1475	0.964082	1130	1.91091	9.01406	4.56892	0.976752
998	86.8587	29	-1.98803e+06	37.4027	0.94781	1116	1.91082	8.80598	4.56775	1.07898
999	85.5723	31	-1.98793e+06	37.3978	0.938477	1094	1.90869	9.00871	4.57067	0.989962
