iter	time	topo	loglik	length	alpha	Nmode	statent	statalpha	rrent	rrmean
0	0	0	-3.57173e+06	11.7789	1	12	2.40111	20	4.79636	0.965751
1	36.6087	64	-1.74354e+06	20.6039	0.655224	19	1.45674	16.7567	4.44075	0.92906
2	35.5208	63	-1.70725e+06	25.8492	0.640826	21	1.41803	9.31145	4.365	0.991056
3	35.7185	62	-1.68318e+06	27.249	0.638034	25	1.41494	9.54977	4.56331	0.979904
4	35.5827	62	-1.65951e+06	28.3365	0.641457	28	1.42045	10.9738	4.56399	0.919451
5	35.8386	62	-1.64551e+06	28.4953	0.640885	26	1.42577	9.6581	4.60641	0.926255
6	36.1279	62	-1.63854e+06	28.8035	0.635088	27	1.42601	9.96675	4.7758	0.930619
7	36.9639	63	-1.63595e+06	29.0755	0.630912	29	1.42607	9.20804	4.82719	0.966372
8	36.8454	62	-1.62046e+06	29.3246	0.635776	33	1.42348	9.02816	4.75312	1.03287
9	36.4833	60	-1.60582e+06	29.5445	0.637032	52	1.42429	8.79717	4.70121	0.958123
10	38.3359	60	-1.60094e+06	29.8366	0.62668	45	1.42336	8.38874	4.70085	0.982331
11	38.0203	60	-1.5892e+06	29.8161	0.631985	49	1.41971	9.38621	4.66791	1.00305
12	38.9306	59	-1.58006e+06	29.7927	0.627578	61	1.41792	9.17727	4.67764	1.00451
13	38.7903	57	-1.57651e+06	29.7495	0.626127	69	1.40906	9.35998	4.56124	1.01516
14	40.4929	58	-1.57071e+06	29.5032	0.6319	80	1.4013	8.87416	4.60085	0.998903
15	40.7313	57	-1.55918e+06	29.4482	0.639816	80	1.39539	8.23375	4.59822	0.973013
16	41.2956	56	-1.55542e+06	29.3363	0.641513	81	1.39181	8.02048	4.56349	0.970501
17	40.8382	55	-1.55216e+06	29.1958	0.64248	97	1.38076	8.07408	4.49936	0.966255
18	39.302	59	-1.54402e+06	28.8561	0.649467	101	1.37389	8.25075	4.56738	1.05217
19	38.7448	60	-1.54268e+06	28.9962	0.645403	103	1.37105	7.97043	4.5652	1.00558
20	38.5582	59	-1.54116e+06	29.0903	0.641901	106	1.36625	6.87496	4.57298	0.880269
21	39.9921	59	-1.53939e+06	29.2856	0.639891	124	1.35961	7.16304	4.54728	1.0257
22	39.943	58	-1.53756e+06	29.5637	0.647081	125	1.35615	6.70043	4.51234	1.07265
23	40.1262	56	-1.53396e+06	28.8058	0.64945	117	1.35364	7.00434	4.45797	0.928887
24	40.1718	56	-1.52905e+06	28.9056	0.655736	145	1.34853	7.4774	4.56933	0.895795
25	42.0528	55	-1.52785e+06	29.1813	0.652836	149	1.34678	6.65072	4.53466	1.02803
26	42.0714	56	-1.52043e+06	29.3454	0.654853	153	1.34182	6.80041	4.52782	0.947758
27	42.7621	54	-1.51464e+06	28.9988	0.662175	161	1.33465	6.66783	4.44112	1.02365
28	42.9752	55	-1.5105e+06	28.3847	0.666049	162	1.33453	6.95968	4.57597	1.05884
29	43.4253	52	-1.50778e+06	27.9979	0.669885	172	1.32923	6.94364	4.56507	0.924555
30	44.0435	53	-1.50554e+06	27.2202	0.671747	168	1.32472	6.91838	4.45736	0.94306
31	43.7085	54	-1.50424e+06	27.0863	0.683913	164	1.32299	6.74344	4.52776	0.967619
32	45.2622	53	-1.5044e+06	26.8047	0.681879	190	1.32298	7.18775	4.5237	0.953578
33	44.1598	50	-1.50316e+06	26.5014	0.687012	181	1.31859	6.42755	4.49863	0.99577
34	44.957	52	-1.5024e+06	26.4159	0.692589	170	1.31438	6.86605	4.5498	1.0709
35	44.001	51	-1.50244e+06	26.3877	0.697215	183	1.3127	6.51749	4.48813	0.946631
36	44.5109	51	-1.50182e+06	26.4209	0.696985	188	1.31055	6.55048	4.45892	1.08247
37	44.1791	50	-1.50065e+06	26.3383	0.701598	194	1.30511	6.73968	4.44399	1.04919
38	44.8347	51	-1.49952e+06	26.2364	0.697913	192	1.3047	6.6936	4.46108	0.914318
39	44.1585	53	-1.49977e+06	25.9972	0.697178	193	1.30626	6.58431	4.49352	1.12194
40	45.4652	52	-1.49936e+06	25.8255	0.704925	177	1.30098	6.60507	4.45258	0.985927
41	43.9849	51	-1.49922e+06	25.6631	0.702206	186	1.30097	6.47543	4.42477	1.16708
42	45.099	52	-1.49859e+06	25.6929	0.707363	189	1.29607	6.44627	4.45708	0.931958
43	44.5151	51	-1.49828e+06	25.8074	0.716718	194	1.29354	6.66683	4.5068	0.928867
44	45.2894	52	-1.49747e+06	25.6913	0.723493	192	1.28872	6.94085	4.48038	1.05752
45	44.3443	53	-1.4973e+06	25.5487	0.715735	222	1.28772	6.72171	4.45315	1.18428
46	44.2201	53	-1.49576e+06	25.6787	0.719973	194	1.2837	6.34934	4.39266	1.0258
47	44.0808	51	-1.49513e+06	25.4792	0.733086	189	1.27736	6.30158	4.49043	0.855318
48	44.0663	53	-1.49519e+06	25.3838	0.739242	191	1.2796	6.83968	4.56826	0.9235
49	44.2927	52	-1.49492e+06	25.2575	0.74074	191	1.27706	6.51405	4.44988	0.965789
50	44.9635	52	-1.49398e+06	25.0657	0.74941	198	1.27294	6.71453	4.42799	0.947641
51	44.353	53	-1.49295e+06	24.9919	0.761885	209	1.26825	6.77618	4.36852	1.0759
52	42.3767	54	-1.4928e+06	24.8731	0.772762	205	1.26307	6.5955	4.44211	0.970408
53	43.5183	53	-1.49188e+06	24.7772	0.788019	203	1.25799	6.94838	4.49377	1.03576
54	43.8656	54	-1.49137e+06	24.7742	0.800765	210	1.25261	6.74537	4.46356	0.883406
55	42.4431	54	-1.49098e+06	24.7332	0.803683	199	1.2508	6.40364	4.34066	0.906945
56	43.8966	54	-1.49004e+06	24.7263	0.813863	213	1.24487	6.30337	4.40551	1.05316
57	44.3852	54	-1.48977e+06	24.8545	0.829421	206	1.23739	5.93433	4.39706	0.947476
58	43.4462	55	-1.48954e+06	24.7698	0.849261	209	1.23402	6.42871	4.39586	1.11656
59	43.1864	55	-1.48912e+06	24.6362	0.86464	216	1.2296	6.44706	4.3394	0.996911
60	43.2325	53	-1.48831e+06	24.6997	0.870296	208	1.22925	6.26242	4.4545	1.11827
61	43.747	53	-1.48776e+06	24.483	0.878543	192	1.22421	6.48725	4.41944	1.03702
62	44.1255	53	-1.48752e+06	24.7058	0.89534	193	1.22053	5.97009	4.42011	1.06048
63	44.4518	53	-1.4864e+06	24.6631	0.913124	203	1.21296	6.02759	4.42069	0.961629
64	42.9858	54	-1.48512e+06	24.5179	0.923588	204	1.20789	6.99864	4.44769	1.08465
65	42.9195	53	-1.48417e+06	24.6324	0.950521	192	1.2022	6.19423	4.35985	0.958526
66	43.6793	54	-1.48278e+06	24.7519	0.987758	216	1.1915	6.49077	4.5068	1.05381
67	43.5947	54	-1.48205e+06	24.8373	1.01287	197	1.18351	6.03974	4.41302	1.11715
68	43.4382	54	-1.48097e+06	24.6289	1.04308	199	1.1765	5.78584	4.47628	0.991674
69	43.5831	54	-1.48079e+06	24.773	1.06572	206	1.17006	5.6557	4.41871	0.929441
70	44.5074	53	-1.47993e+06	24.7142	1.0918	208	1.16359	6.21237	4.44093	1.06798
71	44.5445	52	-1.47859e+06	24.9161	1.11535	182	1.16001	6.21903	4.41862	1.03198
72	45.0567	53	-1.4777e+06	24.9707	1.14773	192	1.15265	6.1489	4.39678	0.949748
73	44.5559	53	-1.47665e+06	25.3324	1.17863	188	1.14701	5.61829	4.50491	0.857794
74	44.5802	53	-1.47676e+06	25.3216	1.19124	194	1.14416	5.94565	4.45551	0.985234
75	44.4124	51	-1.47595e+06	25.3581	1.22151	191	1.14003	6.10553	4.51424	1.0272
76	45.3772	52	-1.47537e+06	25.4131	1.2632	189	1.14003	5.77133	4.48051	1.04439
77	45.5167	52	-1.47546e+06	25.407	1.27544	190	1.13472	6.0896	4.48744	1.04307
78	44.9659	52	-1.47463e+06	25.149	1.30881	191	1.12912	6.02234	4.50235	0.965235
79	45.1205	52	-1.47492e+06	25.2536	1.29932	186	1.13122	6.07451	4.54201	1.07621
80	44.2471	53	-1.47472e+06	25.2007	1.31796	204	1.12763	5.82014	4.44253	1.09537
81	43.9066	54	-1.47422e+06	25.2956	1.32355	201	1.12412	6.07309	4.43314	0.979003
82	45.4737	52	-1.47348e+06	25.3599	1.34284	195	1.12024	6.14113	4.47653	1.12128
83	45.1174	52	-1.47345e+06	25.3102	1.36889	178	1.11592	6.5047	4.53251	1.02698
84	45.0667	52	-1.47392e+06	25.3693	1.36773	177	1.11797	5.51185	4.51618	1.02889
85	44.6796	52	-1.47349e+06	25.473	1.37419	193	1.11795	5.99455	4.55333	0.969168
86	44.5632	51	-1.4733e+06	25.3497	1.37711	186	1.11676	5.95746	4.51444	0.985458
87	44.1606	51	-1.47312e+06	25.1842	1.38707	180	1.11377	5.86068	4.50593	0.979756
88	44.702	53	-1.47326e+06	25.2446	1.37932	181	1.11442	5.99694	4.51741	0.927705
89	44.3592	53	-1.47287e+06	25.4567	1.37627	186	1.11623	5.8563	4.50466	1.00473
90	44.7881	52	-1.47269e+06	25.3977	1.38433	186	1.11543	5.39002	4.51342	1.06646
91	44.6629	52	-1.47255e+06	25.5725	1.35994	188	1.11512	5.87823	4.45558	1.02544
92	45.6528	52	-1.47282e+06	25.6583	1.35994	189	1.11503	5.96027	4.4854	0.898122
93	45.2556	52	-1.47256e+06	25.5682	1.38403	188	1.11339	5.41053	4.49803	0.971768
94	44.4396	53	-1.47323e+06	25.409	1.37212	197	1.1143	6.14393	4.46508	0.962569
95	43.0389	51	-1.47264e+06	25.3822	1.3912	199	1.11353	5.50996	4.37792	1.0742
96	44.1743	52	-1.47277e+06	25.3892	1.39403	203	1.11324	6.00163	4.51461	0.967404
97	44.2162	53	-1.47257e+06	25.3137	1.38975	186	1.11285	5.93056	4.44888	1.05959
98	44.778	52	-1.47251e+06	25.4396	1.39393	185	1.1152	5.71513	4.45961	0.891384
99	44.4702	53	-1.47267e+06	25.57	1.40069	181	1.11266	5.71922	4.38272	0.861771
100	45.2355	52	-1.47247e+06	25.5152	1.40625	191	1.112	5.95434	4.38827	1.03958
101	44.78	53	-1.47181e+06	25.6336	1.39004	205	1.11268	5.48603	4.3418	0.844081
102	44.1906	52	-1.47231e+06	25.496	1.39846	205	1.11132	5.95037	4.39839	1.01955
103	43.0065	52	-1.4723e+06	25.6217	1.40245	191	1.11158	5.52595	4.43913	0.910126
104	45.0334	52	-1.47202e+06	25.6007	1.40285	181	1.11125	5.52838	4.49432	0.951028
105	43.9849	51	-1.47184e+06	25.6722	1.41675	176	1.10886	5.48719	4.52555	0.917878
106	44.9079	51	-1.47258e+06	25.6956	1.39304	194	1.11375	5.66402	4.45135	1.02721
107	44.5173	52	-1.47196e+06	25.6197	1.38944	191	1.10913	5.22756	4.46619	0.887393
108	44.3266	53	-1.47197e+06	25.7729	1.38859	197	1.11153	5.77348	4.53497	0.984774
109	44.1388	53	-1.47263e+06	25.3754	1.4038	210	1.11219	5.74847	4.45106	0.979737
110	44.3345	52	-1.47253e+06	25.3465	1.40624	199	1.11264	5.28449	4.48591	0.92638
111	43.4634	53	-1.47182e+06	25.2872	1.40595	205	1.11224	5.80798	4.43012	1.11525
112	44.5132	53	-1.47285e+06	25.3271	1.41592	191	1.1165	5.65737	4.4155	1.05025
113	44.874	52	-1.47261e+06	25.3498	1.40303	182	1.11258	5.38762	4.36522	0.853121
114	44.9014	52	-1.47212e+06	25.4332	1.41508	211	1.10884	6.08324	4.56616	0.798291
115	44.4701	54	-1.47165e+06	25.2734	1.42441	207	1.10667	5.66793	4.51776	0.972764
116	44.4378	53	-1.47206e+06	25.4762	1.40673	195	1.10804	5.95316	4.55701	0.941073
117	44.257	53	-1.47191e+06	25.3873	1.42822	209	1.10876	5.89266	4.5042	1.06087
118	45.1453	53	-1.47146e+06	25.4362	1.41681	194	1.10691	5.81012	4.48502	0.952698
119	44.5766	51	-1.47154e+06	25.4717	1.41813	197	1.10629	6.05502	4.47875	1.04912
120	44.318	53	-1.47167e+06	25.3547	1.43216	192	1.10775	5.3664	4.49012	0.872256
121	43.6959	54	-1.47185e+06	25.2583	1.4269	203	1.10706	5.70802	4.48771	1.04343
122	44.202	51	-1.47152e+06	25.6287	1.42146	184	1.10717	5.48786	4.52038	0.958973
123	45.0138	52	-1.47169e+06	25.669	1.42898	195	1.10632	5.69298	4.56416	0.915636
124	44.913	52	-1.47171e+06	25.7307	1.41151	191	1.10668	5.33794	4.52162	1.01963
125	45.0162	52	-1.47116e+06	25.7446	1.41783	186	1.10555	5.4147	4.43747	1.00985
126	43.6367	52	-1.47094e+06	25.5992	1.40347	169	1.10711	5.58841	4.3912	1.02695
127	44.8739	52	-1.47081e+06	25.3901	1.40314	185	1.10523	5.38498	4.50786	0.996028
128	44.4285	52	-1.47127e+06	25.3645	1.40312	207	1.10978	5.36099	4.46356	1.01031
129	44.5117	53	-1.4718e+06	25.5626	1.40646	197	1.10886	5.35263	4.46079	1.00329
130	44.6603	51	-1.4714e+06	25.6707	1.38942	189	1.10904	5.39743	4.62742	1.09579
131	44.9548	52	-1.47153e+06	25.6256	1.37831	194	1.10918	5.41139	4.53061	0.956423
132	44.2392	53	-1.47131e+06	25.4885	1.39594	202	1.10921	5.41247	4.55566	1.01453
133	43.277	53	-1.47149e+06	25.4405	1.39924	201	1.10968	5.48045	4.47643	0.95786
134	44.3971	51	-1.47157e+06	25.4975	1.40531	188	1.10823	5.3473	4.49406	1.24113
135	42.9689	52	-1.47168e+06	25.4995	1.4072	200	1.10937	5.67396	4.47202	1.0334
136	43.4385	52	-1.4709e+06	25.4761	1.40768	202	1.10585	5.35204	4.4303	0.918689
137	43.2462	54	-1.47018e+06	25.5417	1.41117	200	1.10274	5.39159	4.51882	1.04871
138	43.6375	53	-1.47081e+06	25.6876	1.42424	206	1.10477	5.79414	4.43218	1.01624
139	43.7301	54	-1.47109e+06	25.4999	1.39962	219	1.10488	5.7314	4.40171	1.04278
140	43.3669	53	-1.47096e+06	25.5254	1.39274	205	1.10733	5.69583	4.50208	0.933941
141	43.3066	55	-1.4716e+06	25.5353	1.3883	206	1.10559	5.81881	4.57312	0.964019
142	44.6581	54	-1.46993e+06	25.6912	1.42849	200	1.10074	5.07798	4.44004	0.973725
143	44.0861	55	-1.4701e+06	25.643	1.4275	205	1.10173	5.72532	4.48704	0.912041
144	44.5029	54	-1.47019e+06	25.4112	1.43458	210	1.10254	5.21924	4.4164	0.889329
145	44.5234	54	-1.47032e+06	25.595	1.42421	215	1.10641	5.14597	4.45664	1.02362
146	44.9427	54	-1.4705e+06	25.7474	1.41537	220	1.10493	5.24936	4.55416	1.01976
147	44.884	51	-1.47027e+06	25.7553	1.41347	216	1.10663	5.71274	4.49764	0.954455
148	44.6963	53	-1.47044e+06	25.5869	1.41179	214	1.10638	5.2729	4.43418	1.04502
149	44.6548	54	-1.4703e+06	25.5921	1.42824	211	1.10693	5.2715	4.46923	0.925556
150	44.456	54	-1.47007e+06	25.6323	1.42749	220	1.10513	5.36762	4.51385	0.887203
151	44.4609	53	-1.4706e+06	25.4353	1.4241	223	1.10481	5.08125	4.57822	0.965944
152	44.6955	53	-1.47053e+06	25.5014	1.41724	225	1.10664	5.56551	4.51129	1.07507
153	45.8644	53	-1.4706e+06	25.3913	1.42157	236	1.1053	5.49144	4.56595	0.989279
154	45.5279	52	-1.47117e+06	25.5485	1.40319	229	1.10587	5.26797	4.45752	1.0278
155	44.8126	52	-1.47078e+06	25.5316	1.42536	236	1.10589	5.33303	4.41907	0.93353
156	44.6965	53	-1.47082e+06	25.4776	1.4145	212	1.10908	5.19146	4.43422	0.911872
157	45.4046	53	-1.47038e+06	25.4794	1.4078	229	1.10494	5.43699	4.44735	0.952304
158	44.4901	53	-1.47075e+06	25.7228	1.40185	217	1.10668	5.39259	4.52721	1.12886
159	43.8078	53	-1.47115e+06	25.8175	1.3948	216	1.10772	5.17273	4.50736	1.00028
160	43.3693	53	-1.4705e+06	25.7858	1.39799	207	1.10639	5.14304	4.43933	1.00601
161	43.6362	53	-1.47025e+06	25.6502	1.39176	197	1.10462	5.31067	4.48683	1.00469
162	44.3132	54	-1.47037e+06	25.7564	1.39332	210	1.10551	4.9011	4.36575	0.978675
163	44.0712	54	-1.4706e+06	25.6344	1.40871	211	1.10671	4.7124	4.5025	0.982557
164	42.8223	53	-1.47012e+06	25.5073	1.40305	200	1.10216	5.45968	4.50868	1.03183
165	43.5348	53	-1.4701e+06	25.6953	1.42794	216	1.10196	5.05277	4.53901	0.9014
166	43.9583	54	-1.47038e+06	25.6978	1.41959	221	1.10338	5.17632	4.50746	0.93857
167	43.1951	54	-1.47082e+06	25.512	1.41386	204	1.10672	5.04706	4.45445	1.15746
168	42.0978	54	-1.47101e+06	25.6104	1.40083	211	1.10679	5.44279	4.39325	0.956471
169	43.607	51	-1.47012e+06	25.9113	1.41588	225	1.10416	5.49978	4.50323	1.00837
170	44.4123	54	-1.47045e+06	25.8566	1.40692	212	1.10163	5.22367	4.44777	0.915144
171	44.1452	55	-1.47058e+06	25.8138	1.40312	202	1.10232	5.31272	4.56074	0.986756
172	44.4324	53	-1.47104e+06	25.7502	1.40641	189	1.10407	5.08147	4.52475	0.943318
173	43.4317	53	-1.47044e+06	25.7886	1.40901	207	1.10138	5.24266	4.52081	0.963516
174	44.7612	54	-1.47021e+06	25.7351	1.41305	221	1.10177	5.57465	4.55461	0.968944
175	43.0348	53	-1.47012e+06	25.8889	1.40335	211	1.10296	5.15026	4.503	0.909699
176	43.8275	54	-1.47051e+06	25.8539	1.4108	215	1.10301	5.12192	4.52856	1.05825
177	44.9616	54	-1.47073e+06	26.0405	1.40402	220	1.10462	5.25826	4.42265	0.880927
178	43.5323	54	-1.47055e+06	25.9891	1.41327	220	1.10326	5.2062	4.51989	1.0292
179	44.0263	54	-1.47e+06	25.9143	1.40964	199	1.10269	4.99539	4.40724	0.921896
180	43.6305	55	-1.46952e+06	25.9437	1.43504	204	1.10036	5.55281	4.53478	0.968737
181	43.1798	54	-1.46962e+06	25.8406	1.42318	207	1.10013	4.68551	4.55359	0.932988
182	43.6061	53	-1.47025e+06	25.7904	1.43158	209	1.10101	5.19817	4.52426	1.01473
183	44.0651	53	-1.46968e+06	25.8571	1.43421	188	1.10143	4.85158	4.51865	1.05287
184	46.1725	51	-1.46988e+06	25.8599	1.43202	181	1.09997	5.3169	4.4947	0.992908
185	44.264	51	-1.47005e+06	25.8563	1.41282	180	1.10015	5.1961	4.58148	0.975566
186	44.2981	51	-1.46998e+06	25.8694	1.41294	186	1.10027	5.06416	4.49742	1.13615
187	45.8937	52	-1.47057e+06	25.7478	1.41128	188	1.10216	4.89483	4.5678	1.01724
188	45.9585	51	-1.47071e+06	26.0699	1.3976	188	1.10239	5.40568	4.54912	0.97676
189	43.8721	51	-1.47085e+06	26.2115	1.42533	204	1.10127	4.85572	4.45081	1.15536
190	43.142	54	-1.47008e+06	26.089	1.4267	211	1.10214	4.97234	4.38644	1.02422
191	44.0419	54	-1.46962e+06	25.9645	1.41572	196	1.10258	5.3367	4.46473	1.15304
192	45.1725	53	-1.46961e+06	25.888	1.41433	193	1.1017	5.25585	4.48939	1.09731
193	42.0139	53	-1.47018e+06	25.9442	1.4061	205	1.10515	5.16885	4.5212	0.954982
194	43.837	53	-1.47007e+06	26.0295	1.41147	188	1.10228	5.16107	4.52415	0.954848
195	45.2588	53	-1.46976e+06	25.9342	1.41954	200	1.09986	5.51848	4.50243	0.93014
196	43.4113	55	-1.46996e+06	25.8353	1.42371	204	1.10282	5.11288	4.52364	0.897432
197	43.3202	54	-1.47008e+06	25.9363	1.41339	197	1.10575	4.91429	4.46769	0.895897
198	43.5344	54	-1.4699e+06	25.74	1.41683	199	1.10316	5.10568	4.51652	1.0675
199	43.8991	54	-1.46972e+06	25.7005	1.42477	204	1.10263	5.15737	4.46851	1.00613
200	43.6607	54	-1.47018e+06	25.8451	1.41805	228	1.1043	5.33831	4.46394	1.00003
201	44.0622	53	-1.46994e+06	26.0408	1.42688	226	1.10515	4.88589	4.52911	1.01304
202	45.121	53	-1.47052e+06	25.8959	1.41126	228	1.10659	5.01431	4.47018	1.00608
203	44.1401	53	-1.46995e+06	25.7053	1.43032	213	1.10265	5.23723	4.51044	1.01727
204	44.7464	54	-1.46961e+06	25.7856	1.43055	214	1.09952	5.39021	4.54154	0.970141
205	45.0006	52	-1.46992e+06	25.82	1.43326	234	1.09943	5.03377	4.50047	0.864284
206	45.0675	53	-1.46933e+06	25.7614	1.42414	226	1.10107	5.0464	4.5231	0.88751
207	44.8098	53	-1.46989e+06	25.9336	1.43266	217	1.10134	4.95181	4.50293	0.953012
208	44.4329	54	-1.47017e+06	25.9787	1.43347	205	1.1001	5.08649	4.49551	0.972727
209	43.8986	53	-1.46966e+06	25.6942	1.44522	201	1.09845	5.21784	4.55594	0.976797
210	44.1441	53	-1.46936e+06	25.6458	1.43099	193	1.09708	4.97679	4.55008	0.860394
211	43.955	55	-1.46972e+06	25.6446	1.42524	207	1.10003	4.76222	4.50052	0.912189
212	43.5226	55	-1.46981e+06	25.7011	1.41388	194	1.10169	4.97423	4.54227	0.921047
213	43.8404	54	-1.46912e+06	25.7259	1.4307	202	1.09946	4.80282	4.5578	1.00906
214	43.2977	53	-1.46926e+06	25.5598	1.42541	210	1.0992	5.12585	4.50414	0.943961
215	44.305	54	-1.46961e+06	25.4558	1.45228	213	1.10101	4.69834	4.46967	1.06129
216	43.6805	54	-1.46942e+06	25.5568	1.44677	216	1.09905	5.07672	4.50618	0.981017
217	43.6741	54	-1.46978e+06	25.5029	1.44281	206	1.10061	4.98517	4.4253	0.919754
218	43.6229	54	-1.46998e+06	25.6512	1.43619	203	1.10268	5.00904	4.54773	0.97522
219	43.6896	54	-1.46987e+06	25.7014	1.4296	213	1.10137	5.01168	4.48755	1.04331
220	43.769	54	-1.47005e+06	25.9217	1.42224	199	1.10186	4.75716	4.52678	0.990849
221	44.4909	54	-1.46985e+06	25.8707	1.42356	209	1.10071	4.77504	4.46626	1.0473
222	44.2178	54	-1.47015e+06	25.9262	1.43791	213	1.10158	4.89814	4.51795	0.98562
223	42.822	53	-1.46985e+06	25.8569	1.43284	213	1.10053	4.88147	4.46611	0.978595
224	45.0813	53	-1.46993e+06	26.0368	1.43134	211	1.10218	4.90084	4.44635	0.946743
225	44.4896	53	-1.46995e+06	25.7613	1.42053	227	1.1027	5.42223	4.47491	0.827282
226	44.3287	53	-1.47014e+06	25.7003	1.40405	224	1.10091	4.89417	4.54479	1.06605
227	45.1728	53	-1.47044e+06	25.6538	1.38505	235	1.10725	5.04633	4.55178	0.892434
228	43.4636	52	-1.47003e+06	25.6402	1.39072	216	1.10236	4.76108	4.46346	1.03357
229	44.6893	53	-1.46977e+06	25.6768	1.41429	228	1.10442	4.97943	4.51922	1.0786
230	43.4055	53	-1.46994e+06	25.7802	1.41566	203	1.10307	5.67985	4.59296	0.906425
231	41.8918	53	-1.46984e+06	25.5966	1.41872	203	1.10187	4.90381	4.45383	0.858513
232	43.8409	54	-1.46989e+06	25.7825	1.42284	214	1.10188	5.53002	4.48873	1.06882
233	44.2757	54	-1.46938e+06	25.7827	1.4151	204	1.10097	5.04309	4.54964	0.918794
234	43.5544	55	-1.46884e+06	25.9216	1.4236	206	1.09765	4.7009	4.50163	0.967235
235	43.3978	54	-1.46953e+06	26.0318	1.41946	216	1.09892	4.76699	4.52102	0.997023
236	44.6833	53	-1.47039e+06	25.9177	1.40103	221	1.10352	4.83975	4.42972	0.96714
237	43.8471	53	-1.46986e+06	25.685	1.39438	222	1.1044	4.81206	4.50966	1.09816
238	44.2115	54	-1.46981e+06	25.6361	1.39781	216	1.1042	4.82196	4.35177	1.08285
239	44.5433	52	-1.47026e+06	25.9257	1.40347	224	1.10541	4.90744	4.35124	1.01072
240	44.2146	53	-1.47021e+06	25.7584	1.40385	225	1.10374	4.64594	4.48706	0.984766
241	44.8279	51	-1.47009e+06	25.8291	1.38527	226	1.10255	5.03315	4.51621	1.0433
242	45.9858	51	-1.46989e+06	25.9741	1.38759	226	1.10266	5.0455	4.40789	0.948085
243	45.8973	52	-1.47059e+06	25.9114	1.38686	234	1.10529	4.8991	4.5826	0.960033
244	45.9227	52	-1.47054e+06	25.963	1.37713	251	1.10566	5.04032	4.39058	0.970248
245	45.4574	51	-1.47004e+06	25.7925	1.39249	224	1.10369	4.81149	4.39464	1.00436
246	43.4512	53	-1.47049e+06	25.7406	1.3831	216	1.10512	4.88495	4.42624	0.872497
247	43.7251	54	-1.47062e+06	25.6722	1.40191	200	1.10578	4.67438	4.61372	1.03046
248	43.2333	54	-1.47038e+06	25.6369	1.39374	217	1.10341	4.95384	4.5626	1.06575
249	43.6259	54	-1.47054e+06	25.5888	1.40133	215	1.10383	5.43346	4.54336	1.13068
250	43.7711	54	-1.47047e+06	25.7231	1.40083	213	1.10669	4.87546	4.52026	1.11003
251	43.8116	54	-1.47003e+06	25.6527	1.41406	219	1.10473	4.72201	4.48214	0.892813
252	43.6481	55	-1.47039e+06	25.5084	1.39917	205	1.10504	4.68335	4.52037	0.998299
253	43.2782	54	-1.46962e+06	25.695	1.39252	211	1.10213	4.7086	4.46594	1.06993
254	43.4908	53	-1.47001e+06	25.7218	1.40698	204	1.10095	5.20761	4.56934	0.974421
255	42.6176	53	-1.47014e+06	25.7834	1.40212	210	1.10324	5.04097	4.58728	1.02059
256	43.5396	54	-1.47001e+06	25.838	1.41076	208	1.10185	4.75816	4.57754	1.02331
257	42.3471	53	-1.47048e+06	25.8218	1.40044	211	1.10423	4.94956	4.62158	1.10516
258	44.0796	54	-1.47052e+06	25.8932	1.39872	213	1.10549	5.22772	4.56658	1.02882
259	43.9796	52	-1.46998e+06	25.9932	1.40088	221	1.10408	5.53788	4.53639	0.876051
260	43.5024	54	-1.46982e+06	25.9533	1.40276	207	1.10321	4.98632	4.53145	1.06169
261	43.6013	53	-1.4697e+06	25.717	1.41724	227	1.10115	5.14401	4.52732	1.06519
262	44.1943	53	-1.47015e+06	25.8816	1.41497	225	1.10424	5.29303	4.55636	1.14365
263	44.8342	52	-1.47002e+06	25.6253	1.4084	242	1.10295	5.5641	4.50899	1.0378
264	45.7176	52	-1.47032e+06	25.8364	1.41939	236	1.1037	5.28922	4.58225	0.979956
265	45.1486	51	-1.46983e+06	25.7227	1.41929	229	1.10227	5.10299	4.43322	0.942555
266	45.701	53	-1.4701e+06	25.678	1.41422	221	1.09956	5.29028	4.5227	1.13107
267	44.823	53	-1.46993e+06	25.7748	1.41729	218	1.10343	5.16806	4.46921	1.08903
268	44.8813	53	-1.47001e+06	25.9044	1.41843	223	1.10267	4.90689	4.47294	1.037
269	45.1358	53	-1.4699e+06	25.7747	1.43391	231	1.10027	5.19059	4.54282	0.842401
270	45.9956	52	-1.4695e+06	25.731	1.43182	233	1.09998	5.30398	4.49651	1.19703
271	46.0208	52	-1.47015e+06	25.5475	1.4234	233	1.10241	4.79988	4.45914	1.01295
272	44.5613	51	-1.47067e+06	25.6571	1.40766	222	1.10547	4.785	4.52345	1.04241
273	44.622	53	-1.47003e+06	25.719	1.42459	222	1.10265	5.09909	4.49751	1.12184
274	44.682	52	-1.47049e+06	25.8464	1.42705	239	1.10586	5.06142	4.44568	0.90473
275	45.5339	51	-1.47071e+06	25.6048	1.41745	233	1.10693	4.8902	4.49777	1.06885
276	45.0129	52	-1.47119e+06	25.548	1.40589	237	1.1057	4.99913	4.449	1.06579
277	43.8034	51	-1.46995e+06	25.5816	1.42595	228	1.10169	4.77663	4.51776	0.859061
278	44.6655	51	-1.47038e+06	25.7284	1.41553	223	1.10114	5.43079	4.48788	0.997481
279	45.4998	52	-1.46906e+06	26.0159	1.42875	232	1.09865	4.93084	4.4219	1.01951
280	44.8246	53	-1.46997e+06	26.0582	1.42879	224	1.10114	5.06987	4.52845	0.963484
281	44.1192	53	-1.46961e+06	25.8011	1.42658	219	1.09992	4.94675	4.51333	1.15502
282	44.6897	53	-1.46914e+06	25.8632	1.42935	226	1.09982	4.70591	4.5155	0.957929
283	44.4173	54	-1.469e+06	25.6953	1.42796	218	1.09824	5.02428	4.48463	0.919549
284	44.142	54	-1.4693e+06	25.7758	1.43363	196	1.10001	4.63304	4.59192	1.06484
285	43.7803	54	-1.46951e+06	25.8188	1.40069	200	1.1011	4.93083	4.46928	0.989328
286	43.9933	54	-1.46892e+06	25.8586	1.40593	210	1.09957	5.07083	4.55277	1.09116
287	44.2695	54	-1.46998e+06	26.1529	1.39062	213	1.10273	4.67108	4.5728	0.968778
288	44.1993	53	-1.47013e+06	26.1012	1.39823	219	1.10357	4.39161	4.54332	1.06002
289	44.3397	53	-1.46921e+06	25.9506	1.42375	224	1.1008	4.859	4.4891	0.942819
290	44.0801	52	-1.46921e+06	25.9793	1.41424	208	1.09824	4.94308	4.52703	1.02687
291	45.0221	53	-1.4696e+06	25.925	1.4124	229	1.10162	4.6711	4.44568	0.855242
292	44.1297	53	-1.46948e+06	25.7402	1.40996	208	1.10167	4.88614	4.4706	1.01186
293	43.2604	54	-1.46996e+06	25.9906	1.39628	212	1.10585	4.95271	4.46692	1.06907
294	43.0707	53	-1.4701e+06	25.9393	1.40405	212	1.10456	4.69934	4.42028	1.05066
295	42.9717	54	-1.4694e+06	25.9619	1.41618	206	1.10187	4.70121	4.52106	0.931219
296	43.6816	53	-1.46965e+06	26.0541	1.42267	219	1.09941	4.96636	4.4805	1.05057
297	43.8059	54	-1.46931e+06	26.0718	1.41413	219	1.09964	4.71247	4.42198	1.06229
298	42.6767	54	-1.46964e+06	26.1562	1.41014	212	1.10026	5.19317	4.56702	1.12561
299	42.8232	53	-1.46971e+06	25.8571	1.405	216	1.10302	4.79781	4.53038	0.90156
300	43.3743	54	-1.47e+06	25.7912	1.41558	211	1.10193	5.01682	4.54299	0.914926
301	43.4613	54	-1.46983e+06	25.5965	1.4132	220	1.10458	4.7798	4.53839	1.14527
302	43.6533	52	-1.47025e+06	25.5914	1.41664	224	1.10547	4.96423	4.54016	1.07748
303	43.8175	53	-1.47029e+06	25.6621	1.40246	229	1.10522	4.87016	4.45086	0.998901
304	44.1254	54	-1.4708e+06	25.6572	1.38348	214	1.10847	4.67061	4.44663	1.05987
305	43.6265	53	-1.47039e+06	25.7668	1.37772	212	1.10438	5.1979	4.48618	0.969195
306	43.2507	54	-1.4704e+06	25.8534	1.37669	208	1.10442	4.78586	4.55903	0.971267
307	43.4961	54	-1.46939e+06	25.7923	1.39225	210	1.10068	4.98865	4.56966	1.05061
308	42.9687	53	-1.47018e+06	25.9264	1.37833	217	1.10342	4.88043	4.55216	0.973384
309	43.028	54	-1.47016e+06	26.0305	1.36697	192	1.10261	4.78017	4.44547	0.96014
310	43.2502	52	-1.46973e+06	25.9777	1.38716	203	1.10133	4.89448	4.51639	0.938131
311	44.1531	54	-1.47029e+06	25.931	1.38732	196	1.10359	4.69744	4.52937	0.979562
312	42.6659	53	-1.4704e+06	25.8382	1.40559	206	1.10147	4.93024	4.5092	1.01593
313	43.1394	54	-1.47014e+06	25.785	1.42523	209	1.09709	5.21793	4.60061	1.0028
314	44.1117	53	-1.46938e+06	25.7996	1.42443	189	1.09767	4.77681	4.48338	1.08614
315	44.2235	53	-1.46864e+06	26.0342	1.43287	198	1.09624	4.74889	4.47618	1.04969
316	45.3823	51	-1.46926e+06	25.9746	1.42991	185	1.09716	4.7706	4.62143	1.03569
317	45.3597	52	-1.46908e+06	26.2142	1.42064	183	1.09657	4.75486	4.5718	0.941106
318	44.0872	52	-1.46927e+06	25.9074	1.41788	201	1.09686	4.89604	4.59781	1.11021
319	43.9096	53	-1.46867e+06	25.8623	1.4207	214	1.09585	4.81176	4.51923	0.916554
320	41.7833	54	-1.46904e+06	25.8226	1.42896	211	1.09771	4.71922	4.54867	1.00081
321	43.2468	55	-1.46927e+06	25.6434	1.43062	203	1.09772	4.68174	4.50072	1.10982
322	43.9051	54	-1.46894e+06	25.6804	1.42391	207	1.10022	5.01029	4.39039	1.04523
323	43.2673	54	-1.46905e+06	25.8199	1.42528	201	1.09891	4.69105	4.39986	1.16011
324	42.7908	54	-1.46975e+06	25.8073	1.42268	209	1.1033	4.88038	4.53867	1.00501
325	44.211	54	-1.46978e+06	25.9106	1.40476	197	1.1014	4.81159	4.62353	0.960795
326	44.0716	54	-1.4695e+06	26.1312	1.39242	201	1.10175	4.87543	4.54578	1.06466
327	43.3205	55	-1.46921e+06	25.964	1.3838	200	1.10219	4.63396	4.53084	0.932552
328	43.5676	55	-1.46953e+06	26.1472	1.37616	205	1.10433	4.67352	4.53692	0.874422
329	43.8518	54	-1.46948e+06	26.0209	1.36161	207	1.10029	4.95035	4.60724	0.955944
330	43.8667	54	-1.47005e+06	26.1204	1.37693	217	1.10331	5.06589	4.60178	0.97237
331	43.7997	54	-1.4695e+06	25.9172	1.36817	197	1.10154	5.05401	4.56211	0.973157
332	42.8463	54	-1.46989e+06	26.1012	1.38614	214	1.10355	4.78392	4.50974	1.07636
333	43.8434	54	-1.46977e+06	25.9133	1.37134	218	1.1049	5.23731	4.57507	0.981713
334	44.6012	53	-1.46993e+06	25.8632	1.36292	214	1.10367	5.17905	4.49591	1.13702
335	44.3775	53	-1.47067e+06	25.8405	1.36086	228	1.10556	4.68324	4.47764	1.12317
336	44.7682	53	-1.46961e+06	25.8738	1.36448	224	1.10369	4.78776	4.56146	1.06786
337	44.428	53	-1.46954e+06	25.9083	1.384	220	1.10398	4.86283	4.4549	0.949124
338	44.6009	53	-1.46922e+06	25.8159	1.39243	225	1.10301	4.78279	4.49203	0.886575
339	43.1188	53	-1.47019e+06	25.8748	1.38787	207	1.10399	4.79751	4.48136	1.04422
340	43.24	53	-1.46997e+06	26.0036	1.39242	214	1.10168	4.87982	4.5256	0.937811
341	44.1853	53	-1.47046e+06	26.1498	1.37753	215	1.10335	4.513	4.49776	1.05275
342	43.619	52	-1.4699e+06	25.9868	1.38082	226	1.10323	4.39487	4.51639	0.985821
343	44.8065	53	-1.47008e+06	25.9226	1.37566	215	1.10669	4.63019	4.50115	1.01068
344	43.5424	52	-1.46995e+06	25.924	1.398	221	1.10331	4.73909	4.50596	0.919582
345	44.8658	52	-1.46961e+06	25.8221	1.40707	235	1.10146	4.67208	4.52533	1.09835
346	45.1625	52	-1.4694e+06	25.8489	1.40092	228	1.10331	4.68672	4.50372	1.06258
347	44.8596	52	-1.46965e+06	25.8081	1.3847	231	1.09952	5.1184	4.46009	1.00928
348	44.9157	53	-1.46953e+06	25.875	1.39254	230	1.10151	4.76771	4.43791	1.07687
349	44.6262	52	-1.46959e+06	25.9637	1.41359	227	1.09859	4.45959	4.57521	0.948176
350	46.2936	51	-1.4684e+06	26.1227	1.42777	260	1.09842	5.28846	4.52101	1.19644
351	47.207	50	-1.46882e+06	26.1953	1.43254	253	1.09756	4.81565	4.48692	0.996159
352	47.4807	50	-1.46924e+06	26.2381	1.40617	248	1.09917	4.96619	4.54268	0.98602
353	47.3152	49	-1.469e+06	26.2113	1.41893	254	1.0973	4.94342	4.5145	1.01661
354	47.4732	50	-1.46866e+06	26.0031	1.42219	254	1.09865	4.88337	4.48265	0.835667
355	48.041	49	-1.4688e+06	25.9769	1.42621	257	1.09587	5.04097	4.57103	1.14539
356	46.647	48	-1.46826e+06	25.8857	1.43597	248	1.09522	4.69338	4.50402	0.915697
357	46.7141	51	-1.46869e+06	25.9764	1.40738	245	1.09699	4.99656	4.56176	0.959398
358	46.0648	51	-1.46921e+06	25.9247	1.4057	239	1.09801	4.72682	4.53731	1.04272
359	45.7737	51	-1.46916e+06	25.8506	1.41455	239	1.09754	4.52998	4.53577	0.869751
360	45.1632	51	-1.46947e+06	25.7874	1.40714	235	1.10083	5.01919	4.58514	0.84576
361	43.8976	52	-1.46936e+06	25.7816	1.41035	231	1.09888	4.71479	4.55957	0.858974
362	45.0817	52	-1.46955e+06	26.0636	1.39749	224	1.10176	4.83484	4.53636	1.12545
363	44.4902	53	-1.46856e+06	25.9975	1.40311	218	1.0986	4.58433	4.41903	1.03998
364	43.4558	52	-1.46861e+06	25.8697	1.40634	242	1.10169	4.75586	4.54916	0.931425
365	44.602	52	-1.46896e+06	25.7801	1.4206	223	1.10122	4.59581	4.55945	1.05182
366	44.7868	52	-1.46921e+06	25.749	1.4254	226	1.09952	5.2382	4.53142	1.03645
367	43.9249	51	-1.46958e+06	25.9639	1.41455	244	1.10171	4.90577	4.46748	0.982607
368	43.9816	51	-1.46917e+06	26.06	1.42001	225	1.09793	5.19152	4.45994	1.05171
369	44.0675	53	-1.46916e+06	26.1409	1.39751	225	1.0976	5.06242	4.5842	1.13158
370	44.4106	52	-1.4688e+06	26.1475	1.4026	225	1.10187	4.93481	4.42311	1.01672
371	43.8144	53	-1.46855e+06	25.8981	1.4078	218	1.09673	5.09826	4.48366	1.18046
372	44.3239	53	-1.46871e+06	26.0509	1.40846	246	1.09934	5.07781	4.51577	1.02688
373	44.5127	52	-1.46926e+06	26.0999	1.39899	217	1.10051	5.1037	4.49768	1.00621
374	44.29	52	-1.46919e+06	25.8951	1.40453	230	1.10077	5.1401	4.46156	0.934106
375	44.0488	52	-1.46934e+06	26.0087	1.40282	226	1.10049	5.06868	4.61776	1.00101
376	43.669	53	-1.46904e+06	25.8564	1.40607	222	1.09927	4.67269	4.53354	1.0198
377	44.4025	52	-1.46867e+06	26.0432	1.39942	226	1.09935	4.76462	4.52469	1.03461
378	44.3143	52	-1.46888e+06	25.9208	1.41462	226	1.09725	4.78589	4.47178	1.05354
379	43.868	53	-1.46887e+06	25.7927	1.42901	229	1.09832	4.71251	4.49547	1.12959
380	44.4306	52	-1.46892e+06	25.6584	1.43509	242	1.09717	4.68027	4.44524	1.12608
381	45.8288	51	-1.46896e+06	25.7316	1.43097	236	1.10059	4.82227	4.46368	0.946281
382	43.1813	51	-1.46996e+06	25.9287	1.40417	221	1.10277	5.07964	4.5466	1.05636
383	43.202	53	-1.4689e+06	26.1021	1.41796	212	1.0991	4.75114	4.44823	0.962309
384	44.4815	52	-1.46858e+06	26.174	1.43005	219	1.09572	4.75781	4.43939	0.894508
385	44.3971	53	-1.46857e+06	26.1372	1.4408	212	1.09799	4.8789	4.50576	1.0287
386	43.803	54	-1.46894e+06	26.0548	1.44206	221	1.09937	4.92962	4.54818	0.9967
387	43.0686	53	-1.46919e+06	26.0572	1.42094	209	1.09993	4.8093	4.48331	1.07135
388	42.4657	53	-1.46893e+06	25.937	1.42013	208	1.10011	4.74492	4.53717	1.07019
389	42.5431	54	-1.46958e+06	25.7894	1.42255	190	1.09825	4.77449	4.45613	0.893382
390	43.1067	55	-1.46964e+06	25.8497	1.44128	203	1.09682	4.5492	4.60422	1.05637
391	43.0109	54	-1.46888e+06	26.0431	1.44039	207	1.09802	4.64541	4.48653	0.946076
392	43.6018	54	-1.46924e+06	25.9948	1.41731	221	1.09865	4.76829	4.52148	0.957202
393	44.3889	53	-1.46915e+06	26.0002	1.40981	222	1.09926	4.44628	4.47973	1.00858
394	43.9995	54	-1.46935e+06	26.2117	1.4069	218	1.09842	4.9871	4.45271	1.12415
395	44.4471	53	-1.46911e+06	26.0092	1.41643	214	1.10107	4.77362	4.46601	0.981839
396	44.5779	53	-1.46925e+06	25.9424	1.42617	231	1.10027	4.94898	4.52676	1.07628
397	45.0595	51	-1.46882e+06	25.9114	1.43696	228	1.09713	5.11337	4.49556	0.927149
398	45.4796	52	-1.46937e+06	25.7147	1.43088	220	1.10032	5.30172	4.48083	0.9672
399	44.6313	52	-1.46962e+06	25.6072	1.42366	243	1.10102	4.88287	4.5133	0.971633
400	45.1202	51	-1.46966e+06	25.6046	1.42806	228	1.10237	4.87131	4.51449	0.881785
401	45.1804	52	-1.46931e+06	25.6631	1.43291	232	1.10302	4.70599	4.52232	0.994093
402	44.7178	51	-1.46903e+06	25.7259	1.43022	244	1.10036	4.89087	4.54674	1.00254
403	46.1192	51	-1.46953e+06	25.7367	1.42765	237	1.10129	5.01556	4.44577	0.852358
404	45.3497	52	-1.46898e+06	25.7478	1.40918	238	1.10005	5.16843	4.5649	1.02632
405	45.4666	51	-1.46889e+06	25.8324	1.41641	227	1.09663	4.84585	4.5904	0.984726
406	45.5475	52	-1.46858e+06	25.9245	1.4146	230	1.09922	5.05259	4.52797	1.07109
407	45.4973	53	-1.46891e+06	25.9716	1.41689	221	1.09862	5.03275	4.51875	1.01007
408	44.2807	52	-1.46909e+06	26.0798	1.39935	229	1.10003	4.75761	4.61257	1.03546
409	45.8602	51	-1.46917e+06	26.2082	1.40852	249	1.0969	4.68758	4.61297	0.909807
410	45.8589	52	-1.46885e+06	26.2002	1.43156	236	1.09857	4.57436	4.50857	0.945496
411	44.9436	51	-1.46862e+06	26.1758	1.42629	247	1.09711	5.26611	4.60173	0.974216
412	45.5976	51	-1.46861e+06	26.0739	1.44527	236	1.09738	4.88973	4.58678	1.02696
413	44.657	51	-1.46869e+06	25.7675	1.45066	244	1.09429	5.13377	4.47812	1.00018
414	45.4969	51	-1.46897e+06	25.7988	1.44022	234	1.09659	4.97436	4.43682	0.938049
415	45.7593	52	-1.46858e+06	25.7895	1.45769	249	1.09572	4.72106	4.47419	1.06025
416	45.7658	51	-1.46917e+06	25.6669	1.44465	242	1.09748	5.11473	4.51047	1.00148
417	44.9863	49	-1.4685e+06	25.8458	1.44331	255	1.09593	4.94802	4.46434	0.886838
418	45.8861	51	-1.46823e+06	25.9679	1.44937	229	1.09341	4.4158	4.53204	0.990036
419	45.3105	51	-1.46827e+06	26.0432	1.45652	234	1.09295	5.03067	4.41826	0.930104
420	45.3975	52	-1.46832e+06	26.0153	1.47971	239	1.09315	4.8097	4.46401	1.17184
421	45.0453	51	-1.46813e+06	25.9578	1.47893	232	1.09075	4.79779	4.45868	0.956836
422	45.1933	52	-1.46896e+06	25.8963	1.47438	224	1.09353	4.93864	4.35086	0.952145
423	44.257	52	-1.46793e+06	25.8907	1.48871	216	1.09027	4.62323	4.53154	1.07686
424	43.0176	52	-1.46876e+06	25.7676	1.47819	238	1.09426	4.57408	4.54746	1.04089
425	44.2757	51	-1.46851e+06	25.7179	1.47294	221	1.09221	5.11542	4.57033	1.07541
426	44.8787	52	-1.4686e+06	25.9344	1.44982	231	1.09111	4.53294	4.55607	1.06262
427	46.0464	52	-1.46829e+06	25.9561	1.46277	234	1.09122	4.66768	4.5865	0.988453
428	44.9005	52	-1.46854e+06	25.8926	1.45786	227	1.09516	4.96646	4.57505	1.01234
429	45.2186	52	-1.46933e+06	25.8718	1.43446	231	1.09978	4.69673	4.50595	0.937819
430	43.5845	51	-1.46834e+06	25.7878	1.43932	232	1.09462	4.46488	4.49547	0.878309
431	44.6003	52	-1.4687e+06	25.8523	1.43502	238	1.09554	4.89827	4.55023	0.923725
432	43.4986	53	-1.46922e+06	25.896	1.44507	214	1.09518	4.51254	4.57805	1.03516
433	43.8904	53	-1.46852e+06	25.9393	1.44894	220	1.09368	4.62789	4.56913	1.07747
434	44.1392	52	-1.46849e+06	26.0481	1.44059	240	1.09456	4.59101	4.54827	0.938161
435	44.6948	52	-1.46891e+06	25.9147	1.4375	220	1.09334	4.69468	4.58024	0.945087
436	43.6359	52	-1.46876e+06	25.9201	1.45253	218	1.09523	5.00529	4.57794	0.865188
437	43.9412	52	-1.46939e+06	25.8676	1.41898	220	1.09766	4.58375	4.59833	0.956082
438	44.2928	53	-1.46925e+06	25.9341	1.40621	225	1.10046	4.84042	4.4758	1.04829
439	44.9705	52	-1.46924e+06	25.9618	1.39816	237	1.09706	4.80759	4.51225	0.903715
440	45.2358	52	-1.46911e+06	25.8322	1.41369	239	1.10058	4.55455	4.49527	0.968501
441	45.6535	51	-1.46908e+06	25.7859	1.41839	250	1.09868	4.54526	4.50846	0.999205
442	45.8916	51	-1.46898e+06	25.9994	1.42055	242	1.09792	4.69137	4.56328	1.03511
443	46.4188	51	-1.46878e+06	25.9747	1.44549	243	1.09849	4.56901	4.58709	1.19188
444	45.6179	51	-1.46847e+06	25.9872	1.44532	226	1.09675	4.34978	4.5167	0.930317
445	45.6148	51	-1.46865e+06	25.9947	1.43336	238	1.0978	4.65689	4.53661	0.973058
446	46.2292	50	-1.46857e+06	26.0708	1.41727	248	1.09533	4.83801	4.47545	1.07603
447	46.7122	51	-1.46904e+06	25.9472	1.42057	234	1.09602	4.50918	4.52597	1.02308
448	45.5436	52	-1.46828e+06	26.0043	1.43	250	1.09255	4.8274	4.50932	1.05402
449	45.5705	50	-1.46808e+06	25.9946	1.44213	253	1.09225	5.10413	4.52585	0.96175
450	46.6637	50	-1.4682e+06	26.0298	1.44897	253	1.09277	4.80107	4.56002	1.00074
451	45.945	50	-1.4684e+06	26.1035	1.44603	252	1.09481	4.89945	4.45696	0.9467
452	46.4339	51	-1.46825e+06	26.2217	1.42074	237	1.09309	5.05603	4.47445	1.04098
453	45.827	52	-1.46808e+06	26.1732	1.42831	247	1.09429	5.19472	4.47971	0.960239
454	45.1322	51	-1.46829e+06	26.1732	1.41782	246	1.09764	4.99171	4.56895	0.948615
455	45.5688	51	-1.46893e+06	26.0706	1.4293	240	1.09624	4.66215	4.57788	1.1673
456	45.7364	52	-1.46816e+06	26.0716	1.42016	245	1.09471	4.75021	4.49998	1.14631
457	46.403	50	-1.46905e+06	26.2274	1.40336	248	1.09655	4.76143	4.542	1.00025
458	46.3084	49	-1.4685e+06	26.2231	1.40635	247	1.09627	4.72895	4.57195	1.13868
459	45.4139	50	-1.46895e+06	26.1243	1.38754	252	1.09975	4.78008	4.5287	0.958919
460	46.4327	51	-1.46874e+06	26.212	1.39723	255	1.10057	4.80897	4.53892	0.998853
461	46.6852	50	-1.46843e+06	26.2809	1.40314	252	1.09943	4.89831	4.49692	1.02383
462	46.1931	51	-1.46902e+06	26.1143	1.37782	238	1.10127	4.90676	4.50015	0.921404
463	46.107	50	-1.46917e+06	26.0604	1.37629	256	1.10047	4.78045	4.53026	0.986709
464	46.0415	51	-1.46942e+06	25.879	1.39039	234	1.10035	4.92427	4.55749	0.987361
465	45.4721	52	-1.46908e+06	26.0073	1.38626	244	1.1007	4.93926	4.56681	0.954886
466	46.1717	51	-1.46867e+06	26.0666	1.39428	245	1.10084	5.17947	4.53544	1.09107
467	45.5155	51	-1.46904e+06	26.1822	1.38223	256	1.10209	5.00183	4.57045	0.92194
468	46.9873	50	-1.46877e+06	25.9504	1.3981	251	1.10026	4.76734	4.50135	1.05032
469	46.4424	51	-1.46958e+06	26.1031	1.37993	255	1.10238	4.83303	4.38595	0.96294
470	44.9211	50	-1.46893e+06	25.8978	1.39651	248	1.10036	4.6678	4.51362	1.13877
471	46.2953	51	-1.46867e+06	25.7235	1.39072	254	1.09847	4.89196	4.52025	1.1481
472	45.4978	50	-1.46878e+06	25.907	1.40831	245	1.09738	4.75694	4.46566	1.13174
473	45.7875	50	-1.46814e+06	25.9267	1.41441	249	1.09973	4.47668	4.46058	1.04029
474	45.5726	49	-1.46799e+06	25.8259	1.42158	255	1.09442	4.73251	4.38374	0.974478
475	46.5081	51	-1.4685e+06	25.7769	1.44043	257	1.09324	4.76619	4.42237	0.846219
476	46.2396	49	-1.46857e+06	25.9534	1.44768	253	1.09513	4.85237	4.50457	1.12226
477	47.0109	50	-1.46849e+06	25.9246	1.42155	260	1.09563	4.91943	4.50124	0.941021
478	45.3089	49	-1.46876e+06	25.9117	1.42509	246	1.095	4.68004	4.47092	0.965071
479	45.4129	51	-1.46852e+06	26.0129	1.44235	240	1.093	5.18529	4.62474	0.978182
480	44.1088	51	-1.46783e+06	25.9786	1.43716	237	1.09339	5.11159	4.52345	0.855282
481	46.7864	51	-1.46827e+06	26.0876	1.43703	248	1.09538	4.66964	4.53824	1.01039
482	46.26	52	-1.46875e+06	26.0685	1.43361	233	1.09891	4.94746	4.59566	1.02453
483	45.8774	53	-1.46765e+06	26.032	1.43225	248	1.09617	4.66807	4.46411	0.986721
484	46.6778	52	-1.46825e+06	26.1918	1.42262	242	1.09346	4.70902	4.59595	0.814215
485	46.5833	50	-1.46864e+06	26.1867	1.43265	262	1.09774	4.65747	4.42837	0.979421
486	47.3065	51	-1.46817e+06	26.1029	1.42348	236	1.09467	4.54046	4.50846	1.04678
487	46.4392	51	-1.46873e+06	26.257	1.42975	254	1.09681	5.01885	4.52287	0.990793
488	47.1336	51	-1.4687e+06	26.0001	1.42763	242	1.09714	4.77847	4.57639	0.989396
489	47.0476	50	-1.46824e+06	25.9735	1.4387	251	1.0978	4.75544	4.52839	0.883523
490	47.0015	51	-1.46851e+06	26.0987	1.43572	251	1.09831	4.41623	4.63628	0.938205
491	47.4532	51	-1.46862e+06	25.8256	1.41022	240	1.09581	4.62425	4.57768	1.17763
492	45.8427	50	-1.46864e+06	25.8862	1.41694	243	1.09678	5.00642	4.46118	1.20125
493	47.3903	50	-1.46894e+06	25.792	1.40436	267	1.10118	4.89634	4.42256	0.858105
494	46.8076	50	-1.4694e+06	25.8631	1.41616	259	1.10119	4.69563	4.58587	0.992394
495	46.6439	51	-1.46852e+06	25.8219	1.43819	250	1.09624	4.75824	4.47374	1.012
496	46.1439	50	-1.46922e+06	25.7866	1.40882	250	1.10137	4.94201	4.47774	1.03087
497	45.9648	50	-1.46922e+06	25.8779	1.40158	253	1.10082	4.69158	4.53118	0.984567
498	47.4507	50	-1.46895e+06	25.6774	1.40994	252	1.09906	4.83577	4.59189	1.00804
499	47.8278	50	-1.46888e+06	25.8201	1.42999	262	1.09614	4.72237	4.51926	0.974634
500	47.4661	50	-1.46865e+06	25.7538	1.44884	259	1.09655	5.07521	4.59452	0.946479
501	47.0911	51	-1.4679e+06	25.6806	1.44523	246	1.09575	4.94194	4.51913	1.04614
502	46.6972	51	-1.46871e+06	25.8413	1.43262	251	1.0975	4.7621	4.50658	0.997808
503	46.8951	51	-1.46908e+06	25.911	1.43895	250	1.09804	4.66543	4.48111	1.05741
504	47.0957	49	-1.46858e+06	25.7706	1.43961	253	1.09702	4.93477	4.34719	0.894339
505	47.3013	49	-1.46829e+06	25.8927	1.43656	270	1.09534	4.80606	4.48018	1.15199
506	48.0727	50	-1.46883e+06	25.8198	1.43598	258	1.09696	5.16186	4.50339	1.03562
507	47.9845	49	-1.4679e+06	25.7527	1.45926	268	1.09326	4.6921	4.49641	1.02567
508	47.299	49	-1.4679e+06	25.8264	1.46402	272	1.09291	4.86831	4.58117	1.07435
509	49.0974	49	-1.46812e+06	25.8863	1.45845	254	1.09176	4.85263	4.5541	0.912234
510	47.3764	50	-1.46809e+06	26.0442	1.44957	252	1.09411	4.70584	4.52886	0.911337
511	47.4409	50	-1.46785e+06	26.0377	1.44501	269	1.09431	4.65646	4.4797	1.06985
512	47.6751	50	-1.46838e+06	25.93	1.45133	263	1.0941	4.33131	4.55082	1.09395
513	46.869	50	-1.46834e+06	26.1112	1.44366	248	1.09419	4.6053	4.51225	1.03667
514	45.7275	50	-1.46825e+06	25.9662	1.42382	248	1.0947	4.57946	4.53554	1.02549
515	47.876	50	-1.46805e+06	26.013	1.4263	259	1.09429	4.8711	4.47381	1.00948
516	47.0896	51	-1.46839e+06	26.2383	1.43867	257	1.09275	4.59731	4.54095	1.01659
517	47.0299	50	-1.46815e+06	26.0397	1.44274	265	1.09254	4.91907	4.47276	1.03719
518	45.9971	50	-1.46809e+06	26.1351	1.45575	238	1.0911	4.87122	4.57572	1.12184
519	45.0584	50	-1.46809e+06	26.21	1.45127	256	1.09164	4.65603	4.51524	1.02227
520	47.0666	51	-1.46836e+06	26.281	1.44066	238	1.09256	4.7182	4.61105	1.03433
521	45.4547	52	-1.46871e+06	25.912	1.45114	240	1.09577	4.78031	4.58005	1.12616
522	46.4577	52	-1.46845e+06	25.9559	1.43472	235	1.09572	4.97531	4.5534	0.974312
523	45.6831	51	-1.46847e+06	26.0158	1.42652	242	1.09708	4.5848	4.49522	1.07423
524	44.9247	51	-1.46924e+06	26.0379	1.41319	242	1.09846	4.68586	4.49149	0.994226
525	45.9257	52	-1.46838e+06	25.9567	1.43357	245	1.09488	4.7881	4.53095	1.00777
526	46.1042	50	-1.46822e+06	25.7883	1.43997	239	1.0961	4.53893	4.57723	1.02585
527	47.0671	50	-1.46807e+06	25.838	1.44809	233	1.09431	4.41296	4.49407	1.0732
528	46.6791	51	-1.46772e+06	25.8311	1.45278	261	1.09516	4.42291	4.52069	0.841217
529	46.6322	50	-1.4682e+06	25.8987	1.43697	243	1.0956	4.66518	4.60975	0.851638
530	45.9729	51	-1.46853e+06	25.8019	1.44826	221	1.09507	4.70778	4.58802	0.904791
531	43.9894	51	-1.46806e+06	25.8169	1.44189	239	1.09248	4.85589	4.53218	1.10794
532	46.3628	51	-1.46835e+06	26.05	1.41114	248	1.09672	4.63155	4.49294	1.11627
533	46.8301	51	-1.4681e+06	26.4024	1.41685	247	1.09929	4.85003	4.49061	0.990212
534	46.5538	51	-1.46798e+06	26.057	1.42745	238	1.09831	4.6586	4.48882	1.0947
535	46.6994	51	-1.46893e+06	26.0552	1.41399	250	1.0986	4.79726	4.47422	0.994643
536	47.2067	49	-1.46848e+06	25.9492	1.42614	254	1.0985	4.69348	4.51339	1.00722
537	46.7685	48	-1.4688e+06	26.0684	1.4191	264	1.1007	4.62566	4.55328	0.977698
538	47.8996	50	-1.4686e+06	25.8254	1.41335	255	1.10217	4.51502	4.46087	1.01061
539	47.5934	51	-1.46837e+06	25.6479	1.41506	252	1.10015	4.49736	4.43045	0.998768
540	47.0617	50	-1.46851e+06	25.6558	1.41963	267	1.09812	4.75097	4.56704	1.06358
541	47.2572	50	-1.46783e+06	25.6939	1.42459	256	1.09797	4.67215	4.46684	1.10162
542	47.5038	49	-1.4685e+06	25.9497	1.42066	251	1.09971	4.8658	4.56847	1.08581
543	46.972	51	-1.46785e+06	25.8839	1.40972	260	1.09678	4.56276	4.56586	1.12722
544	47.0278	50	-1.4684e+06	25.7708	1.41026	247	1.09712	4.65034	4.48114	1.08321
545	45.9075	49	-1.46893e+06	25.8916	1.40673	240	1.09866	4.49951	4.5236	1.11637
546	45.4594	51	-1.46909e+06	26.1081	1.40012	234	1.10054	4.70158	4.45779	1.10852
547	45.2391	52	-1.46868e+06	26.1984	1.39311	243	1.09793	4.95825	4.56953	1.06377
548	45.584	51	-1.46867e+06	26.2454	1.39073	233	1.09595	4.66794	4.63921	1.03378
549	45.482	51	-1.46885e+06	26.1405	1.38279	235	1.09817	4.81601	4.51488	1.009
550	44.9987	53	-1.4683e+06	26.0948	1.39632	235	1.09595	4.72343	4.50479	0.963621
551	44.5678	51	-1.46774e+06	26.2859	1.4214	237	1.09544	4.48365	4.57386	1.06069
552	44.8063	53	-1.46825e+06	26.0941	1.41001	229	1.09327	4.64139	4.48258	0.930429
553	45.41	52	-1.46767e+06	26.1033	1.42346	235	1.09292	4.76714	4.57216	1.02299
554	45.5848	52	-1.46819e+06	26.0703	1.42417	235	1.09601	4.74901	4.54764	1.01568
555	46.2339	52	-1.46802e+06	26.0928	1.41614	240	1.09474	4.46634	4.50706	0.970414
556	46.5837	51	-1.46838e+06	25.903	1.41326	251	1.09541	4.81935	4.53089	1.02927
557	47.5943	50	-1.46854e+06	25.8597	1.4296	265	1.09507	4.73497	4.49669	0.976467
558	47.5554	49	-1.46818e+06	26.0857	1.42737	251	1.09741	4.40566	4.50944	0.954765
559	45.5932	50	-1.46871e+06	26.0564	1.40683	242	1.09765	4.45732	4.53788	0.908411
560	45.8676	52	-1.46851e+06	26.1972	1.41234	248	1.09449	4.31919	4.59771	0.969952
561	45.862	51	-1.46866e+06	26.0872	1.4185	247	1.09821	4.57625	4.48953	1.20703
562	46.255	51	-1.46843e+06	26.1237	1.42033	249	1.09842	4.60285	4.51702	1.02164
563	46.0094	52	-1.46878e+06	25.9124	1.40157	229	1.09928	4.74058	4.56703	1.05904
564	45.3587	52	-1.4687e+06	26.1686	1.40591	231	1.09955	4.9113	4.59856	1.00008
565	45.8667	52	-1.4689e+06	26.0611	1.39677	249	1.09852	4.75639	4.57606	0.970646
566	45.2588	52	-1.46902e+06	25.9028	1.3924	234	1.09833	4.70489	4.4644	0.958713
567	44.7777	53	-1.46893e+06	25.9617	1.40646	224	1.09759	4.80963	4.5485	1.08261
568	43.9171	53	-1.4688e+06	25.8479	1.41572	224	1.09731	5.16404	4.57385	1.01012
569	44.9406	53	-1.46902e+06	25.927	1.39578	225	1.09832	4.97852	4.60653	1.08067
570	44.0924	53	-1.46958e+06	26.0265	1.38278	229	1.10113	4.9266	4.64302	1.0186
571	45.5627	53	-1.4703e+06	25.9007	1.39191	238	1.10515	4.80274	4.54223	1.02208
572	46.044	52	-1.46887e+06	25.77	1.4081	239	1.10013	4.54062	4.59054	1.06361
573	46.6684	51	-1.46897e+06	25.862	1.41117	252	1.1004	4.87589	4.52509	1.01066
574	47.1964	50	-1.46933e+06	25.6833	1.40341	255	1.1012	4.95351	4.4808	0.90151
575	46.822	51	-1.46893e+06	25.7659	1.41022	254	1.0989	4.619	4.4829	0.931857
576	45.7172	51	-1.46906e+06	25.5567	1.4228	244	1.0994	4.75947	4.54957	0.943405
577	46.4526	52	-1.46924e+06	25.7056	1.43669	242	1.09889	4.72321	4.64138	1.00825
578	45.9336	52	-1.46892e+06	25.6216	1.4557	234	1.10166	4.67198	4.46962	0.948038
579	44.6688	52	-1.46877e+06	25.7271	1.4511	232	1.09707	4.76533	4.57861	1.11402
580	44.7284	52	-1.46855e+06	25.8234	1.45701	233	1.09902	4.64917	4.50843	0.874035
581	45.0793	51	-1.4689e+06	25.4761	1.46525	227	1.09765	4.69698	4.60091	0.951144
582	45.384	53	-1.46981e+06	25.4627	1.44797	238	1.09863	4.77259	4.54058	0.987119
583	45.2594	53	-1.46951e+06	25.5646	1.4191	211	1.10308	4.62772	4.53589	0.832287
584	44.9066	53	-1.46936e+06	25.8572	1.41035	223	1.10346	4.75074	4.61459	0.958592
585	45.0561	53	-1.46893e+06	25.8238	1.43261	231	1.0976	4.42243	4.61557	1.04512
586	45.6158	53	-1.46921e+06	26.0228	1.42626	230	1.0974	4.73099	4.59661	0.9758
587	45.9544	52	-1.46963e+06	25.9164	1.40621	231	1.0982	4.38164	4.59208	1.00798
588	44.8293	52	-1.46943e+06	25.9679	1.41187	244	1.0976	4.85451	4.62792	0.884795
589	47.1794	50	-1.46889e+06	26.0417	1.40994	256	1.09658	4.59542	4.56803	1.01544
590	47.5473	50	-1.46795e+06	26.2004	1.41112	252	1.09538	4.81485	4.54114	1.08909
591	46.5056	49	-1.46836e+06	26.1957	1.42444	261	1.09615	4.75471	4.50979	1.07162
592	47.0953	50	-1.46826e+06	26.189	1.41019	242	1.09687	4.57932	4.52603	1.05369
593	45.8172	52	-1.46835e+06	26.1287	1.41186	239	1.09664	4.19786	4.5006	1.03072
594	45.3597	53	-1.46902e+06	26.1608	1.40126	235	1.09995	4.68003	4.50341	0.982909
595	46.7737	51	-1.46913e+06	25.9469	1.40022	260	1.09887	4.67483	4.46675	0.922174
596	48.0205	50	-1.46956e+06	25.834	1.39882	268	1.10012	4.70019	4.45328	0.939459
597	47.8462	50	-1.4692e+06	25.8506	1.38965	250	1.1003	4.76016	4.45464	0.965741
598	46.8474	51	-1.46958e+06	25.8124	1.36562	256	1.10344	4.73308	4.49922	0.839753
599	47.3597	50	-1.46943e+06	25.9043	1.38319	259	1.10187	4.6613	4.58726	0.970861
600	47.2017	51	-1.46991e+06	26.0032	1.40291	253	1.10289	4.65988	4.51832	0.996645
601	48.9987	49	-1.46946e+06	25.8748	1.40639	267	1.10072	4.68297	4.54197	0.997399
602	47.4453	47	-1.46931e+06	25.8	1.39959	264	1.10267	5.16048	4.52288	1.00524
603	46.9457	49	-1.46936e+06	25.8229	1.4036	263	1.10146	4.7428	4.48004	0.991355
604	47.7044	50	-1.469e+06	25.9243	1.38745	270	1.09963	5.07099	4.56306	1.02208
605	47.3697	50	-1.46908e+06	26.1353	1.38621	258	1.09984	4.84344	4.56304	1.02028
606	47.3907	51	-1.46887e+06	26.0731	1.41299	250	1.10022	4.96891	4.58949	0.955671
607	47.6142	50	-1.46856e+06	26.0297	1.41133	263	1.09839	4.77676	4.52876	0.905118
608	48.2292	50	-1.46895e+06	25.956	1.4003	240	1.09799	4.54503	4.56297	0.973969
609	46.7453	52	-1.46817e+06	25.9623	1.41392	253	1.09487	4.6304	4.57646	1.02154
610	47.3793	50	-1.46845e+06	25.9399	1.41174	281	1.09728	4.57562	4.51238	1.02868
611	48.7227	49	-1.46796e+06	25.9612	1.43767	267	1.09677	4.68494	4.53496	1.00212
612	48.2896	50	-1.46801e+06	25.9417	1.42218	259	1.09432	4.75396	4.53555	0.878317
613	48.4062	49	-1.46884e+06	26.0021	1.44937	274	1.0971	4.57619	4.5042	0.977438
614	48.9464	49	-1.46822e+06	25.9	1.45213	273	1.09551	4.38964	4.5135	0.932441
615	49.4141	49	-1.46883e+06	25.7989	1.45479	263	1.096	4.74787	4.55179	1.096
616	48.3641	49	-1.46897e+06	25.6584	1.4589	263	1.09906	4.893	4.55221	1.08771
617	45.5521	49	-1.46849e+06	25.5777	1.45799	246	1.09573	4.48135	4.52955	1.09441
618	46.8014	51	-1.46857e+06	25.6541	1.48102	241	1.09504	4.5302	4.3873	1.09679
619	46.4086	51	-1.46828e+06	25.586	1.47364	248	1.09371	4.9989	4.47018	1.10687
620	45.6489	52	-1.46812e+06	25.8231	1.47909	247	1.09228	4.94904	4.56415	0.93263
621	44.441	51	-1.46815e+06	25.9048	1.48794	240	1.09232	4.79829	4.56603	0.956803
622	45.78	51	-1.46825e+06	25.8692	1.48411	248	1.09648	4.6838	4.4998	0.932903
623	46.4241	51	-1.46809e+06	25.5364	1.47823	245	1.09306	5.00244	4.52179	1.05767
624	46.1274	51	-1.4684e+06	25.627	1.45925	236	1.09462	4.94276	4.34543	0.947649
625	45.5672	51	-1.46877e+06	25.6018	1.45537	254	1.09468	4.97006	4.57388	1.03568
626	46.3661	51	-1.46834e+06	25.4626	1.46068	248	1.09647	4.96326	4.56765	1.09574
627	45.488	51	-1.46855e+06	25.4055	1.46384	253	1.09407	4.9273	4.5927	1.02854
628	47.3443	50	-1.46818e+06	25.6422	1.46044	263	1.09354	4.88462	4.46825	0.995807
629	46.0477	51	-1.46866e+06	25.6884	1.44772	229	1.09489	4.97175	4.6141	1.01307
630	45.3223	52	-1.46847e+06	25.7854	1.45762	239	1.09324	4.87303	4.41544	0.991977
631	44.0817	51	-1.4686e+06	25.8766	1.44319	220	1.09335	4.83101	4.45163	0.934594
632	44.7462	52	-1.46929e+06	25.8028	1.4489	222	1.09475	4.62969	4.58169	1.01234
633	44.8841	53	-1.46779e+06	25.743	1.45864	225	1.09016	4.79445	4.60833	0.993344
634	44.8779	51	-1.46836e+06	25.7835	1.45319	236	1.09474	4.8474	4.56646	1.10714
635	45.5772	52	-1.46843e+06	25.6068	1.45226	238	1.09463	4.72947	4.61505	1.02576
636	46.6764	50	-1.46779e+06	25.7114	1.44719	236	1.09542	4.73772	4.51227	0.98373
637	44.5847	52	-1.46738e+06	25.9319	1.46701	223	1.0897	4.87034	4.51409	1.08427
638	43.9931	53	-1.46772e+06	26.0756	1.46775	217	1.09271	4.7361	4.44737	1.04936
639	44.6646	53	-1.46821e+06	26.0889	1.45743	230	1.09138	4.63495	4.57281	1.09155
640	44.7811	53	-1.46835e+06	26.1396	1.46443	237	1.0932	4.85696	4.54458	0.935297
641	44.7014	53	-1.46783e+06	25.9484	1.4624	231	1.09191	4.81149	4.55062	0.991855
642	44.7568	52	-1.46779e+06	25.6969	1.48218	223	1.09251	4.74597	4.50871	1.23283
643	45.2131	52	-1.46851e+06	25.5392	1.49445	239	1.09311	4.67169	4.40117	1.13207
644	44.1976	52	-1.46777e+06	25.4224	1.49309	232	1.09289	4.76185	4.44642	1.10769
645	44.8975	52	-1.4685e+06	25.7567	1.46966	233	1.09527	4.46217	4.45565	0.900763
646	44.7693	53	-1.46867e+06	25.5329	1.45132	214	1.09616	4.48921	4.59087	1.02904
647	43.6874	54	-1.46867e+06	25.6495	1.44977	230	1.09747	4.46312	4.62558	1.00765
648	44.1818	52	-1.46869e+06	25.8122	1.442	228	1.09876	4.58678	4.53814	1.05656
649	44.9376	53	-1.46877e+06	25.7664	1.46389	228	1.09444	4.64758	4.63625	0.964337
650	45.5709	52	-1.46835e+06	25.8588	1.45491	236	1.09373	4.51199	4.5962	0.962861
651	44.216	51	-1.46867e+06	25.7397	1.45651	233	1.09665	4.50813	4.5187	1.11489
652	45.885	52	-1.46851e+06	25.6286	1.46077	233	1.09448	4.1784	4.49901	0.906174
653	45.3948	50	-1.46916e+06	25.6174	1.45518	254	1.0962	4.38367	4.47475	0.94894
654	46.5613	51	-1.46809e+06	25.7893	1.46068	245	1.09485	4.5657	4.42518	0.87628
655	47.0869	51	-1.46878e+06	25.5463	1.45745	247	1.09502	4.62234	4.53842	1.05283
656	45.1115	50	-1.46808e+06	25.7831	1.47241	234	1.09317	4.94737	4.50445	0.986307
657	46.0657	51	-1.46809e+06	25.8394	1.46329	250	1.0937	4.31145	4.55286	1.01739
658	45.519	50	-1.4688e+06	25.875	1.45823	248	1.0966	4.61934	4.5203	1.00788
659	45.155	49	-1.46879e+06	25.9985	1.44005	244	1.09764	4.59423	4.53162	0.977497
660	45.879	49	-1.46824e+06	25.9472	1.42419	241	1.09807	4.58083	4.47621	1.02527
661	46.33	52	-1.46834e+06	25.9528	1.42736	223	1.09565	4.77867	4.49642	0.89387
662	44.7347	52	-1.4691e+06	25.9828	1.43504	226	1.09764	4.65856	4.52027	1.10188
663	44.0687	54	-1.46916e+06	26.0559	1.42078	224	1.09835	4.70669	4.53915	0.861702
664	44.4469	54	-1.46829e+06	26.0004	1.42193	230	1.09662	4.68757	4.61374	0.973649
665	44.4702	51	-1.46785e+06	25.8865	1.42885	234	1.09474	4.76524	4.50228	0.89497
666	45.1069	52	-1.46868e+06	25.7998	1.42322	222	1.0946	4.72316	4.51138	0.944145
667	44.5325	53	-1.46775e+06	25.8705	1.43727	219	1.09465	4.56338	4.57041	1.08113
668	45.1785	52	-1.46845e+06	25.8198	1.44603	242	1.09413	4.54622	4.54463	1.05329
669	45.2664	50	-1.46781e+06	25.8072	1.46395	246	1.0936	4.83358	4.57374	1.02832
670	46.1559	52	-1.4686e+06	25.9704	1.44797	230	1.09443	4.56264	4.52576	0.912398
671	45.5538	51	-1.46881e+06	25.654	1.44824	228	1.09578	4.72824	4.58742	1.10375
672	44.8746	52	-1.46894e+06	25.6614	1.44371	231	1.09658	4.8545	4.53466	1.04255
673	45.6143	51	-1.46846e+06	25.8243	1.43005	243	1.09515	4.60655	4.52775	0.951805
674	46.1131	49	-1.46804e+06	25.9803	1.45996	257	1.09325	4.75236	4.5788	0.930404
675	46.9364	51	-1.46756e+06	26.1206	1.44167	257	1.09246	5.15361	4.52092	0.959896
676	47.1607	50	-1.4678e+06	26.1033	1.44183	260	1.09224	4.84314	4.49505	0.97749
677	46.9213	50	-1.46785e+06	26.0982	1.428	237	1.09324	5.00455	4.57719	1.03658
678	45.9973	51	-1.46833e+06	26.2439	1.4407	230	1.0937	4.67435	4.52218	1.08385
679	45.5361	52	-1.46778e+06	26.2255	1.44798	225	1.09188	4.84836	4.51068	1.05353
680	45.9269	51	-1.46782e+06	26.047	1.46574	238	1.09151	5.04387	4.50907	0.989359
681	44.7008	50	-1.46735e+06	25.9883	1.47435	252	1.09142	4.69122	4.59834	1.06422
682	47.0781	50	-1.4676e+06	25.9266	1.48359	240	1.08956	4.75756	4.58922	0.928469
683	47.0659	50	-1.46818e+06	25.9241	1.47115	261	1.09351	5.02223	4.54147	1.2133
684	47.8348	48	-1.46833e+06	25.9053	1.45242	276	1.09512	4.82321	4.50635	1.07925
685	49.0685	49	-1.46816e+06	25.8215	1.4678	263	1.09269	4.74909	4.54978	1.006
686	47.303	49	-1.46895e+06	25.9542	1.46989	243	1.09456	4.56771	4.52298	1.00132
687	48.6544	49	-1.46864e+06	25.7415	1.45579	278	1.0946	4.72518	4.53308	1.00296
688	47.0008	50	-1.46833e+06	25.8974	1.45569	243	1.0954	4.43707	4.53127	1.1326
689	47.5444	50	-1.46822e+06	25.7968	1.45214	259	1.09759	4.90925	4.53709	1.02037
690	46.8897	51	-1.46812e+06	26.0362	1.4553	248	1.09613	4.48393	4.53607	1.06341
691	47.0075	50	-1.46801e+06	25.8413	1.45344	269	1.09558	4.39266	4.4829	0.928399
692	47.8129	50	-1.46818e+06	26.0029	1.43277	263	1.09798	4.84117	4.54623	0.998892
693	48.0226	49	-1.46852e+06	26.0531	1.42814	239	1.09956	4.67217	4.48927	1.08527
694	47.1393	51	-1.46871e+06	26.0497	1.41657	249	1.10178	4.58758	4.47826	1.0658
695	45.475	50	-1.46881e+06	25.8556	1.40847	226	1.10022	4.5542	4.4685	1.16981
696	46.3898	51	-1.46876e+06	25.8114	1.41473	241	1.09876	4.15254	4.4883	1.03365
697	45.8024	51	-1.46882e+06	25.7514	1.4195	242	1.09821	4.85275	4.51121	0.89513
698	46.324	51	-1.4687e+06	25.8354	1.42306	242	1.09792	4.3499	4.4682	1.07489
699	47.0394	51	-1.46839e+06	25.9923	1.41829	249	1.09674	4.46045	4.53826	1.11259
700	46.6624	51	-1.46785e+06	26.0954	1.44106	266	1.09518	4.32065	4.61212	0.973716
701	46.5267	50	-1.46822e+06	25.8003	1.43607	248	1.09581	4.23188	4.53648	1.04129
702	47.4969	51	-1.46824e+06	25.9557	1.43116	267	1.09602	4.85278	4.40425	0.965911
703	49.0452	49	-1.4681e+06	25.9227	1.46112	266	1.09606	4.53127	4.50931	1.01351
704	48.2764	49	-1.46797e+06	25.8026	1.45947	275	1.09383	4.51554	4.55169	1.04865
705	48.3528	49	-1.46902e+06	25.7144	1.45158	257	1.09564	4.64096	4.55403	1.03878
706	46.776	51	-1.4683e+06	25.8046	1.44828	253	1.09702	4.68135	4.56459	1.04652
707	47.4263	50	-1.46827e+06	25.7919	1.45972	255	1.09678	4.70913	4.49208	1.21688
708	47.0083	51	-1.46822e+06	25.7235	1.44954	248	1.09624	4.72957	4.51402	0.975326
709	47.9942	50	-1.46856e+06	25.6664	1.42983	253	1.09596	4.55512	4.56148	1.06623
710	47.5788	50	-1.46856e+06	25.9309	1.45058	258	1.09588	4.45724	4.50041	0.95084
711	47.9093	50	-1.46844e+06	26.0017	1.45734	263	1.09449	4.86184	4.47164	0.918479
712	47.3387	50	-1.46872e+06	25.8755	1.4562	259	1.09718	4.55803	4.50412	1.0662
713	47.4642	50	-1.46809e+06	25.9544	1.46855	264	1.09334	4.70204	4.46318	1.05879
714	47.1661	50	-1.46795e+06	25.9767	1.46384	272	1.09461	4.56648	4.41889	1.02461
715	46.9594	49	-1.46843e+06	26.0544	1.45209	246	1.09572	4.61194	4.45932	1.01687
716	46.0248	51	-1.46789e+06	26.2345	1.43862	245	1.09404	4.58133	4.52242	0.924656
717	46.7822	51	-1.46791e+06	26.2164	1.44535	237	1.09453	4.89587	4.55548	0.843486
718	46.439	51	-1.46817e+06	26.2062	1.42588	260	1.09477	4.36661	4.55902	0.973707
719	47.5253	49	-1.46786e+06	26.1628	1.42934	255	1.09659	4.22018	4.5426	0.902239
720	46.6763	49	-1.46806e+06	26.068	1.44319	261	1.09385	4.65341	4.57582	0.978771
721	46.4932	49	-1.46839e+06	26.0238	1.43887	259	1.0954	4.97126	4.52688	0.991661
722	47.3629	50	-1.46878e+06	26.0831	1.43711	264	1.09782	4.60806	4.59581	0.93159
723	47.4543	50	-1.46877e+06	25.8231	1.43697	246	1.09877	4.51144	4.57099	0.966204
724	46.8061	50	-1.46872e+06	25.8487	1.43645	255	1.09784	4.52377	4.44596	1.11849
725	46.3009	49	-1.46827e+06	25.8691	1.42728	250	1.09869	4.76508	4.56069	1.00831
726	47.3209	50	-1.46839e+06	25.8145	1.43114	264	1.09793	4.57055	4.53544	1.1355
727	47.8986	49	-1.46824e+06	26.0219	1.43778	263	1.09789	4.72323	4.53449	0.899986
728	46.6475	49	-1.46784e+06	25.8103	1.44659	257	1.09373	4.76832	4.51071	0.897601
729	46.2317	51	-1.46843e+06	25.8721	1.44531	240	1.09285	4.78633	4.57507	1.07817
730	44.7294	49	-1.468e+06	26.0039	1.44862	250	1.09304	4.63225	4.59598	1.16637
731	46.0894	49	-1.46791e+06	25.9107	1.45355	242	1.0928	4.77186	4.53525	0.882701
732	45.6377	50	-1.46742e+06	26.094	1.44588	238	1.09329	4.43269	4.54135	0.959235
733	46.6857	51	-1.46738e+06	26.188	1.46355	258	1.09432	4.47413	4.57058	0.958172
734	46.5327	47	-1.46795e+06	25.9437	1.45357	258	1.09285	4.58537	4.55594	1.03685
735	48.2987	49	-1.46809e+06	25.7491	1.44848	269	1.09519	4.29576	4.52908	1.02278
736	47.1934	49	-1.46779e+06	25.5934	1.46913	272	1.09494	4.76855	4.59577	1.08341
737	48.1568	50	-1.46772e+06	25.8475	1.44263	256	1.09283	4.46221	4.51293	0.979543
738	48.2371	50	-1.46759e+06	25.9466	1.46469	256	1.0956	4.26549	4.52266	1.09805
739	48.4829	49	-1.46657e+06	25.8896	1.4569	274	1.09037	4.43407	4.50319	1.04691
740	48.6079	48	-1.46747e+06	25.9415	1.46303	269	1.09549	4.5944	4.49082	0.925103
741	47.2363	50	-1.46877e+06	26.0722	1.46281	263	1.09456	4.40916	4.54236	0.922218
742	47.7707	50	-1.46824e+06	26.1039	1.4587	252	1.09199	4.53457	4.57655	0.9831
743	47.758	49	-1.46813e+06	26.0371	1.4395	269	1.09273	4.83968	4.59491	0.858001
744	48.1847	50	-1.46826e+06	26.1528	1.4398	256	1.09158	4.5365	4.61425	1.00768
745	47.7593	49	-1.46757e+06	25.9703	1.45227	269	1.0899	4.26555	4.59241	1.0921
746	48.4763	49	-1.46771e+06	26.0128	1.45702	265	1.09139	4.2661	4.6105	1.02301
747	48.1327	50	-1.46707e+06	25.9231	1.45183	255	1.08921	4.49279	4.5924	0.934316
748	47.4702	50	-1.46775e+06	25.9328	1.48402	250	1.09204	4.38275	4.56137	0.932489
749	46.7893	51	-1.46714e+06	25.7799	1.48237	256	1.09121	4.40041	4.5674	0.920137
750	47.4297	49	-1.46711e+06	25.9276	1.48072	278	1.08974	4.43162	4.54124	1.06462
751	47.9345	50	-1.46726e+06	25.8668	1.47644	250	1.0917	4.43695	4.62602	0.983461
752	46.7427	51	-1.46783e+06	25.9509	1.46505	264	1.09183	4.45358	4.60376	0.738265
753	47.151	50	-1.46781e+06	25.9067	1.46693	251	1.09157	4.94071	4.517	1.06393
754	47.2642	50	-1.46788e+06	26.0429	1.45227	251	1.09288	4.32255	4.5522	1.03305
755	46.6412	51	-1.46772e+06	25.7255	1.4639	247	1.09625	4.20948	4.57131	1.04272
756	46.7612	51	-1.46852e+06	25.5965	1.44722	257	1.09934	4.06247	4.49822	1.0755
757	46.3809	50	-1.46911e+06	25.6088	1.43198	249	1.09699	4.33649	4.6377	1.16479
758	45.0343	50	-1.46864e+06	25.4872	1.43946	241	1.09577	4.51036	4.60153	1.12274
759	46.1994	52	-1.46901e+06	25.7391	1.43794	227	1.0989	4.63185	4.59198	1.1671
760	45.9046	52	-1.46883e+06	25.7956	1.4262	246	1.09874	4.39813	4.54413	1.03569
761	46.9801	51	-1.469e+06	25.878	1.41702	249	1.09661	4.58049	4.55116	0.986113
762	46.6767	52	-1.46874e+06	25.9918	1.42372	237	1.09737	4.6063	4.60118	1.00461
763	46.5434	51	-1.46856e+06	25.8795	1.44476	234	1.09472	4.44094	4.43342	0.995384
764	46.2317	51	-1.46773e+06	26.0081	1.45096	258	1.09333	4.55958	4.53847	0.980529
765	46.4352	51	-1.46836e+06	26.0716	1.45745	240	1.09137	4.57503	4.55551	1.09308
766	46.9233	50	-1.46821e+06	26.0781	1.4593	247	1.09141	4.73071	4.59192	1.05906
767	47.2815	51	-1.4683e+06	25.9805	1.45408	255	1.09108	4.59408	4.56573	1.0588
768	46.3232	52	-1.4682e+06	25.8919	1.48011	226	1.0929	4.60366	4.62175	0.93362
769	45.2724	52	-1.46813e+06	25.6958	1.48953	245	1.08967	4.55001	4.56851	1.02842
770	46.1196	51	-1.46853e+06	25.7075	1.48415	230	1.09179	4.37654	4.61762	0.938078
771	45.6677	51	-1.46858e+06	25.5603	1.44972	231	1.09345	4.54017	4.61095	1.02545
772	45.7417	52	-1.46841e+06	25.5964	1.455	248	1.09388	4.519	4.56191	1.12806
773	45.5484	52	-1.46814e+06	25.6802	1.44428	226	1.09217	4.51682	4.53442	0.996874
774	45.6652	53	-1.46841e+06	25.6464	1.4411	226	1.09446	4.53582	4.60484	1.02407
775	44.7375	50	-1.46829e+06	25.9216	1.43881	239	1.0957	4.64087	4.5583	0.882868
776	46.6938	51	-1.46887e+06	25.6864	1.42742	242	1.09803	4.24733	4.6407	1.04169
777	45.9466	50	-1.4692e+06	25.7325	1.42482	250	1.09916	4.44766	4.5448	1.00462
778	46.6804	50	-1.46841e+06	25.8329	1.44169	253	1.09861	4.69525	4.50151	1.04156
779	47.5213	50	-1.46883e+06	25.781	1.44274	268	1.09859	4.34676	4.57742	1.01354
780	46.8038	49	-1.46778e+06	25.6533	1.45214	248	1.09486	4.20978	4.54338	1.04429
781	46.7873	49	-1.46846e+06	25.7971	1.45175	260	1.09471	4.44515	4.52859	1.03185
782	48.7026	49	-1.46853e+06	25.8528	1.4507	251	1.09742	4.37984	4.55869	0.974336
783	47.5839	50	-1.46795e+06	25.9909	1.43234	260	1.0946	4.46263	4.46709	0.926598
784	48.7422	50	-1.46787e+06	26.062	1.42675	268	1.09258	4.78595	4.47873	1.09163
785	47.8508	50	-1.46799e+06	26.0833	1.41912	261	1.09613	4.2969	4.49862	1.09753
786	48.7352	49	-1.46853e+06	26.0631	1.41603	274	1.09966	4.34715	4.52666	0.949714
787	49.5126	48	-1.46776e+06	25.8309	1.41823	271	1.09887	4.3068	4.56894	1.07069
788	48.1791	50	-1.46805e+06	25.797	1.4326	272	1.09733	4.22843	4.52719	0.886957
789	47.5332	50	-1.46797e+06	25.8426	1.44299	257	1.0955	4.46393	4.54009	1.00316
790	47.7956	50	-1.46746e+06	26.0229	1.45339	252	1.0937	4.50788	4.49031	0.876117
791	46.1211	50	-1.46714e+06	25.9936	1.45467	245	1.09063	4.32492	4.49304	1.01913
792	46.9954	50	-1.46755e+06	26.0474	1.47183	250	1.09038	4.72637	4.55945	0.921352
793	46.9358	50	-1.46767e+06	26.0682	1.47624	272	1.09087	4.2866	4.56705	1.04744
794	47.334	51	-1.46768e+06	25.9988	1.47719	249	1.09044	4.56305	4.55956	0.97605
795	47.3197	51	-1.46813e+06	25.862	1.46985	255	1.08874	4.37402	4.58518	1.11724
796	48.0607	49	-1.4676e+06	25.7756	1.46579	243	1.08856	4.56335	4.61293	1.14259
797	47.1094	50	-1.46744e+06	25.7235	1.46058	259	1.09043	4.33622	4.57789	0.967069
798	47.2665	50	-1.46726e+06	25.9321	1.46962	262	1.09014	4.75062	4.4733	1.0315
799	47.6076	49	-1.46776e+06	25.9383	1.45622	272	1.09189	4.58567	4.60395	1.02461
800	49.3403	48	-1.46762e+06	25.9005	1.43144	289	1.09282	4.43836	4.56505	1.02448
801	48.6052	48	-1.46774e+06	26.088	1.40535	291	1.09419	4.43129	4.49697	1.08105
802	48.6145	49	-1.46804e+06	26.3398	1.4148	274	1.09394	4.35369	4.55867	0.943159
803	47.0687	49	-1.46819e+06	26.2606	1.39013	273	1.09342	4.57733	4.62076	1.09989
804	48.7923	49	-1.46798e+06	26.198	1.38331	263	1.09534	4.63479	4.57415	1.00074
805	46.7952	49	-1.46749e+06	26.1141	1.40286	262	1.09291	4.45207	4.43896	0.888702
806	48.3685	49	-1.46782e+06	26.1941	1.40392	268	1.09591	4.5497	4.6419	1.03794
807	47.4464	49	-1.46765e+06	26.3816	1.40676	268	1.09681	4.65583	4.51642	1.04374
808	46.9066	50	-1.46785e+06	26.0913	1.4072	242	1.095	4.35393	4.5855	0.963158
809	46.1877	52	-1.46782e+06	26.1708	1.3994	245	1.09498	4.33786	4.61437	0.998895
810	45.3419	51	-1.46777e+06	26.5236	1.40266	237	1.09429	4.47221	4.58229	0.895401
811	46.7835	51	-1.46774e+06	26.201	1.41259	253	1.09484	4.66832	4.54699	1.04577
812	46.5888	51	-1.46772e+06	26.2341	1.40448	248	1.09451	4.57132	4.65162	0.996016
813	45.9306	51	-1.46799e+06	26.2663	1.40985	241	1.09611	4.73792	4.55407	0.93039
814	46.7365	51	-1.46844e+06	26.1914	1.40606	268	1.09451	4.80628	4.56519	1.01128
815	45.9136	50	-1.4685e+06	26.124	1.3826	258	1.0965	4.7731	4.55385	1.16478
816	46.2337	49	-1.46848e+06	26.0568	1.39308	250	1.09801	4.41405	4.65533	1.05032
817	47.2302	50	-1.46908e+06	26.1926	1.39794	247	1.09815	4.38284	4.57064	0.998478
818	46.0006	51	-1.46858e+06	26.0399	1.38963	244	1.09796	4.65373	4.55972	1.00942
819	43.9864	49	-1.4685e+06	25.9164	1.39319	250	1.09763	4.77301	4.57789	1.11157
820	45.9456	51	-1.46861e+06	26.1498	1.3986	245	1.09739	4.92652	4.60285	0.992454
821	45.3507	52	-1.46809e+06	26.1229	1.3916	248	1.09502	4.45498	4.61039	1.01518
822	46.2734	51	-1.46821e+06	26.309	1.399	251	1.0969	4.57506	4.6265	1.01994
823	46.5661	51	-1.46736e+06	26.3316	1.40513	259	1.09849	4.53174	4.54715	1.09079
824	46.4263	50	-1.4681e+06	26.2654	1.39742	237	1.0947	4.49428	4.50075	0.886511
825	45.0659	51	-1.46825e+06	26.0893	1.4033	233	1.09498	4.25048	4.65376	0.990494
826	44.3985	50	-1.46774e+06	25.9432	1.41721	243	1.0924	4.32305	4.59208	0.92296
827	45.9844	48	-1.4677e+06	25.9035	1.41754	259	1.09303	4.50467	4.64138	1.02025
828	47.5917	49	-1.46779e+06	26.0826	1.42762	269	1.09467	4.29287	4.54485	1.19422
829	48.3666	47	-1.46816e+06	25.951	1.42268	271	1.09398	4.69877	4.56969	1.077
830	47.1384	50	-1.46798e+06	26.0067	1.42383	251	1.09404	4.65058	4.5176	0.8808
831	45.8067	50	-1.46846e+06	25.9427	1.43425	241	1.09681	4.54784	4.63174	0.988136
832	44.3594	50	-1.46808e+06	26.0931	1.41638	255	1.0966	3.94572	4.58868	0.984186
833	46.9365	50	-1.46846e+06	25.8767	1.44033	262	1.09433	4.45968	4.63967	0.905431
834	47.3022	49	-1.46785e+06	25.9546	1.45447	254	1.09485	4.16882	4.62168	0.976795
835	48.6502	48	-1.4687e+06	25.928	1.40894	281	1.09712	4.63285	4.56725	0.977673
836	47.1735	49	-1.46843e+06	26.0415	1.41718	240	1.09584	4.45909	4.60828	0.956876
837	46.6065	49	-1.46797e+06	25.8334	1.41048	270	1.09505	4.5922	4.52642	0.956561
838	47.0597	50	-1.46862e+06	26.0483	1.40887	259	1.09531	4.61605	4.54044	0.906395
839	46.2899	51	-1.46811e+06	26.1131	1.41592	249	1.09438	4.45812	4.64472	1.00765
840	45.8755	50	-1.46865e+06	26.0938	1.41422	240	1.09631	4.46602	4.54798	1.00198
841	45.7907	51	-1.4684e+06	26.1213	1.41926	244	1.09427	4.74634	4.5716	1.06504
842	46.6707	50	-1.46829e+06	26.2534	1.42237	261	1.09709	4.57045	4.62044	1.02503
843	47.7295	49	-1.4678e+06	26.0543	1.42857	254	1.09372	4.57104	4.57893	0.951556
844	47.4956	50	-1.46743e+06	26.0533	1.43079	263	1.09398	4.41704	4.51582	1.00244
845	48.4038	49	-1.46761e+06	26.0386	1.44462	277	1.09357	4.48697	4.63438	0.973183
846	46.2893	50	-1.46727e+06	25.9745	1.44763	245	1.09195	4.46809	4.57854	0.903136
847	46.2926	51	-1.46735e+06	26.0773	1.43745	255	1.09177	4.45396	4.59115	1.03346
848	45.8013	51	-1.46754e+06	26.1679	1.43579	249	1.09317	4.32183	4.59378	0.989205
849	46.231	52	-1.46818e+06	26.1373	1.42316	249	1.09556	4.53014	4.53236	0.986807
850	46.8424	50	-1.46771e+06	26.0262	1.42344	242	1.09441	4.45827	4.57905	0.995673
851	46.0865	50	-1.4683e+06	26.0908	1.42617	252	1.09317	4.49787	4.58291	0.936068
852	46.3745	50	-1.46778e+06	26.0724	1.43358	251	1.0913	4.77812	4.53615	0.963191
853	46.5034	50	-1.46833e+06	25.9671	1.42948	254	1.09719	4.83746	4.57108	0.987457
854	46.9163	50	-1.46794e+06	26.1246	1.42195	248	1.09443	4.68928	4.54835	1.05849
855	46.3681	50	-1.46686e+06	26.359	1.43095	245	1.09332	4.82662	4.48737	1.1257
856	46.405	50	-1.46726e+06	26.2659	1.4271	243	1.09254	4.77542	4.5292	0.947501
857	45.8828	52	-1.46847e+06	26.1398	1.42095	247	1.09426	4.67507	4.57548	1.00947
858	46.2624	51	-1.46835e+06	26.1498	1.42926	244	1.09649	4.27261	4.59107	1.09738
859	45.7601	52	-1.46813e+06	26.056	1.42058	241	1.09681	4.56532	4.53628	1.01278
860	46.5606	51	-1.46842e+06	25.9501	1.412	241	1.09835	4.83453	4.60857	1.00803
861	46.9434	51	-1.46852e+06	26.0369	1.40322	258	1.09672	4.58632	4.62029	0.97911
862	47.268	50	-1.46862e+06	26.0783	1.40254	259	1.09484	4.501	4.58217	1.01306
863	46.63	48	-1.46838e+06	26.1052	1.39581	261	1.09684	4.52686	4.53871	1.04779
864	46.2001	51	-1.46779e+06	25.9689	1.40776	235	1.09265	4.57427	4.64333	1.07733
865	45.8803	52	-1.46805e+06	26.1549	1.41265	249	1.09384	4.53273	4.60587	0.935473
866	46.959	51	-1.46861e+06	26.1073	1.40961	249	1.09528	4.51187	4.60486	0.962839
867	45.4698	50	-1.46794e+06	26.1318	1.41137	222	1.09261	4.36347	4.62274	0.933456
868	45.2634	52	-1.46727e+06	26.183	1.4203	235	1.09177	4.43376	4.63094	1.02972
869	46.182	52	-1.46731e+06	26.1871	1.42655	243	1.09019	4.58275	4.63706	1.01211
870	47.356	51	-1.46737e+06	26.1275	1.41901	249	1.09037	4.48709	4.59243	0.990201
871	46.2034	52	-1.46728e+06	26.1316	1.40869	244	1.09036	5.12702	4.64843	0.901068
872	46.2692	51	-1.46729e+06	26.0981	1.41427	222	1.09019	4.58054	4.57278	1.05766
873	45.4105	52	-1.46795e+06	26.2105	1.40548	245	1.09438	4.72408	4.57744	0.921002
874	45.5494	52	-1.46794e+06	26.1683	1.39927	227	1.09556	4.6425	4.59768	1.03355
875	45.9287	52	-1.46804e+06	26.2817	1.4081	239	1.09543	4.44905	4.63105	0.970697
876	46.9009	51	-1.46774e+06	26.1166	1.39924	237	1.09574	4.78738	4.62286	0.92744
877	45.3041	50	-1.46781e+06	26.0659	1.42339	253	1.09514	4.39757	4.66304	1.01355
878	45.4021	51	-1.46826e+06	25.9198	1.40671	238	1.09503	4.63181	4.53631	0.87447
879	45.4295	52	-1.46876e+06	26.086	1.39063	230	1.09604	4.63818	4.59756	1.05611
880	45.3453	52	-1.46791e+06	26.1904	1.38936	236	1.09536	4.49737	4.65015	0.920473
881	45.0847	52	-1.46841e+06	26.3679	1.39647	223	1.09646	4.4271	4.51186	0.986199
882	43.7907	51	-1.46848e+06	26.3054	1.39081	227	1.09604	4.45123	4.5643	0.957032
883	45.2422	52	-1.46779e+06	26.0076	1.40062	253	1.0949	4.33393	4.50538	0.924564
884	45.9591	51	-1.46822e+06	25.979	1.42839	241	1.09298	4.3305	4.49207	0.942299
885	47.4124	50	-1.46828e+06	26.2274	1.40817	257	1.09497	4.67545	4.55329	0.994511
886	46.7145	51	-1.46871e+06	26.0426	1.40961	262	1.09783	4.33398	4.54887	0.93525
887	47.6413	49	-1.46827e+06	25.8648	1.40974	265	1.09676	4.95651	4.54995	0.845943
888	48.2556	49	-1.46856e+06	25.7806	1.42152	258	1.09755	4.80074	4.6008	0.903946
889	46.6479	49	-1.46783e+06	25.6904	1.42432	255	1.09554	4.67226	4.52476	1.02163
890	46.0489	52	-1.46793e+06	25.8948	1.41451	244	1.09498	4.6161	4.61603	1.00311
891	46.3049	51	-1.4685e+06	25.9196	1.40328	242	1.09476	4.62602	4.59913	1.031
892	46.2256	51	-1.46774e+06	25.9797	1.40727	252	1.09441	4.88992	4.62134	0.986925
893	47.1865	50	-1.46822e+06	26.1403	1.397	245	1.09618	4.73993	4.52144	0.935957
894	46.722	50	-1.46825e+06	26.1769	1.41812	262	1.09651	4.19024	4.53216	1.03625
895	47.3241	49	-1.46786e+06	26.203	1.41572	260	1.09436	4.42826	4.6138	0.940327
896	46.824	51	-1.46859e+06	26.1326	1.41003	239	1.0967	4.35714	4.65939	0.954697
897	45.4667	51	-1.46873e+06	25.9449	1.39979	245	1.09747	4.41985	4.6604	0.984448
898	45.7221	52	-1.46858e+06	25.7412	1.43866	237	1.09503	4.14403	4.5671	0.95434
899	44.3375	52	-1.46866e+06	25.8679	1.43096	224	1.09793	4.78857	4.60857	0.969315
900	45.4593	52	-1.46834e+06	25.9017	1.43996	220	1.09566	4.44218	4.59314	1.01515
901	45.3255	53	-1.46815e+06	25.8104	1.43982	232	1.0962	4.47824	4.56265	1.02143
902	44.3692	52	-1.46839e+06	25.8145	1.44734	230	1.0962	4.51102	4.5772	1.07105
903	46.5518	52	-1.46792e+06	25.8228	1.43682	252	1.09535	4.49559	4.50666	1.02671
904	44.2164	50	-1.46834e+06	25.6418	1.42785	229	1.09572	4.23075	4.59458	1.02299
905	47.0415	51	-1.46802e+06	25.8992	1.41578	246	1.09657	4.52686	4.57962	0.901758
906	46.4377	51	-1.46808e+06	26.0039	1.41802	242	1.09481	4.58714	4.5657	1.08957
907	46.5686	51	-1.46791e+06	26.0641	1.42017	264	1.09718	4.50938	4.51885	0.914817
908	47.34	49	-1.46779e+06	26.0435	1.40376	264	1.09824	4.41707	4.56817	1.06474
909	47.4923	51	-1.46855e+06	26.1372	1.38243	256	1.1002	4.66683	4.55949	1.0771
910	46.0634	49	-1.46854e+06	26.0817	1.38567	245	1.09828	4.76069	4.57209	1.11609
911	45.7903	49	-1.46813e+06	26.121	1.38855	259	1.09652	4.32061	4.57012	1.01284
912	46.7471	51	-1.46792e+06	26.1832	1.39252	248	1.09709	4.26141	4.64148	1.1718
913	46.4101	49	-1.46819e+06	26.1596	1.39238	249	1.09688	4.42132	4.56003	0.958081
914	46.9052	50	-1.46899e+06	26.0377	1.39231	261	1.09978	4.46091	4.62198	1.0493
915	47.0916	50	-1.46883e+06	26.0869	1.4008	248	1.09875	4.50503	4.53415	1.0781
916	47.0206	50	-1.46863e+06	26.0461	1.39703	275	1.0997	4.40197	4.50808	0.969852
917	48.1502	49	-1.46805e+06	25.805	1.40109	260	1.09707	4.27326	4.5182	1.03766
918	48.0335	48	-1.46857e+06	26.0372	1.39903	281	1.09927	4.32288	4.59751	0.838815
919	48.313	49	-1.46858e+06	26.098	1.39155	280	1.0973	4.59183	4.57796	1.09687
920	48.867	49	-1.46813e+06	26.2804	1.39606	274	1.09423	4.66233	4.5257	1.05449
921	49.2659	49	-1.46794e+06	26.2283	1.40099	275	1.09706	4.12613	4.51702	1.10017
922	49.0373	49	-1.46749e+06	26.0206	1.41415	269	1.09653	4.47706	4.52829	0.997601
923	48.3007	50	-1.4674e+06	25.8112	1.42941	259	1.09391	4.17869	4.58717	1.00337
924	47.8034	49	-1.4675e+06	26.0098	1.43945	255	1.09372	4.58225	4.50854	0.944794
925	47.349	48	-1.46685e+06	26.0846	1.43905	284	1.09204	4.29464	4.55908	0.871809
926	48.5783	48	-1.46754e+06	26.3195	1.44305	278	1.09352	4.44645	4.58939	1.02336
927	47.9517	48	-1.46738e+06	26.0929	1.45027	277	1.09392	4.37895	4.59322	0.948764
928	48.9571	49	-1.4672e+06	26.1305	1.44297	269	1.09245	4.53784	4.60364	0.969476
929	49.2359	48	-1.46738e+06	26.0945	1.42033	267	1.09106	4.20312	4.55434	0.915151
930	48.4681	49	-1.46833e+06	26.0453	1.40981	279	1.0933	4.67576	4.59268	0.931806
931	48.4419	48	-1.46819e+06	26.1054	1.40632	252	1.09513	4.63973	4.5279	1.06413
932	47.307	50	-1.46786e+06	26.166	1.40536	256	1.09388	4.75643	4.50205	0.802305
933	49.4422	50	-1.46792e+06	26.2571	1.40425	271	1.09379	4.65696	4.68266	0.951881
934	47.8373	50	-1.46855e+06	26.1388	1.40292	252	1.09665	4.46594	4.53922	0.957883
935	46.988	49	-1.46796e+06	26.2004	1.39457	258	1.0968	4.65681	4.59783	1.17128
936	47.9839	50	-1.46837e+06	26.3201	1.38455	264	1.09936	4.51205	4.51251	1.0272
937	48.569	49	-1.46774e+06	26.3249	1.39735	285	1.09639	4.43495	4.568	1.07607
938	49.4679	48	-1.46696e+06	26.2733	1.38434	289	1.09318	4.42017	4.55141	1.02477
939	46.4997	48	-1.46767e+06	26.2529	1.40294	273	1.09435	4.31967	4.5337	1.11341
940	48.3012	48	-1.46814e+06	26.3223	1.39459	277	1.09752	4.26136	4.56569	0.983303
941	48.4594	50	-1.46836e+06	26.0962	1.41263	263	1.09719	4.66268	4.54477	0.962756
942	46.904	51	-1.46848e+06	25.9753	1.39981	256	1.0955	4.33124	4.50812	1.03228
943	46.6369	50	-1.46894e+06	25.9316	1.41078	246	1.09736	4.59547	4.55891	1.01906
944	47.1472	51	-1.46889e+06	25.8244	1.41089	243	1.09812	4.52337	4.61437	1.01999
945	45.1168	51	-1.46849e+06	25.8016	1.43352	243	1.09664	4.62186	4.5216	0.956921
946	45.8606	52	-1.46853e+06	25.8754	1.44096	247	1.09763	4.51177	4.54579	0.905616
947	47.3117	51	-1.46844e+06	25.9642	1.43238	254	1.09702	4.6014	4.61927	1.00493
948	47.1374	51	-1.4684e+06	26.1619	1.41719	247	1.0972	4.6055	4.56045	0.97858
949	44.8397	51	-1.4688e+06	26.2217	1.4152	242	1.09814	4.67311	4.58011	0.994034
950	46.1592	50	-1.46839e+06	26.1772	1.40138	262	1.09731	4.40846	4.5295	1.03025
951	45.3294	51	-1.46809e+06	26.04	1.41777	253	1.09649	4.54003	4.58759	0.885185
952	45.0939	51	-1.46746e+06	26.0718	1.40315	244	1.09552	4.66904	4.52991	1.07206
953	45.0628	51	-1.4673e+06	26.0865	1.42569	240	1.09184	4.47569	4.569	1.00274
954	44.8129	52	-1.46782e+06	26.3207	1.43133	254	1.09262	4.81751	4.58239	0.884651
955	46.4408	50	-1.46793e+06	26.232	1.42887	242	1.09531	4.63736	4.48821	1.0612
956	44.9832	50	-1.46793e+06	26.1315	1.4145	245	1.09493	4.56111	4.44924	0.964321
957	46.6257	51	-1.4686e+06	25.9254	1.41766	238	1.09644	4.19486	4.50055	1.19977
958	45.5361	49	-1.46774e+06	25.9068	1.41098	256	1.09534	4.55862	4.65524	0.920646
959	47.2445	50	-1.46785e+06	26.0351	1.38664	261	1.09672	4.50277	4.63226	0.939751
960	48.2522	50	-1.46791e+06	26.0772	1.40261	264	1.09694	4.64429	4.63227	1.0993
961	46.0007	50	-1.46851e+06	26.2341	1.39449	244	1.10126	4.43035	4.56201	0.852576
962	54.829	53	-1.46939e+06	26.081	1.38946	251	1.09959	4.36331	4.62983	0.926333
963	50.3865	53	-1.46928e+06	26.0177	1.38546	252	1.10038	4.2163	4.53965	1.07802
964	49.4805	52	-1.46847e+06	26.0688	1.40711	254	1.09692	4.19831	4.50626	0.959035
965	47.5277	52	-1.46796e+06	26.0939	1.41662	237	1.09717	4.55474	4.62321	1.04991
966	45.8554	52	-1.46838e+06	26.1715	1.41122	245	1.0983	4.5555	4.61622	1.01042
967	46.6471	49	-1.46828e+06	26.1382	1.40847	241	1.09722	4.42942	4.49843	0.961043
968	48.1718	51	-1.4679e+06	26.2516	1.42258	247	1.09401	4.5398	4.50025	0.968485
969	46.5607	51	-1.46799e+06	26.2748	1.39619	240	1.09675	4.2554	4.53153	0.919714
970	45.6553	51	-1.46851e+06	26.2608	1.40065	247	1.09383	4.323	4.57371	0.998149
971	46.4989	51	-1.468e+06	26.1721	1.41138	249	1.09204	4.68603	4.55766	1.03987
972	46.9493	50	-1.4673e+06	26.0986	1.41543	253	1.0927	4.44153	4.63484	1.03504
973	46.7684	52	-1.4687e+06	26.1539	1.40152	250	1.09695	4.66524	4.64457	1.0426
974	46.4847	52	-1.4679e+06	26.0348	1.41124	236	1.09487	4.27789	4.53796	1.02206
975	47.1071	51	-1.46767e+06	25.9206	1.41697	248	1.09206	4.6735	4.61169	0.912875
976	46.2483	51	-1.46861e+06	25.9643	1.40333	240	1.09546	4.68086	4.63366	0.98571
977	46.0553	51	-1.46869e+06	25.8249	1.41595	264	1.0968	4.52025	4.58188	0.949308
978	46.8845	50	-1.46852e+06	26.013	1.41721	252	1.09795	4.5274	4.60817	0.948027
979	47.0677	50	-1.46868e+06	26.031	1.426	260	1.0953	4.66466	4.57638	1.01211
980	47.5127	51	-1.4682e+06	26.2989	1.41092	243	1.09593	4.71312	4.59681	1.14487
981	45.7802	52	-1.4685e+06	26.2128	1.41888	236	1.09552	4.59478	4.63896	0.959898
982	45.3086	52	-1.46848e+06	26.1175	1.41992	238	1.09575	4.44734	4.55633	1.00702
983	45.7186	51	-1.46794e+06	26.2238	1.43167	236	1.08962	4.30258	4.56641	0.896489
984	45.3643	52	-1.46769e+06	26.1719	1.43293	233	1.08935	4.4176	4.60472	1.18011
985	45.3748	51	-1.46694e+06	26.3005	1.46338	232	1.09038	4.56128	4.4739	0.994935
986	45.6049	53	-1.4677e+06	26.1364	1.45642	241	1.09046	4.5987	4.6	1.03389
987	46.517	51	-1.46848e+06	26.1148	1.4372	252	1.09302	4.66936	4.55015	1.07606
988	47.0502	51	-1.46773e+06	26.1509	1.43154	248	1.09432	4.91341	4.57946	1.04018
989	46.4557	50	-1.46782e+06	26.1672	1.42742	246	1.09336	4.52202	4.60662	1.09975
990	46.0968	51	-1.46754e+06	26.0631	1.42795	242	1.0952	4.29997	4.53755	1.10309
991	45.8584	52	-1.46752e+06	26.0295	1.44978	239	1.09119	4.59455	4.54275	0.863135
992	45.5304	53	-1.46767e+06	26.2432	1.43415	245	1.09324	4.41005	4.50744	1.01465
993	45.8824	50	-1.46721e+06	26.2087	1.45343	253	1.09003	4.67047	4.49585	1.03288
994	46.441	50	-1.46724e+06	26.0108	1.4704	250	1.08863	4.26983	4.54514	0.994884
995	45.5227	52	-1.46761e+06	26.0972	1.47881	234	1.08919	4.6261	4.57727	1.0947
996	45.3186	52	-1.46757e+06	26.0995	1.47646	233	1.08981	4.33526	4.58033	1.01954
997	46.4141	51	-1.46787e+06	26.0994	1.47	260	1.09037	4.25803	4.54141	1.06028
998	46.0859	51	-1.46777e+06	26.0606	1.4581	233	1.08998	4.83715	4.57048	1.00441
999	45.6732	51	-1.46784e+06	25.93	1.46809	245	1.08925	4.47236	4.5913	1.26895
