iter	time	topo	loglik	length	alpha	Nmode	statent	statalpha	rrent	rrmean
0	0	0	-4.3145e+06	9.98064	1	12	2.64191	20	4.80022	0.949334
1	36.6258	61	-1.79397e+06	14.1871	0.669732	27	1.86602	14.3983	4.16685	0.891582
2	36.9564	61	-1.73702e+06	23.8455	0.633142	40	1.67929	8.9735	4.15314	0.862754
3	36.1898	59	-1.7029e+06	32.073	0.601954	46	1.53894	10.5093	4.15532	1.01484
4	37.7002	58	-1.68727e+06	36.2139	0.578735	58	1.45247	9.50116	4.35324	1.03718
5	39.5822	57	-1.67325e+06	38.1144	0.57167	76	1.41395	9.94737	4.36409	0.882959
6	39.4402	55	-1.66116e+06	39.5553	0.556271	87	1.39584	9.59301	4.33521	0.897492
7	39.8441	54	-1.65246e+06	41.6155	0.551949	91	1.38715	9.00459	4.43523	1.01288
8	39.6984	57	-1.64357e+06	42.8391	0.545162	108	1.37775	9.09519	4.34502	0.859964
9	38.2425	59	-1.63645e+06	42.5635	0.546877	113	1.3721	8.81155	4.32443	0.966353
10	39.1609	58	-1.63107e+06	42.5833	0.548528	119	1.36419	8.2219	4.26618	1.00701
11	38.6858	56	-1.62686e+06	42.1949	0.549074	125	1.35622	8.34779	4.25765	0.981977
12	38.6874	56	-1.62343e+06	42.7773	0.547233	131	1.34678	8.85694	4.3681	0.960254
13	40.1689	56	-1.61166e+06	41.8471	0.55138	132	1.343	8.02321	4.41364	1.08495
14	39.8072	56	-1.60784e+06	41.2507	0.558131	132	1.33497	8.38983	4.3634	0.992776
15	40.4352	56	-1.60621e+06	40.7085	0.563144	140	1.33136	7.71583	4.40233	0.881377
16	41.7332	55	-1.60198e+06	39.8249	0.57988	146	1.32767	7.76277	4.33613	0.969892
17	42.774	54	-1.59742e+06	38.8123	0.585348	149	1.32237	7.28614	4.33966	1.01283
18	42.1001	55	-1.58937e+06	37.5841	0.587655	148	1.33334	7.70655	4.38079	1.06769
19	42.6627	54	-1.57721e+06	36.3297	0.595704	171	1.33606	7.40697	4.43698	1.01332
20	42.8505	52	-1.57287e+06	34.7531	0.607011	177	1.33875	7.75408	4.31731	0.987802
21	43.4947	53	-1.56996e+06	33.866	0.616984	181	1.33537	8.27762	4.27671	1.01742
22	43.9584	52	-1.56376e+06	33.1216	0.626363	177	1.33502	8.23611	4.35401	1.06747
23	43.2776	52	-1.55567e+06	32.5881	0.639986	184	1.33706	8.1387	4.39869	1.05855
24	43.7739	53	-1.55291e+06	31.4556	0.649545	173	1.33204	7.60411	4.30922	1.08751
25	44.1279	52	-1.55122e+06	30.7784	0.653092	181	1.32397	7.19061	4.31324	1.18931
26	44.4993	52	-1.5513e+06	30.7668	0.66048	172	1.32455	7.40099	4.39164	0.977072
27	44.2382	52	-1.55068e+06	30.6966	0.665097	181	1.32383	6.95146	4.28346	0.909901
28	44.7148	52	-1.55101e+06	30.9453	0.662431	179	1.32285	7.62649	4.33869	1.08574
29	44.3361	52	-1.55001e+06	30.7417	0.665342	178	1.31715	7.1456	4.31613	0.998151
30	43.7082	52	-1.55001e+06	30.857	0.667522	169	1.31923	7.30822	4.42596	0.978555
31	43.0822	52	-1.54985e+06	30.6631	0.666801	170	1.31792	7.42609	4.34151	0.977048
32	43.8652	52	-1.54852e+06	30.6164	0.67061	172	1.31525	7.73489	4.40906	1.01621
33	43.5429	51	-1.54658e+06	30.2197	0.663529	179	1.31704	7.72927	4.4273	0.833202
34	44.1767	51	-1.54247e+06	29.8733	0.676911	177	1.31809	7.21974	4.4629	1.00715
35	44.8251	52	-1.54036e+06	29.4888	0.675699	182	1.31286	8.25252	4.36211	0.913748
36	44.3665	51	-1.54005e+06	29.6589	0.68401	188	1.31306	7.19678	4.365	0.914652
37	44.9125	52	-1.53972e+06	29.4682	0.684822	198	1.30992	7.92678	4.30108	0.943627
38	44.4543	51	-1.53862e+06	29.1402	0.685749	196	1.30709	6.93719	4.30986	0.974187
39	44.3226	52	-1.53758e+06	29.3486	0.688242	196	1.30519	7.22647	4.39448	1.07569
40	44.4963	53	-1.53767e+06	28.8514	0.693627	183	1.30316	7.4902	4.36695	1.05967
41	44.8335	51	-1.53714e+06	28.3599	0.698713	189	1.30407	7.01374	4.35752	1.17916
42	45.3438	51	-1.53727e+06	28.3719	0.696931	189	1.3021	6.72328	4.42365	1.02176
43	45.1588	52	-1.53691e+06	28.1452	0.707633	192	1.30001	7.53735	4.33348	0.939844
44	44.7913	52	-1.5365e+06	27.9585	0.711097	183	1.2959	7.37647	4.42669	1.0663
45	44.857	52	-1.53688e+06	28.0684	0.712774	177	1.29198	7.57352	4.3438	0.868974
46	44.7976	52	-1.53681e+06	28.0901	0.713068	193	1.29734	7.28523	4.40193	1.0281
47	44.1321	51	-1.53551e+06	28.0183	0.717659	187	1.29323	7.04178	4.34347	1.11595
48	44.4256	52	-1.53632e+06	27.8394	0.714175	192	1.29338	6.50022	4.319	1.10037
49	44.871	51	-1.53612e+06	27.6984	0.720932	191	1.29013	6.77011	4.27997	0.977685
50	45.1828	52	-1.53548e+06	27.5794	0.726904	185	1.28804	7.38927	4.41545	1.13139
51	44.8694	51	-1.53565e+06	27.4156	0.732888	174	1.29013	6.8219	4.33178	0.998892
52	45.0698	52	-1.53524e+06	27.6721	0.734168	182	1.2884	6.81707	4.38339	1.03602
53	44.4163	51	-1.5351e+06	27.6504	0.742157	186	1.2877	6.85033	4.2938	0.947467
54	43.4983	54	-1.53464e+06	27.6675	0.744671	212	1.28387	6.93764	4.25851	0.93205
55	44.7938	52	-1.53491e+06	27.6093	0.748761	189	1.28432	6.87241	4.40403	0.85796
56	44.4811	50	-1.5347e+06	27.6725	0.749214	192	1.27639	7.71041	4.40546	0.952955
57	45.2844	52	-1.53354e+06	27.6736	0.763115	182	1.27082	6.87007	4.49069	0.783285
58	44.7592	52	-1.53262e+06	27.4466	0.774415	183	1.26635	7.29024	4.39364	0.892815
59	44.2116	52	-1.53252e+06	27.1917	0.78103	172	1.26668	6.6412	4.38902	0.840874
60	43.7159	52	-1.53222e+06	26.9889	0.790229	177	1.26167	6.9135	4.40905	0.908876
61	44.2082	51	-1.53228e+06	27.2169	0.792821	176	1.26591	6.61276	4.36942	0.935737
62	44.4727	52	-1.53151e+06	27.161	0.794856	188	1.25984	7.34383	4.33128	1.11237
63	45.006	52	-1.53152e+06	27.3104	0.79189	179	1.26094	7.06032	4.352	1.13185
64	45.0389	52	-1.53151e+06	27.382	0.795909	189	1.25723	7.19539	4.31098	1.0452
65	45.3369	51	-1.53179e+06	27.468	0.795656	189	1.26102	7.14306	4.43939	1.09386
66	45.0508	52	-1.5311e+06	27.1301	0.804763	190	1.25497	6.6787	4.36421	1.04829
67	45.3301	52	-1.53097e+06	27.1295	0.818455	189	1.25308	6.47352	4.29236	0.903469
68	44.3561	52	-1.53024e+06	27.2726	0.825844	189	1.24926	6.50224	4.40521	0.999582
69	44.2273	53	-1.52895e+06	27.2397	0.839496	199	1.24131	6.85021	4.30957	0.989015
70	44.3302	51	-1.52864e+06	26.9926	0.86054	192	1.2333	6.76405	4.45087	0.95112
71	45.1646	52	-1.52838e+06	27.008	0.883469	192	1.22913	6.28801	4.40145	1.00967
72	44.9362	52	-1.52686e+06	26.8459	0.905852	189	1.22171	6.53421	4.32744	0.926298
73	43.2435	51	-1.52687e+06	26.8771	0.922396	196	1.21731	6.7935	4.42843	0.891675
74	44.5119	51	-1.52585e+06	26.8147	0.932303	188	1.21744	6.30938	4.48956	1.03241
75	45.315	51	-1.52493e+06	26.7907	0.949574	194	1.21016	6.10754	4.3575	1.0099
76	43.6407	51	-1.52473e+06	26.6876	0.961979	198	1.20969	5.96453	4.33608	1.04167
77	44.4402	52	-1.5237e+06	26.8082	0.975887	203	1.19879	6.75886	4.35465	0.896648
78	44.9564	51	-1.52292e+06	26.8807	1.01045	195	1.19635	6.62504	4.40292	1.10758
79	44.8567	52	-1.52265e+06	26.9383	1.03471	193	1.19503	6.46535	4.36857	1.0065
80	44.7791	51	-1.52196e+06	27.0872	1.05022	187	1.18722	6.72927	4.44578	0.94012
81	44.2294	51	-1.52094e+06	27.1795	1.06105	195	1.18354	5.85896	4.3301	1.09478
82	44.1508	50	-1.52061e+06	27.2275	1.07729	189	1.1815	6.69663	4.37881	0.999522
83	45.2485	51	-1.52026e+06	27.219	1.10687	190	1.17761	6.35923	4.36376	0.964987
84	45.5213	51	-1.51983e+06	27.3781	1.12151	195	1.17567	6.66876	4.42942	1.04501
85	43.3807	50	-1.5186e+06	27.3609	1.14602	202	1.17006	6.44194	4.34005	0.96698
86	43.6781	53	-1.51877e+06	27.4251	1.16344	191	1.16787	6.21827	4.42324	1.08697
87	43.9134	51	-1.51852e+06	27.5454	1.1906	190	1.16594	6.68343	4.37731	0.994672
88	43.803	53	-1.51722e+06	27.343	1.21082	191	1.15753	6.07857	4.32162	0.987774
89	44.3322	53	-1.51709e+06	27.4496	1.24117	197	1.15457	6.19402	4.33124	0.990054
90	43.5248	53	-1.51669e+06	27.5218	1.24732	195	1.15271	6.59944	4.35541	0.943262
91	45.2578	51	-1.5164e+06	27.3246	1.274	192	1.14765	6.2903	4.36436	0.963991
92	44.0794	53	-1.51599e+06	27.2084	1.28945	202	1.14369	6.6161	4.45185	0.906756
93	44.6301	51	-1.51604e+06	27.2917	1.28175	196	1.14265	6.18899	4.4552	1.00749
94	43.6241	52	-1.5163e+06	27.5306	1.28866	193	1.14592	6.27147	4.44817	0.979293
95	44.3218	50	-1.51637e+06	27.4043	1.29565	195	1.14816	6.27238	4.38154	1.00527
96	44.422	52	-1.51626e+06	27.3057	1.31836	202	1.1447	6.11798	4.34239	0.980584
97	43.5723	52	-1.51604e+06	27.3303	1.31323	195	1.14445	6.04932	4.38297	1.03028
98	44.1972	51	-1.51619e+06	27.2246	1.30337	192	1.14696	5.85089	4.36283	0.961061
99	45.3799	51	-1.51603e+06	27.4267	1.31588	185	1.14321	6.37046	4.44961	0.850643
100	44.469	52	-1.51478e+06	27.5472	1.31508	193	1.1401	6.25212	4.38895	1.0384
101	42.6668	53	-1.51521e+06	27.6631	1.32204	199	1.14026	6.19036	4.27886	0.971174
102	42.6287	54	-1.51525e+06	27.5252	1.31638	215	1.13699	6.01213	4.4211	1.11631
103	42.3442	54	-1.51488e+06	27.5935	1.33816	211	1.13634	6.1469	4.37053	1.1335
104	42.7635	54	-1.51532e+06	27.6051	1.32853	203	1.13836	5.99051	4.30253	0.931488
105	42.9524	54	-1.51499e+06	27.6078	1.3395	222	1.13633	5.81021	4.31248	0.917297
106	42.7434	54	-1.51491e+06	27.4656	1.34437	215	1.13464	5.98406	4.45165	0.935844
107	42.7938	54	-1.51488e+06	27.5813	1.31903	210	1.13976	5.94072	4.32972	0.979339
108	43.1614	54	-1.51489e+06	27.5896	1.33125	198	1.13724	5.90796	4.28394	1.00225
109	43.4647	53	-1.51506e+06	27.6235	1.31868	207	1.14232	6.08592	4.34225	1.074
110	42.7948	54	-1.51464e+06	27.6798	1.31173	201	1.13728	6.1016	4.33657	0.977885
111	42.3052	54	-1.51504e+06	27.6397	1.33146	213	1.13656	5.93718	4.42979	1.04136
112	42.6992	53	-1.5146e+06	27.605	1.31656	214	1.13369	6.11124	4.43544	1.08437
113	42.4459	54	-1.51516e+06	27.4918	1.32181	220	1.13782	6.04052	4.3651	0.959586
114	42.4342	53	-1.51485e+06	27.657	1.3241	209	1.13614	5.72215	4.38469	1.14453
115	42.9946	54	-1.51469e+06	27.558	1.33296	215	1.13324	5.66981	4.41842	1.05212
116	42.2976	53	-1.51423e+06	27.4848	1.35406	235	1.13208	5.86661	4.34463	1.02629
117	43.8712	53	-1.51412e+06	27.3631	1.36002	225	1.13326	5.84344	4.51225	1.09326
118	43.0677	54	-1.51347e+06	27.2557	1.38054	208	1.1324	5.75773	4.43302	1.06259
119	43.1331	54	-1.51413e+06	27.3674	1.35984	213	1.13208	5.91025	4.43118	1.03557
120	43.9615	53	-1.51389e+06	27.1864	1.3732	219	1.13196	5.78156	4.43943	0.912951
121	42.9076	54	-1.51339e+06	27.4509	1.37668	214	1.12917	5.84711	4.38461	1.01919
122	42.6743	53	-1.51369e+06	27.2007	1.3787	220	1.13197	5.77646	4.41299	1.05672
123	43.2098	53	-1.51415e+06	27.36	1.36612	206	1.13527	5.82638	4.33709	0.971466
124	42.0278	53	-1.51426e+06	27.4521	1.34764	212	1.1348	6.05866	4.4055	0.957973
125	42.6752	54	-1.51456e+06	27.4134	1.35505	208	1.13597	6.03044	4.32523	0.978668
126	42.4765	55	-1.51413e+06	27.6516	1.35166	203	1.1363	5.7926	4.45113	1.01317
127	41.1895	52	-1.51479e+06	27.6846	1.33678	214	1.13885	5.75634	4.38594	0.875967
128	44.355	53	-1.51453e+06	27.4868	1.33341	195	1.13538	5.70426	4.48891	0.905635
129	43.0009	53	-1.51471e+06	27.4541	1.32239	202	1.13716	5.60953	4.39704	0.86214
130	43.022	54	-1.51451e+06	27.588	1.31381	198	1.13507	6.00638	4.42193	1.06246
131	41.9106	53	-1.51366e+06	27.5705	1.30859	217	1.13545	5.53015	4.3999	1.10044
132	43.4753	53	-1.51347e+06	27.7979	1.30946	212	1.1347	5.84148	4.32899	1.07672
133	43.3935	54	-1.51353e+06	27.6275	1.32584	214	1.13473	5.96279	4.36984	0.93682
134	42.3001	53	-1.51317e+06	27.757	1.32525	216	1.13462	5.75311	4.43061	0.981447
135	42.3202	53	-1.51394e+06	27.7815	1.32639	220	1.13551	5.69263	4.42283	0.95764
136	43.4909	53	-1.51456e+06	27.6982	1.31451	219	1.1374	5.73773	4.37028	1.02727
137	42.7633	53	-1.51408e+06	27.4206	1.32028	213	1.13657	5.89893	4.45501	0.855843
138	42.0662	54	-1.51378e+06	27.6384	1.32932	213	1.13508	5.64489	4.44763	0.877317
139	43.3175	53	-1.51416e+06	27.8045	1.31847	203	1.13434	5.63068	4.50353	1.01112
140	44.1883	53	-1.51373e+06	27.8583	1.31693	195	1.13407	5.38634	4.44057	1.06187
141	43.7597	54	-1.51428e+06	27.8768	1.31565	216	1.13328	5.9179	4.46664	0.921029
142	42.055	53	-1.51363e+06	27.754	1.32616	211	1.1319	5.8339	4.42411	0.980721
143	42.8907	54	-1.51366e+06	27.8695	1.32054	215	1.12957	5.85279	4.4804	1.06504
144	42.5945	54	-1.51339e+06	27.7498	1.32592	202	1.1322	5.79611	4.40428	0.993613
145	43.4132	54	-1.51354e+06	27.7907	1.33567	190	1.12926	5.26151	4.48485	0.99228
146	43.336	53	-1.5127e+06	27.643	1.35704	205	1.1255	5.78475	4.43144	1.09865
147	43.0525	55	-1.51258e+06	27.7751	1.35832	209	1.12485	5.76202	4.46752	0.936443
148	43.576	54	-1.51328e+06	27.5984	1.36698	191	1.12469	5.55473	4.41409	0.967283
149	44.9845	52	-1.51346e+06	27.8219	1.35634	199	1.13064	5.85544	4.42217	1.01048
150	44.3702	51	-1.51382e+06	27.7288	1.34105	187	1.13327	5.25761	4.47363	1.03668
151	43.5602	52	-1.51364e+06	27.6089	1.32135	202	1.13377	5.82049	4.41262	0.950235
152	44.7727	52	-1.5139e+06	27.7745	1.30676	205	1.1339	5.77003	4.43778	0.993582
153	44.3766	53	-1.51467e+06	27.7458	1.3052	206	1.13723	5.21639	4.34417	0.996105
154	42.6592	54	-1.51394e+06	27.6958	1.30135	222	1.13696	5.39246	4.37788	0.988384
155	43.2742	54	-1.51404e+06	27.4567	1.31121	211	1.1367	6.0826	4.36303	1.0058
156	42.7573	54	-1.51435e+06	27.565	1.31442	214	1.13675	5.70329	4.41521	1.01127
157	43.1416	54	-1.51342e+06	27.7239	1.3014	212	1.13394	5.88529	4.40986	0.932248
158	42.5934	53	-1.513e+06	27.746	1.31469	226	1.13463	5.71935	4.42827	1.0911
159	43.4834	53	-1.51311e+06	27.6903	1.31892	232	1.13848	5.75444	4.35674	1.00644
160	43.6162	52	-1.51415e+06	27.4783	1.3285	222	1.13639	5.69173	4.43847	0.976076
161	42.7704	53	-1.51414e+06	27.4944	1.3335	220	1.13556	6.0126	4.37272	0.968302
162	43.3468	54	-1.51418e+06	27.4485	1.32852	212	1.13447	5.59854	4.36298	0.933594
163	42.4682	54	-1.51332e+06	27.5544	1.33443	196	1.13298	5.62027	4.38168	0.875446
164	42.8055	54	-1.51322e+06	27.6107	1.33429	202	1.13518	5.63542	4.44869	1.01063
165	42.5225	54	-1.51378e+06	27.5405	1.34868	224	1.13629	6.03107	4.46861	0.951826
166	42.9826	54	-1.51441e+06	27.438	1.3255	201	1.13518	5.56748	4.46709	0.958109
167	42.8218	54	-1.51383e+06	27.4839	1.32551	223	1.13482	5.52823	4.328	0.908312
168	43.7464	54	-1.51456e+06	27.4751	1.31944	209	1.13402	5.72928	4.42156	0.934165
169	43.2575	53	-1.51452e+06	27.5544	1.32078	235	1.13641	5.9398	4.39462	1.0123
170	43.7299	53	-1.51416e+06	27.4385	1.32122	223	1.13483	5.65238	4.42396	1.0421
171	44.3906	51	-1.51447e+06	27.3941	1.3237	248	1.13802	5.52171	4.44221	0.876739
172	44.9024	52	-1.51448e+06	27.5369	1.31588	227	1.138	5.66604	4.46944	1.02889
173	43.21	54	-1.51443e+06	27.6508	1.32242	223	1.13693	5.72192	4.45651	1.01947
174	43.6898	54	-1.51427e+06	27.5731	1.32508	211	1.13408	5.80766	4.40104	0.980285
175	43.783	53	-1.51399e+06	27.5919	1.33582	228	1.13501	5.93238	4.45791	1.0261
176	44.3761	53	-1.51398e+06	27.5197	1.33984	227	1.13272	5.78981	4.44048	0.981239
177	44.2004	53	-1.51405e+06	27.6724	1.35022	225	1.13382	5.63239	4.41587	1.04714
178	44.132	53	-1.51376e+06	27.7964	1.32196	230	1.13286	5.52677	4.46276	0.895124
179	45.2188	51	-1.51366e+06	27.5757	1.33381	244	1.13484	5.54873	4.42772	1.00846
180	44.1898	53	-1.51399e+06	27.4848	1.33835	225	1.13395	5.53085	4.47826	1.0172
181	43.2665	54	-1.51334e+06	27.5088	1.3378	211	1.13146	5.44214	4.37612	0.904121
182	42.9755	54	-1.51419e+06	27.4923	1.34227	223	1.13611	5.8455	4.44176	0.89233
183	43.8593	52	-1.51408e+06	27.4509	1.33893	237	1.13746	5.57079	4.40754	0.907803
184	44.6583	51	-1.51387e+06	27.5319	1.34261	233	1.13685	5.85908	4.41159	1.04314
185	42.9383	52	-1.51401e+06	27.3441	1.34582	227	1.13309	5.61114	4.50225	1.0101
186	43.8934	53	-1.51334e+06	27.4704	1.34578	218	1.1308	5.81373	4.46036	0.960238
187	44.0426	52	-1.5132e+06	27.4052	1.34588	224	1.12705	5.22577	4.42147	0.983486
188	43.6825	51	-1.5135e+06	27.3941	1.3299	229	1.12868	5.28427	4.39185	1.07416
189	43.7674	52	-1.51371e+06	27.6025	1.32662	229	1.132	5.34614	4.37158	0.951514
190	44.0874	53	-1.51341e+06	27.5986	1.33814	223	1.1314	5.87994	4.40393	0.901291
191	42.7584	54	-1.51336e+06	27.5816	1.34042	203	1.13379	5.56889	4.32975	1.03603
192	42.7387	54	-1.51407e+06	27.3408	1.33665	199	1.13513	5.7949	4.41051	0.994888
193	42.8997	54	-1.51357e+06	27.199	1.3324	208	1.13356	5.21258	4.52025	1.11548
194	42.7931	54	-1.51437e+06	27.3692	1.32018	202	1.13501	5.75271	4.47672	1.01823
195	42.869	54	-1.51401e+06	27.4949	1.31984	209	1.13684	5.45395	4.45272	0.987526
196	43.1895	53	-1.51432e+06	27.5075	1.30971	217	1.13866	5.46915	4.45961	1.05071
197	42.9676	54	-1.51404e+06	27.5474	1.3245	207	1.13414	5.49917	4.42121	0.975996
198	42.3531	54	-1.51356e+06	27.5962	1.32035	199	1.13238	5.29074	4.52234	0.914133
199	42.1299	54	-1.51376e+06	27.6621	1.30885	202	1.13522	5.2114	4.47541	0.976228
200	43.0497	54	-1.51405e+06	27.479	1.31436	209	1.13606	5.41482	4.51262	1.02299
201	42.8939	54	-1.51344e+06	27.4519	1.30852	200	1.13402	5.48806	4.46587	1.0459
202	42.8905	55	-1.51421e+06	27.6584	1.31519	207	1.13532	5.17609	4.47378	1.02751
203	41.8644	52	-1.51388e+06	27.6905	1.31116	228	1.13695	5.39696	4.46067	0.895898
204	44.5022	53	-1.51375e+06	27.6674	1.32244	235	1.13481	5.83293	4.36615	1.02677
205	42.3274	51	-1.51371e+06	27.7427	1.30589	217	1.13627	6.04753	4.4684	0.877772
206	42.9257	54	-1.51338e+06	27.7776	1.3162	207	1.1359	5.11816	4.50284	1.02756
207	42.6291	55	-1.51341e+06	27.8387	1.33054	209	1.13178	5.42917	4.42645	1.05313
208	42.4469	54	-1.51289e+06	27.9118	1.33542	202	1.13342	5.58517	4.39085	1.071
209	42.3782	55	-1.51329e+06	27.8544	1.33411	211	1.13255	5.66862	4.38701	1.00809
210	42.8118	54	-1.51355e+06	28.0125	1.31858	199	1.13147	5.65001	4.43755	1.17003
211	42.1848	54	-1.51295e+06	27.9036	1.31278	208	1.12938	5.63452	4.37969	1.11742
212	42.5565	53	-1.51325e+06	27.6538	1.33419	232	1.13109	5.50336	4.49333	1.00776
213	42.1357	52	-1.51313e+06	27.884	1.34905	220	1.13059	5.66394	4.42578	0.958517
214	42.641	54	-1.51269e+06	27.9131	1.353	208	1.12577	5.52197	4.41083	0.982246
215	42.8118	54	-1.51241e+06	28.0833	1.34558	220	1.12522	5.60321	4.4374	0.969344
216	43.0698	54	-1.51263e+06	27.9318	1.35373	222	1.12608	5.39303	4.41513	0.981754
217	42.8693	53	-1.51234e+06	28.0246	1.35249	231	1.12892	5.58212	4.44568	1.00801
218	44.4457	52	-1.51294e+06	28.0811	1.34146	220	1.12701	5.51573	4.44894	1.09436
219	44.3851	53	-1.51258e+06	27.7631	1.34437	218	1.12619	5.58809	4.42057	1.05935
220	42.6854	54	-1.51282e+06	27.8054	1.33004	207	1.12738	5.86874	4.45874	0.938822
221	42.903	55	-1.51299e+06	28.0827	1.31503	202	1.13031	5.20256	4.48499	0.923677
222	43.3823	53	-1.51282e+06	28.0312	1.30946	216	1.13162	5.48657	4.42988	1.01943
223	42.7284	53	-1.51317e+06	28.3031	1.31318	208	1.13346	5.57754	4.4374	0.976
224	42.1847	55	-1.51361e+06	28.2392	1.30668	208	1.13317	5.65492	4.41207	1.1323
225	41.6594	54	-1.51346e+06	27.8238	1.3319	213	1.13222	5.50313	4.39544	1.05165
226	42.3223	55	-1.51347e+06	27.7094	1.34124	201	1.13302	5.47574	4.43705	0.997739
227	42.4421	55	-1.51372e+06	27.6764	1.33007	203	1.1331	5.14813	4.513	1.01347
228	43.029	54	-1.51302e+06	27.752	1.32509	203	1.13098	5.49031	4.50985	1.10157
229	42.2866	55	-1.5131e+06	27.8449	1.33923	198	1.12969	5.41702	4.44975	0.968389
230	42.4684	54	-1.51302e+06	27.814	1.33133	213	1.13031	5.10461	4.46091	1.10283
231	42.9867	54	-1.51317e+06	27.7661	1.31907	208	1.12932	5.66575	4.38653	0.951263
232	42.4968	53	-1.51295e+06	27.6602	1.33045	213	1.12727	5.44073	4.51897	1.02604
233	42.9014	53	-1.51271e+06	27.7861	1.32211	206	1.12921	5.51889	4.5183	0.91858
234	42.9786	54	-1.51356e+06	27.8193	1.31182	212	1.13144	5.37747	4.55503	0.990838
235	43.2151	54	-1.51332e+06	27.9646	1.30726	216	1.13175	5.23144	4.54252	1.03885
236	43.0206	54	-1.51355e+06	27.7368	1.31593	210	1.13385	5.50043	4.43148	0.91543
237	43.1251	54	-1.51349e+06	27.7344	1.31335	217	1.13356	5.04304	4.5277	0.893628
238	41.8956	54	-1.51417e+06	27.5517	1.30479	205	1.13454	5.17506	4.52709	0.934459
239	41.6419	54	-1.51336e+06	27.64	1.31458	206	1.13217	4.99646	4.46758	1.06785
240	43.1796	54	-1.51392e+06	27.793	1.31344	194	1.13541	5.46803	4.48047	1.11924
241	42.6756	55	-1.51344e+06	27.844	1.30762	196	1.13566	5.07397	4.42246	0.999251
242	42.5488	54	-1.51363e+06	27.6109	1.31313	211	1.13548	5.45551	4.40695	0.984681
243	43.0096	54	-1.51373e+06	27.8012	1.32213	216	1.13468	5.64206	4.43474	0.919722
244	42.853	52	-1.51287e+06	27.726	1.31992	223	1.13286	5.65783	4.43905	0.933433
245	43.6753	52	-1.51326e+06	27.7132	1.33283	227	1.13236	5.50952	4.39921	0.872595
246	43.5727	53	-1.51327e+06	28.0979	1.30557	225	1.13455	5.37153	4.40323	0.926373
247	43.7377	53	-1.51407e+06	27.9875	1.28438	239	1.13862	5.71874	4.42871	0.987883
248	44.6703	52	-1.51424e+06	27.588	1.30265	235	1.13769	5.97145	4.48738	1.11752
249	44.2483	53	-1.51444e+06	27.6042	1.30217	223	1.13601	5.3281	4.41172	0.984642
250	42.5551	51	-1.51356e+06	27.4024	1.31376	220	1.13587	5.42385	4.46724	0.95609
251	43.3774	54	-1.51377e+06	27.3435	1.32093	219	1.13542	5.23735	4.36686	0.982624
252	42.9963	52	-1.51376e+06	27.5499	1.31716	226	1.13686	5.30233	4.34807	0.932638
253	43.8879	53	-1.51357e+06	27.5519	1.31173	230	1.13469	5.19554	4.42971	1.05027
254	43.1055	54	-1.51417e+06	27.3264	1.32164	228	1.13481	5.16296	4.43181	0.907244
255	43.7834	52	-1.51353e+06	27.4375	1.31467	236	1.13348	5.11355	4.5182	0.9993
256	43.9041	50	-1.51402e+06	27.6542	1.29305	232	1.13568	5.56922	4.43115	0.922753
257	43.0083	50	-1.51462e+06	27.667	1.2876	232	1.13903	5.49075	4.3807	0.885495
258	43.2322	52	-1.51352e+06	27.8537	1.31256	217	1.13613	5.53904	4.39439	0.876979
259	43.2841	54	-1.51412e+06	27.8479	1.29927	224	1.13546	5.52902	4.41151	0.890357
260	43.414	54	-1.51391e+06	27.5698	1.30739	223	1.13423	5.56993	4.50977	0.982371
261	42.8175	51	-1.51378e+06	27.6339	1.30458	224	1.1373	5.09849	4.55724	1.07847
262	43.8625	53	-1.51471e+06	27.3432	1.30033	227	1.138	5.65361	4.56815	0.9851
263	42.5821	53	-1.51399e+06	27.1671	1.30478	215	1.13396	5.65751	4.46305	1.06005
264	43.376	53	-1.51387e+06	27.6754	1.31255	224	1.13383	5.70645	4.36293	0.869874
265	42.5501	52	-1.51361e+06	27.7513	1.30557	233	1.13351	5.35839	4.49355	0.952486
266	44.0635	53	-1.51337e+06	27.8376	1.31665	236	1.1355	5.84534	4.43361	1.1421
267	43.5051	53	-1.51463e+06	27.7038	1.29778	226	1.13815	5.40987	4.39813	0.921884
268	43.9655	53	-1.51413e+06	27.8079	1.30981	212	1.13418	5.37239	4.47364	0.992681
269	43.1397	54	-1.51424e+06	27.7046	1.3118	218	1.13456	5.48733	4.59347	0.998899
270	43.4209	53	-1.51423e+06	27.475	1.30337	218	1.134	5.3756	4.41114	0.972766
271	43.5785	53	-1.51408e+06	27.6196	1.31845	218	1.1324	5.29629	4.40554	1.06338
272	43.0613	52	-1.51364e+06	27.6338	1.32362	228	1.13438	5.47063	4.39859	0.962857
273	43.5163	53	-1.51391e+06	27.5474	1.31186	227	1.13575	5.34859	4.46762	0.907466
274	42.8686	53	-1.5139e+06	27.6609	1.31919	217	1.13563	5.65092	4.41741	1.14708
275	42.3692	54	-1.51433e+06	27.5742	1.30029	200	1.13602	5.5251	4.45965	0.942655
276	42.7004	54	-1.51459e+06	27.5143	1.30163	217	1.13507	6.01215	4.56535	1.03905
277	43.0893	54	-1.51384e+06	27.594	1.32428	212	1.13276	5.1343	4.4751	1.03685
278	41.5802	53	-1.51403e+06	27.4553	1.32669	229	1.13378	5.78686	4.47745	0.993654
279	42.8927	54	-1.51333e+06	27.4244	1.32869	219	1.13053	5.39032	4.44088	1.02342
280	42.4961	54	-1.51351e+06	27.4285	1.32974	219	1.13294	5.25263	4.39848	0.885125
281	41.6009	54	-1.51373e+06	27.412	1.32642	203	1.13121	5.27394	4.48118	1.17661
282	42.9345	54	-1.51372e+06	27.6372	1.32269	209	1.13524	5.45476	4.5509	0.933591
283	42.2368	54	-1.514e+06	27.5795	1.33033	214	1.13523	5.27032	4.50153	1.0819
284	43.6607	53	-1.51407e+06	27.5427	1.32381	225	1.13598	5.37575	4.44939	1.02899
285	43.1368	53	-1.51417e+06	27.2851	1.32247	214	1.13426	5.41298	4.43331	1.02541
286	43.2915	54	-1.51359e+06	27.4945	1.32804	214	1.13283	4.94773	4.37135	1.01193
287	42.965	53	-1.51357e+06	27.4658	1.32817	214	1.13077	5.38347	4.49112	0.878761
288	42.0905	54	-1.51314e+06	27.6982	1.33127	221	1.13304	5.21021	4.41851	1.07504
289	43.4411	54	-1.51291e+06	27.4801	1.3438	226	1.12988	5.24212	4.45489	0.953999
290	43.1968	53	-1.51332e+06	27.3097	1.34813	210	1.13107	5.16607	4.49303	0.881936
291	42.2096	52	-1.51336e+06	27.5357	1.33449	219	1.13101	5.33399	4.44276	1.04051
292	43.2009	54	-1.51333e+06	27.557	1.33484	220	1.13192	5.27675	4.45233	1.04974
293	42.9925	53	-1.51343e+06	27.5936	1.31512	208	1.13018	4.8983	4.48238	1.06287
294	42.9506	54	-1.51272e+06	27.6872	1.32004	209	1.13121	5.06089	4.45231	0.948027
295	42.7495	54	-1.51323e+06	27.356	1.33057	212	1.13169	5.50755	4.4313	0.909002
296	43.023	54	-1.5129e+06	27.7121	1.3305	221	1.13111	5.12066	4.42964	1.06933
297	43.5026	54	-1.51288e+06	27.7177	1.32762	221	1.12831	5.45374	4.4325	0.911197
298	43.1545	54	-1.51296e+06	27.9025	1.33009	224	1.12883	5.19201	4.38772	1.10161
299	43.4992	53	-1.51305e+06	27.8172	1.33046	229	1.13024	5.41568	4.48689	1.08141
300	43.7278	53	-1.51313e+06	27.9342	1.3373	224	1.13144	5.41744	4.56201	1.04211
301	42.6793	55	-1.51323e+06	28.1093	1.30969	203	1.1295	5.09122	4.36571	1.12949
302	42.6197	55	-1.51311e+06	27.8613	1.30579	200	1.13173	5.44815	4.4072	0.980878
303	42.3349	55	-1.51329e+06	27.8519	1.32293	209	1.12969	5.43233	4.51459	0.975063
304	42.3869	54	-1.51324e+06	27.9281	1.30988	211	1.13011	5.26262	4.4842	0.965165
305	42.4359	54	-1.51279e+06	27.9263	1.30367	211	1.13016	5.43503	4.48121	0.949974
306	41.5065	54	-1.51333e+06	27.9228	1.29977	198	1.1317	5.17142	4.45971	1.05846
307	43.079	54	-1.5134e+06	28.0916	1.28591	214	1.13396	5.11894	4.45309	1.04624
308	43.3173	54	-1.51373e+06	28.0292	1.27705	233	1.13123	5.07776	4.4113	1.045
309	42.3265	53	-1.51414e+06	28.0027	1.27306	206	1.13524	5.23693	4.45278	1.17214
310	42.3746	54	-1.51429e+06	27.9498	1.28334	208	1.13499	5.40481	4.52549	1.09936
311	42.7496	54	-1.5143e+06	27.8613	1.28137	212	1.13503	5.00165	4.48847	0.937438
312	42.1968	54	-1.51358e+06	27.8067	1.3123	211	1.13253	4.98796	4.43758	1.01407
313	42.9823	54	-1.51345e+06	27.9335	1.29989	218	1.13362	4.94518	4.50333	0.975226
314	42.9918	53	-1.51335e+06	27.8294	1.30673	223	1.1341	5.31756	4.53262	1.03233
315	43.5369	53	-1.51334e+06	27.5535	1.32003	237	1.1316	5.46375	4.48333	0.992781
316	44.1736	53	-1.5133e+06	27.6589	1.32378	226	1.13306	5.12485	4.43784	1.06323
317	42.9089	53	-1.51347e+06	27.4256	1.31368	220	1.13261	5.30216	4.44265	1.13004
318	43.5323	52	-1.514e+06	27.5324	1.29876	219	1.13608	5.87056	4.39392	1.0168
319	43.9316	53	-1.51403e+06	27.6793	1.29981	232	1.13457	5.75651	4.49917	0.945605
320	43.9181	52	-1.51317e+06	27.8423	1.29949	222	1.13283	5.09557	4.47421	0.854665
321	44.2192	52	-1.51374e+06	27.9385	1.2933	224	1.1344	5.13608	4.50806	0.984195
322	43.1515	52	-1.51375e+06	27.7975	1.28875	223	1.13642	5.29039	4.50702	0.92968
323	42.8302	53	-1.51419e+06	27.8405	1.29036	222	1.13505	5.96901	4.38375	0.978297
324	42.8755	54	-1.51421e+06	27.6778	1.30009	206	1.1332	5.13973	4.49971	1.02601
325	42.8877	54	-1.51367e+06	27.5444	1.31193	217	1.13234	5.21431	4.44475	0.929489
326	41.2635	54	-1.51357e+06	27.5213	1.32085	215	1.13333	5.14004	4.52198	1.1062
327	42.8384	53	-1.51388e+06	27.6979	1.31559	224	1.13132	5.18633	4.48131	0.819435
328	42.7932	54	-1.51394e+06	27.8591	1.31596	226	1.13346	4.88283	4.53218	1.05034
329	43.1675	52	-1.51341e+06	27.5795	1.32395	229	1.12863	5.31025	4.44393	0.889072
330	42.678	53	-1.51307e+06	27.7197	1.33492	220	1.12879	5.33545	4.37856	0.906555
331	42.4803	54	-1.51383e+06	27.7441	1.34038	201	1.13265	5.31948	4.48553	1.04065
332	43.7382	53	-1.51339e+06	27.6825	1.33601	184	1.12894	5.30774	4.45262	1.09698
333	43.663	53	-1.51346e+06	27.7989	1.32216	206	1.13208	5.41579	4.49595	1.00148
334	42.2984	53	-1.51345e+06	27.8324	1.32733	201	1.13287	5.42428	4.44147	1.05015
335	44.0044	53	-1.51272e+06	27.7902	1.34308	196	1.12553	5.10214	4.52724	1.02916
336	42.7676	54	-1.51232e+06	27.9294	1.33596	198	1.12556	5.37988	4.45439	1.13219
337	43.486	53	-1.5126e+06	27.8781	1.33822	196	1.12411	4.98041	4.47057	0.985144
338	42.6924	54	-1.51213e+06	27.8423	1.33748	208	1.124	5.30649	4.46232	1.16787
339	42.6165	54	-1.51216e+06	27.7997	1.32428	214	1.12543	5.22695	4.36083	0.983507
340	43.4983	53	-1.5127e+06	27.7904	1.34559	222	1.12516	4.59215	4.51159	0.914749
341	42.8639	52	-1.51253e+06	27.7554	1.34876	227	1.1287	5.01202	4.47723	0.902197
342	43.394	54	-1.51256e+06	27.78	1.33245	217	1.12683	5.51263	4.40149	1.14899
343	43.0591	53	-1.51264e+06	27.9875	1.34207	216	1.12728	5.15775	4.35253	0.978084
344	41.9445	52	-1.51304e+06	28.0013	1.32577	222	1.12778	5.25768	4.4866	1.02934
345	42.4536	54	-1.51277e+06	27.8562	1.33398	211	1.12631	4.97323	4.53634	0.9899
346	43.1183	54	-1.51329e+06	27.7772	1.33664	204	1.13021	5.39678	4.47172	1.0501
347	42.3574	55	-1.51356e+06	27.8067	1.32618	200	1.13177	5.09802	4.50157	0.986814
348	43.6712	52	-1.51332e+06	27.5974	1.32027	203	1.13076	5.30833	4.55808	0.963937
349	43.381	54	-1.51361e+06	27.4206	1.33143	196	1.13136	5.17508	4.52438	0.946073
350	43.1285	54	-1.51347e+06	27.6874	1.34372	203	1.13112	5.43064	4.54857	1.01382
351	43.5899	53	-1.5135e+06	27.7444	1.35061	195	1.13238	5.44335	4.55595	0.965183
352	44.2165	52	-1.51302e+06	27.7565	1.35587	197	1.12747	5.02339	4.52534	1.02723
353	44.7141	52	-1.51283e+06	27.5242	1.35496	205	1.1249	5.68584	4.46996	0.902341
354	42.7357	54	-1.5135e+06	27.515	1.35211	209	1.12921	4.94991	4.35636	0.985609
355	41.7761	54	-1.51343e+06	27.3734	1.33691	215	1.13137	5.25627	4.49229	1.00104
356	42.4603	53	-1.51332e+06	27.6216	1.33271	221	1.13155	5.31966	4.44821	1.10758
357	43.402	53	-1.51339e+06	27.4636	1.3285	220	1.13102	5.17897	4.4373	0.92245
358	42.7346	54	-1.51311e+06	27.4122	1.34316	217	1.12872	5.20399	4.48761	1.03608
359	42.0757	53	-1.51314e+06	27.5864	1.34661	209	1.12969	5.03815	4.50802	0.941148
360	41.78	54	-1.51308e+06	27.3895	1.34287	220	1.12888	5.17214	4.49104	0.936083
361	42.5773	54	-1.51256e+06	27.5858	1.35129	218	1.13172	5.55146	4.50661	0.971813
362	42.7499	54	-1.51306e+06	27.7555	1.34462	219	1.12758	5.15018	4.52704	0.98224
363	44.045	53	-1.51229e+06	27.597	1.34715	227	1.12691	5.33611	4.45387	0.84809
364	43.4386	53	-1.51312e+06	27.868	1.33523	230	1.1286	5.58482	4.47464	1.00944
365	44.4754	52	-1.51313e+06	27.7891	1.33822	218	1.12566	5.22415	4.47441	0.959628
366	43.7536	53	-1.51304e+06	27.6943	1.33391	216	1.12502	5.37729	4.50066	0.955372
367	43.4393	53	-1.51325e+06	27.7151	1.33453	225	1.1287	5.34106	4.62609	0.973998
368	40.7521	52	-1.51268e+06	27.5125	1.3496	204	1.12655	5.07933	4.5195	1.06949
369	42.6721	54	-1.51285e+06	27.6303	1.35064	209	1.12568	4.87198	4.5913	0.977395
370	44.1936	54	-1.51314e+06	27.7697	1.33975	223	1.13074	5.10498	4.53244	1.10098
371	42.731	51	-1.51323e+06	27.6937	1.33387	224	1.12919	4.95014	4.51051	0.938402
372	44.0636	53	-1.51327e+06	27.7033	1.33408	223	1.13214	5.36991	4.6124	1.0318
373	43.5388	53	-1.51312e+06	27.2981	1.34363	227	1.12953	4.86515	4.54609	0.894451
374	43.2732	54	-1.513e+06	27.5089	1.34633	214	1.12887	4.86695	4.61978	0.874893
375	43.1291	54	-1.51319e+06	27.6145	1.33085	218	1.13102	5.15196	4.43197	1.05725
376	42.5581	52	-1.51303e+06	27.8023	1.3419	223	1.13116	5.47355	4.42999	0.978874
377	43.5211	53	-1.51318e+06	27.4108	1.35273	219	1.12871	5.18037	4.48654	1.22977
378	43.3082	52	-1.51332e+06	27.6843	1.33346	249	1.13291	5.20171	4.41384	0.932549
379	44.4064	53	-1.51397e+06	27.51	1.32825	229	1.13137	5.24923	4.51092	0.952512
380	43.6764	52	-1.51391e+06	27.4698	1.33149	225	1.13288	5.26763	4.53455	1.05205
381	42.7311	54	-1.51396e+06	27.6106	1.33422	219	1.13184	5.33021	4.50163	1.08753
382	42.8057	54	-1.51385e+06	27.4788	1.33101	219	1.13215	5.01846	4.46172	0.928238
383	42.7451	53	-1.51405e+06	27.4433	1.30375	216	1.13708	5.21599	4.35294	1.10758
384	42.8197	54	-1.51441e+06	27.4868	1.28693	213	1.13832	5.10876	4.43491	1.05384
385	42.3014	53	-1.51338e+06	27.3194	1.31901	210	1.13187	5.38041	4.43599	0.937193
386	42.8372	54	-1.51343e+06	27.3639	1.34311	224	1.13152	5.30169	4.48945	1.03806
387	43.8951	53	-1.51282e+06	27.4582	1.34531	212	1.13078	5.13276	4.4142	1.05407
388	42.1085	54	-1.51325e+06	27.693	1.33111	207	1.13343	5.34406	4.55719	1.01434
389	43.0872	54	-1.51313e+06	27.7063	1.32848	217	1.13072	5.23734	4.47292	1.00386
390	42.2281	52	-1.51354e+06	27.8639	1.30845	209	1.13433	5.2852	4.51406	1.02936
391	42.912	54	-1.51381e+06	27.7834	1.29505	213	1.13352	5.28396	4.518	0.942911
392	43.0411	53	-1.51365e+06	27.766	1.30488	214	1.1335	5.30387	4.4641	1.05939
393	43.7333	53	-1.51353e+06	27.8364	1.30951	239	1.13744	5.52888	4.50882	0.99082
394	43.7507	54	-1.51375e+06	27.5437	1.3084	218	1.13381	5.21875	4.51333	0.96567
395	42.7975	52	-1.51335e+06	27.3601	1.32385	227	1.13177	5.20019	4.52341	1.02408
396	43.1072	54	-1.51358e+06	27.3254	1.32954	210	1.13352	5.26062	4.4754	0.834794
397	42.435	53	-1.51446e+06	27.6122	1.31955	208	1.13313	5.35804	4.57444	0.943344
398	42.6769	53	-1.51349e+06	27.6058	1.31952	218	1.13269	5.33155	4.49443	0.907506
399	42.4069	53	-1.51343e+06	27.6123	1.32731	215	1.13687	4.9622	4.48374	1.0492
400	42.3264	53	-1.51347e+06	27.8775	1.33926	216	1.13234	5.432	4.50029	1.07056
401	42.3102	52	-1.51312e+06	27.8735	1.33261	216	1.13311	5.31917	4.60396	0.993154
402	43.8169	52	-1.51393e+06	27.9921	1.33163	231	1.13291	5.43533	4.47699	0.977398
403	44.0005	53	-1.51381e+06	28.0179	1.33458	213	1.12992	5.43422	4.46555	1.03286
404	42.8516	54	-1.51353e+06	27.9842	1.33158	219	1.13186	5.04449	4.51285	1.04417
405	43.5441	53	-1.51341e+06	27.9462	1.30951	229	1.13084	5.24498	4.47537	0.970925
406	44.6644	52	-1.51276e+06	28.093	1.30081	232	1.12962	5.49994	4.49906	0.986269
407	44.0287	52	-1.51288e+06	27.9837	1.32153	227	1.12818	5.24225	4.4975	1.1115
408	43.5829	54	-1.51286e+06	27.9296	1.31161	214	1.12697	5.10032	4.50806	0.94389
409	42.812	53	-1.51365e+06	27.6286	1.32642	233	1.13036	5.59011	4.45299	1.03427
410	43.6988	53	-1.5133e+06	27.7621	1.33671	219	1.13225	5.3529	4.50041	1.01568
411	44.0594	53	-1.51359e+06	27.7348	1.31597	241	1.13338	5.28871	4.45134	1.07127
412	44.0623	52	-1.51337e+06	27.5537	1.31208	231	1.1322	5.15404	4.44927	1.04452
413	43.9859	52	-1.51412e+06	27.6702	1.32121	233	1.13484	5.39355	4.38708	0.891975
414	43.9303	53	-1.51324e+06	27.7923	1.31309	227	1.13458	5.12831	4.4692	0.995057
415	44.394	52	-1.5136e+06	27.558	1.32534	232	1.13334	5.00388	4.43406	1.00823
416	44.6543	52	-1.51355e+06	27.5232	1.33452	245	1.13351	5.11255	4.48755	0.90776
417	43.8692	51	-1.51341e+06	27.4969	1.3345	248	1.13354	5.44152	4.45034	0.990102
418	44.7761	52	-1.51356e+06	27.4631	1.33069	246	1.13491	4.90285	4.52315	1.0537
419	44.2922	52	-1.51356e+06	27.3607	1.33048	245	1.13359	4.92221	4.51134	0.894009
420	43.7891	51	-1.51343e+06	27.3197	1.34236	224	1.13268	5.00158	4.51349	1.03277
421	44.628	51	-1.51315e+06	27.6183	1.33621	252	1.13185	5.42628	4.40041	0.869224
422	44.7508	52	-1.51286e+06	27.6027	1.34079	258	1.13222	5.25779	4.53899	1.05127
423	44.8021	52	-1.51322e+06	27.852	1.3375	229	1.13139	5.21925	4.48586	1.03457
424	43.8538	50	-1.51269e+06	27.739	1.33214	237	1.1266	5.07436	4.4716	0.941432
425	45.3098	51	-1.51285e+06	27.4422	1.33936	253	1.13196	5.18529	4.42897	0.985675
426	46.628	50	-1.51273e+06	27.3735	1.34013	266	1.12749	5.5657	4.4339	0.953408
427	46.0516	50	-1.51311e+06	27.4255	1.33135	244	1.12898	5.04444	4.49882	0.914569
428	45.2705	51	-1.51302e+06	27.5313	1.33265	258	1.13152	5.34053	4.47691	0.877553
429	43.9574	50	-1.51369e+06	27.5816	1.32453	251	1.13338	5.30496	4.39103	0.987743
430	45.4697	51	-1.513e+06	27.5671	1.32982	256	1.12937	5.03377	4.47079	1.04119
431	44.7185	50	-1.5133e+06	27.7455	1.32113	248	1.12891	5.07861	4.53657	1.03734
432	45.3708	49	-1.51303e+06	27.786	1.31563	237	1.12726	4.73929	4.54507	0.906021
433	44.5092	52	-1.51308e+06	27.9105	1.31919	252	1.12858	5.17009	4.53539	0.947475
434	44.7355	52	-1.51279e+06	27.8065	1.31846	245	1.12731	5.07365	4.51637	1.05285
435	44.0083	52	-1.51265e+06	27.9971	1.32044	215	1.12883	5.07773	4.61174	1.01018
436	42.9126	54	-1.51285e+06	27.9163	1.32686	224	1.13203	5.12581	4.47403	1.02593
437	43.7544	51	-1.51223e+06	27.8386	1.32744	250	1.1262	5.54146	4.50845	0.958078
438	45.3151	52	-1.51267e+06	27.7804	1.34499	237	1.1248	5.38628	4.56623	1.01057
439	44.4224	52	-1.51228e+06	27.9123	1.33164	232	1.12569	4.79125	4.49703	0.909359
440	44.0869	52	-1.51216e+06	27.8642	1.34076	231	1.12704	5.38878	4.50475	0.930028
441	44.3371	52	-1.51269e+06	27.6885	1.35301	244	1.12497	5.15865	4.53051	1.03997
442	44.2132	53	-1.51331e+06	27.5353	1.34883	229	1.12804	5.71611	4.48863	0.920377
443	43.7171	53	-1.51309e+06	27.6095	1.33851	218	1.12885	5.17955	4.48379	1.21209
444	41.6655	53	-1.51249e+06	27.783	1.34357	218	1.1281	5.17362	4.54165	1.02893
445	43.0209	54	-1.51281e+06	27.9099	1.34726	212	1.1297	5.22592	4.52516	0.99857
446	42.8004	54	-1.51342e+06	27.8662	1.3279	215	1.12952	4.96286	4.52303	1.03011
447	43.0344	52	-1.51264e+06	27.7875	1.33293	231	1.12402	5.00989	4.56751	1.03302
448	43.2929	53	-1.51215e+06	27.6835	1.34525	222	1.12452	5.2729	4.55868	0.961917
449	43.1881	54	-1.51258e+06	27.7892	1.35898	216	1.12301	4.84351	4.51747	0.94744
450	42.1511	54	-1.51296e+06	27.6829	1.34458	215	1.12793	5.10509	4.59377	1.04652
451	41.5151	52	-1.51254e+06	27.7232	1.34126	215	1.12713	5.39662	4.43525	1.03342
452	42.9412	54	-1.51248e+06	27.5963	1.34991	220	1.1269	5.43247	4.48075	0.954146
453	43.0215	54	-1.51258e+06	27.6612	1.35554	222	1.12763	5.22673	4.43731	0.952104
454	43.6573	53	-1.51326e+06	27.6409	1.34342	226	1.12838	4.91265	4.50877	1.02991
455	43.5711	54	-1.51246e+06	27.49	1.33498	225	1.12618	4.96319	4.46993	1.12502
456	43.2847	53	-1.51326e+06	27.5086	1.32943	217	1.12944	5.19016	4.47686	0.91611
457	42.947	53	-1.51326e+06	27.4547	1.32087	236	1.12956	5.14372	4.48603	0.973716
458	42.7172	52	-1.51333e+06	27.7727	1.32564	221	1.1288	5.3201	4.55641	1.10069
459	43.523	53	-1.51341e+06	27.7147	1.31691	230	1.13216	5.13767	4.456	0.910289
460	43.4634	52	-1.5133e+06	27.7191	1.3344	229	1.12996	5.36814	4.42285	1.00796
461	43.9723	53	-1.513e+06	27.8369	1.33375	208	1.13214	5.02022	4.39752	0.914335
462	43.9154	52	-1.5131e+06	27.7938	1.32315	233	1.13119	5.05236	4.50837	1.01957
463	44.2682	53	-1.5126e+06	27.966	1.31071	225	1.13048	5.16792	4.45064	0.937963
464	44.08	52	-1.5131e+06	27.9749	1.3088	244	1.12901	5.39723	4.43564	0.920488
465	45.8103	51	-1.51273e+06	27.9817	1.31471	243	1.13153	5.29253	4.38499	1.1313
466	45.7095	51	-1.51288e+06	27.6729	1.32002	234	1.13069	5.15471	4.47317	0.960141
467	43.8567	52	-1.51226e+06	27.9884	1.31319	222	1.13179	5.45715	4.48933	0.966738
468	43.5203	52	-1.51272e+06	28.0571	1.31887	254	1.12963	5.3239	4.45343	1.04067
469	45.2585	51	-1.51208e+06	28.1238	1.3124	256	1.12748	5.1554	4.50423	0.942836
470	46.2432	50	-1.51264e+06	28.1558	1.30407	256	1.13075	5.32933	4.43721	0.978369
471	45.4811	51	-1.51275e+06	28.1692	1.30055	254	1.1294	5.63248	4.43125	0.997251
472	45.2747	50	-1.51313e+06	28.1464	1.30034	255	1.13188	5.5474	4.50749	0.894837
473	45.6179	50	-1.51232e+06	28.2848	1.30491	257	1.13153	5.53271	4.45639	0.987461
474	44.8498	51	-1.51173e+06	28.1611	1.32717	240	1.12606	5.12234	4.40989	0.968688
475	44.7331	52	-1.51233e+06	28.1309	1.32231	241	1.12726	5.37308	4.49766	0.917933
476	44.7367	50	-1.51261e+06	28.0101	1.31316	242	1.12784	5.61819	4.47814	1.00392
477	44.9963	51	-1.51213e+06	28.1164	1.31413	239	1.12718	5.38116	4.55253	1.15723
478	44.5954	51	-1.51168e+06	28.1131	1.32025	248	1.12374	4.96468	4.48219	0.978805
479	45.6894	51	-1.51203e+06	28.2183	1.32438	252	1.12546	5.17848	4.43067	0.896127
480	45.7342	51	-1.51257e+06	27.8901	1.33132	237	1.12623	5.06888	4.37892	0.923032
481	44.5258	50	-1.5123e+06	27.848	1.33137	241	1.12593	5.29702	4.40237	0.976764
482	44.5817	52	-1.51291e+06	27.9302	1.33801	241	1.12676	4.77013	4.41742	0.99447
483	44.1355	52	-1.51261e+06	27.8743	1.34172	229	1.12557	4.8661	4.52004	0.98414
484	44.0495	52	-1.51197e+06	27.7158	1.34474	232	1.12417	5.15821	4.48997	0.932284
485	44.4991	52	-1.51208e+06	27.7938	1.35337	230	1.1236	5.18586	4.49711	0.908394
486	45.3219	51	-1.51206e+06	27.8284	1.35012	232	1.12824	5.3668	4.49826	0.982442
487	42.6492	50	-1.51228e+06	28.0763	1.3371	242	1.12795	5.19161	4.55062	1.02105
488	43.8204	51	-1.51149e+06	28.0141	1.33242	236	1.1261	5.07332	4.48406	1.04344
489	44.9216	51	-1.51267e+06	28.0842	1.32091	245	1.13008	5.18858	4.55881	0.89707
490	44.9522	51	-1.51193e+06	27.9795	1.32271	234	1.12604	5.41579	4.57006	0.888188
491	44.2374	51	-1.51169e+06	28.1359	1.32835	255	1.12636	4.72398	4.49927	1.02868
492	43.8858	50	-1.51237e+06	27.9328	1.33658	250	1.12769	5.04593	4.49736	0.983368
493	45.1464	50	-1.51214e+06	27.8167	1.32604	246	1.12817	4.84666	4.52791	1.01154
494	45.4158	49	-1.51212e+06	27.847	1.33947	262	1.12964	4.6884	4.42174	0.913871
495	45.5062	49	-1.51158e+06	27.7828	1.34109	262	1.12637	5.18373	4.54254	1.01365
496	44.5652	51	-1.51203e+06	27.8292	1.32733	238	1.12758	5.00904	4.51484	0.941005
497	45.0702	52	-1.51258e+06	27.7939	1.32382	250	1.12949	5.25384	4.43496	1.09642
498	44.772	51	-1.51198e+06	27.7425	1.32989	249	1.12755	5.06435	4.49553	1.04306
499	44.8501	52	-1.5121e+06	27.9624	1.32596	237	1.12712	4.9757	4.50497	0.923846
500	44.0415	52	-1.51232e+06	27.9631	1.33529	225	1.12686	4.92845	4.57664	1.05654
501	42.8189	52	-1.51187e+06	28.024	1.33805	237	1.12768	4.75092	4.55707	1.05319
502	44.146	52	-1.51234e+06	28.1721	1.32074	238	1.12916	5.30026	4.56374	0.953235
503	44.7733	52	-1.51241e+06	28.1162	1.32913	227	1.12795	4.86694	4.51704	1.0515
504	43.2203	52	-1.51207e+06	27.722	1.32001	222	1.12754	5.1632	4.5231	1.04342
505	43.8756	51	-1.51258e+06	27.6006	1.34076	236	1.12671	5.09132	4.41338	1.08408
506	42.9827	51	-1.51223e+06	27.8331	1.34834	233	1.12698	4.89888	4.45493	0.978697
507	43.5143	53	-1.51287e+06	27.7776	1.36107	218	1.12574	5.21185	4.48628	1.11465
508	43.2248	53	-1.51269e+06	27.7326	1.35674	232	1.12673	5.29481	4.52288	0.914043
509	41.7151	52	-1.51263e+06	27.6269	1.34317	209	1.12742	4.95673	4.56521	1.0615
510	41.3808	51	-1.51279e+06	27.7655	1.33377	225	1.12986	5.27392	4.49943	0.929606
511	44.5529	52	-1.51341e+06	27.727	1.33197	233	1.13286	4.80587	4.57898	0.929489
512	44.6468	52	-1.51345e+06	27.5369	1.34212	231	1.12773	5.39945	4.57066	1.00816
513	44.0622	50	-1.51277e+06	27.7232	1.33101	240	1.12738	5.15522	4.53639	0.913651
514	44.9168	51	-1.51322e+06	27.7673	1.31686	248	1.13084	5.34843	4.49815	1.01401
515	44.9209	52	-1.51241e+06	27.5258	1.3168	241	1.12565	5.08144	4.51183	1.14584
516	44.4246	53	-1.51215e+06	27.8259	1.32765	228	1.12456	5.13786	4.56055	0.862764
517	45.014	52	-1.51206e+06	27.9612	1.33906	225	1.12392	5.13442	4.53496	0.931405
518	44.6447	52	-1.51204e+06	28.3544	1.33853	237	1.12523	5.29205	4.54137	1.06992
519	44.6344	52	-1.51146e+06	28.2536	1.33192	245	1.1226	5.1427	4.57052	0.924865
520	45.2934	51	-1.51132e+06	28.2854	1.3482	253	1.12014	5.15197	4.49687	0.93694
521	43.5215	49	-1.51132e+06	28.24	1.35625	255	1.12174	5.40429	4.47937	1.12634
522	45.7518	49	-1.51168e+06	28.0429	1.35249	253	1.12197	5.30562	4.43142	0.933606
523	45.9851	50	-1.51213e+06	28.0804	1.34575	247	1.1259	5.30184	4.4775	0.934162
524	45.8751	50	-1.5119e+06	28.2529	1.32076	237	1.1223	5.34894	4.5243	1.02557
525	44.8898	51	-1.51223e+06	28.0323	1.32755	243	1.12463	5.16235	4.49782	0.980822
526	44.98	52	-1.51242e+06	28.2531	1.32097	244	1.13	5.69998	4.4615	0.904846
527	44.7462	51	-1.51248e+06	28.3128	1.32964	247	1.1281	5.70643	4.55195	0.932999
528	46.1456	50	-1.51252e+06	28.2585	1.33076	270	1.12727	4.96775	4.4357	0.95349
529	45.9916	50	-1.51247e+06	28.163	1.31812	252	1.12823	5.24796	4.49261	0.942695
530	45.6003	49	-1.51233e+06	28.0072	1.3283	251	1.12799	5.05706	4.51504	0.958461
531	45.092	50	-1.51241e+06	27.8595	1.34596	257	1.12955	5.14831	4.46541	0.871039
532	45.7997	51	-1.51243e+06	27.722	1.34261	245	1.12872	5.18418	4.51592	0.959063
533	45.748	50	-1.51258e+06	27.8062	1.34893	262	1.12599	4.80478	4.52251	0.91409
534	45.8906	50	-1.51227e+06	27.8847	1.34024	257	1.12326	5.0728	4.49351	0.985524
535	45.1504	51	-1.5128e+06	27.9863	1.34259	246	1.12722	5.20463	4.54918	0.954022
536	45.2792	50	-1.51225e+06	27.7457	1.35856	258	1.12706	5.16292	4.45714	1.02637
537	44.1049	49	-1.51204e+06	27.9356	1.36477	251	1.12456	4.9505	4.39045	0.976783
538	44.9174	51	-1.51246e+06	27.7426	1.35826	252	1.12553	4.85143	4.5336	0.966657
539	46.0096	50	-1.51147e+06	27.7448	1.34687	269	1.12208	5.08808	4.51984	0.878875
540	45.2976	50	-1.51185e+06	27.8728	1.35873	250	1.12796	5.05567	4.537	1.04409
541	46.3457	50	-1.51194e+06	27.6776	1.35236	254	1.12406	5.1969	4.41051	0.940495
542	44.4824	50	-1.51234e+06	27.8785	1.36726	232	1.12588	5.11571	4.48975	1.00133
543	45.9809	50	-1.51269e+06	27.949	1.34043	247	1.12828	5.18887	4.49388	1.0549
544	45.1327	49	-1.51223e+06	28.0582	1.32633	256	1.12809	4.86658	4.38697	0.980047
545	43.1042	49	-1.51217e+06	28.0651	1.32733	238	1.12496	5.03844	4.49499	1.02532
546	44.4063	50	-1.51283e+06	28.0025	1.32335	256	1.12578	5.08341	4.46448	1.00853
547	45.7227	49	-1.51248e+06	27.9269	1.34068	262	1.12563	5.03711	4.41637	0.925666
548	45.3857	50	-1.51221e+06	27.9621	1.33325	248	1.1262	4.64504	4.49765	1.0043
549	45.8787	50	-1.51181e+06	27.8599	1.31842	252	1.1261	4.78599	4.51451	0.995997
550	46.3132	49	-1.51208e+06	27.9041	1.32934	258	1.12821	5.00467	4.4615	0.939338
551	45.42	50	-1.51201e+06	27.8941	1.33961	263	1.12718	5.08112	4.44726	0.947383
552	45.3025	50	-1.5123e+06	27.7805	1.34108	247	1.1277	5.13855	4.43885	1.02748
553	45.9036	50	-1.5126e+06	27.6946	1.34903	266	1.12809	5.18461	4.484	1.02773
554	46.5483	49	-1.51245e+06	27.9	1.34283	262	1.12626	5.10925	4.53965	0.991865
555	46.2807	49	-1.51254e+06	28.1401	1.32889	261	1.12782	5.17666	4.46928	1.07695
556	46.2705	49	-1.51235e+06	28.0469	1.3269	256	1.12772	5.50137	4.4899	0.941477
557	45.0275	51	-1.51231e+06	28.133	1.32887	248	1.12769	5.06512	4.3953	1.04928
558	46.4645	49	-1.51246e+06	28.2006	1.31821	240	1.12794	5.19539	4.41883	1.0996
559	45.4504	50	-1.51275e+06	27.9552	1.31329	249	1.12841	5.10461	4.41713	1.09148
560	45.199	51	-1.51222e+06	28.2104	1.3018	249	1.12601	5.34449	4.48143	1.07573
561	45.185	51	-1.51225e+06	28.1986	1.31063	258	1.12661	5.13968	4.59005	0.983797
562	45.7871	50	-1.51264e+06	28.2031	1.32458	244	1.12728	5.04252	4.56263	0.937132
563	45.2808	50	-1.51217e+06	28.1984	1.3277	263	1.12551	5.24152	4.44751	1.07365
564	45.0291	50	-1.51181e+06	28.1234	1.33611	244	1.12292	5.19128	4.47982	0.98408
565	44.5094	52	-1.51227e+06	28.1581	1.33603	229	1.1239	5.00493	4.48505	1.09765
566	45.1496	51	-1.51235e+06	27.9756	1.32525	240	1.1241	4.93406	4.47248	1.01752
567	44.7266	51	-1.51226e+06	28.0034	1.32114	245	1.12753	5.13795	4.44427	1.09219
568	44.9201	51	-1.51216e+06	27.9641	1.30999	249	1.12736	4.97335	4.44003	0.999823
569	44.9675	51	-1.51204e+06	28.2152	1.32911	247	1.12698	5.17709	4.53404	1.0326
570	45.8823	50	-1.51272e+06	27.9425	1.32522	257	1.12674	5.02225	4.43845	0.833143
571	47.0721	49	-1.5128e+06	28.029	1.32827	271	1.12829	5.05105	4.45423	0.999078
572	45.6639	51	-1.51312e+06	27.8258	1.32986	247	1.12954	5.10987	4.54987	0.909218
573	44.5248	52	-1.51274e+06	28.0579	1.32993	240	1.12747	4.86906	4.49335	0.912172
574	43.211	51	-1.51252e+06	28.0313	1.31551	224	1.1268	4.82526	4.54197	0.895145
575	44.6762	52	-1.51306e+06	28.2174	1.32956	240	1.13003	4.95914	4.53221	1.01979
576	44.2785	52	-1.51252e+06	27.8055	1.34134	226	1.12705	4.98154	4.42834	1.03726
577	44.099	52	-1.51246e+06	27.7199	1.34431	233	1.12685	5.32239	4.49313	1.07353
578	44.3463	51	-1.5118e+06	28.0618	1.34003	235	1.1231	5.18671	4.54699	0.892024
579	43.7584	53	-1.51198e+06	28.0003	1.35148	216	1.12296	4.7452	4.48959	0.984482
580	43.4909	53	-1.51207e+06	27.9438	1.34084	232	1.124	4.79468	4.4792	0.948631
581	43.8683	51	-1.51248e+06	27.9682	1.34711	235	1.12549	5.04559	4.46452	0.870982
582	44.2807	52	-1.51256e+06	28.02	1.34742	247	1.12691	4.77234	4.48886	0.979977
583	44.1695	51	-1.51294e+06	27.8662	1.34158	244	1.12871	5.18799	4.43407	0.948483
584	45.6562	51	-1.51258e+06	27.9512	1.33566	247	1.12945	4.91363	4.50798	1.07777
585	45.4055	51	-1.51288e+06	27.8377	1.33068	256	1.12717	4.83541	4.43473	1.06203
586	50.4232	54	-1.51238e+06	28.007	1.33949	247	1.12749	5.04313	4.39892	1.13983
587	45.0978	50	-1.51137e+06	27.8712	1.35309	241	1.12071	5.12572	4.41757	1.06189
588	43.8152	50	-1.51201e+06	27.8355	1.35213	234	1.12326	5.33278	4.42248	1.00363
589	45.5784	51	-1.51194e+06	27.9225	1.3513	248	1.12356	5.03769	4.51405	1.12891
590	46.4506	51	-1.51246e+06	28.1334	1.33272	246	1.12602	4.85651	4.51723	0.972159
591	47.9751	54	-1.51266e+06	28.0242	1.32108	262	1.12539	4.71857	4.51483	0.980739
592	45.2087	52	-1.5118e+06	28.0089	1.32727	225	1.1236	4.63114	4.54967	1.03346
593	44.0278	51	-1.51203e+06	28.1231	1.33445	223	1.12224	5.15578	4.53154	1.13197
594	45.2971	53	-1.51214e+06	28.0434	1.34828	232	1.12576	4.80606	4.54629	1.12123
595	45.3069	54	-1.51175e+06	27.96	1.34681	222	1.12368	4.65812	4.47418	1.00507
596	43.6319	53	-1.51198e+06	27.9038	1.35749	218	1.12245	4.6761	4.50085	1.01676
597	48.2873	52	-1.51218e+06	27.9252	1.36282	217	1.12344	4.83995	4.51695	0.962115
598	47.2297	58	-1.51179e+06	27.9121	1.36086	211	1.12089	4.60884	4.51576	1.07766
599	44.1131	53	-1.51173e+06	28.081	1.35505	218	1.12261	4.75502	4.55244	0.970632
600	46.7677	55	-1.51135e+06	27.9981	1.35089	235	1.12326	4.98709	4.53126	1.02991
601	44.3555	52	-1.5118e+06	27.7907	1.35158	241	1.12298	4.92386	4.49876	0.971304
602	44.6313	53	-1.51241e+06	27.5812	1.34396	225	1.12483	5.24844	4.47202	1.00885
603	43.5324	54	-1.51246e+06	27.4587	1.33344	219	1.129	5.35793	4.46074	1.0165
604	43.0865	54	-1.51242e+06	27.4583	1.33196	222	1.12723	4.9647	4.45044	1.08477
605	41.5891	52	-1.51275e+06	27.6478	1.32606	216	1.12979	4.87539	4.51915	0.945139
606	42.5268	53	-1.5122e+06	27.8462	1.33235	223	1.1276	4.77934	4.65708	0.875015
607	42.227	52	-1.5123e+06	27.8168	1.33078	219	1.12663	4.93722	4.63308	1.11596
608	43.0382	54	-1.51244e+06	27.7224	1.34851	221	1.12473	4.70042	4.60362	0.893897
609	42.2052	53	-1.51263e+06	27.6463	1.32584	222	1.12623	5.0092	4.61418	1.00365
610	44.1029	52	-1.51253e+06	27.7299	1.3337	240	1.12626	4.90323	4.51355	0.879426
611	43.4095	53	-1.51212e+06	27.8248	1.3378	223	1.12301	4.9465	4.48567	1.00008
612	41.5159	52	-1.51257e+06	27.6956	1.35202	215	1.12404	5.0962	4.56056	0.939556
613	42.3487	53	-1.51231e+06	27.7566	1.3473	227	1.12594	4.75648	4.45112	0.97524
614	43.8154	54	-1.51228e+06	27.7066	1.34519	224	1.12474	5.07867	4.58221	1.12349
615	43.6696	53	-1.51215e+06	27.753	1.34339	221	1.12592	4.89978	4.56109	0.828187
616	42.3721	52	-1.51269e+06	27.813	1.33442	231	1.12284	4.81986	4.53422	0.932528
617	43.0438	53	-1.51253e+06	27.8438	1.33948	216	1.12454	4.64283	4.51743	1.06355
618	44.1771	51	-1.51172e+06	27.7761	1.34137	226	1.12407	4.25821	4.61169	1.14393
619	44.5451	52	-1.51206e+06	27.9625	1.34682	232	1.12391	4.72449	4.5407	1.09459
620	45.2905	52	-1.51198e+06	27.7652	1.34971	229	1.12637	4.93206	4.5828	0.968503
621	45.6863	52	-1.51196e+06	27.9116	1.33353	246	1.12473	4.81553	4.50952	0.895672
622	46.3012	51	-1.51237e+06	27.925	1.33251	247	1.12776	4.77236	4.4556	1.0515
623	46.7699	49	-1.51203e+06	27.9043	1.33949	265	1.12617	5.0668	4.48286	0.953135
624	46.7679	50	-1.51232e+06	27.684	1.33604	262	1.12557	4.9952	4.5203	1.04027
625	46.9328	49	-1.51199e+06	27.8576	1.3519	258	1.12563	5.11649	4.52521	1.01426
626	46.6796	50	-1.51157e+06	27.7436	1.33488	242	1.12386	5.01703	4.59445	0.969867
627	47.1502	52	-1.51215e+06	27.8325	1.32923	235	1.12552	5.07068	4.59489	0.863869
628	46.1364	52	-1.51179e+06	27.8611	1.32809	256	1.1248	4.95426	4.63249	1.01315
629	44.7429	51	-1.51181e+06	27.9621	1.32899	245	1.12421	4.54643	4.44884	0.860638
630	45.3765	51	-1.51203e+06	27.8932	1.32955	233	1.12521	4.84655	4.55546	0.999363
631	44.9381	51	-1.51205e+06	27.7355	1.33613	250	1.12507	4.94552	4.52066	1.0406
632	45.1281	50	-1.51262e+06	27.7037	1.3295	241	1.12877	5.13577	4.51623	0.94112
633	44.9985	50	-1.51204e+06	27.5941	1.33278	249	1.12722	4.84371	4.41898	1.03787
634	45.4584	50	-1.51258e+06	27.4451	1.32918	271	1.12792	4.81449	4.57784	0.955738
635	46.0213	50	-1.51249e+06	27.5281	1.33963	260	1.12624	4.87248	4.63767	0.960783
636	45.4314	50	-1.51199e+06	27.6918	1.34048	257	1.12611	4.94729	4.57216	1.06131
637	44.9799	50	-1.51234e+06	27.7374	1.33682	246	1.12594	5.01322	4.53847	1.02453
638	44.5631	51	-1.51269e+06	27.8538	1.3281	244	1.12577	4.93773	4.60363	0.930427
639	45.2928	51	-1.51232e+06	27.8423	1.30943	249	1.12835	4.41369	4.56664	0.875624
640	44.4408	50	-1.51226e+06	27.8653	1.30702	237	1.12804	5.03304	4.54147	0.943906
641	45.6912	50	-1.51197e+06	27.9559	1.30532	245	1.12504	4.87484	4.58365	1.05914
642	43.9938	51	-1.51173e+06	27.9189	1.32856	248	1.12381	4.95785	4.5578	1.04755
643	46.2666	50	-1.5115e+06	27.7702	1.31943	256	1.12331	4.75456	4.57126	0.915193
644	47.3113	50	-1.51174e+06	27.8345	1.31949	257	1.12575	4.80422	4.54718	1.05155
645	47.0542	50	-1.51209e+06	27.591	1.31794	252	1.12451	4.52397	4.49173	0.978264
646	45.7791	51	-1.51204e+06	27.804	1.32129	246	1.12648	4.73324	4.48945	0.885348
647	46.0079	50	-1.51178e+06	27.715	1.33964	256	1.12357	5.11107	4.51172	1.15614
648	44.9094	49	-1.51193e+06	27.626	1.32711	246	1.12576	4.70815	4.48707	1.00515
649	44.7893	50	-1.51203e+06	27.7193	1.3314	251	1.12587	4.59125	4.48437	1.14171
650	45.1271	50	-1.51135e+06	27.8094	1.33386	238	1.12128	4.58288	4.57046	1.06024
651	43.8744	50	-1.51161e+06	27.8699	1.32993	249	1.12317	4.74745	4.49157	0.885232
652	45.7115	50	-1.51119e+06	27.8055	1.33168	257	1.1217	4.73995	4.4958	0.994829
653	45.6082	49	-1.51131e+06	27.99	1.33682	251	1.12557	4.51886	4.52942	0.978557
654	45.829	50	-1.51142e+06	27.9286	1.33289	251	1.12455	5.29245	4.5212	1.02995
655	46.4543	50	-1.51146e+06	27.8921	1.33419	253	1.12336	4.99442	4.61611	0.949659
656	46.7482	50	-1.51133e+06	27.683	1.3452	264	1.11998	4.87173	4.52765	0.908707
657	48.2582	48	-1.51128e+06	27.8603	1.32945	290	1.12316	4.86097	4.42579	1.05487
658	47.6405	48	-1.51137e+06	27.8433	1.336	266	1.12304	4.54271	4.41697	0.986076
659	47.0583	48	-1.51144e+06	28.0086	1.34969	269	1.12358	4.82446	4.43089	1.04789
660	46.1979	49	-1.51166e+06	27.7891	1.34004	264	1.12387	4.91963	4.45814	0.959615
661	45.7334	50	-1.51192e+06	27.992	1.33168	269	1.12648	4.93287	4.52041	1.12257
662	46.0345	50	-1.51115e+06	27.9522	1.33448	264	1.12301	4.35035	4.51048	0.978088
663	46.6032	48	-1.51111e+06	27.9153	1.34497	246	1.12169	4.71969	4.49084	0.993358
664	44.7884	50	-1.51134e+06	28.121	1.36485	241	1.12151	4.85793	4.56502	0.909219
665	45.15	51	-1.51102e+06	28.0693	1.35769	239	1.12147	4.85936	4.61107	1.06441
666	44.7077	51	-1.51142e+06	28.0115	1.33263	224	1.12302	4.49833	4.5975	1.04464
667	43.6036	51	-1.51185e+06	28.0092	1.32481	231	1.12291	4.52395	4.59715	1.0282
668	43.7156	51	-1.51173e+06	27.9081	1.32353	237	1.12474	4.73374	4.57168	1.00017
669	45.44	50	-1.51154e+06	28.0879	1.31208	254	1.12378	4.59724	4.48741	1.05502
670	47.8383	50	-1.51241e+06	28.2752	1.31173	251	1.1279	4.92916	4.52047	0.960126
671	45.3726	51	-1.51224e+06	28.0693	1.30569	262	1.12733	4.63745	4.54258	0.912819
672	45.5966	50	-1.51183e+06	27.8583	1.31533	247	1.12514	4.73686	4.50828	0.979141
673	43.6348	51	-1.51215e+06	28.1254	1.31064	242	1.12495	4.76135	4.55821	0.927852
674	44.5211	50	-1.51236e+06	27.8941	1.33282	236	1.12531	4.60772	4.46638	0.998776
675	45.1083	51	-1.51208e+06	27.902	1.31907	252	1.12872	4.92842	4.46658	1.07208
676	45.1284	51	-1.51218e+06	28.0548	1.33487	256	1.12862	4.4463	4.47219	1.11304
677	46.5367	49	-1.51291e+06	27.9373	1.33414	258	1.12781	4.67732	4.56225	0.96374
678	44.8863	51	-1.51231e+06	27.8438	1.33111	239	1.12697	4.98245	4.45096	0.959983
679	46.4439	50	-1.51264e+06	27.7546	1.31654	242	1.12579	4.82586	4.54679	1.0205
680	46.6272	49	-1.5123e+06	27.9178	1.31575	253	1.12593	4.82277	4.54286	0.968148
681	45.587	50	-1.51136e+06	27.7706	1.33597	255	1.12368	5.08533	4.44816	0.94401
682	46.5652	50	-1.51202e+06	27.7923	1.35506	248	1.1218	4.98502	4.5641	1.03027
683	43.9772	48	-1.51151e+06	27.7205	1.37822	234	1.12017	4.78829	4.47448	0.97785
684	44.5909	50	-1.51074e+06	27.8838	1.3532	270	1.1212	4.5378	4.48545	1.00029
685	47.4553	50	-1.51126e+06	27.874	1.36124	250	1.12305	4.57717	4.54172	0.876746
686	44.4342	50	-1.51165e+06	27.9148	1.3677	259	1.12212	4.81278	4.49933	1.12739
687	47.0136	50	-1.51147e+06	27.6517	1.36948	249	1.12118	4.85406	4.57474	1.05948
688	46.2874	49	-1.51149e+06	28.0359	1.36547	250	1.12424	4.74039	4.54946	0.918727
689	46.1931	50	-1.51113e+06	27.8588	1.37234	262	1.12337	4.71946	4.53609	1.09509
690	46.3957	48	-1.51146e+06	27.8023	1.37292	269	1.1198	4.74929	4.52452	0.945311
691	48.1646	50	-1.5112e+06	27.9798	1.34833	255	1.12313	4.88644	4.55931	1.0026
692	47.057	49	-1.51084e+06	28.0803	1.34714	267	1.12208	4.4529	4.47057	1.00629
693	47.8395	49	-1.51141e+06	28.1784	1.35434	268	1.12199	4.56523	4.5483	1.03014
694	46.9631	47	-1.51122e+06	28.1683	1.36175	256	1.12215	4.66289	4.46784	0.958388
695	48.8568	48	-1.51147e+06	27.8846	1.3433	261	1.12043	4.71355	4.6391	1.09287
696	48.7592	49	-1.5117e+06	27.8635	1.33282	268	1.1253	5.01839	4.59443	0.959327
697	46.892	49	-1.51193e+06	27.8796	1.32577	267	1.12587	4.76975	4.51593	0.988502
698	46.851	50	-1.51271e+06	27.9345	1.32079	260	1.12863	4.7189	4.51931	0.998599
699	45.3879	50	-1.51239e+06	27.9295	1.31916	241	1.12904	4.82357	4.5288	1.03474
700	45.6815	49	-1.51262e+06	27.9946	1.29743	250	1.13113	4.83735	4.52663	1.11084
701	46.979	51	-1.51201e+06	27.9411	1.30063	249	1.12786	4.89977	4.49351	0.958129
702	47.6761	50	-1.512e+06	27.802	1.30473	255	1.12717	4.86861	4.59774	0.935597
703	47.2843	48	-1.51213e+06	27.791	1.30333	282	1.12665	4.99227	4.59562	1.04559
704	47.9546	48	-1.51177e+06	28.0827	1.30224	275	1.12848	4.61561	4.50718	0.97271
705	46.9463	47	-1.51185e+06	27.9	1.31697	279	1.12689	4.8376	4.57076	0.999776
706	49.08	48	-1.5116e+06	27.9354	1.32006	280	1.12765	4.96467	4.44958	0.90537
707	47.7665	48	-1.51199e+06	28.0214	1.30292	275	1.13123	4.89443	4.5568	1.06039
708	47.0476	48	-1.51232e+06	27.8654	1.30269	278	1.12873	4.88437	4.60187	1.03674
709	46.9194	47	-1.51229e+06	27.8199	1.29957	268	1.13407	4.66932	4.52556	1.03385
710	47.8735	49	-1.51187e+06	27.6676	1.29969	261	1.12743	5.07895	4.58571	1.03057
711	44.3631	49	-1.51169e+06	27.6473	1.30274	256	1.12776	4.61047	4.53489	1.01898
712	46.1912	50	-1.51236e+06	27.7931	1.3016	258	1.12762	4.90357	4.53612	0.936354
713	46.2782	50	-1.51204e+06	27.8885	1.31621	262	1.12873	4.99018	4.50177	1.02166
714	47.3526	49	-1.51202e+06	27.8833	1.32503	258	1.12928	4.58831	4.57012	1.04376
715	46.9743	49	-1.5121e+06	27.9844	1.31553	267	1.12763	4.81616	4.51167	0.964053
716	45.8569	47	-1.51204e+06	27.8786	1.321	264	1.12565	4.64757	4.53259	0.930173
717	47.0437	49	-1.51232e+06	27.8824	1.32054	265	1.12861	4.6059	4.59357	1.19306
718	45.8411	50	-1.51195e+06	27.7377	1.32165	243	1.12543	4.61754	4.48525	0.914263
719	45.536	50	-1.51174e+06	27.827	1.32574	253	1.12371	4.74375	4.48668	0.901423
720	45.3673	49	-1.51253e+06	28.0426	1.33435	249	1.1278	4.8913	4.54231	1.08141
721	45.3426	49	-1.51177e+06	27.7313	1.35364	262	1.12434	5.02109	4.5529	1.04856
722	45.3972	49	-1.51187e+06	27.5544	1.34348	259	1.12307	4.71104	4.48424	0.875555
723	46.5884	50	-1.51182e+06	27.847	1.34254	269	1.12366	4.79231	4.59055	0.944748
724	47.2003	49	-1.51134e+06	27.9907	1.34385	265	1.12059	5.04965	4.49607	1.03023
725	45.4007	50	-1.51109e+06	28.0958	1.33701	256	1.12158	4.82743	4.44548	1.04077
726	45.6983	51	-1.51106e+06	28.2417	1.33039	262	1.12237	4.5998	4.43879	0.950137
727	46.7333	49	-1.51185e+06	28.3647	1.31023	254	1.12514	4.94588	4.50818	0.92884
728	47.2783	49	-1.51145e+06	28.1679	1.31506	271	1.12606	4.75774	4.53182	1.0837
729	47.5538	48	-1.51161e+06	28.2149	1.33648	283	1.12442	4.91594	4.53347	1.01952
730	47.3157	49	-1.5122e+06	28.0844	1.29783	265	1.12851	4.98214	4.46966	1.09826
731	47.4912	49	-1.51212e+06	27.9251	1.30528	279	1.1253	4.65095	4.46155	1.03874
732	46.972	47	-1.51181e+06	28.063	1.31319	295	1.12604	4.63751	4.47589	0.951052
733	48.0272	48	-1.51228e+06	27.9966	1.30608	294	1.12861	4.99586	4.46409	0.920258
734	47.6121	48	-1.51128e+06	28.051	1.31392	276	1.12532	5.20997	4.50937	0.99057
735	46.9673	48	-1.51164e+06	28.0268	1.30921	278	1.12294	4.89396	4.50304	0.984015
736	46.4868	49	-1.51188e+06	28.129	1.30459	263	1.12646	4.75134	4.6105	1.05002
737	47.0007	49	-1.51273e+06	28.0234	1.30294	267	1.12688	4.92166	4.57475	1.00878
738	46.133	48	-1.51147e+06	28.1399	1.31976	258	1.1278	5.10406	4.53804	0.97881
739	46.3299	50	-1.51161e+06	28.0693	1.31505	264	1.12581	4.94107	4.53968	1.11923
740	46.468	49	-1.51189e+06	28.3588	1.30414	258	1.12596	4.99877	4.58358	1.09125
741	45.8742	49	-1.51196e+06	28.2103	1.29323	267	1.12851	5.16282	4.44559	1.02062
742	46.0027	49	-1.51116e+06	28.2704	1.29191	270	1.1253	4.9829	4.48232	1.01511
743	44.1721	48	-1.51136e+06	28.2383	1.30186	247	1.12559	5.20073	4.49376	1.04398
744	44.9268	51	-1.51203e+06	28.295	1.29872	245	1.12618	5.34248	4.58984	0.961282
745	45.0634	51	-1.51215e+06	28.1831	1.30005	248	1.12736	4.93034	4.56633	0.898253
746	43.7639	50	-1.5116e+06	28.2726	1.29125	254	1.12746	4.89094	4.49745	1.00548
747	44.93	51	-1.5129e+06	28.4459	1.28499	243	1.13142	4.69344	4.50297	1.03986
748	44.8009	51	-1.51204e+06	28.2707	1.28742	257	1.12674	4.99306	4.5503	1.0608
749	44.8808	49	-1.51255e+06	28.1164	1.29323	249	1.12819	5.25049	4.50966	0.990968
750	45.0495	50	-1.51261e+06	28.0046	1.28828	249	1.12929	4.95164	4.44961	1.03981
751	45.3421	51	-1.5125e+06	28.0699	1.28732	261	1.1299	4.87639	4.4599	1.18842
752	46.3419	50	-1.512e+06	28.1072	1.279	272	1.13111	5.02599	4.46453	0.958975
753	46.5711	49	-1.51277e+06	27.8532	1.30269	252	1.12917	4.86877	4.57322	0.991301
754	44.7894	51	-1.51234e+06	27.8615	1.29073	239	1.13067	4.98723	4.61897	1.00482
755	44.9872	51	-1.51273e+06	27.9945	1.29023	241	1.13154	4.9821	4.62523	0.969189
756	44.2172	50	-1.51273e+06	27.5503	1.32231	247	1.13028	5.06686	4.50906	0.960407
757	44.4286	51	-1.5123e+06	27.7236	1.31763	245	1.12707	4.94803	4.51026	0.879464
758	45.6707	50	-1.51347e+06	27.7857	1.30299	252	1.12796	4.89352	4.54862	0.940316
759	45.1851	49	-1.51329e+06	27.8642	1.29906	264	1.13006	4.79264	4.56583	1.06353
760	45.7493	49	-1.5124e+06	27.7268	1.31809	260	1.12545	4.98033	4.65586	0.972883
761	45.7198	50	-1.51226e+06	27.9101	1.33196	253	1.12577	4.82186	4.63731	1.04465
762	45.0908	51	-1.51153e+06	27.9661	1.3289	242	1.12521	4.98685	4.49526	0.925434
763	44.7636	52	-1.5123e+06	27.9325	1.31298	233	1.1255	4.8967	4.4991	1.01371
764	43.8671	52	-1.51228e+06	28.0052	1.31214	239	1.12648	4.78872	4.49719	1.01067
765	44.6508	52	-1.51169e+06	28.0958	1.31653	239	1.12247	4.57166	4.54775	1.01256
766	44.8579	51	-1.51224e+06	28.1096	1.32896	256	1.12445	4.85249	4.49155	0.8786
767	44.5761	51	-1.51167e+06	27.905	1.33646	230	1.12193	4.6126	4.4542	1.03156
768	44.3957	52	-1.51202e+06	28.046	1.33775	246	1.12324	5.02898	4.46789	0.930478
769	44.4931	52	-1.51155e+06	28.0984	1.32325	243	1.12377	5.002	4.54442	1.03429
770	46.5373	50	-1.51195e+06	28.0264	1.32928	280	1.12452	5.01484	4.50744	0.94989
771	47.3202	48	-1.51152e+06	28.0892	1.33212	295	1.12576	4.97313	4.49021	0.955011
772	47.3547	48	-1.51169e+06	28.038	1.33282	281	1.12492	4.93657	4.46811	0.943995
773	47.6813	48	-1.51105e+06	28.083	1.32928	281	1.12378	5.00517	4.47159	1.05575
774	47.0098	48	-1.51153e+06	28.1846	1.3361	259	1.12438	4.83202	4.46582	1.00614
775	46.4356	48	-1.51175e+06	27.8148	1.341	276	1.1225	4.76504	4.4725	1.03053
776	46.8116	48	-1.51191e+06	27.9166	1.33505	272	1.12573	4.69882	4.47225	0.941315
777	46.4941	50	-1.51136e+06	27.8757	1.34025	243	1.12163	4.58098	4.51652	0.982239
778	45.0204	50	-1.51139e+06	27.8505	1.35912	244	1.12269	4.53654	4.5346	1.00553
779	44.5792	51	-1.51129e+06	27.9845	1.36223	238	1.12196	4.545	4.43903	0.909479
780	44.4979	51	-1.51197e+06	27.8381	1.35723	228	1.12284	4.66385	4.55628	0.972004
781	44.736	51	-1.51182e+06	27.9832	1.34443	239	1.12452	4.69759	4.51925	0.956921
782	44.9272	51	-1.51191e+06	27.907	1.33971	225	1.12412	4.63396	4.57627	0.945872
783	44.014	51	-1.51181e+06	28.1444	1.33143	235	1.1253	4.74697	4.50242	1.00715
784	44.6836	50	-1.51133e+06	27.952	1.33363	251	1.12434	4.6195	4.51923	1.14942
785	44.7676	51	-1.51212e+06	27.9362	1.3211	236	1.12695	4.69343	4.5394	0.958376
786	45.021	51	-1.5115e+06	27.7829	1.32233	254	1.12629	4.34404	4.46903	1.01809
787	44.2646	50	-1.51194e+06	27.9081	1.33101	257	1.12561	4.97783	4.5394	0.936844
788	45.2644	51	-1.51209e+06	27.8978	1.33591	259	1.12466	4.83601	4.50759	1.21097
789	45.2841	50	-1.51213e+06	27.9524	1.32332	239	1.1256	4.8129	4.53734	0.934659
790	44.096	50	-1.51253e+06	27.8237	1.32632	235	1.12718	4.61531	4.53447	1.04915
791	44.2601	51	-1.51318e+06	28.0289	1.30628	246	1.1295	4.64444	4.47957	0.924224
792	44.6742	52	-1.5127e+06	27.97	1.30678	246	1.13005	4.88991	4.52832	1.10431
793	46.2512	50	-1.51207e+06	27.7417	1.31628	257	1.12896	4.68543	4.51301	0.992097
794	44.9042	50	-1.51205e+06	27.9112	1.31356	250	1.12639	4.67748	4.5525	0.977804
795	44.697	51	-1.51175e+06	28.064	1.32825	241	1.12753	4.60185	4.49047	0.913391
796	45.2596	49	-1.51137e+06	27.9659	1.33655	263	1.1231	4.84949	4.43814	0.998711
797	45.6549	51	-1.51173e+06	27.9276	1.34875	241	1.12555	4.7173	4.54504	0.905055
798	45.0575	51	-1.51247e+06	27.8243	1.34397	259	1.12492	4.70393	4.44414	0.986672
799	45.9377	50	-1.51168e+06	28.0585	1.34963	255	1.12488	5.36375	4.52497	0.931433
800	45.0733	51	-1.51159e+06	27.8722	1.34877	233	1.12437	5.12849	4.53692	0.927438
801	44.7094	52	-1.51113e+06	27.9795	1.33997	239	1.12305	4.85473	4.52024	0.84109
802	43.6975	52	-1.51115e+06	28.111	1.3299	246	1.12245	5.23585	4.50804	0.990586
803	43.4212	50	-1.51189e+06	28.2048	1.33698	242	1.12491	5.09989	4.53461	0.905191
804	44.757	51	-1.51218e+06	28.2148	1.33318	248	1.12752	5.02171	4.59402	0.993153
805	44.0515	51	-1.51169e+06	28.1363	1.34602	237	1.12273	4.78036	4.491	0.877724
806	44.5565	52	-1.51119e+06	27.9661	1.32606	236	1.12497	4.71273	4.5411	1.05928
807	43.832	52	-1.5117e+06	27.9883	1.32872	233	1.12389	4.72393	4.61216	0.949389
808	43.1185	51	-1.51145e+06	27.9422	1.33167	246	1.12371	4.92095	4.60009	1.02662
809	44.1487	52	-1.51176e+06	27.8318	1.33386	245	1.12322	4.66243	4.50544	1.00557
810	44.2274	50	-1.51128e+06	27.8841	1.33967	254	1.12392	5.12533	4.55871	0.930939
811	45.4244	51	-1.51223e+06	27.8065	1.33397	244	1.12616	4.79521	4.55438	0.959372
812	45.7841	50	-1.5121e+06	27.8248	1.35181	249	1.12478	4.57067	4.50259	1.01352
813	43.1794	51	-1.51162e+06	27.8848	1.34536	242	1.12226	4.77258	4.53983	0.995205
814	44.0551	52	-1.51165e+06	28.0978	1.34075	240	1.12272	4.96457	4.53832	0.950346
815	45.1651	51	-1.51183e+06	27.8268	1.34655	258	1.12521	4.92235	4.53374	1.0887
816	44.7897	50	-1.51204e+06	27.7013	1.3352	251	1.1244	4.91262	4.5011	0.981348
817	44.6074	52	-1.51256e+06	27.8109	1.32783	245	1.12901	4.93503	4.56238	0.89476
818	44.5678	51	-1.51201e+06	27.8455	1.334	266	1.12759	4.94681	4.50062	1.05279
819	44.2995	52	-1.51239e+06	27.6408	1.33162	245	1.12867	4.6008	4.47855	1.00382
820	45.209	50	-1.51258e+06	27.6915	1.33854	261	1.1283	4.78813	4.55588	1.02531
821	45.3328	50	-1.51224e+06	27.733	1.32628	235	1.12662	4.84957	4.53233	0.895304
822	44.0303	51	-1.51256e+06	27.779	1.32936	239	1.12556	4.94818	4.63557	0.977233
823	44.3027	52	-1.51287e+06	27.4077	1.32529	253	1.12778	4.84083	4.58011	1.02837
824	43.7909	52	-1.51214e+06	27.7024	1.31752	227	1.12766	4.78202	4.52936	0.982425
825	44.8257	52	-1.51271e+06	27.6761	1.32367	239	1.13212	4.68108	4.53899	0.938289
826	44.0168	52	-1.51238e+06	27.7045	1.30345	232	1.13005	4.87471	4.5392	0.962695
827	47.7088	50	-1.51241e+06	27.9157	1.29764	229	1.13179	4.83302	4.6433	1.11208
828	47.865	54	-1.51262e+06	27.7348	1.30849	249	1.12753	4.79841	4.46456	0.933402
829	45.1945	51	-1.51263e+06	27.8887	1.31196	257	1.12806	4.87109	4.60342	0.944609
830	43.8827	52	-1.51214e+06	27.8573	1.31467	222	1.12948	4.98292	4.56731	0.943443
831	43.2998	53	-1.51224e+06	27.8823	1.32174	224	1.12772	4.70075	4.59697	1.00156
832	43.3671	53	-1.51233e+06	28.0323	1.3164	233	1.12757	4.7765	4.59151	1.00237
833	44.1701	51	-1.51274e+06	27.9604	1.30983	230	1.12937	4.76358	4.60272	1.05894
834	43.9027	52	-1.51229e+06	27.8744	1.30204	231	1.1311	4.67668	4.45406	0.997426
835	43.7516	52	-1.51308e+06	27.9778	1.27889	228	1.13122	4.71493	4.49346	0.970915
836	43.4274	51	-1.51283e+06	27.8571	1.2869	233	1.12756	4.86394	4.58541	1.06917
837	43.2016	53	-1.51239e+06	27.8115	1.30916	215	1.12669	4.89609	4.51956	0.947957
838	43.8036	52	-1.51197e+06	27.9243	1.32207	232	1.12878	4.97184	4.56945	0.958794
839	42.9114	52	-1.51255e+06	27.8675	1.33102	220	1.13003	4.67064	4.53454	0.955797
840	43.1602	53	-1.51253e+06	27.8924	1.33679	205	1.12775	4.51285	4.54963	0.886091
841	42.3787	54	-1.51252e+06	27.8658	1.33496	213	1.12843	4.69583	4.54611	1.02651
842	43.5844	52	-1.51205e+06	27.8536	1.34859	237	1.1249	5.06294	4.55203	0.921804
843	43.4079	52	-1.51215e+06	27.9195	1.32563	235	1.12177	4.75361	4.51859	0.961254
844	43.3914	50	-1.51238e+06	28.1008	1.32808	242	1.12528	4.7568	4.58116	0.996727
845	44.8251	51	-1.51209e+06	27.9579	1.32229	234	1.12497	5.02144	4.60468	1.01507
846	44.9967	50	-1.51215e+06	28.0552	1.32565	259	1.12635	4.65091	4.61737	0.945757
847	45.0089	51	-1.51232e+06	27.9795	1.31865	252	1.1279	4.50394	4.53205	0.929793
848	43.7733	51	-1.51238e+06	27.8564	1.30402	239	1.12568	4.76935	4.59865	0.991897
849	42.7888	51	-1.51204e+06	27.7914	1.3084	236	1.1259	4.41258	4.51399	0.882745
850	42.9773	50	-1.51265e+06	27.8768	1.30795	236	1.12501	4.94942	4.62458	0.83466
851	44.3642	52	-1.5117e+06	27.8642	1.32074	245	1.12487	4.81273	4.55142	1.06226
852	45.2606	50	-1.51225e+06	27.8171	1.31659	234	1.12613	4.51449	4.54606	1.03169
853	42.716	51	-1.51259e+06	27.9779	1.30488	227	1.12832	4.48157	4.52993	1.13329
854	45.4017	50	-1.51279e+06	27.857	1.31193	228	1.12908	4.82378	4.5849	1.02141
855	43.8624	53	-1.51312e+06	27.8567	1.30724	240	1.13031	4.729	4.58435	1.03343
856	44.1266	52	-1.51276e+06	28.0282	1.30218	245	1.12836	4.86002	4.55184	0.947774
857	47.0239	53	-1.51249e+06	28.1367	1.30474	236	1.12841	4.93237	4.5589	1.01736
858	44.6316	52	-1.51259e+06	28.072	1.30085	237	1.12852	4.72323	4.53872	0.973881
859	44.2701	52	-1.5127e+06	28.0041	1.28864	235	1.12699	4.95231	4.55087	1.05364
860	43.214	51	-1.51233e+06	27.9881	1.30368	224	1.12715	4.51957	4.62432	1.0238
861	42.8458	52	-1.51209e+06	27.9414	1.32294	225	1.12476	4.80137	4.5467	1.08547
862	43.0889	51	-1.51175e+06	28.3406	1.30679	240	1.12567	4.82793	4.53307	1.11941
863	43.9972	50	-1.51169e+06	28.1808	1.30494	244	1.12393	4.57677	4.50253	1.02098
864	45.7281	50	-1.51185e+06	28.082	1.3188	251	1.12223	5.02452	4.63216	1.04759
865	45.05	50	-1.51118e+06	28.1013	1.33724	239	1.1217	4.58409	4.50405	1.00166
866	49.0334	47	-1.51184e+06	27.8505	1.35238	247	1.12138	5.10134	4.53723	0.896179
867	44.1219	50	-1.51207e+06	27.8985	1.3418	248	1.12493	4.80018	4.44025	0.866291
868	44.8394	51	-1.51187e+06	28.0184	1.34218	256	1.12383	5.26806	4.61012	0.890695
869	43.9464	51	-1.51137e+06	28.0837	1.35553	231	1.12214	4.90943	4.54209	1.06323
870	43.0039	52	-1.5119e+06	28.032	1.35089	244	1.12461	4.8221	4.52988	1.01014
871	45.2408	50	-1.51161e+06	27.8929	1.34715	240	1.12191	4.76095	4.5799	1.02055
872	44.8231	51	-1.51149e+06	28.2496	1.33984	250	1.12404	5.05873	4.53511	0.945862
873	44.9339	51	-1.51161e+06	28.2636	1.33046	238	1.12433	4.89985	4.55144	1.05334
874	43.9326	52	-1.51159e+06	28.2645	1.32321	237	1.12252	4.60364	4.60845	0.990288
875	44.6907	51	-1.51238e+06	28.0471	1.32532	241	1.12373	4.72099	4.41022	0.904384
876	43.8996	52	-1.51138e+06	28.3427	1.32907	231	1.12395	4.89194	4.52513	1.14233
877	43.8467	52	-1.51175e+06	28.219	1.32498	244	1.1221	5.18416	4.5859	1.12795
878	44.9321	51	-1.51162e+06	28.2061	1.31487	239	1.12554	4.9502	4.50777	1.03119
879	47.6697	51	-1.51163e+06	28.4757	1.30336	240	1.12303	4.87547	4.49021	1.07598
880	44.7923	51	-1.51171e+06	28.5625	1.30974	250	1.1251	4.80437	4.51453	0.932165
881	44.6534	50	-1.51142e+06	28.3648	1.31888	249	1.1224	4.87816	4.51915	0.928952
882	45.8307	50	-1.51171e+06	28.4533	1.29965	265	1.12689	4.67513	4.53094	0.924871
883	45.2977	49	-1.51158e+06	28.5321	1.29638	267	1.12541	4.76422	4.55379	1.01086
884	45.775	49	-1.51174e+06	28.368	1.29111	252	1.12612	4.77102	4.53214	1.10821
885	46.0889	50	-1.51137e+06	28.247	1.29878	263	1.12593	4.70479	4.60068	1.15225
886	45.7054	50	-1.51126e+06	27.8763	1.33308	244	1.12356	4.84213	4.50587	1.00736
887	44.6728	52	-1.51146e+06	28.1699	1.33702	219	1.12429	4.82868	4.57021	1.09253
888	43.9909	52	-1.51159e+06	28.1529	1.33424	250	1.12513	4.93224	4.55202	1.14186
889	46.721	49	-1.51183e+06	28.003	1.32287	258	1.1258	4.78593	4.57748	1.01412
890	45.209	51	-1.51235e+06	28.1452	1.32361	237	1.12693	4.95928	4.5077	0.892057
891	43.7869	50	-1.51203e+06	28.0469	1.32902	249	1.12362	5.03077	4.56261	0.978569
892	45.1027	49	-1.51227e+06	28.0321	1.32517	269	1.12771	4.99526	4.55336	1.01366
893	45.4023	50	-1.51237e+06	27.9567	1.32428	233	1.12467	4.99435	4.57213	0.881579
894	44.0847	50	-1.51174e+06	27.758	1.33825	253	1.12284	4.94623	4.52836	0.902794
895	44.3133	49	-1.51283e+06	27.7441	1.34071	246	1.12528	5.15986	4.563	1.09648
896	44.6162	50	-1.51189e+06	27.5522	1.35881	243	1.12365	5.24114	4.59185	1.0247
897	48.0122	48	-1.51224e+06	27.4708	1.34998	248	1.12527	5.10843	4.43066	0.878727
898	45.1452	51	-1.51208e+06	27.6128	1.33299	252	1.12551	5.06342	4.55014	1.11451
899	47.0504	52	-1.51135e+06	27.6274	1.33822	246	1.12495	4.68955	4.54616	0.912408
900	46.48	50	-1.51231e+06	27.5135	1.35232	254	1.12346	5.10375	4.61223	0.854676
901	45.1883	49	-1.51185e+06	27.6509	1.3572	231	1.12329	4.93166	4.64107	0.88938
902	45.0294	51	-1.51165e+06	27.5296	1.34057	251	1.12333	5.11344	4.62332	0.962388
903	44.6466	51	-1.51184e+06	27.7389	1.35542	243	1.12553	5.12903	4.57425	0.937178
904	45.8517	50	-1.5111e+06	27.6935	1.3693	248	1.12112	4.8881	4.66642	1.00224
905	46.25	50	-1.51093e+06	27.8701	1.37033	239	1.11901	4.69879	4.56443	1.02957
906	45.8185	49	-1.51081e+06	28.0496	1.38086	270	1.11814	4.69563	4.58894	0.990898
907	47.3137	48	-1.51162e+06	27.8295	1.37451	252	1.11931	4.7785	4.58837	1.03785
908	45.7752	49	-1.51144e+06	27.7286	1.35356	258	1.12306	4.93068	4.52976	0.901512
909	48.1619	48	-1.51174e+06	27.7863	1.35331	257	1.12226	4.81719	4.6272	0.993477
910	45.7238	50	-1.51238e+06	27.5817	1.33963	252	1.12298	4.85785	4.58541	0.926721
911	47.1523	50	-1.51222e+06	27.5576	1.33787	254	1.1255	4.96275	4.61405	1.05632
912	46.9472	49	-1.5127e+06	27.8272	1.33301	257	1.12732	4.9412	4.53776	0.946404
913	46.8682	49	-1.51268e+06	27.645	1.33175	260	1.12846	4.87595	4.58193	1.00788
914	44.2722	50	-1.51291e+06	27.5787	1.32909	247	1.12936	4.44296	4.60072	1.02313
915	44.7336	51	-1.51189e+06	27.769	1.33765	254	1.1261	4.97601	4.55495	0.850357
916	47.0688	49	-1.51186e+06	27.918	1.33506	261	1.12532	5.07058	4.57561	0.956231
917	51.9663	44	-1.51164e+06	27.7863	1.32406	275	1.1256	4.85159	4.53468	1.0726
918	51.3959	47	-1.51218e+06	27.835	1.32155	274	1.1272	4.54973	4.51154	0.990341
919	51.066	49	-1.51305e+06	27.8305	1.33234	253	1.12941	4.90385	4.56818	0.95657
920	50.0774	47	-1.51271e+06	27.5645	1.33163	258	1.12893	4.68292	4.5719	1.0515
921	47.1273	51	-1.51185e+06	27.5682	1.31949	261	1.12806	4.65553	4.45391	0.986205
922	45.5265	50	-1.51158e+06	27.816	1.33083	263	1.12638	4.671	4.41756	1.02453
923	45.1319	49	-1.51158e+06	27.8008	1.32689	266	1.12869	4.65604	4.50621	0.904045
924	46.4519	49	-1.51212e+06	27.8249	1.31967	266	1.12714	4.64532	4.55959	1.10083
925	46.4211	50	-1.51136e+06	27.755	1.32497	252	1.12583	4.95469	4.54197	1.01786
926	45.9357	49	-1.51176e+06	27.7859	1.33921	273	1.12411	4.81839	4.48841	1.01029
927	46.1516	50	-1.51208e+06	27.8558	1.33541	255	1.12508	4.41776	4.49922	0.934619
928	45.8623	50	-1.5111e+06	27.8706	1.34396	261	1.12092	4.88182	4.55806	0.952445
929	45.8402	50	-1.51125e+06	27.8182	1.34301	270	1.1244	4.73398	4.56937	1.02926
930	46.4555	48	-1.51159e+06	27.7689	1.35134	260	1.12434	4.63794	4.59847	0.966288
931	46.6518	50	-1.51193e+06	27.6751	1.33351	276	1.12535	4.74462	4.50954	0.882721
932	47.145	49	-1.51163e+06	27.7109	1.33225	264	1.12371	4.5878	4.51865	1.00323
933	45.3947	49	-1.51135e+06	27.6091	1.3469	245	1.12346	4.62474	4.58286	1.08316
934	45.8916	50	-1.51122e+06	27.6385	1.32275	262	1.1225	4.89965	4.62387	1.10848
935	45.1773	50	-1.51199e+06	28.0723	1.32707	253	1.12311	4.80944	4.61479	1.07026
936	45.5301	51	-1.51198e+06	28.1168	1.34021	240	1.12292	4.75197	4.61197	0.952228
937	45.6642	50	-1.5119e+06	28.1047	1.34335	251	1.12385	4.8425	4.44988	1.01338
938	45.5315	50	-1.51236e+06	27.9424	1.32858	231	1.1286	4.51249	4.5246	1.02294
939	46.2341	50	-1.51187e+06	27.6225	1.33109	229	1.12628	4.82542	4.58963	1.06332
940	45.9971	51	-1.51225e+06	27.6984	1.32269	235	1.12726	4.83925	4.53133	0.943073
941	46.4104	50	-1.51183e+06	27.8432	1.32854	234	1.1261	4.74577	4.58251	1.0149
942	44.4732	53	-1.51228e+06	27.8793	1.32859	243	1.12854	4.95191	4.44791	1.01914
943	44.0864	52	-1.51251e+06	27.5333	1.32638	233	1.1264	5.0698	4.5424	1.07184
944	43.1148	51	-1.51229e+06	27.7707	1.31819	248	1.12749	4.47215	4.53355	0.963588
945	44.6807	50	-1.51202e+06	27.8936	1.32237	253	1.12655	4.56393	4.54096	1.00988
946	44.6907	50	-1.51233e+06	27.9473	1.32456	251	1.12568	4.45195	4.52335	0.944379
947	45.9239	50	-1.51227e+06	27.8302	1.3142	252	1.12505	5.12722	4.50335	1.04069
948	46.2847	49	-1.51181e+06	27.8286	1.31125	256	1.12679	4.7718	4.49373	1.08646
949	44.7642	50	-1.51233e+06	27.7053	1.32835	254	1.12715	4.92649	4.45017	1.03672
950	45.7146	50	-1.51301e+06	27.5132	1.3224	261	1.12795	4.63754	4.48065	0.932237
951	45.2466	50	-1.51248e+06	27.4775	1.33055	243	1.12969	5.07106	4.55491	1.06647
952	44.5719	52	-1.51252e+06	27.6869	1.32347	250	1.12876	5.08191	4.55462	0.977912
953	43.3399	50	-1.5125e+06	27.6579	1.31506	251	1.12835	4.43773	4.55635	1.01234
954	45.5582	51	-1.51287e+06	27.7136	1.32522	248	1.13211	4.51332	4.60698	1.0251
955	44.5758	51	-1.51263e+06	27.686	1.31343	231	1.12818	4.71446	4.5484	1.07925
956	44.6883	51	-1.51228e+06	27.4023	1.32134	241	1.126	4.57426	4.53282	1.01521
957	44.9037	51	-1.51227e+06	27.429	1.31964	265	1.12754	4.64199	4.53328	0.947481
958	45.6092	49	-1.51219e+06	27.6174	1.33308	248	1.12688	4.81942	4.54558	0.964175
959	45.8327	50	-1.51186e+06	27.612	1.346	254	1.12354	4.80715	4.54816	0.888413
960	43.9323	49	-1.51253e+06	27.562	1.33818	247	1.12673	4.99624	4.60458	1.03088
961	44.1148	52	-1.51222e+06	27.597	1.34644	229	1.12535	5.07578	4.55545	1.03628
962	43.9241	52	-1.51202e+06	27.6282	1.34037	229	1.1253	5.17535	4.54006	0.923601
963	43.2107	53	-1.51225e+06	27.781	1.33205	221	1.12633	5.01803	4.63194	1.03289
964	43.6548	51	-1.51245e+06	27.9179	1.32385	241	1.1272	4.79389	4.58379	0.995874
965	44.1472	52	-1.51194e+06	27.88	1.33517	235	1.12509	4.55566	4.54847	1.0267
966	44.721	51	-1.51272e+06	27.9197	1.32646	255	1.13007	4.60325	4.6059	1.0083
967	45.1238	51	-1.51235e+06	27.7821	1.33218	240	1.12485	4.49867	4.5448	1.07564
968	45.4109	51	-1.51171e+06	27.7343	1.3342	261	1.1248	4.70543	4.56008	1.00525
969	45.8529	50	-1.51185e+06	27.8527	1.34131	256	1.12383	4.92186	4.53201	1.0746
970	45.0161	50	-1.51163e+06	27.9098	1.34536	246	1.12463	4.50662	4.49997	0.887982
971	45.1323	49	-1.51199e+06	27.8997	1.34095	253	1.12335	4.53325	4.60036	0.923682
972	45.9201	50	-1.51139e+06	27.8413	1.34433	269	1.12483	4.73216	4.54877	1.0824
973	45.393	49	-1.51195e+06	27.6723	1.35334	260	1.12423	4.93378	4.48969	0.924338
974	45.0076	51	-1.51174e+06	27.6933	1.34716	245	1.12295	4.88968	4.56306	0.882559
975	44.4105	52	-1.51164e+06	27.6854	1.34124	233	1.12315	4.78247	4.55286	0.849989
976	43.387	50	-1.51222e+06	27.6626	1.33042	256	1.12623	5.05072	4.51933	1.01332
977	45.0769	51	-1.51234e+06	27.4915	1.3474	244	1.12592	5.0933	4.57119	1.00481
978	45.0965	51	-1.51207e+06	27.8322	1.33802	261	1.12642	4.57049	4.49972	1.0035
979	46.5133	48	-1.51147e+06	27.5107	1.35808	281	1.12552	4.88103	4.49444	1.00916
980	47.3512	48	-1.51186e+06	27.5722	1.34727	263	1.12567	4.50182	4.51936	1.03523
981	46.3659	49	-1.5123e+06	27.5421	1.34279	269	1.1267	4.75826	4.49856	1.00372
982	45.8679	50	-1.51224e+06	27.9157	1.33364	254	1.12706	4.53317	4.52954	1.02114
983	45.4366	50	-1.51267e+06	27.9762	1.32768	266	1.12593	4.85007	4.55198	1.03459
984	45.6853	51	-1.51222e+06	28.0209	1.30955	232	1.1263	4.9246	4.63383	1.01959
985	43.7496	51	-1.51184e+06	28.1167	1.30121	240	1.12879	4.82995	4.52073	1.00013
986	44.9378	51	-1.51249e+06	28.0301	1.30379	235	1.12703	4.57415	4.53478	0.938795
987	44.0465	50	-1.51225e+06	28.0377	1.31656	244	1.12623	4.81553	4.5107	0.903866
988	44.5848	51	-1.51266e+06	27.9449	1.32275	236	1.1264	4.85104	4.63047	0.966859
989	44.4227	51	-1.51198e+06	27.8112	1.33989	250	1.12497	4.3955	4.58803	0.948251
990	45.6234	50	-1.51199e+06	27.6149	1.32988	257	1.12458	4.66796	4.51117	0.937935
991	45.038	51	-1.51187e+06	27.7431	1.34083	245	1.125	4.61859	4.58777	0.921426
992	45.1311	49	-1.51248e+06	27.8157	1.32925	256	1.12659	4.78762	4.52058	1.00188
993	46.1128	49	-1.51208e+06	27.7907	1.32339	255	1.12508	4.65452	4.60403	0.879613
994	45.4218	49	-1.51199e+06	28.0343	1.32703	257	1.1238	5.02765	4.60731	1.04954
995	46.3272	49	-1.51156e+06	28.0476	1.33914	264	1.12504	4.59831	4.55192	1.0717
996	44.9769	49	-1.51226e+06	28.0581	1.32839	249	1.12579	4.78757	4.58659	0.974576
997	44.8461	51	-1.51259e+06	27.8734	1.32616	243	1.12351	4.6477	4.55451	0.981933
998	45.268	50	-1.51214e+06	27.8835	1.32898	252	1.12484	5.16344	4.53716	0.908564
999	45.5822	50	-1.51218e+06	27.4507	1.33787	261	1.1269	4.6548	4.60914	0.870599
