iter	time	topo	loglik	length	alpha	Nmode	statent	statalpha	rrent	rrmean
0	0	0	-3.83277e+06	12.7407	1	11	2.57664	20	4.8769	0.995311
1	35.2171	62	-2.47752e+06	22.3534	0.646351	19	2.47574	23.1879	4.84932	0.910748
2	36.8569	62	-2.38424e+06	27.8975	0.657457	33	2.44699	20.5369	4.80956	1.01254
3	37.4283	60	-2.32611e+06	30.9416	0.656627	48	2.42613	18.5586	4.77877	0.873735
4	37.9483	57	-2.3047e+06	34.452	0.657879	65	2.39087	17.5971	4.76124	0.943338
5	40.1058	55	-2.27194e+06	36.7921	0.656014	96	2.35145	15.6316	4.74431	0.865202
6	39.5654	57	-2.24653e+06	37.9893	0.648249	129	2.32556	14.3916	4.73212	0.987429
7	41.9827	54	-2.21083e+06	38.9902	0.652797	158	2.30215	13.3748	4.71405	1.02418
8	43.7818	51	-2.19216e+06	39.967	0.651185	193	2.27542	12.5825	4.70662	0.936174
9	43.3957	52	-2.18213e+06	41.0509	0.642107	218	2.25489	12.1685	4.69469	0.967043
10	45.5223	47	-2.16958e+06	41.1729	0.6395	266	2.23307	11.8647	4.68663	1.00061
11	47.7336	47	-2.1595e+06	41.7716	0.639974	312	2.22154	11.2982	4.67829	0.956235
12	46.834	47	-2.15012e+06	42.1654	0.641253	346	2.19467	11.2362	4.6746	0.985185
13	52.0335	44	-2.13798e+06	42.4833	0.653661	383	2.16815	10.7459	4.66951	0.994702
14	51.8181	45	-2.12685e+06	42.7865	0.656988	431	2.15099	10.2187	4.65635	1.03746
15	55.2015	43	-2.11915e+06	41.5709	0.670179	470	2.14181	10.0209	4.65383	0.942534
16	55.3599	42	-2.11319e+06	41.2473	0.674895	516	2.12546	10.0451	4.64899	1.08231
17	57.2568	41	-2.10922e+06	40.915	0.681602	538	2.11458	9.95059	4.65074	1.04398
18	59.8005	39	-2.10435e+06	41.0764	0.681985	589	2.097	9.59906	4.65105	1.07914
19	59.9102	39	-2.09559e+06	40.8297	0.681588	612	2.09879	9.87494	4.64825	1.11021
20	60.6055	39	-2.08037e+06	39.9458	0.681838	630	2.09965	9.80509	4.63978	0.942528
21	62.0194	38	-2.06503e+06	38.9198	0.695804	652	2.10365	10.1944	4.63062	0.963684
22	62.3767	38	-2.05987e+06	38.1151	0.704434	655	2.10239	10.3943	4.62676	0.975617
23	64.0721	36	-2.05659e+06	37.618	0.706599	708	2.10598	9.99206	4.62277	1.09719
24	65.4703	36	-2.05356e+06	37.3517	0.711223	747	2.09687	10.2147	4.62405	1.05393
25	67.8533	34	-2.05155e+06	37.014	0.716235	779	2.09044	9.94013	4.62781	0.991555
26	68.7328	35	-2.04856e+06	36.832	0.720259	796	2.08272	9.95931	4.61998	1.19747
27	67.2465	34	-2.04543e+06	36.7716	0.724684	802	2.07499	9.89942	4.61754	1.05627
28	70.4302	33	-2.03231e+06	36.4862	0.728282	852	2.07553	9.75659	4.61393	1.01128
29	71.9154	33	-2.03047e+06	36.4821	0.732524	869	2.07726	9.77754	4.61231	1.0337
30	72.5456	32	-2.02899e+06	36.6529	0.7308	860	2.07191	10.0519	4.61506	0.970688
31	73.1243	32	-2.02027e+06	35.5309	0.734453	891	2.08313	10.0798	4.60714	1.05458
32	73.421	32	-2.01844e+06	35.2713	0.735234	909	2.07368	9.99198	4.60906	1.11418
33	72.6368	33	-2.01746e+06	35.2636	0.737926	880	2.06945	10.1309	4.60715	0.967703
34	73.8617	32	-2.01618e+06	35.1243	0.73923	887	2.06935	10.1521	4.60811	0.980851
35	71.6195	31	-2.0154e+06	35.3946	0.739779	894	2.06387	9.97242	4.60784	1.03831
36	73.7328	33	-2.01534e+06	35.3778	0.73838	906	2.05791	10.038	4.60717	1.01659
37	71.8194	32	-2.01552e+06	35.3742	0.741864	902	2.06169	10.0817	4.6108	0.94319
38	73.6801	32	-2.01451e+06	35.226	0.739442	891	2.06471	10.0972	4.60876	1.03331
39	73.3126	32	-2.01376e+06	35.3834	0.743682	916	2.0634	10.0941	4.60367	1.08066
40	73.7102	32	-2.01313e+06	35.5258	0.745837	931	2.06104	9.85611	4.59611	0.977977
41	75.7021	31	-2.01193e+06	35.4708	0.755571	947	2.05562	9.80087	4.58822	1.12454
42	76.4318	31	-2.01197e+06	35.6811	0.748255	983	2.05875	9.99893	4.58885	0.966438
43	77.7244	31	-2.01142e+06	35.688	0.752502	959	2.05295	9.892	4.59183	1.00794
44	77.3122	31	-2.01073e+06	35.9409	0.75479	997	2.0497	9.86761	4.59532	0.9948
45	77.4713	31	-2.01022e+06	35.9379	0.75893	997	2.04574	9.85236	4.59474	1.10605
46	77.2749	31	-2.01002e+06	35.9475	0.758557	997	2.04849	10.2096	4.59518	1.00542
47	78.4283	31	-2.00841e+06	35.9094	0.769534	979	2.03594	9.93191	4.58963	1.10829
48	78.4735	31	-2.0081e+06	35.8245	0.777779	980	2.03182	10.1245	4.58959	1.027
49	75.9049	31	-2.00804e+06	36.1721	0.778614	1010	2.0355	10.0124	4.58536	0.973776
50	78.5766	31	-2.00808e+06	36.2033	0.780832	1012	2.03244	9.75541	4.58459	1.05473
51	79.5359	30	-2.00682e+06	36.1048	0.78152	1019	2.02522	9.78885	4.58915	0.991701
52	78.4425	30	-2.00541e+06	36.1175	0.779276	1043	2.02296	9.86684	4.58217	0.952439
53	79.6048	30	-2.00585e+06	36.0616	0.783629	1038	2.02331	9.89668	4.58215	0.912053
54	79.5682	30	-2.00652e+06	35.964	0.781497	1062	2.02751	9.66425	4.57627	1.02755
55	83.0304	29	-2.00667e+06	36.1033	0.775441	1059	2.03088	9.54506	4.57726	1.01097
56	81.0301	28	-2.00533e+06	36.2419	0.777112	1109	2.02988	9.70071	4.57961	1.02035
57	83.4677	29	-2.00462e+06	36.3219	0.772937	1121	2.02228	9.83705	4.58188	1.12359
58	82.747	29	-2.00454e+06	36.1128	0.776252	1108	2.0165	9.8147	4.58337	0.917798
59	83.1456	29	-2.00472e+06	35.9687	0.77804	1074	2.01811	9.78835	4.58145	1.13744
60	82.7825	29	-2.00361e+06	35.887	0.784557	1069	2.02131	9.834	4.58091	1.03967
61	81.7553	30	-2.00342e+06	35.8125	0.790132	1046	2.01627	9.71993	4.57979	0.990862
62	81.4174	29	-2.00276e+06	36.013	0.794595	1069	2.01172	9.77776	4.58236	0.866678
63	82.8075	29	-2.00336e+06	36.0002	0.795499	1064	2.01466	9.44883	4.58432	0.998644
64	82.6963	28	-2.00305e+06	36.2478	0.795309	1070	2.01561	9.37482	4.57975	0.989212
65	82.7721	29	-2.00296e+06	36.496	0.80041	1094	2.01966	9.56655	4.57354	1.03135
66	83.1181	29	-2.00274e+06	36.6002	0.800619	1071	2.01669	9.62447	4.57582	1.065
67	81.3792	29	-2.00195e+06	36.4942	0.805207	1040	2.00789	9.46599	4.57361	1.1712
68	78.1409	28	-2.00261e+06	36.4004	0.80642	1040	2.01004	9.37299	4.57281	1.02256
69	80.0639	30	-2.0022e+06	36.5835	0.806032	1068	2.00611	9.39986	4.57455	1.02524
70	82.4533	29	-2.00044e+06	36.668	0.795908	1070	1.99606	9.5427	4.57944	0.948566
71	82.8824	29	-2.00105e+06	36.5768	0.80709	1087	2.0044	9.4566	4.58042	0.984231
72	82.1145	29	-2.00062e+06	36.6062	0.810363	1068	1.99834	9.53294	4.58505	0.861882
73	82.8376	29	-2.00072e+06	36.6949	0.806964	1095	1.99679	9.46736	4.5855	1.04143
74	81.7989	29	-1.99946e+06	36.7493	0.806948	1111	1.993	9.44926	4.58105	1.08335
75	82.382	29	-2.00039e+06	36.6371	0.810994	1086	1.99583	9.60614	4.58223	1.00768
76	82.0118	28	-1.99911e+06	36.6869	0.812049	1103	1.99027	9.36976	4.57626	0.945803
77	81.8326	29	-1.99946e+06	36.5548	0.823673	1079	1.99471	9.2788	4.57504	0.960173
78	81.265	28	-1.9991e+06	36.5005	0.828699	1080	1.99046	9.52275	4.57546	1.20959
79	82.3241	29	-1.99872e+06	36.7395	0.828562	1100	1.99034	9.2569	4.57392	1.11493
80	82.3169	29	-1.99844e+06	36.7307	0.826799	1112	1.99092	9.35631	4.57331	1.0797
81	82.5159	29	-1.99946e+06	36.8383	0.826476	1110	1.99101	9.5324	4.5704	1.05612
82	82.0696	29	-1.99784e+06	36.9237	0.826249	1079	1.98556	9.55612	4.57396	0.90523
83	82.0416	29	-1.99915e+06	36.9906	0.820539	1092	1.99202	9.56041	4.57438	1.04035
84	82.1723	29	-1.99945e+06	37.0192	0.819884	1073	1.99161	9.66521	4.5669	1.13796
85	82.8011	29	-1.99955e+06	37.027	0.818211	1078	1.99103	9.53044	4.56998	1.1006
86	83.1929	29	-1.99872e+06	37.1034	0.820476	1079	1.99274	9.75939	4.5716	1.13729
87	82.8254	29	-1.99842e+06	36.9801	0.827196	1124	1.98985	9.49926	4.57109	1.0135
88	82.689	29	-1.9976e+06	36.8466	0.825436	1120	1.97945	9.57026	4.56483	1.01537
89	83.4872	28	-1.99809e+06	37.0365	0.828334	1132	1.98736	9.67618	4.56713	1.05271
90	82.9512	29	-1.99734e+06	37.1642	0.834068	1127	1.97834	9.70584	4.56581	1.00403
91	83.677	29	-1.99623e+06	37.0144	0.836316	1115	1.97594	9.56332	4.56432	1.08134
92	84.1469	28	-1.99551e+06	37.1045	0.843301	1131	1.97291	9.70897	4.56151	1.11862
93	86.2542	28	-1.99528e+06	37.3048	0.842904	1149	1.97041	9.66815	4.56521	1.11568
94	85.6696	28	-1.99527e+06	37.5869	0.836001	1149	1.96444	9.67508	4.56584	0.965931
95	84.2085	28	-1.99507e+06	37.2173	0.844828	1119	1.96968	9.5907	4.56705	0.859749
96	85.0009	28	-1.99496e+06	37.31	0.846165	1160	1.96565	9.3921	4.56307	1.03594
97	86.3717	27	-1.99511e+06	36.9748	0.852299	1148	1.96422	9.4912	4.56187	0.874138
98	87.5859	28	-1.99396e+06	36.9641	0.852477	1161	1.95881	9.38574	4.57031	1.00329
99	85.7851	28	-1.99425e+06	36.8589	0.861445	1137	1.96091	9.18883	4.57473	1.03621
100	83.6081	29	-1.9943e+06	36.816	0.869943	1160	1.95566	9.37897	4.57198	1.05842
101	86.1353	28	-1.9933e+06	37.0529	0.871475	1132	1.95359	9.35433	4.5733	0.941453
102	84.9417	28	-1.99276e+06	37.0797	0.877593	1150	1.94814	9.32608	4.58076	0.955901
103	84.197	27	-1.9936e+06	37.0077	0.877953	1134	1.94642	9.3591	4.57961	0.973182
104	82.5992	29	-1.99285e+06	37.055	0.888223	1133	1.94234	9.31384	4.57944	0.951749
105	84.5613	27	-1.99225e+06	37.335	0.887079	1158	1.9393	9.41839	4.5755	0.999654
106	84.7532	28	-1.99273e+06	37.0474	0.88775	1156	1.94381	9.36308	4.57199	0.982374
107	84.7411	28	-1.99264e+06	36.9025	0.891678	1143	1.94159	9.2106	4.57557	1.00015
108	82.1311	28	-1.99317e+06	37.053	0.890883	1119	1.94797	9.47231	4.56795	0.957351
109	83.1339	28	-1.99187e+06	37.3806	0.882994	1142	1.94175	9.26873	4.56798	1.02167
110	88.6775	26	-1.99242e+06	37.2814	0.890803	1147	1.94229	9.33659	4.57413	1.00019
111	88.2833	33	-1.99232e+06	37.4425	0.903998	1139	1.93883	9.27259	4.56493	1.00716
112	84.5834	29	-1.99244e+06	37.3296	0.903598	1145	1.93961	9.19064	4.56935	0.874386
113	85.2928	28	-1.99191e+06	37.2602	0.895983	1111	1.94116	9.28105	4.56742	0.993635
114	107.602	32	-1.99239e+06	37.2534	0.8938	1159	1.94189	9.09655	4.56821	0.960584
115	103.095	35	-1.99266e+06	37.144	0.901061	1143	1.94487	9.37001	4.56491	0.868308
116	108.821	33	-1.99212e+06	37.199	0.905325	1117	1.94286	9.24686	4.56984	1.00259
117	106.3	31	-1.99211e+06	36.9201	0.907494	1155	1.9431	9.377	4.56399	1.01387
118	105.5	30	-1.99189e+06	36.7102	0.898396	1203	1.94195	9.39428	4.57274	0.981486
119	109.055	32	-1.99174e+06	36.7171	0.896164	1163	1.94203	9.5184	4.57062	1.0054
120	104.038	30	-1.99202e+06	36.8848	0.903254	1168	1.94137	9.46201	4.56549	1.01571
121	111.077	31	-1.99226e+06	37.092	0.910242	1164	1.94349	9.25373	4.56318	0.946602
122	105.264	30	-1.99074e+06	36.8028	0.900416	1149	1.93671	9.43739	4.57156	1.01564
123	108.119	32	-1.99055e+06	37.0138	0.89821	1154	1.93898	9.29789	4.57489	0.949699
124	106.266	29	-1.99145e+06	36.9946	0.906399	1131	1.94015	9.14645	4.57948	1.01243
125	106.158	29	-1.99062e+06	36.9059	0.90266	1155	1.93921	9.20521	4.57819	0.923109
126	95.3156	35	-1.98995e+06	37.0787	0.91335	1170	1.93573	9.48419	4.57206	1.00643
127	85.829	27	-1.99111e+06	37.028	0.912776	1162	1.93731	9.48198	4.57445	0.990318
128	85.4894	27	-1.99084e+06	37.0244	0.915093	1153	1.93381	9.45739	4.57281	1.06535
129	85.9387	28	-1.99115e+06	36.9128	0.912629	1143	1.93866	9.61937	4.56655	0.909275
130	85.2608	27	-1.99114e+06	36.8594	0.909441	1138	1.93526	9.23	4.56657	0.98035
131	86.6384	28	-1.99081e+06	36.9383	0.915784	1151	1.93213	9.47432	4.57516	1.06941
132	86.4894	28	-1.99016e+06	37.1232	0.919332	1142	1.92584	9.2916	4.57866	0.767874
133	85.4372	28	-1.9896e+06	37.0474	0.921636	1142	1.92484	9.307	4.57542	1.05285
134	85.0591	28	-1.98949e+06	37.0469	0.921947	1127	1.92871	9.21057	4.57133	1.05723
135	84.5316	28	-1.99005e+06	37.2092	0.918977	1174	1.92672	9.33837	4.5636	0.937386
136	85.3671	28	-1.99015e+06	37.4673	0.916567	1138	1.92562	9.45833	4.57184	0.937963
137	84.8918	27	-1.99065e+06	37.2858	0.920758	1153	1.92684	9.54834	4.56868	1.02333
138	87.1125	27	-1.98981e+06	37.2387	0.927498	1168	1.92359	9.17148	4.57171	0.901636
139	93.9599	35	-1.98973e+06	37.0896	0.933515	1142	1.92285	8.9704	4.56806	1.09243
140	91.2595	26	-1.98961e+06	37.3147	0.935014	1137	1.91969	9.18484	4.56763	0.946069
141	82.6956	28	-1.98942e+06	37.6182	0.937265	1123	1.92117	9.2612	4.5705	0.983125
142	89.7531	26	-1.98934e+06	37.3101	0.935878	1102	1.9173	9.23178	4.56834	1.03395
143	84.1166	29	-1.98969e+06	37.5802	0.935526	1138	1.92077	9.2464	4.56485	0.97548
144	97.7715	36	-1.98828e+06	37.2165	0.944787	1132	1.91817	9.11437	4.57444	0.979608
145	88.8318	26	-1.98867e+06	37.3003	0.945447	1119	1.91652	9.17003	4.56878	1.01117
146	83.6703	30	-1.98909e+06	37.3904	0.946525	1121	1.91507	9.21096	4.5693	0.944133
147	87.7438	26	-1.9891e+06	37.3375	0.945525	1113	1.91915	9.38762	4.56464	1.03878
148	85.7941	28	-1.98932e+06	37.4361	0.941324	1109	1.91947	9.22996	4.56502	1.00033
149	93.093	31	-1.98953e+06	37.4732	0.939529	1115	1.92377	9.3138	4.5695	1.01589
150	88.0498	27	-1.98889e+06	37.4063	0.937452	1129	1.92189	9.23909	4.56776	0.931676
151	88.8209	33	-1.98938e+06	37.2876	0.934616	1105	1.92126	9.21983	4.56755	1.02189
152	84.3613	28	-1.98926e+06	37.4504	0.939753	1093	1.92178	9.22653	4.57146	0.90059
153	89.54	35	-1.98925e+06	37.492	0.928642	1124	1.92141	9.36103	4.57231	0.958086
154	91.6749	26	-1.9898e+06	37.6309	0.929679	1110	1.92051	9.30723	4.576	0.878295
155	89.7208	27	-1.98883e+06	37.5622	0.933435	1120	1.91776	9.34873	4.57857	1.02101
156	85.5943	28	-1.9888e+06	37.3551	0.925352	1124	1.91856	9.27556	4.57594	0.962875
157	91.7141	27	-1.9888e+06	37.2784	0.922507	1143	1.921	9.09966	4.57713	0.906236
158	84.8003	28	-1.98927e+06	36.8822	0.925899	1159	1.9246	9.29303	4.56991	0.97244
159	95.8482	34	-1.98935e+06	36.909	0.928465	1159	1.92677	9.24373	4.57279	1.13989
160	90.5127	26	-1.98931e+06	37.1041	0.930836	1123	1.92808	9.17757	4.57199	1.02729
161	85.5249	30	-1.98967e+06	37.0746	0.931496	1142	1.9272	9.04301	4.56961	0.861943
162	90.2015	26	-1.98925e+06	37.0818	0.934259	1101	1.92899	9.12379	4.57335	1.02882
163	85.538	29	-1.98889e+06	37.0804	0.936482	1153	1.92793	9.06661	4.57384	1.01831
164	95.6347	35	-1.98837e+06	36.9739	0.941663	1115	1.92077	9.06875	4.56971	1.02927
165	90.257	27	-1.9887e+06	36.8661	0.94517	1120	1.91736	9.17889	4.57295	1.04383
166	84.4958	31	-1.98935e+06	36.9043	0.948609	1143	1.92487	9.24754	4.5724	1.02172
167	93.7672	34	-1.98919e+06	36.9146	0.941559	1109	1.92593	9.15188	4.57524	0.924565
168	83.3405	29	-1.98914e+06	36.9029	0.940246	1123	1.92113	9.39159	4.57603	1.0194
169	96.1785	35	-1.99033e+06	37.1731	0.93385	1143	1.92148	9.41213	4.57514	1.02383
170	91.9672	26	-1.9889e+06	37.0662	0.93738	1160	1.91854	9.38502	4.57419	0.979343
171	86.7297	30	-1.98933e+06	37.285	0.92864	1126	1.91666	9.37872	4.58	0.896997
172	90.259	28	-1.98953e+06	37.0953	0.932647	1138	1.91972	9.49023	4.57838	1.05675
173	85.9625	30	-1.98956e+06	37.0245	0.928864	1108	1.9227	9.24827	4.57827	1.0205
174	95.4849	33	-1.98903e+06	37.0268	0.937071	1153	1.91823	9.28432	4.58185	0.991126
175	91.6246	26	-1.99016e+06	37.1742	0.933339	1166	1.93138	9.23935	4.57097	0.987162
176	85.4319	29	-1.99064e+06	37.1827	0.934902	1123	1.93118	9.0967	4.57382	1.12673
177	92.5902	26	-1.99011e+06	37.4398	0.934612	1125	1.92286	9.06263	4.57247	0.976872
178	81.756	29	-1.98935e+06	37.3888	0.939076	1097	1.92034	9.30169	4.57216	1.09946
179	83.8522	28	-1.98931e+06	37.26	0.941049	1089	1.92306	9.24176	4.57389	0.837624
180	81.8042	30	-1.98855e+06	37.3053	0.943961	1093	1.92175	9.33384	4.57229	0.966172
181	81.9994	29	-1.98861e+06	37.435	0.944921	1098	1.92365	9.20059	4.57784	0.975342
182	83.3414	28	-1.98966e+06	37.2977	0.939969	1097	1.92481	9.34973	4.56822	1.01609
183	84.9792	29	-1.98896e+06	37.4055	0.936855	1139	1.92034	9.50016	4.56909	0.863694
184	86.4348	27	-1.98871e+06	37.539	0.94354	1150	1.92689	9.46365	4.56705	0.946891
185	84.0516	29	-1.98886e+06	37.6064	0.944915	1112	1.91861	9.27661	4.57213	0.923689
186	83.0268	29	-1.98896e+06	37.6159	0.944937	1131	1.92304	9.40327	4.57556	1.02876
187	86.2617	28	-1.98854e+06	37.4321	0.953073	1155	1.91998	9.31704	4.56984	1.03334
188	87.0917	28	-1.9889e+06	37.3384	0.959274	1149	1.91776	9.30739	4.56954	1.03691
189	85.8878	28	-1.98809e+06	37.2767	0.952375	1155	1.91421	9.3034	4.5743	1.10586
190	86.3693	28	-1.98828e+06	37.3485	0.956496	1156	1.91665	9.30577	4.57914	0.861458
191	86.6669	27	-1.98786e+06	37.3157	0.951864	1153	1.91614	9.43546	4.58073	1.05737
192	84.9001	29	-1.98822e+06	37.0368	0.955034	1107	1.91437	9.27528	4.57955	1.01519
193	84.2822	28	-1.98853e+06	37.3954	0.954589	1110	1.91368	9.34329	4.58013	1.07938
194	84.9247	29	-1.9891e+06	37.3588	0.950236	1134	1.916	9.28457	4.5772	1.01475
195	84.8067	29	-1.98779e+06	37.2067	0.95168	1126	1.90872	9.32589	4.58561	1.06438
196	85.1963	28	-1.98956e+06	37.1663	0.946853	1142	1.92283	9.44674	4.58413	1.06873
197	86.96	28	-1.9884e+06	37.1918	0.949319	1170	1.9135	9.5037	4.57303	1.10928
198	85.3317	28	-1.98747e+06	37.0881	0.958993	1135	1.90699	9.34498	4.58091	1.09845
199	83.4545	29	-1.9885e+06	37.2119	0.963661	1126	1.91263	9.30199	4.5835	1.0016
200	82.8825	28	-1.98838e+06	37.1919	0.960828	1101	1.91123	9.20389	4.57511	0.974358
201	82.0646	29	-1.98764e+06	37.583	0.954746	1129	1.90505	9.18191	4.57705	0.949235
202	84.8193	28	-1.98779e+06	37.5715	0.952103	1121	1.90849	9.22707	4.57695	0.971931
203	84.8996	28	-1.98785e+06	37.4577	0.956893	1129	1.9065	9.39345	4.5778	0.913763
204	83.1663	28	-1.98728e+06	37.6874	0.956034	1147	1.90523	9.19839	4.57426	1.01296
205	85.9962	28	-1.98718e+06	37.4902	0.96319	1107	1.90708	9.13227	4.57342	0.977841
206	84.517	28	-1.98616e+06	37.4397	0.971167	1157	1.90142	9.22234	4.57775	0.888276
207	84.3703	29	-1.98721e+06	37.4669	0.963534	1136	1.89908	9.06076	4.57922	1.01363
208	83.6156	29	-1.98692e+06	37.2461	0.967775	1122	1.9065	8.98957	4.57685	1.05952
209	84.0112	29	-1.98803e+06	37.3504	0.967067	1142	1.9086	9.24767	4.57054	0.921634
210	86.298	27	-1.98754e+06	37.2945	0.963535	1164	1.91379	9.11326	4.56734	0.969147
211	85.3489	27	-1.98808e+06	37.4905	0.957257	1133	1.91314	9.18835	4.57109	1.03304
212	84.3713	29	-1.9869e+06	37.3476	0.960453	1140	1.90707	9.28331	4.57039	1.02847
213	84.3308	28	-1.98719e+06	37.6768	0.960935	1137	1.9093	8.99018	4.57151	1.03074
214	83.3393	29	-1.98777e+06	37.5564	0.962082	1133	1.91429	9.27298	4.5699	1.07672
215	83.8245	28	-1.98808e+06	37.4331	0.958288	1130	1.90802	9.01584	4.57169	0.794128
216	84.0748	29	-1.98827e+06	37.778	0.951622	1088	1.9129	9.13012	4.56721	0.950532
217	84.2669	28	-1.98715e+06	37.5326	0.953536	1135	1.90814	9.02867	4.57329	1.04191
218	83.4595	29	-1.98762e+06	37.5329	0.952684	1120	1.91551	8.82724	4.57018	1.0602
219	82.7489	29	-1.98759e+06	37.6389	0.959202	1126	1.91341	9.03666	4.56549	0.96885
220	83.6909	29	-1.9872e+06	37.5651	0.95495	1135	1.91247	8.8919	4.56753	1.13196
221	84.7716	28	-1.98782e+06	37.5971	0.951713	1140	1.91803	9.11661	4.56312	0.894199
222	84.623	28	-1.98784e+06	37.5787	0.953317	1108	1.91647	8.98732	4.56208	0.946477
223	82.9664	27	-1.98757e+06	37.3403	0.951498	1162	1.91432	9.08766	4.56641	0.96359
224	82.4187	27	-1.98793e+06	37.2114	0.959939	1138	1.91378	9.28135	4.5696	1.00927
225	83.7617	28	-1.98725e+06	37.6131	0.965966	1137	1.90696	9.09964	4.57188	1.03161
226	85.2687	27	-1.98714e+06	37.3335	0.963973	1151	1.91034	9.0931	4.57918	1.0367
227	86.3861	28	-1.98668e+06	37.178	0.967017	1149	1.90131	9.11287	4.57769	0.886959
228	86.6074	27	-1.98696e+06	37.0242	0.97403	1145	1.90719	9.28807	4.5828	1.04734
229	85.22	28	-1.98738e+06	36.7374	0.971066	1169	1.90782	9.18393	4.58127	1.02969
230	84.8442	28	-1.9877e+06	36.8208	0.971467	1150	1.9079	9.30325	4.57943	1.00966
231	85.8759	29	-1.98774e+06	36.743	0.980484	1133	1.91006	9.29089	4.58876	1.04578
232	83.7601	29	-1.98752e+06	36.5122	0.983339	1137	1.9104	9.05399	4.58746	1.06328
233	85.5995	29	-1.98671e+06	36.5543	0.980528	1156	1.90292	9.37436	4.58937	1.06069
234	86.4683	28	-1.9869e+06	36.6615	0.980899	1153	1.90454	9.13938	4.59267	1.01672
235	83.9058	29	-1.98764e+06	37.0526	0.975112	1127	1.90722	9.2054	4.58819	0.964286
236	84.077	29	-1.98686e+06	36.9269	0.983146	1133	1.90378	9.17065	4.58813	0.975015
237	82.8033	30	-1.98794e+06	36.8703	0.973611	1123	1.90693	8.92609	4.58883	0.972932
238	83.7977	29	-1.98831e+06	36.897	0.968527	1140	1.91449	8.96307	4.57896	0.916845
239	85.11	29	-1.98734e+06	36.9939	0.968765	1135	1.90899	9.28734	4.57885	0.959812
240	82.2048	29	-1.98812e+06	37.0404	0.970273	1116	1.91029	9.37045	4.58116	1.03038
241	81.7286	30	-1.98803e+06	37.3764	0.967647	1092	1.9058	9.11023	4.5833	0.966393
242	94.9569	38	-1.9871e+06	37.337	0.970041	1121	1.90624	9.24027	4.58259	0.8989
243	89.3861	27	-1.98752e+06	37.5124	0.969446	1128	1.902	9.22159	4.58327	0.89443
244	93.2748	26	-1.98733e+06	37.4459	0.971746	1114	1.89944	9.34157	4.58138	0.977193
245	86.0485	32	-1.98714e+06	37.5074	0.966647	1140	1.9044	9.4299	4.57541	1.15035
246	81.3763	29	-1.98741e+06	37.2776	0.96739	1134	1.90828	9.36341	4.57379	1.15093
247	82.7561	29	-1.98787e+06	36.9628	0.970301	1124	1.90736	9.29813	4.57084	0.968977
248	89.6816	27	-1.98655e+06	37.3764	0.966233	1155	1.90437	9.31941	4.57172	0.905225
249	91.0228	27	-1.98627e+06	37.3136	0.976064	1146	1.89886	9.0661	4.57812	0.945577
250	87.8596	34	-1.98583e+06	37.1414	0.981906	1126	1.89375	9.22532	4.57615	0.982977
251	87.2639	27	-1.98694e+06	37.2455	0.98541	1138	1.9011	9.26191	4.57662	1.04982
252	98.7632	32	-1.98687e+06	37.1001	0.983245	1115	1.9055	9.42288	4.57575	0.872477
253	96.4504	29	-1.9872e+06	36.8998	0.982726	1144	1.9045	9.36585	4.57889	1.03573
254	94.19	30	-1.98721e+06	36.9624	0.977138	1147	1.90848	9.14509	4.56709	0.990124
255	105.696	33	-1.98663e+06	36.801	0.979831	1170	1.90567	9.31262	4.57418	1.05128
256	92.588	26	-1.9877e+06	36.7507	0.989245	1136	1.91292	9.11496	4.57324	1.01494
257	97.3566	32	-1.98771e+06	36.9	0.978251	1138	1.90978	9.24149	4.5819	1.02411
258	98.9405	32	-1.98789e+06	36.7162	0.967962	1148	1.91089	9.415	4.58053	1.06852
259	95.4639	31	-1.98763e+06	37.0226	0.965694	1135	1.90945	9.3906	4.58087	1.24202
260	91	27	-1.98797e+06	37.4805	0.976547	1188	1.91066	9.26532	4.57459	1.06354
261	105.608	35	-1.98784e+06	37.3857	0.973178	1192	1.91604	9.40856	4.57618	0.867491
262	100.318	29	-1.988e+06	37.1527	0.959569	1162	1.91338	9.35166	4.57772	0.932088
263	98.5236	30	-1.98833e+06	36.8404	0.956233	1177	1.9207	9.29706	4.57196	0.979364
264	98.9467	30	-1.98825e+06	37.0099	0.96291	1120	1.91389	9.19803	4.58187	1.09377
265	98.3102	28	-1.98837e+06	36.9309	0.959586	1149	1.91556	9.39166	4.58084	0.870006
266	90.0002	27	-1.98792e+06	36.7864	0.964443	1142	1.91603	9.24624	4.58046	0.914358
267	95.4083	36	-1.98784e+06	37.0381	0.955528	1155	1.91522	9.36124	4.57694	0.955443
268	98.4134	26	-1.98831e+06	36.6395	0.960774	1159	1.91854	9.32004	4.57709	0.985078
269	93.4381	26	-1.98893e+06	36.7345	0.961203	1151	1.91829	9.59089	4.57777	1.0225
270	95.8578	25	-1.98781e+06	36.6598	0.96257	1177	1.91148	9.54048	4.57821	0.862352
271	89.7136	25	-1.98842e+06	36.9998	0.958448	1134	1.9092	9.33622	4.58083	0.943457
272	93.9215	26	-1.98743e+06	36.5885	0.964769	1134	1.90721	9.20346	4.5749	1.08501
273	100.759	31	-1.98746e+06	36.6304	0.964654	1194	1.90372	9.15032	4.58359	1.04984
274	93.707	28	-1.98845e+06	36.6238	0.963473	1184	1.91363	9.35994	4.57844	0.927679
275	95.4286	34	-1.98847e+06	36.9456	0.960402	1156	1.91302	9.18513	4.5719	0.974904
276	97.5257	26	-1.98801e+06	36.8963	0.955897	1151	1.90957	9.19026	4.57577	1.1419
277	87.6311	27	-1.98839e+06	36.7605	0.955212	1114	1.90947	9.29999	4.58148	1.01514
278	97.8196	36	-1.98793e+06	36.6319	0.960851	1161	1.90744	9.2318	4.58591	0.772464
279	92.6329	26	-1.98831e+06	36.7333	0.953139	1126	1.91367	9.39162	4.5787	1.08369
280	95.3671	31	-1.98776e+06	36.5795	0.960168	1119	1.91098	9.40031	4.58084	0.914746
281	99.901	28	-1.98826e+06	36.3379	0.967367	1123	1.91377	9.44795	4.57655	0.906195
282	85.6728	29	-1.98856e+06	36.6802	0.970478	1099	1.91032	9.47102	4.57445	1.03562
283	85.275	29	-1.98847e+06	36.6305	0.965986	1085	1.91523	9.42575	4.57	0.956764
284	82.9158	28	-1.98773e+06	36.6128	0.976666	1092	1.90721	9.4194	4.57458	0.95684
285	86.5515	29	-1.98735e+06	36.4953	0.980011	1122	1.90821	9.17031	4.57221	1.00878
286	86.2907	29	-1.98742e+06	36.8096	0.977032	1112	1.90336	9.34362	4.57391	1.06588
287	87.0978	29	-1.98717e+06	36.7432	0.971257	1139	1.90389	9.2028	4.57743	1.06659
288	87.3555	31	-1.98725e+06	36.7761	0.980927	1105	1.90277	9.17698	4.5734	1.01296
289	85.3785	28	-1.98776e+06	37.0353	0.978959	1122	1.90363	8.99136	4.57607	0.976726
290	86.1987	28	-1.98709e+06	37.1154	0.976486	1135	1.90293	9.12823	4.57328	0.963685
291	84.4142	29	-1.98745e+06	37.2066	0.983422	1106	1.90368	9.08413	4.56995	1.03986
292	86.9478	30	-1.98772e+06	36.9521	0.984965	1146	1.90444	9.00435	4.56864	0.960249
293	88.1238	28	-1.98685e+06	36.5738	0.978231	1163	1.90424	9.07056	4.57318	0.931657
294	89.6297	28	-1.98707e+06	36.6899	0.983069	1145	1.89952	8.96397	4.57521	1.0571
295	89.8131	28	-1.98707e+06	36.9587	0.985335	1162	1.89873	9.01443	4.57698	1.06151
296	89.2842	28	-1.98763e+06	37.0782	0.978969	1128	1.90515	9.06826	4.57024	0.959674
297	86.0723	28	-1.98731e+06	37.0126	0.984336	1132	1.90512	9.25406	4.56704	0.947632
298	87.0315	28	-1.98739e+06	37.0107	0.982203	1143	1.90496	9.26999	4.56891	0.986699
299	87.0513	28	-1.98722e+06	36.9541	0.976283	1133	1.90324	9.16149	4.57632	1.01972
300	86.085	28	-1.9876e+06	37.1915	0.975726	1134	1.89947	9.05958	4.5787	1.04441
301	88.593	28	-1.9875e+06	37.142	0.978744	1127	1.9035	9.08885	4.57452	1.01067
302	85.8063	28	-1.98758e+06	37.3382	0.977372	1128	1.89943	8.96716	4.5782	1.10008
303	87.1643	30	-1.98768e+06	37.1106	0.977194	1099	1.90412	8.94923	4.57176	1.05282
304	85.0486	28	-1.98764e+06	37.4449	0.979581	1097	1.90473	9.07235	4.57316	0.863795
305	85.6178	28	-1.98806e+06	37.3222	0.972033	1084	1.90842	9.09743	4.57442	0.991417
306	86.4767	28	-1.98866e+06	36.9219	0.969974	1097	1.90643	8.94828	4.57442	0.986424
307	87.7853	30	-1.98837e+06	37.1715	0.968227	1107	1.91308	8.89101	4.57573	1.0133
308	90.5346	29	-1.98866e+06	37.0055	0.957713	1119	1.91424	8.96134	4.57712	0.974568
309	91.4487	28	-1.98804e+06	36.8913	0.962899	1152	1.90921	8.84428	4.57897	0.983753
310	89.6609	28	-1.98798e+06	36.8791	0.957977	1144	1.9036	8.82486	4.58483	1.01078
311	88.8516	27	-1.98702e+06	37.2462	0.956838	1142	1.90594	8.87783	4.58389	1.03397
312	89.3676	27	-1.98658e+06	37.0566	0.960844	1157	1.89962	9.13212	4.58212	1.0125
313	89.2203	27	-1.98753e+06	37.2429	0.95749	1166	1.90921	9.25957	4.57773	1.00738
314	91.5572	28	-1.98682e+06	37.3242	0.955845	1155	1.90176	9.21009	4.57513	1.11186
315	86.6782	28	-1.98713e+06	37.1733	0.956278	1102	1.90345	9.23171	4.57458	1.09811
316	83.4434	28	-1.9879e+06	37.2161	0.960812	1119	1.90608	9.17322	4.57497	0.98957
317	87.812	28	-1.98751e+06	37.3812	0.969522	1152	1.9062	8.98998	4.5689	0.979114
318	88.2561	27	-1.9874e+06	37.381	0.963107	1143	1.9078	9.00305	4.57982	1.0869
319	91.4302	30	-1.98792e+06	36.9862	0.952957	1182	1.90403	9.06506	4.58565	1.01734
320	89.9669	28	-1.9866e+06	36.9144	0.961642	1152	1.90173	9.08556	4.58656	0.978808
321	88.9445	28	-1.98644e+06	36.8612	0.966043	1188	1.89875	9.13575	4.5861	0.855045
322	89.8143	27	-1.98753e+06	37.0822	0.960233	1165	1.9069	9.11191	4.58085	1.01369
323	89.386	27	-1.98629e+06	37.3287	0.959112	1153	1.90422	9.05489	4.57423	1.08074
324	90.4497	26	-1.98743e+06	37.306	0.950487	1178	1.91155	9.07315	4.57358	1.0478
325	90.6647	26	-1.98739e+06	37.2578	0.949316	1202	1.91317	8.91926	4.57426	0.934303
326	89.5231	27	-1.98832e+06	37.4376	0.944767	1192	1.90929	8.90432	4.57411	0.977942
327	88.4297	28	-1.98782e+06	37.1726	0.956369	1158	1.90903	8.94477	4.57314	0.971279
328	90.0847	27	-1.98718e+06	37.2437	0.955913	1174	1.90523	8.92168	4.5814	1.03666
329	89.9992	27	-1.98712e+06	37.306	0.954121	1196	1.90785	9.08811	4.57784	0.949932
330	91.1853	27	-1.98725e+06	37.367	0.954987	1135	1.90585	9.15875	4.58137	0.835836
331	86.7329	28	-1.98748e+06	37.1429	0.965594	1118	1.90736	8.96768	4.57551	0.98726
332	89.1467	28	-1.98794e+06	37.0277	0.962427	1150	1.9101	9.16129	4.57543	0.98925
333	87.7641	27	-1.98723e+06	37.0944	0.969888	1125	1.90691	8.89832	4.5753	0.995606
334	86.3915	28	-1.98771e+06	37.2077	0.963514	1111	1.90883	9.00313	4.57055	0.978643
335	83.036	27	-1.98755e+06	37.2003	0.963335	1130	1.90656	8.85267	4.57736	1.04018
336	86.9055	28	-1.98787e+06	36.9416	0.960743	1134	1.91062	8.97368	4.56981	1.00337
337	86.6587	29	-1.98833e+06	37.0311	0.953518	1114	1.9101	9.0664	4.56927	0.98543
338	85.052	28	-1.98745e+06	37.5195	0.945443	1123	1.90835	9.14827	4.56948	1.06136
339	83.7558	29	-1.98795e+06	37.389	0.947533	1113	1.9112	9.28163	4.56829	1.04841
340	85.0106	29	-1.98803e+06	37.378	0.941374	1123	1.90984	9.28054	4.56926	1.0172
341	84.4721	29	-1.98821e+06	37.4952	0.944599	1090	1.9116	9.36015	4.57625	0.97172
342	85.1176	28	-1.98802e+06	37.5518	0.94843	1083	1.9142	9.12096	4.57029	1.04377
343	84.8856	29	-1.98696e+06	37.683	0.9496	1080	1.90674	9.29662	4.57284	0.887186
344	82.3456	29	-1.98806e+06	37.8656	0.955332	1107	1.90719	9.20931	4.5681	0.976209
345	83.2857	30	-1.98837e+06	37.7778	0.958435	1105	1.91028	9.27437	4.56058	0.961732
346	85.2275	29	-1.9876e+06	37.5125	0.961226	1136	1.90554	9.19781	4.56248	1.09724
347	83.5213	29	-1.9874e+06	37.3767	0.957073	1113	1.90266	9.18044	4.56553	1.0679
348	83.67	28	-1.98662e+06	37.5417	0.958737	1111	1.90246	9.09511	4.56505	1.02194
349	84.1533	28	-1.98758e+06	37.6485	0.960206	1143	1.9044	9.41216	4.57375	1.0445
350	87.6729	29	-1.9873e+06	37.5454	0.957158	1131	1.90308	9.37771	4.57109	0.980955
351	86.653	30	-1.98779e+06	37.7047	0.955302	1116	1.91031	9.28113	4.57327	1.05737
352	87.3332	29	-1.98761e+06	37.5108	0.957896	1116	1.91061	9.2611	4.57127	0.987262
353	86.7116	27	-1.98701e+06	37.3726	0.960664	1140	1.90703	9.21845	4.57508	0.959267
354	85.4967	28	-1.98719e+06	37.2107	0.958656	1124	1.9039	9.26975	4.57897	1.10348
355	87.4609	27	-1.98721e+06	37.1871	0.968625	1146	1.90253	9.18442	4.58015	0.865153
356	86.4142	30	-1.98666e+06	37.4753	0.964607	1147	1.90313	9.01437	4.5754	1.05199
357	89.3999	29	-1.98719e+06	37.8445	0.962256	1159	1.90263	9.16228	4.57572	1.04791
358	87.6241	27	-1.98668e+06	37.5332	0.973171	1178	1.89863	9.10762	4.57321	0.896792
359	90.0826	29	-1.98653e+06	37.7894	0.978645	1176	1.89631	9.13105	4.57199	1.04865
360	89.7089	29	-1.9876e+06	37.523	0.975645	1197	1.89883	9.02714	4.57331	1.07014
361	92.2361	28	-1.98698e+06	37.5832	0.967386	1190	1.90328	9.1359	4.57502	0.917555
362	90.5286	28	-1.98712e+06	37.4391	0.963667	1165	1.90167	9.06333	4.57492	0.932131
363	91.502	27	-1.98721e+06	37.3759	0.960879	1207	1.90504	9.06325	4.56946	0.996861
364	89.2099	27	-1.98834e+06	37.3862	0.949365	1216	1.91476	9.35659	4.56393	0.991831
365	88.6341	27	-1.98824e+06	37.4108	0.946837	1191	1.91784	9.27279	4.56741	0.938596
366	88.0649	27	-1.98684e+06	37.4389	0.96263	1196	1.91241	9.21669	4.56823	0.981709
367	90.7974	29	-1.98618e+06	37.3363	0.957333	1208	1.90382	9.31993	4.57089	1.09794
368	90.0108	27	-1.98653e+06	37.0358	0.960323	1186	1.90859	9.37828	4.56957	0.903805
369	88.6926	27	-1.9871e+06	36.7609	0.966585	1173	1.91286	9.3771	4.57162	1.1021
370	89.0558	28	-1.98622e+06	37.0436	0.972009	1236	1.9036	9.40184	4.57502	1.01497
371	88.5392	29	-1.9867e+06	37.2492	0.971553	1184	1.90377	9.31887	4.57414	0.999132
372	88.1933	27	-1.98739e+06	37.0494	0.965253	1160	1.90784	9.17113	4.57481	1.09148
373	87.1332	28	-1.98729e+06	37.0403	0.960903	1164	1.90856	9.46485	4.58032	1.01168
374	88.3121	28	-1.98745e+06	37.1204	0.966059	1139	1.90617	9.27128	4.57595	0.977963
375	86.7793	27	-1.98742e+06	37.1643	0.970488	1147	1.90366	9.45178	4.5746	1.09571
376	87.3765	28	-1.98672e+06	37.2699	0.974762	1142	1.90153	9.43797	4.58006	0.992287
377	88.1135	27	-1.98685e+06	37.5124	0.974957	1146	1.90121	9.31766	4.58227	0.990809
378	87.326	28	-1.98683e+06	36.9152	0.973839	1157	1.90179	9.33461	4.57607	1.03396
379	88.0722	27	-1.98636e+06	37.2021	0.970503	1164	1.90316	9.28931	4.57267	1.03784
380	88.5449	27	-1.98631e+06	37.3152	0.955464	1203	1.90509	9.26836	4.57512	1.13675
381	89.7504	27	-1.98707e+06	37.1473	0.959326	1168	1.90784	9.19598	4.57944	0.925143
382	87.0235	26	-1.98731e+06	36.9389	0.957281	1178	1.91025	9.40735	4.57484	0.952435
383	89.5832	29	-1.98732e+06	37.0799	0.957453	1204	1.91505	9.24506	4.57097	1.05378
384	87.2741	27	-1.98729e+06	37.0776	0.948699	1186	1.90884	9.56613	4.56857	1.10948
385	88.6005	27	-1.98768e+06	37.2852	0.956916	1183	1.91275	9.57349	4.56527	0.949553
386	89.3276	28	-1.98837e+06	37.3472	0.949993	1220	1.91993	9.52167	4.56939	1.02677
387	88.4267	27	-1.98661e+06	37.0921	0.952296	1180	1.91379	9.4825	4.56971	1.03855
388	88.8992	27	-1.98717e+06	36.8951	0.960289	1195	1.90897	9.35967	4.57172	1.09005
389	87.4843	27	-1.98662e+06	37.0796	0.964012	1199	1.91343	9.55096	4.57404	1.00157
390	88.6373	28	-1.98686e+06	36.9571	0.964878	1173	1.90858	9.49757	4.58158	0.921469
391	88.5898	28	-1.9876e+06	36.8869	0.963384	1148	1.90752	9.13643	4.58234	0.975908
392	86.8227	27	-1.9872e+06	36.9777	0.959722	1138	1.90761	9.327	4.58516	0.972827
393	88.4268	27	-1.98701e+06	37.0746	0.964605	1141	1.90959	9.36475	4.58248	0.979644
394	85.3458	27	-1.98652e+06	36.9439	0.96087	1140	1.90743	9.23619	4.57464	0.879654
395	88.1808	29	-1.98663e+06	37.3304	0.958331	1149	1.90579	9.35083	4.58038	0.901237
396	88.1641	27	-1.98604e+06	36.9914	0.960684	1187	1.90497	9.39749	4.57757	0.972575
397	88.933	27	-1.98684e+06	36.966	0.955882	1193	1.90568	9.30401	4.58182	1.1042
398	88.7573	27	-1.98667e+06	36.7131	0.95758	1178	1.91061	9.25382	4.58118	0.876407
399	88.5673	26	-1.98636e+06	36.9257	0.950869	1135	1.90567	9.16825	4.57601	0.998575
400	88.1106	27	-1.98621e+06	36.8082	0.955758	1177	1.90323	9.21465	4.57998	1.13808
401	86.1122	27	-1.98688e+06	36.8237	0.951524	1151	1.90998	9.34115	4.57566	0.912511
402	87.1126	28	-1.98756e+06	36.9736	0.950687	1142	1.91299	9.17963	4.57312	1.07144
403	85.8493	28	-1.98712e+06	36.8625	0.948811	1151	1.91156	9.14238	4.57075	1.1351
404	90.4704	28	-1.98732e+06	36.987	0.958309	1172	1.9089	9.24904	4.57502	0.96358
405	89.51	27	-1.98738e+06	37.1016	0.958637	1163	1.912	9.03974	4.57198	0.943107
406	89.4	27	-1.98659e+06	37.6781	0.951781	1170	1.91009	9.27759	4.57002	1.1219
407	87.4969	27	-1.98792e+06	37.6601	0.948011	1189	1.91306	9.28242	4.57339	1.07508
408	88.8809	27	-1.98733e+06	37.3288	0.947804	1187	1.91472	9.37347	4.5777	0.930612
409	89.2688	29	-1.98742e+06	37.4712	0.963024	1203	1.90938	9.16369	4.57415	1.06856
410	89.414	28	-1.98788e+06	37.1444	0.956128	1227	1.91264	9.19211	4.56975	0.995484
411	91.525	28	-1.9869e+06	37.2286	0.947091	1211	1.91115	9.31241	4.57589	1.11555
412	90.0574	27	-1.98839e+06	37.2233	0.956824	1207	1.91544	9.31767	4.57537	1.02818
413	89.5263	27	-1.98821e+06	37.1928	0.9526	1177	1.9176	9.51073	4.5763	0.927565
414	89.8151	27	-1.98759e+06	36.9473	0.961089	1165	1.91001	9.31773	4.5768	1.10991
415	90.8004	27	-1.98733e+06	36.8643	0.96668	1177	1.91192	9.27503	4.57403	1.03951
416	89.0193	27	-1.98732e+06	36.7034	0.973001	1143	1.91308	9.48104	4.57684	0.94931
417	88.8646	28	-1.98696e+06	37.063	0.971845	1213	1.90668	9.41366	4.57809	1.03339
418	90.3606	28	-1.98754e+06	37.1701	0.968584	1204	1.91136	9.36985	4.58231	0.888647
419	89.575	27	-1.98636e+06	37.0748	0.968519	1193	1.90681	9.22539	4.57916	1.00705
420	92.0692	28	-1.98758e+06	37.0745	0.96539	1188	1.90866	9.14666	4.58892	0.913847
421	88.0675	27	-1.98789e+06	36.5963	0.972716	1154	1.90988	9.22452	4.58193	1.00073
422	90.7427	28	-1.98737e+06	37.108	0.969839	1169	1.91395	8.93791	4.57678	0.948385
423	88.6041	27	-1.98793e+06	37.4044	0.961613	1134	1.91025	9.34632	4.57956	1.02078
424	87.3238	27	-1.98821e+06	37.1427	0.953767	1142	1.91238	9.31439	4.57953	0.906826
425	86.6084	28	-1.98706e+06	37.2751	0.950112	1162	1.90999	9.23354	4.58049	0.936218
426	90.1254	27	-1.98813e+06	37.1365	0.958633	1200	1.91012	9.24379	4.5797	0.981185
427	91.4409	29	-1.98724e+06	37.1363	0.961283	1182	1.90502	9.20046	4.58026	0.979221
428	91.5144	29	-1.98737e+06	37.0038	0.961653	1200	1.91279	9.33742	4.57783	1.03662
429	88.8764	28	-1.98654e+06	36.9553	0.958365	1164	1.90526	9.13631	4.57894	1.02686
430	91.1882	29	-1.98728e+06	36.6917	0.963433	1163	1.91195	9.12721	4.57407	0.986125
431	89.8537	28	-1.98714e+06	37.0058	0.960545	1170	1.90645	9.03214	4.57796	1.10839
432	87.8571	27	-1.98696e+06	37.0983	0.964101	1160	1.91163	9.27797	4.56966	0.853157
433	88.2254	27	-1.98804e+06	37.4581	0.949864	1164	1.91236	9.26411	4.56778	0.891565
434	88.596	27	-1.98804e+06	37.6326	0.943283	1135	1.92012	9.21902	4.5665	0.912714
435	88.3161	29	-1.98726e+06	37.5704	0.945733	1174	1.91431	9.01943	4.57513	0.865679
436	86.826	29	-1.98866e+06	37.6378	0.943098	1132	1.91686	9.36398	4.57243	1.03732
437	86.7357	30	-1.98758e+06	37.4301	0.949196	1144	1.91089	9.4246	4.58021	1.08222
438	89.5834	28	-1.98842e+06	37.6296	0.94152	1172	1.91833	9.24766	4.57581	0.989972
439	88.7298	29	-1.98753e+06	37.1739	0.952664	1152	1.91453	9.18598	4.57906	0.943647
440	90.9138	28	-1.98819e+06	37.3919	0.947759	1159	1.91283	9.00194	4.57824	1.00818
441	88.5846	29	-1.98777e+06	37.2955	0.951417	1151	1.91027	9.03212	4.57841	1.01459
442	85.9929	28	-1.98823e+06	37.0294	0.951122	1129	1.90901	9.1113	4.5805	1.18758
443	87.8814	30	-1.98725e+06	37.1424	0.95343	1174	1.90815	9.22469	4.58181	1.04508
444	87.9556	28	-1.98723e+06	37.1639	0.951587	1162	1.91051	9.08865	4.58069	0.978257
445	89.6886	29	-1.9874e+06	37.0792	0.946279	1165	1.91457	9.1949	4.58018	1.08973
446	90.6702	29	-1.98755e+06	37.0181	0.941139	1175	1.91148	9.14422	4.57656	1.07752
447	90.5886	28	-1.98777e+06	36.8766	0.941557	1167	1.91	9.14691	4.58333	1.10092
448	90.392	27	-1.9879e+06	37.007	0.947351	1178	1.9088	8.92239	4.58668	0.969354
449	89.9394	26	-1.98808e+06	37.3574	0.941128	1181	1.90984	9.07183	4.58542	1.02496
450	92.2804	26	-1.98765e+06	37.2409	0.940953	1166	1.91536	9.01394	4.58305	0.942602
451	89.1132	27	-1.9879e+06	37.2111	0.936656	1145	1.91206	8.96672	4.58572	1.04099
452	85.7211	27	-1.98814e+06	37.2534	0.9453	1155	1.91265	9.096	4.5814	0.964825
453	90.1714	29	-1.98718e+06	37.2706	0.954191	1173	1.91578	8.95927	4.5744	0.954629
454	90.145	27	-1.98745e+06	37.5808	0.956353	1159	1.90942	8.90932	4.57457	1.06378
455	88.7464	28	-1.98797e+06	37.454	0.951154	1125	1.91837	9.34079	4.57392	0.952013
456	89.0591	28	-1.98777e+06	37.2509	0.953407	1161	1.91223	9.35183	4.5729	0.959938
457	86.7004	28	-1.98754e+06	37.2321	0.949946	1172	1.91151	9.22319	4.57027	1.1058
458	89.0463	28	-1.98771e+06	37.6154	0.945685	1181	1.91579	8.93282	4.57297	1.068
459	89.2182	28	-1.98819e+06	37.4744	0.937298	1193	1.92223	9.19593	4.56751	0.962289
460	88.7536	28	-1.9887e+06	37.5654	0.942928	1185	1.91989	9.13972	4.56789	1.09444
461	89.9314	27	-1.9879e+06	37.4557	0.937237	1169	1.91783	8.93812	4.57863	0.940718
462	90.8534	27	-1.98857e+06	37.3537	0.940721	1207	1.92295	9.03316	4.57349	0.934316
463	88.8657	28	-1.98813e+06	37.4428	0.935772	1206	1.91816	9.16439	4.57298	0.935926
464	88.2596	27	-1.98759e+06	37.2788	0.939415	1208	1.91917	8.9574	4.5758	0.877828
465	91.3158	29	-1.98807e+06	37.1316	0.954685	1233	1.91471	9.03515	4.57656	1.11168
466	86.6456	27	-1.98855e+06	37.1232	0.959455	1162	1.91679	8.94621	4.57394	0.990835
467	92.1264	28	-1.98819e+06	37.0052	0.960675	1226	1.91487	8.7751	4.57824	1.03211
468	87.331	26	-1.98779e+06	37.1115	0.951361	1189	1.91153	8.99996	4.5832	1.13479
469	89.0542	27	-1.98829e+06	36.9169	0.954964	1199	1.91207	8.91483	4.5817	0.991724
470	87.9229	27	-1.98837e+06	36.8885	0.945059	1184	1.91871	9.03744	4.58094	0.903977
471	90.1999	26	-1.98778e+06	36.9288	0.948555	1175	1.90951	8.91669	4.58187	1.05161
472	90.3435	28	-1.9884e+06	37.1049	0.940729	1184	1.91516	8.74181	4.5824	0.980506
473	89.9712	27	-1.98777e+06	36.8888	0.948535	1192	1.91465	9.05411	4.58583	1.04293
474	90.7291	28	-1.9873e+06	36.8114	0.948062	1192	1.90962	8.91425	4.58307	1.00928
475	91.0286	28	-1.98807e+06	36.8348	0.938753	1173	1.91538	9.15403	4.58343	0.936576
476	88.334	27	-1.98777e+06	36.9162	0.941224	1147	1.91674	9.01757	4.58253	0.980932
477	86.7239	29	-1.98699e+06	36.9947	0.946641	1159	1.90981	8.80504	4.57813	1.09119
478	85.8007	28	-1.98672e+06	37.0619	0.94627	1128	1.90787	8.8492	4.58152	1.09682
479	87.9167	28	-1.98745e+06	37.029	0.954651	1134	1.9134	9.10853	4.58152	1.07838
480	86.7943	27	-1.9877e+06	36.8274	0.95916	1129	1.91328	8.98099	4.5783	1.11155
481	88.1206	28	-1.98681e+06	36.8177	0.960811	1140	1.90667	9.06791	4.58263	1.0848
482	90.7698	29	-1.98744e+06	36.8298	0.961486	1161	1.90983	8.97385	4.57736	0.908421
483	89.0061	28	-1.98787e+06	36.9698	0.955572	1178	1.91535	9.12359	4.57172	1.02697
484	91.1438	27	-1.9884e+06	36.657	0.962615	1144	1.91483	9.25879	4.57229	0.907198
485	89.4122	29	-1.98836e+06	36.7837	0.965088	1131	1.91562	9.27072	4.57063	0.942589
486	91.2515	29	-1.98942e+06	36.8258	0.964608	1143	1.91906	9.15882	4.56537	1.0644
487	88.8066	27	-1.9884e+06	37.0823	0.968853	1143	1.91847	9.18749	4.57261	1.13565
488	91.1033	28	-1.9885e+06	36.9253	0.965964	1154	1.92043	9.34381	4.57356	0.962826
489	93.9499	27	-1.98823e+06	37.0442	0.963178	1150	1.91774	9.01519	4.57124	0.909891
490	91.5996	27	-1.98752e+06	37.3906	0.96004	1138	1.90968	9.11906	4.5724	0.90329
491	87.8087	30	-1.98782e+06	37.3109	0.971087	1147	1.90939	9.31889	4.56986	1.05347
492	87.1568	28	-1.98747e+06	37.254	0.976469	1104	1.91244	9.16306	4.57408	1.08935
493	85.399	28	-1.98752e+06	37.1811	0.970576	1118	1.91162	9.16332	4.57694	1.02034
494	90.2432	28	-1.98777e+06	36.9691	0.973208	1167	1.91313	8.94089	4.57342	0.969524
495	92.7438	27	-1.98607e+06	37.1986	0.972517	1148	1.90372	9.18012	4.57363	0.907631
496	87.8855	29	-1.98646e+06	37.3314	0.973136	1140	1.90337	9.0368	4.5839	1.00824
497	87.7979	27	-1.98724e+06	37.2549	0.970152	1164	1.90114	8.99141	4.58511	1.06271
498	90.1549	27	-1.98714e+06	37.0428	0.974084	1157	1.89733	9.26442	4.58314	0.947669
499	90.103	28	-1.9871e+06	36.836	0.978846	1143	1.90575	9.15284	4.58033	0.960552
500	89.3721	27	-1.9874e+06	36.8605	0.977236	1147	1.90424	9.10223	4.57893	1.05069
501	84.5299	29	-1.98828e+06	37.1833	0.96869	1094	1.91006	9.01358	4.58389	0.984673
502	87.0135	29	-1.98837e+06	37.1686	0.960369	1124	1.91306	9.22701	4.58241	0.946259
503	84.7779	29	-1.98849e+06	37.2525	0.959748	1117	1.91356	9.19768	4.58415	1.00367
504	84.4258	28	-1.98798e+06	37.2963	0.956627	1115	1.91251	9.2185	4.5791	0.923073
505	87.7718	27	-1.98752e+06	36.9925	0.963918	1105	1.90578	9.03694	4.58	1.0229
506	83.6265	28	-1.98685e+06	36.9303	0.969982	1132	1.9068	8.87648	4.58396	0.89967
507	87.6071	27	-1.98669e+06	37.076	0.964382	1118	1.90452	9.04044	4.58369	0.912994
508	88.721	27	-1.98687e+06	37.0092	0.963395	1156	1.90864	8.95616	4.58235	0.971443
509	89.9965	28	-1.9871e+06	36.941	0.973636	1177	1.90693	9.19213	4.57931	1.01592
510	89.3625	27	-1.98726e+06	37.0811	0.970845	1162	1.90417	9.17042	4.57946	0.951617
511	89.9777	28	-1.98806e+06	37.0758	0.969701	1171	1.9134	9.22854	4.58505	0.998965
512	91.0912	26	-1.98875e+06	36.8885	0.963458	1153	1.91635	9.15291	4.57763	0.958873
513	90.6522	27	-1.98759e+06	37.2449	0.956833	1150	1.91273	9.29671	4.573	1.07458
514	86.1416	27	-1.98798e+06	36.9965	0.963826	1117	1.91071	9.20057	4.576	1.04536
515	87.3039	28	-1.98752e+06	37.039	0.96495	1154	1.91021	9.04689	4.57117	1.00265
516	87.9356	27	-1.9879e+06	37.0541	0.963554	1113	1.91337	9.21696	4.56803	0.889859
517	87.3486	29	-1.9876e+06	37.1837	0.96058	1123	1.91231	9.41069	4.57448	0.921202
518	83.6745	29	-1.98793e+06	37.0978	0.958651	1118	1.91822	9.17008	4.57156	1.13864
519	85.6358	28	-1.98822e+06	37.0361	0.959007	1087	1.92083	9.33418	4.57575	1.04815
520	83.3027	29	-1.9879e+06	37.0926	0.966612	1118	1.91357	9.21712	4.5773	0.93718
521	87.9258	29	-1.98776e+06	37.1794	0.961241	1117	1.91101	9.1012	4.57323	1.05412
522	86.8142	29	-1.98769e+06	37.0619	0.963977	1129	1.91491	9.1388	4.5775	1.03649
523	90.4358	28	-1.98799e+06	36.8745	0.969315	1139	1.91705	9.09645	4.58227	0.966172
524	85.7432	28	-1.98827e+06	37.0938	0.968508	1103	1.91302	9.31751	4.57196	1.08245
525	85.3621	29	-1.9875e+06	37.182	0.960953	1127	1.91361	9.02653	4.57254	1.00624
526	86.2266	29	-1.98801e+06	37.0609	0.955677	1119	1.91256	9.01702	4.5737	1.0591
527	91.5069	27	-1.98888e+06	37.2845	0.953837	1177	1.92048	9.02106	4.57143	1.04071
528	92.5916	28	-1.98863e+06	37.116	0.957019	1175	1.9192	9.18128	4.5711	1.13136
529	91.9074	27	-1.98885e+06	37.3205	0.950591	1206	1.92092	9.13296	4.57767	0.908832
530	89.0455	27	-1.9879e+06	37.2469	0.950837	1122	1.91874	9.27349	4.57737	1.06532
531	88.0097	28	-1.98799e+06	37.1531	0.953356	1135	1.92098	9.29867	4.57075	0.899303
532	90.022	29	-1.98821e+06	37.352	0.958595	1125	1.91019	9.16998	4.58102	1.05412
533	86.5933	27	-1.98775e+06	37.2044	0.964364	1159	1.90989	9.27202	4.57748	0.980214
534	89.7308	27	-1.98725e+06	37.1859	0.964823	1159	1.91073	9.18353	4.57483	0.946308
535	92.37	28	-1.9878e+06	37.3836	0.968031	1180	1.90536	9.33144	4.57178	1.0125
536	89.4074	27	-1.98724e+06	37.1101	0.969908	1160	1.90849	9.15488	4.56631	0.949969
537	89.8122	28	-1.98775e+06	37.3858	0.963274	1185	1.91126	9.20036	4.56968	0.986281
538	89.257	28	-1.98676e+06	37.2108	0.97274	1161	1.90617	9.31272	4.57368	0.998579
539	91.248	27	-1.9868e+06	37.2774	0.96945	1178	1.90257	9.2602	4.58027	1.02648
540	90.5944	28	-1.98814e+06	37.3521	0.966151	1169	1.90764	9.2796	4.58131	1.0099
541	88.7181	28	-1.9874e+06	37.1321	0.967076	1177	1.9086	9.3084	4.57927	1.10017
542	92.353	27	-1.98823e+06	37.1258	0.958677	1171	1.91007	9.24465	4.58756	0.938412
543	89.4397	28	-1.98886e+06	36.967	0.955686	1156	1.91506	9.48051	4.58319	0.893213
544	90.6008	26	-1.98786e+06	37.0186	0.960099	1166	1.90943	9.32105	4.58067	1.06602
545	90.983	28	-1.98812e+06	36.9902	0.968975	1142	1.90911	9.13862	4.58056	1.06239
546	88.6739	27	-1.98726e+06	36.8946	0.965002	1188	1.90833	9.23785	4.57661	0.945843
547	91.9315	28	-1.98726e+06	37.0522	0.971636	1142	1.90736	9.24079	4.58256	0.974436
548	88.8637	27	-1.98747e+06	37.2232	0.969184	1125	1.9135	9.09448	4.57967	0.978063
549	85.1851	29	-1.98815e+06	36.8925	0.96734	1128	1.91346	8.89142	4.57644	1.00034
550	86.3478	30	-1.98746e+06	36.8187	0.967941	1119	1.91137	9.0151	4.58173	1.05725
551	85.6253	29	-1.98729e+06	37.1512	0.971346	1111	1.90675	8.83025	4.57852	0.883456
552	84.3626	27	-1.9865e+06	37.2714	0.976717	1148	1.90794	9.10785	4.58032	1.10933
553	89.5171	28	-1.9874e+06	37.2409	0.967523	1159	1.91241	9.12486	4.57454	1.06303
554	89.6415	27	-1.98732e+06	36.9996	0.969539	1141	1.90998	8.97947	4.57136	1.01341
555	87.1577	28	-1.98732e+06	37.2162	0.971594	1155	1.91042	9.08161	4.57437	1.00631
556	86.5354	26	-1.98741e+06	37.4134	0.970983	1149	1.91367	9.11084	4.5667	0.867398
557	89.3258	28	-1.98835e+06	37.1642	0.970993	1169	1.92155	9.25234	4.5679	0.925613
558	91.8525	28	-1.98739e+06	37.0494	0.966059	1184	1.91498	9.19581	4.56494	0.972755
559	90.9268	28	-1.98788e+06	37.2729	0.952567	1209	1.91631	9.29485	4.56905	0.934696
560	87.2155	28	-1.98735e+06	37.4992	0.954723	1169	1.90984	9.38189	4.5677	1.0874
561	86.7517	28	-1.9887e+06	37.3521	0.953081	1159	1.9139	9.40725	4.56688	1.00156
562	87.0239	28	-1.98836e+06	37.1179	0.943728	1162	1.91641	9.54054	4.56798	0.895754
563	85.4214	28	-1.9884e+06	37.2486	0.940138	1173	1.91674	9.21677	4.572	1.12147
564	86.4046	28	-1.98863e+06	37.2255	0.949088	1154	1.91484	9.21029	4.56698	1.10296
565	84.1535	29	-1.98912e+06	37.1687	0.957345	1112	1.9172	9.43473	4.57032	0.972894
566	82.429	29	-1.98862e+06	37.1258	0.958513	1145	1.92131	9.16108	4.57152	0.883915
567	82.7383	28	-1.98823e+06	37.1104	0.960251	1129	1.91562	9.38741	4.57186	1.02058
568	85.3875	28	-1.98757e+06	37.0341	0.960968	1152	1.91443	9.18265	4.5748	1.0228
569	85.0998	28	-1.98809e+06	37.1296	0.955972	1151	1.92148	9.25012	4.57282	1.05131
570	85.7232	28	-1.98718e+06	37.2012	0.956589	1151	1.91361	9.06751	4.57438	0.926358
571	85.6834	28	-1.98788e+06	37.4047	0.953833	1142	1.91373	9.00731	4.5684	0.963398
572	84.9501	28	-1.98786e+06	37.5	0.950274	1132	1.91564	8.94524	4.56906	0.958645
573	84.7531	29	-1.98693e+06	37.033	0.956319	1128	1.91029	9.03484	4.57294	0.998179
574	87.1	27	-1.98798e+06	37.1621	0.961632	1145	1.91187	9.17797	4.57429	1.16605
575	86.4516	27	-1.98824e+06	37.2043	0.95654	1150	1.91329	9.06814	4.56965	1.13043
576	83.8563	28	-1.98846e+06	37.2063	0.96086	1103	1.91924	9.0189	4.57044	0.957623
577	83.0941	29	-1.98767e+06	37.4254	0.948748	1109	1.9176	8.76588	4.56722	1.13839
578	82.6983	29	-1.98826e+06	37.3577	0.950333	1113	1.91835	8.74592	4.57222	0.954965
579	81.6401	29	-1.98883e+06	37.0261	0.952361	1114	1.91622	8.75812	4.57328	1.06732
580	83.3101	29	-1.98802e+06	37.0634	0.96362	1153	1.91458	9.08403	4.57082	1.06669
581	83.1751	28	-1.98858e+06	36.9611	0.95706	1110	1.91227	8.83059	4.57055	1.08372
582	82.6739	28	-1.98841e+06	37.3116	0.959313	1162	1.91446	8.87252	4.57063	0.910238
583	83.732	29	-1.98798e+06	37.2894	0.961135	1174	1.91211	8.93134	4.57309	0.985647
584	87.442	28	-1.98763e+06	37.2582	0.967243	1172	1.91166	9.0415	4.57763	1.03539
585	87.4414	28	-1.98722e+06	36.9616	0.972098	1159	1.90683	9.14428	4.57385	1.21019
586	87.8234	28	-1.98731e+06	37.234	0.963039	1210	1.90881	8.9909	4.57992	1.00929
587	86.2477	27	-1.98717e+06	37.0928	0.964317	1147	1.91317	8.71733	4.57656	1.04159
588	84.4307	28	-1.98786e+06	37.0401	0.95957	1139	1.91235	8.91411	4.57079	1.07336
589	81.6848	30	-1.98699e+06	37.0022	0.96177	1138	1.91123	9.04306	4.57176	0.893481
590	81.4552	30	-1.9871e+06	37.1194	0.967509	1143	1.90671	9.07806	4.57592	0.995708
591	83.9839	29	-1.98841e+06	37.0096	0.963958	1191	1.91135	8.96192	4.57445	1.0234
592	85.5235	28	-1.9881e+06	36.8926	0.966612	1169	1.91306	8.87384	4.5762	1.12784
593	86.2702	28	-1.98745e+06	36.9475	0.966777	1177	1.91144	9.12421	4.58018	1.10812
594	85.1494	28	-1.98727e+06	37.1472	0.969353	1149	1.91111	9.396	4.5839	1.00009
595	82.5285	28	-1.98769e+06	37.1792	0.964845	1151	1.91254	9.30638	4.57846	1.06747
596	85.7032	28	-1.98701e+06	36.7364	0.972996	1150	1.90975	9.089	4.57236	0.97842
597	85.5645	27	-1.98771e+06	36.9577	0.969368	1161	1.91344	9.08804	4.57308	1.01296
598	87.1029	28	-1.98748e+06	37.0871	0.970146	1148	1.90971	9.28509	4.57178	0.94939
599	86.166	28	-1.98805e+06	37.3381	0.958179	1126	1.91673	9.3377	4.56972	0.950617
600	85.7946	28	-1.98754e+06	37.1239	0.958546	1152	1.90979	9.23761	4.57139	0.987037
601	85.6684	27	-1.98759e+06	37.4478	0.963533	1132	1.91284	9.12018	4.57181	0.985797
602	86.7006	28	-1.98756e+06	37.1298	0.958365	1138	1.91455	9.05069	4.57225	1.13605
603	85.2812	28	-1.98761e+06	37.2237	0.961417	1122	1.91421	9.03626	4.56728	1.02556
604	86.1285	28	-1.98792e+06	37.4517	0.95706	1167	1.91477	8.96225	4.572	1.01729
605	85.0868	28	-1.98794e+06	37.4661	0.953963	1149	1.90854	9.22912	4.56524	1.09821
606	83.8129	29	-1.98788e+06	37.297	0.961931	1138	1.91032	8.9205	4.56297	0.97041
607	83.3883	29	-1.98722e+06	37.4152	0.974375	1137	1.90244	9.13338	4.56805	0.957322
608	81.6221	29	-1.98698e+06	37.5118	0.974351	1124	1.90472	9.03108	4.56731	0.915803
609	85.823	28	-1.98722e+06	37.4083	0.963746	1142	1.90672	9.08928	4.56223	0.831255
610	85.5262	29	-1.98689e+06	37.4378	0.966464	1136	1.90465	9.03061	4.55643	1.05871
611	84.1083	28	-1.98763e+06	37.4513	0.9704	1134	1.91152	9.14677	4.55627	1.13778
612	84.5563	28	-1.98781e+06	37.5914	0.962384	1145	1.91119	9.15592	4.56272	0.923242
613	85.3513	28	-1.98756e+06	37.254	0.963367	1160	1.9147	9.2467	4.55913	0.942139
614	85.7368	28	-1.98773e+06	37.2678	0.962386	1165	1.91386	9.07786	4.55971	1.03999
615	87.2079	28	-1.98735e+06	37.3614	0.961799	1183	1.9116	9.09684	4.56755	1.00281
616	87.085	28	-1.98788e+06	37.4592	0.950174	1154	1.91545	9.10258	4.56592	1.01062
617	87.094	28	-1.98797e+06	37.0417	0.950252	1177	1.91677	9.09357	4.57114	0.974933
618	86.4611	28	-1.98701e+06	37.1317	0.948817	1155	1.91699	9.05397	4.5692	0.984669
619	86.097	29	-1.98798e+06	37.2009	0.952553	1168	1.91851	9.16918	4.57079	0.963745
620	87.7257	27	-1.98755e+06	37.3121	0.958269	1175	1.91334	9.26615	4.57177	1.02399
621	89.0034	28	-1.98656e+06	37.5876	0.956173	1184	1.91003	8.8871	4.56576	1.12373
622	88.6712	28	-1.9874e+06	37.2787	0.962177	1173	1.90901	9.23994	4.56631	0.918295
623	87.8542	28	-1.98684e+06	37.0057	0.966366	1183	1.90727	9.1861	4.56603	1.07774
624	87.1036	28	-1.98639e+06	37.1927	0.961144	1154	1.90203	9.20572	4.5697	0.970095
625	86.948	28	-1.98684e+06	36.9414	0.962801	1214	1.90812	9.18577	4.57151	1.01236
626	87.6825	28	-1.98672e+06	37.2054	0.958653	1192	1.91106	9.22962	4.57514	1.10187
627	86.6158	27	-1.98797e+06	37.1977	0.957908	1181	1.91693	9.17326	4.57126	0.825165
628	88.4214	27	-1.98754e+06	37.1139	0.952299	1154	1.91527	9.19184	4.56736	1.04307
629	86.5765	28	-1.987e+06	37.2991	0.947615	1127	1.91229	9.17245	4.56472	1.04686
630	85.2202	29	-1.98732e+06	37.2365	0.951861	1117	1.91533	8.95955	4.56794	1.05297
631	84.7673	28	-1.98756e+06	37.1423	0.943626	1158	1.91499	9.04201	4.57042	1.07535
632	86.4648	28	-1.98693e+06	37.2504	0.948459	1149	1.91293	8.88539	4.57171	1.09356
633	86.6792	28	-1.98688e+06	37.2718	0.954426	1164	1.90933	9.02204	4.57877	1.0646
634	88.3997	28	-1.98844e+06	37.2772	0.951725	1192	1.9168	9.18977	4.57567	1.02506
635	87.358	28	-1.98851e+06	37.4062	0.944998	1172	1.91466	9.07701	4.57537	0.977595
636	84.9553	27	-1.98803e+06	37.3192	0.943365	1129	1.91517	9.30922	4.56806	0.952025
637	86.0269	29	-1.98788e+06	37.3075	0.946695	1130	1.91352	9.08118	4.57242	0.89183
638	86.9239	28	-1.9872e+06	37.2822	0.951691	1145	1.91219	9.00287	4.57124	0.955178
639	85.9392	28	-1.98771e+06	37.4597	0.945133	1145	1.9081	9.09145	4.57113	0.913992
640	86.2066	29	-1.98751e+06	37.1742	0.952713	1147	1.91275	9.17815	4.57432	0.941933
641	85.2546	28	-1.98727e+06	37.1302	0.956977	1150	1.90762	8.97431	4.57049	0.890807
642	86.7169	28	-1.9864e+06	36.9697	0.962694	1142	1.9049	9.14125	4.57061	0.947703
643	86.403	28	-1.98748e+06	37.0092	0.969409	1177	1.91029	9.01029	4.56679	0.990994
644	87.1714	28	-1.98792e+06	37.0043	0.969452	1156	1.91072	9.23569	4.57574	1.00888
645	87.8329	28	-1.98797e+06	36.9421	0.9695	1167	1.91403	9.0694	4.57382	0.942846
646	84.2013	28	-1.98815e+06	36.9035	0.95988	1143	1.91091	9.14071	4.57424	0.949229
647	85.5155	29	-1.98782e+06	36.8973	0.959949	1160	1.91075	9.08731	4.57344	0.991764
648	86.9119	28	-1.98852e+06	36.7644	0.961904	1151	1.91323	9.17024	4.57455	1.13912
649	84.9172	29	-1.98851e+06	36.9648	0.968013	1098	1.90947	9.19818	4.57012	1.25231
650	82.7429	29	-1.98862e+06	36.9634	0.956895	1075	1.90981	9.32638	4.57234	0.979344
651	82.4205	29	-1.98865e+06	36.9478	0.949674	1102	1.91591	9.29375	4.57485	0.890459
652	83.4814	29	-1.988e+06	36.8658	0.958738	1135	1.90934	9.27315	4.57667	1.00102
653	85.5488	29	-1.98849e+06	36.8881	0.949519	1131	1.91357	9.19117	4.57433	1.03689
654	84.4486	28	-1.98906e+06	37.0364	0.953333	1142	1.91464	9.29515	4.57051	1.0577
655	84.6738	29	-1.98818e+06	37.1253	0.954292	1124	1.91475	9.08201	4.57034	0.962455
656	83.3073	29	-1.98798e+06	37.0192	0.951528	1085	1.91415	9.10247	4.57348	1.18508
657	83.4031	29	-1.9883e+06	36.849	0.952191	1127	1.91382	9.11896	4.56929	1.04195
658	85.0156	29	-1.98763e+06	36.9218	0.963771	1150	1.91502	9.10951	4.56815	0.933462
659	87.8401	28	-1.98699e+06	37.1765	0.961674	1163	1.91137	9.12939	4.56748	1.02707
660	84.8247	28	-1.98771e+06	37.253	0.968732	1156	1.90891	9.20576	4.56912	1.16493
661	84.9567	29	-1.98719e+06	36.9002	0.975013	1119	1.91332	9.14042	4.56873	0.91714
662	85.3141	28	-1.98807e+06	36.86	0.981253	1178	1.91228	9.47229	4.572	0.935483
663	87.4226	28	-1.9882e+06	36.8753	0.972534	1174	1.91821	9.2723	4.57568	1.01301
664	87.2989	28	-1.98785e+06	36.8222	0.968708	1193	1.91127	8.94342	4.57175	1.03735
665	88.8624	27	-1.98661e+06	36.6022	0.976075	1166	1.9092	9.00047	4.58431	0.980001
666	87.8387	27	-1.98796e+06	36.6424	0.973994	1177	1.914	8.96139	4.58602	0.991625
667	85.8068	28	-1.98726e+06	36.6114	0.97755	1175	1.91256	8.95146	4.58707	1.02286
668	88.2658	27	-1.98775e+06	36.2753	0.980923	1157	1.91393	9.21411	4.5807	1.09047
669	86.7552	28	-1.98654e+06	36.2001	0.981293	1159	1.91013	9.09182	4.57545	0.909538
670	87.0397	28	-1.98762e+06	36.8138	0.98022	1148	1.91438	8.92875	4.57444	1.11649
671	85.3615	28	-1.98804e+06	36.6711	0.964767	1141	1.91566	9.09505	4.57576	1.12473
672	84.3804	28	-1.98785e+06	36.6447	0.966231	1153	1.9111	8.84422	4.57325	1.03142
673	85.3721	28	-1.9877e+06	36.8527	0.963518	1149	1.91392	8.99693	4.57077	1.10849
674	85.0113	28	-1.98752e+06	36.6061	0.980025	1143	1.91457	9.06136	4.57307	0.917473
675	86.3589	28	-1.98771e+06	36.4176	0.979822	1153	1.90636	9.11327	4.57413	1.0379
676	86.33	28	-1.98847e+06	36.9211	0.977309	1143	1.91613	9.11337	4.57133	0.985142
677	85.6536	26	-1.98813e+06	36.9058	0.965827	1169	1.9144	8.94602	4.57508	1.12485
678	83.6974	28	-1.98786e+06	36.9972	0.955273	1126	1.91312	8.95474	4.57432	1.06372
679	80.9212	28	-1.98832e+06	36.7768	0.962849	1132	1.9196	9.05905	4.57561	0.882629
680	81.448	29	-1.98759e+06	36.7779	0.966826	1126	1.91347	9.00132	4.57308	1.05979
681	83.1677	30	-1.98818e+06	36.7313	0.954564	1121	1.91301	8.73528	4.57067	0.927689
682	83.9191	29	-1.98815e+06	36.941	0.958199	1118	1.91315	9.06448	4.57083	1.1135
683	82.8348	29	-1.98814e+06	36.9438	0.968789	1088	1.91401	9.09815	4.57034	0.941856
684	82.8437	29	-1.98821e+06	36.8816	0.967319	1105	1.91234	9.11922	4.57218	1.0814
685	84.4095	29	-1.98744e+06	36.8097	0.973609	1139	1.90784	9.05922	4.57684	1.07991
686	83.682	29	-1.98742e+06	37.1687	0.972795	1127	1.9095	8.78221	4.57441	0.976644
687	81.8764	30	-1.98711e+06	37.2953	0.979065	1119	1.90691	8.72193	4.57619	0.960791
688	83.993	29	-1.98715e+06	37.3706	0.973497	1116	1.90125	8.94338	4.57917	1.01789
689	83.6973	29	-1.98775e+06	37.2152	0.972761	1123	1.91038	9.10048	4.57571	1.04565
690	83.4105	29	-1.98755e+06	37.0481	0.975259	1138	1.90578	8.91509	4.57497	1.08333
691	85.9721	28	-1.9863e+06	37.1538	0.977986	1125	1.9074	9.01643	4.57448	1.0503
692	83.4069	29	-1.98757e+06	37.1084	0.966083	1105	1.91214	8.98535	4.57225	0.99403
693	82.2579	28	-1.9877e+06	37.1679	0.971228	1120	1.90762	8.92502	4.56372	1.03023
694	86.342	28	-1.98652e+06	36.919	0.972539	1164	1.90455	8.60842	4.56217	1.05678
695	85.7753	28	-1.98713e+06	37.0828	0.967008	1133	1.90614	8.92205	4.56881	1.05733
696	83.3689	29	-1.98726e+06	36.9332	0.965402	1135	1.90943	8.92371	4.56888	1.00509
697	83.1962	29	-1.98721e+06	37.2417	0.963834	1122	1.90907	9.16984	4.56088	1.12408
698	87.3856	28	-1.98771e+06	37.0796	0.965843	1133	1.90715	8.89787	4.57346	0.964321
699	85.3042	28	-1.98769e+06	37.0763	0.968166	1143	1.91028	8.98603	4.57136	0.933362
700	86.2022	27	-1.98728e+06	37.1427	0.965525	1173	1.91003	9.2157	4.56703	0.994408
701	86.7202	27	-1.98748e+06	37.526	0.967461	1177	1.90916	9.04874	4.56903	1.1155
702	86.7572	27	-1.98736e+06	37.3656	0.974215	1182	1.90982	9.18046	4.56761	1.04771
703	86.9891	27	-1.98529e+06	37.0033	0.979098	1164	1.90322	9.06685	4.57863	1.2809
704	86.6596	27	-1.98656e+06	37.143	0.972934	1187	1.90424	9.26195	4.5769	0.962857
705	87.5132	28	-1.98623e+06	36.9609	0.968745	1159	1.9088	9.42501	4.57258	0.892382
706	86.278	27	-1.98738e+06	37.1565	0.96197	1146	1.91177	9.40521	4.57698	0.929558
707	84.7143	28	-1.98731e+06	36.9006	0.962464	1150	1.91284	9.2703	4.577	1.0248
708	86.5185	28	-1.98718e+06	36.8897	0.95803	1131	1.91148	9.03024	4.57243	1.05443
709	86.8052	28	-1.9873e+06	37.1391	0.955269	1181	1.91192	9.06197	4.57683	0.936861
710	88.215	27	-1.98805e+06	36.8871	0.962465	1169	1.91371	9.13355	4.57287	0.892891
711	87.8821	28	-1.98742e+06	36.8415	0.954505	1176	1.91918	9.26002	4.57783	0.966711
712	87.963	27	-1.9875e+06	37.0321	0.960003	1158	1.9141	9.17491	4.58163	1.05166
713	87.193	27	-1.98688e+06	37.179	0.972934	1185	1.90899	9.12518	4.58263	1.02065
714	86.0712	27	-1.98698e+06	36.8955	0.978549	1147	1.90648	9.21354	4.58205	1.04798
715	85.1173	28	-1.98715e+06	37.2019	0.98372	1151	1.90243	9.23857	4.58647	1.0669
716	88.1321	27	-1.98821e+06	37.0945	0.974886	1186	1.90913	9.16801	4.58225	1.11055
717	87.1622	27	-1.98767e+06	37.1006	0.969456	1181	1.90985	9.26134	4.58902	1.00524
718	87.2252	28	-1.98711e+06	36.863	0.968243	1168	1.9061	9.24774	4.58446	1.09198
719	87.0192	28	-1.98691e+06	37.1816	0.956451	1128	1.90514	9.334	4.57816	1.01687
720	84.6206	29	-1.98772e+06	36.9523	0.954248	1138	1.91238	8.99484	4.57959	0.963888
721	84.27	29	-1.9876e+06	37.0532	0.955929	1157	1.91032	8.94958	4.58022	1.04577
722	85.7558	28	-1.98724e+06	37.2169	0.950357	1151	1.90696	9.18677	4.579	1.03152
723	87.0845	28	-1.98799e+06	37.2669	0.955782	1160	1.91298	8.98602	4.57267	0.964478
724	86.2582	28	-1.9875e+06	37.0751	0.959109	1170	1.90695	9.12981	4.57245	1.10745
725	87.4141	27	-1.98737e+06	37.1371	0.962893	1152	1.91126	9.18311	4.56985	1.00676
726	84.5385	28	-1.98805e+06	37.08	0.955897	1152	1.91103	9.19649	4.56962	1.00845
727	84.1087	27	-1.98777e+06	37.0616	0.956668	1131	1.91031	8.92776	4.57158	1.00331
728	83.5191	29	-1.98863e+06	37.22	0.956113	1120	1.919	9.12041	4.57296	0.868364
729	84.2682	28	-1.98756e+06	37.2474	0.957126	1153	1.91177	9.09683	4.58109	0.987568
730	86.4176	27	-1.98756e+06	37.4345	0.963479	1142	1.90762	9.00789	4.57974	1.01889
731	84.5363	29	-1.98702e+06	37.273	0.963335	1120	1.90336	9.13289	4.57982	0.913639
732	84.8636	29	-1.98742e+06	37.6847	0.954304	1115	1.91244	9.24456	4.57996	1.13433
733	85.1927	28	-1.98736e+06	37.4337	0.956485	1155	1.90781	9.02799	4.57397	1.01416
734	84.4847	28	-1.98621e+06	37.297	0.959568	1142	1.90188	9.09432	4.57096	0.933069
735	87.1993	28	-1.98716e+06	37.3698	0.961841	1175	1.90476	9.01043	4.56707	1.04174
736	86.461	27	-1.98665e+06	37.4241	0.962197	1169	1.90483	9.04618	4.56887	1.09457
737	86.3526	28	-1.98688e+06	37.3432	0.961763	1120	1.90593	8.87865	4.57462	1.02678
738	84.3837	28	-1.98716e+06	37.4111	0.961377	1132	1.90777	8.92752	4.56762	0.957331
739	82.2565	28	-1.98708e+06	37.5226	0.958277	1087	1.9031	8.95951	4.57119	0.994916
740	81.1402	30	-1.98755e+06	37.5821	0.960114	1097	1.91082	8.96591	4.57341	0.909005
741	83.9639	29	-1.98699e+06	37.4266	0.966688	1125	1.90254	8.8461	4.57872	1.09257
742	83.5422	28	-1.9864e+06	37.5864	0.970312	1117	1.89967	8.97214	4.58006	1.09932
743	85.8718	28	-1.98726e+06	37.7341	0.970789	1133	1.90525	8.79535	4.57668	1.01521
744	81.8778	28	-1.98691e+06	37.7431	0.969518	1113	1.90106	9.0435	4.58097	0.973068
745	83.8598	29	-1.98729e+06	37.1514	0.963183	1102	1.90332	9.10432	4.58245	1.19526
746	83.1356	29	-1.98782e+06	37.3396	0.96741	1104	1.90285	9.00209	4.57769	0.952406
747	83.3195	29	-1.98793e+06	37.3898	0.963564	1095	1.9117	8.94703	4.57219	0.98107
748	83.3157	29	-1.98894e+06	37.4972	0.961613	1116	1.91759	9.09052	4.56908	1.07353
749	83.5314	29	-1.98769e+06	37.4069	0.964303	1107	1.9125	9.28402	4.56504	1.03685
750	84.5794	27	-1.98769e+06	37.129	0.969827	1127	1.91209	9.05903	4.56154	1.01461
751	84.8482	29	-1.98832e+06	37.2367	0.961385	1114	1.91478	9.19969	4.55841	1.06298
752	83.2314	29	-1.98818e+06	37.2869	0.966693	1122	1.91612	9.01865	4.56398	0.935948
753	85.3017	28	-1.98773e+06	37.3142	0.959454	1152	1.91267	9.1476	4.56315	1.07014
754	86.0023	28	-1.9871e+06	37.4327	0.966065	1150	1.90885	9.2663	4.56627	1.09017
755	85.2348	29	-1.9872e+06	37.3415	0.971818	1106	1.90673	9.28823	4.57159	0.952936
756	85.0187	29	-1.98597e+06	37.2149	0.97108	1125	1.90437	9.1005	4.57265	1.0233
757	84.3268	29	-1.98692e+06	37.22	0.971088	1119	1.90543	9.24381	4.56627	1.19859
758	86.3026	28	-1.98656e+06	37.2357	0.96414	1196	1.90515	9.00191	4.57082	1.10149
759	88.5351	27	-1.9864e+06	37.5105	0.965928	1174	1.90362	9.04199	4.56749	1.01576
760	87.9215	27	-1.98725e+06	37.6689	0.962272	1228	1.90839	9.10033	4.57114	1.01301
761	88.0671	28	-1.98616e+06	37.3752	0.969347	1197	1.90061	8.90275	4.57615	1.01342
762	85.5747	27	-1.98659e+06	37.4913	0.969755	1168	1.89963	8.85168	4.58028	1.0365
763	87.3539	28	-1.98712e+06	37.3821	0.966274	1198	1.90646	9.00213	4.58317	0.980628
764	87.772	28	-1.9874e+06	37.289	0.958655	1151	1.90941	8.88719	4.57732	0.961849
765	87.7656	28	-1.9876e+06	37.4752	0.954951	1165	1.90814	9.03758	4.57742	1.03293
766	87.5428	28	-1.98628e+06	37.638	0.948479	1168	1.91046	8.93771	4.5805	0.958713
767	88.409	28	-1.98669e+06	37.6514	0.956225	1183	1.90977	8.74248	4.57448	1.06696
768	86.9013	28	-1.98745e+06	37.6201	0.951569	1184	1.91693	9.05553	4.56775	1.06743
769	86.7867	27	-1.98738e+06	37.7412	0.947072	1183	1.9148	8.84243	4.56489	0.994606
770	87.3918	28	-1.98674e+06	37.7238	0.94873	1161	1.90756	9.00042	4.56705	1.00657
771	85.1473	28	-1.9871e+06	37.4489	0.949898	1131	1.91119	8.94497	4.56299	1.0547
772	86.1783	29	-1.98775e+06	37.6184	0.950455	1122	1.91575	9.15559	4.56672	1.07362
773	85.6464	28	-1.9872e+06	37.605	0.951227	1144	1.90843	8.9809	4.57352	0.861549
774	85.4604	29	-1.98815e+06	37.4489	0.942426	1108	1.91375	8.98863	4.57169	1.07633
775	83.1316	29	-1.98794e+06	37.147	0.938762	1108	1.91919	9.07355	4.57998	0.950759
776	83.1468	29	-1.98803e+06	37.143	0.945237	1139	1.91911	8.97637	4.57422	0.920409
777	86.2988	29	-1.98744e+06	37.1321	0.94769	1145	1.91589	9.15422	4.57025	1.00926
778	86.0742	28	-1.98731e+06	37.1186	0.951537	1137	1.90927	9.06114	4.57394	1.09175
779	83.6354	28	-1.98795e+06	37.0521	0.958836	1119	1.91256	9.25977	4.57204	1.00983
780	84.4617	29	-1.98754e+06	37.1301	0.956847	1121	1.91159	9.09969	4.5745	1.01267
781	85.2138	29	-1.98794e+06	37.1147	0.958811	1132	1.91018	9.04541	4.57943	0.955671
782	84.6817	27	-1.98803e+06	37.0503	0.94652	1149	1.90684	9.0655	4.5863	0.920569
783	84.1394	29	-1.98743e+06	37.1798	0.949639	1132	1.90903	8.93663	4.57258	0.901584
784	84.0043	28	-1.98744e+06	37.1456	0.970371	1145	1.90353	8.89296	4.57575	1.02929
785	85.137	29	-1.98667e+06	37.2657	0.976662	1128	1.90177	8.83301	4.5748	0.97236
786	83.3571	29	-1.98692e+06	37.5028	0.972529	1126	1.90116	8.91696	4.57772	1.09904
787	84.41	29	-1.98758e+06	37.3329	0.971759	1158	1.90482	9.04244	4.56365	1.12566
788	85.5944	28	-1.98742e+06	37.4207	0.965494	1145	1.9027	8.88893	4.56445	0.943802
789	81.9211	28	-1.98782e+06	37.1903	0.963663	1124	1.90748	9.02546	4.57203	1.01014
790	82.8351	29	-1.98666e+06	37.0683	0.967365	1107	1.90069	8.874	4.57091	0.96129
791	83.8679	29	-1.98667e+06	37.0797	0.971003	1128	1.8992	9.08399	4.57601	1.10721
792	84.0089	28	-1.98769e+06	36.6785	0.980918	1152	1.91002	9.1217	4.57094	0.981655
793	85.2665	28	-1.98703e+06	36.8168	0.968982	1131	1.90467	9.30983	4.57534	0.970487
794	84.8606	28	-1.98719e+06	37.1663	0.973405	1098	1.9093	9.00955	4.56904	1.13596
795	82.5452	29	-1.98697e+06	37.1348	0.972773	1096	1.90679	9.16941	4.56726	1.02865
796	82.7281	29	-1.98759e+06	37.0127	0.975419	1122	1.91142	9.31171	4.56584	1.09645
797	80.9313	28	-1.98699e+06	37.3184	0.974877	1117	1.90667	9.15616	4.56642	1.00765
798	82.6748	29	-1.98769e+06	37.1397	0.972824	1122	1.90771	9.29368	4.57461	0.991278
799	82.449	28	-1.98818e+06	37.2149	0.96836	1121	1.9107	9.25675	4.57144	1.01836
800	82.8907	29	-1.98837e+06	37.2043	0.96101	1118	1.91403	9.26629	4.58177	1.08587
801	81.9522	29	-1.98798e+06	37.3195	0.962269	1110	1.91046	9.31411	4.58296	0.893249
802	81.475	29	-1.98745e+06	37.254	0.957425	1063	1.90479	9.24982	4.583	1.01534
803	82.0503	29	-1.98728e+06	37.0988	0.970829	1083	1.90717	9.05575	4.57955	0.956321
804	81.7849	29	-1.98767e+06	37.281	0.965612	1100	1.90755	9.27114	4.58077	1.05839
805	82.9492	29	-1.98789e+06	37.2705	0.960127	1128	1.90971	9.28202	4.57455	0.929284
806	83.3555	29	-1.98698e+06	37.3552	0.958744	1092	1.91034	9.29425	4.57765	0.931803
807	84.4912	28	-1.98755e+06	37.2963	0.961315	1096	1.9133	9.1346	4.57734	1.01241
808	83.459	29	-1.98772e+06	37.1338	0.961564	1107	1.9111	9.05671	4.57053	1.06835
809	82.3803	29	-1.98716e+06	37.1997	0.961127	1114	1.91203	9.21317	4.5718	1.0539
810	81.8196	29	-1.98768e+06	37.108	0.966195	1089	1.91106	9.14471	4.57637	0.941823
811	80.7547	29	-1.98748e+06	37.1468	0.958004	1096	1.91798	9.18869	4.56916	1.12833
812	82.3891	29	-1.98717e+06	37.0861	0.955461	1098	1.90472	9.0278	4.57502	1.0073
813	81.9803	28	-1.98756e+06	37.1344	0.959841	1117	1.90852	9.34992	4.57608	1.0452
814	84.499	29	-1.98756e+06	37.2847	0.956521	1159	1.91189	9.08756	4.57237	1.00148
815	84.5149	27	-1.98754e+06	37.097	0.953866	1126	1.91016	9.47546	4.57506	0.943179
816	86.3871	27	-1.98788e+06	37.083	0.960472	1149	1.91456	9.196	4.57304	1.03596
817	84.0797	28	-1.98851e+06	37.3151	0.961764	1108	1.91403	9.29605	4.56871	1.13964
818	83.4651	29	-1.98722e+06	37.2337	0.955033	1147	1.91658	9.26192	4.57092	1.0944
819	83.9729	27	-1.98727e+06	37.3645	0.952929	1142	1.91391	9.32991	4.57435	1.02355
820	83.3518	28	-1.98744e+06	37.3546	0.962026	1137	1.90843	9.1849	4.57616	1.08782
821	84.0082	29	-1.9868e+06	37.3135	0.967333	1125	1.9046	9.10057	4.57389	1.06287
822	82.0538	28	-1.98692e+06	37.4282	0.9615	1102	1.90634	9.22769	4.56798	0.905469
823	81.8675	29	-1.98687e+06	37.3525	0.9516	1123	1.90731	9.31493	4.56772	0.985888
824	82.2573	29	-1.98756e+06	37.3049	0.95518	1095	1.90456	9.33051	4.57234	1.04218
825	81.78	29	-1.98724e+06	37.3828	0.960545	1087	1.90809	9.68747	4.57529	1.07612
826	83.0647	29	-1.98729e+06	37.2574	0.962358	1114	1.90508	9.51145	4.57855	0.964329
827	81.8223	29	-1.98778e+06	37.3458	0.965663	1097	1.90596	9.27114	4.57923	0.835616
828	82.583	29	-1.98684e+06	37.1839	0.968271	1108	1.90724	9.27981	4.58402	0.88534
829	82.0184	29	-1.98785e+06	37.2954	0.959836	1078	1.90831	9.25116	4.58839	1.04617
830	83.651	29	-1.98725e+06	37.3824	0.964067	1119	1.90781	9.16917	4.5832	0.981619
831	83.2866	28	-1.98744e+06	37.2895	0.954062	1114	1.90999	9.32688	4.5884	0.933297
832	82.8727	29	-1.98677e+06	37.354	0.95474	1124	1.91333	9.37259	4.57704	0.958437
833	82.9555	29	-1.98725e+06	37.3925	0.956424	1093	1.9131	9.42702	4.57552	0.991981
834	82.005	29	-1.98708e+06	37.2258	0.947654	1108	1.91505	9.25507	4.5727	0.938168
835	84.4561	29	-1.98705e+06	37.3549	0.951195	1152	1.91509	9.30028	4.58023	1.02388
836	86.0797	26	-1.9868e+06	37.4045	0.957079	1171	1.91493	9.2033	4.58376	1.02211
837	86.8356	27	-1.98771e+06	37.3016	0.954308	1195	1.92013	9.16538	4.57199	0.977566
838	86.3394	27	-1.987e+06	37.4126	0.955982	1171	1.91167	9.35488	4.57199	1.00455
839	86.8299	27	-1.98644e+06	37.2966	0.956502	1132	1.91274	9.2315	4.57207	1.05641
840	87.7475	27	-1.98754e+06	37.3581	0.955668	1158	1.91781	9.21665	4.56891	1.0358
841	87.3625	27	-1.98736e+06	37.2421	0.957463	1155	1.91585	9.13382	4.57005	1.03208
842	88.0236	27	-1.98714e+06	37.1513	0.963114	1155	1.91801	9.24799	4.56948	1.02103
843	87.6605	28	-1.98727e+06	37.1565	0.958986	1164	1.91568	9.21092	4.57506	0.874806
844	87.4059	27	-1.98676e+06	37.045	0.95592	1164	1.90874	9.58425	4.57656	0.893917
845	87.4647	27	-1.98707e+06	37.0488	0.953334	1180	1.91253	9.2787	4.57748	0.945261
846	85.6032	27	-1.9862e+06	37.1747	0.962456	1153	1.90673	9.14573	4.58717	1.09037
847	84.9968	28	-1.9855e+06	37.0502	0.965199	1149	1.90213	9.18709	4.58747	0.983362
848	85.1601	28	-1.98625e+06	37.2809	0.962872	1159	1.90314	9.07384	4.58614	0.90206
849	85.8845	27	-1.98581e+06	37.4294	0.952197	1134	1.90285	9.21776	4.58485	0.899835
850	83.3091	28	-1.98641e+06	37.3513	0.961673	1116	1.906	9.28469	4.57937	1.02252
851	82.4481	28	-1.98574e+06	36.8919	0.965176	1118	1.90346	9.2631	4.57973	0.938362
852	82.4145	29	-1.98643e+06	36.9845	0.97562	1102	1.90493	9.32306	4.57908	0.929868
853	83.7876	29	-1.98555e+06	37.1549	0.971185	1139	1.90215	9.29911	4.57531	0.979185
854	83.6564	28	-1.98495e+06	37.347	0.964858	1111	1.89963	9.18226	4.58513	0.966856
855	83.7229	29	-1.98591e+06	37.3654	0.962202	1148	1.90401	9.25564	4.58002	1.02835
856	84.1966	28	-1.98581e+06	37.4366	0.971309	1123	1.90282	9.29998	4.57661	0.975682
857	82.3851	28	-1.98561e+06	37.2131	0.971513	1118	1.8986	9.1332	4.57541	0.952891
858	81.6713	29	-1.98569e+06	37.3929	0.968561	1102	1.90071	9.10599	4.58314	1.00232
859	82.4778	29	-1.98653e+06	37.1742	0.97353	1130	1.90002	9.0828	4.57572	0.97216
860	81.8539	29	-1.98589e+06	36.8232	0.971801	1100	1.9016	9.32776	4.57041	1.14307
861	82.9622	29	-1.98646e+06	36.8928	0.985691	1130	1.9004	9.11951	4.57625	1.10441
862	83.4973	29	-1.98581e+06	37.1657	0.969128	1117	1.89759	9.26349	4.57636	1.07974
863	84.2717	28	-1.98612e+06	37.0828	0.973815	1158	1.89855	9.34173	4.57812	1.05961
864	84.3166	29	-1.98551e+06	36.8663	0.974948	1106	1.89101	9.33344	4.58376	0.854455
865	84.6794	28	-1.98603e+06	36.8674	0.97951	1119	1.89423	9.39088	4.58418	1.04953
866	83.0572	28	-1.98628e+06	36.9635	0.973262	1146	1.90326	9.22542	4.58194	1.08938
867	86.412	28	-1.9866e+06	36.9451	0.972663	1154	1.90515	9.35331	4.58049	1.04565
868	86.8432	27	-1.98529e+06	36.9112	0.971831	1150	1.89674	9.27688	4.57983	0.980209
869	84.7341	28	-1.98646e+06	37.3645	0.964402	1145	1.90696	9.13235	4.5814	0.962087
870	85.6619	27	-1.98678e+06	37.3218	0.959476	1142	1.91024	9.22347	4.57416	1.19115
871	85.9909	27	-1.98647e+06	37.3392	0.958701	1145	1.90366	9.11309	4.57155	0.959109
872	86.3896	28	-1.98691e+06	37.3615	0.951037	1153	1.90825	9.28471	4.57262	1.08347
873	87.4913	28	-1.9859e+06	37.2806	0.959886	1174	1.90252	9.0597	4.57621	0.989868
874	86.1488	28	-1.98583e+06	37.3669	0.959119	1212	1.90934	9.32128	4.56846	1.10373
875	87.1781	27	-1.98628e+06	37.3956	0.957733	1201	1.91241	9.1611	4.57181	0.907545
876	87.6461	28	-1.98657e+06	37.2924	0.964593	1197	1.90724	9.12767	4.56677	0.921927
877	87.0454	28	-1.98626e+06	37.1006	0.971785	1194	1.90883	9.23405	4.57349	1.01126
878	88.0889	27	-1.98635e+06	37.0195	0.971306	1207	1.90268	9.2388	4.57734	1.11423
879	88.0082	28	-1.98629e+06	36.9928	0.968159	1144	1.90707	9.43819	4.57494	1.06401
880	87.1734	28	-1.98648e+06	36.8335	0.97427	1157	1.9042	9.27328	4.57198	0.975816
881	86.0436	28	-1.98688e+06	37.1061	0.972498	1123	1.90675	9.30167	4.57208	1.04617
882	84.2889	27	-1.98614e+06	37.1874	0.973315	1146	1.90212	9.14358	4.57631	1.03123
883	84.9792	28	-1.98579e+06	37.1136	0.978626	1150	1.90275	9.29652	4.58131	1.07737
884	86.4171	28	-1.98625e+06	36.9285	0.982056	1176	1.90165	9.40101	4.57238	1.02598
885	86.1157	28	-1.98668e+06	36.9441	0.973513	1176	1.90695	9.30563	4.57409	0.943879
886	87.8479	27	-1.98595e+06	37.0378	0.969011	1170	1.89901	9.31379	4.57366	1.01139
887	84.6027	28	-1.98713e+06	37.3318	0.964688	1152	1.9074	9.39118	4.56541	1.12794
888	86.6378	28	-1.9856e+06	37.3736	0.969405	1145	1.90021	9.19533	4.56889	1.00268
889	84.6798	27	-1.98744e+06	37.2609	0.975492	1150	1.90936	9.20899	4.56567	1.01549
890	86.9306	28	-1.98632e+06	36.8305	0.977743	1161	1.90176	9.24575	4.57245	1.01492
891	86.9215	27	-1.98678e+06	36.881	0.987362	1160	1.90567	9.20378	4.57315	1.02892
892	87.1784	27	-1.98748e+06	36.9509	0.976993	1170	1.90737	9.30316	4.57731	1.033
893	86.0015	27	-1.98652e+06	37.1058	0.978462	1161	1.90526	9.02012	4.57136	1.07204
894	86.0777	28	-1.98673e+06	36.8877	0.982767	1154	1.90429	9.32131	4.56774	0.999548
895	87.7736	27	-1.9872e+06	37.035	0.977815	1176	1.90735	9.23156	4.56846	0.929607
896	86.4639	28	-1.98671e+06	36.9834	0.969684	1146	1.90927	9.13082	4.57069	1.03155
897	87.1208	28	-1.98775e+06	37.2189	0.976132	1190	1.91367	9.30932	4.56852	1.05034
898	87.2719	27	-1.98668e+06	37.1093	0.983138	1186	1.90969	9.30852	4.57085	0.832826
899	86.8841	28	-1.98599e+06	36.9274	0.985226	1177	1.9027	9.17382	4.57262	0.9926
900	84.2873	28	-1.98533e+06	36.8978	0.977659	1198	1.8991	9.17666	4.57425	0.864522
901	86.6008	27	-1.98565e+06	37.0612	0.984765	1158	1.90313	9.24984	4.57509	1.05864
902	86.32	28	-1.98571e+06	36.9664	0.981789	1161	1.90042	9.3584	4.58042	1.0644
903	87.6167	27	-1.98626e+06	37.0533	0.973976	1176	1.90292	9.23901	4.57952	0.962611
904	87.8368	28	-1.98581e+06	36.7066	0.978043	1169	1.89892	9.01023	4.58028	0.921686
905	85.4062	28	-1.98664e+06	36.8645	0.982185	1156	1.90148	9.13053	4.57898	1.02199
906	84.1938	29	-1.98585e+06	36.9266	0.985112	1135	1.89798	9.14155	4.5847	0.938218
907	83.7728	29	-1.98556e+06	36.7353	0.989733	1134	1.89778	9.29275	4.5832	0.929141
908	83.9096	28	-1.98687e+06	36.9542	0.982643	1156	1.90155	9.18628	4.57657	0.993522
909	85.8639	28	-1.98592e+06	36.9914	0.987502	1126	1.89969	9.23732	4.57658	1.00624
910	84.7351	28	-1.98692e+06	36.6814	0.979729	1148	1.90819	9.34441	4.57751	1.07741
911	86.1464	28	-1.98656e+06	36.9398	0.981981	1146	1.90677	9.16866	4.57656	1.16581
912	87.3231	27	-1.98658e+06	36.8638	0.975515	1144	1.90312	9.38182	4.58061	0.981369
913	87.1068	27	-1.98699e+06	37.1557	0.963766	1156	1.90877	9.23431	4.5754	0.923427
914	86.8878	27	-1.98674e+06	36.8674	0.958231	1163	1.90766	9.10889	4.58108	0.984403
915	84.3533	27	-1.98649e+06	36.8618	0.96937	1132	1.90538	9.32886	4.58386	0.976352
916	85.1479	27	-1.98625e+06	36.887	0.966922	1146	1.90289	9.24095	4.58347	0.995804
917	84.7894	27	-1.98684e+06	36.7658	0.963929	1155	1.90758	9.24665	4.57262	0.91975
918	86.0349	28	-1.98684e+06	36.9426	0.962229	1131	1.90972	9.10897	4.57579	1.11467
919	85.9507	28	-1.9878e+06	37.0959	0.957725	1133	1.91036	9.46055	4.58664	1.10211
920	86.0063	28	-1.9879e+06	37.3634	0.958422	1151	1.90936	9.27174	4.58428	1.0632
921	86.1725	28	-1.98774e+06	37.3279	0.956074	1167	1.91297	9.24368	4.58193	1.05549
922	87.3271	28	-1.98678e+06	37.1944	0.965268	1163	1.90763	9.30861	4.58114	1.0808
923	86.1388	28	-1.98828e+06	37.3373	0.961817	1147	1.91574	9.19816	4.58358	1.0626
924	84.3727	28	-1.98735e+06	37.0232	0.953114	1154	1.90967	9.22135	4.58301	1.13022
925	86.999	27	-1.98679e+06	36.8294	0.958203	1181	1.90918	9.13751	4.58407	0.966598
926	87.6648	28	-1.98725e+06	37.0727	0.957614	1183	1.90874	9.14972	4.58622	0.954055
927	86.856	28	-1.9866e+06	37.0594	0.961176	1169	1.90578	9.24614	4.57369	1.05701
928	86.1096	27	-1.98696e+06	37.3565	0.962909	1175	1.90885	9.11588	4.5834	1.08414
929	86.8511	27	-1.98649e+06	37.3072	0.9556	1168	1.90785	9.30863	4.5835	1.11963
930	87.8258	27	-1.98658e+06	37.2361	0.944217	1209	1.91005	9.45921	4.58347	0.978643
931	87.1087	27	-1.98659e+06	37.4234	0.945567	1172	1.90811	9.28619	4.58978	1.03187
932	87.6188	28	-1.98747e+06	37.4046	0.950639	1185	1.90623	9.35465	4.58498	1.02093
933	87.1879	28	-1.98671e+06	37.1215	0.950806	1185	1.90956	9.49706	4.57679	1.04221
934	87.1182	27	-1.98628e+06	37.45	0.944749	1171	1.90837	9.31231	4.57965	0.919512
935	86.7085	27	-1.98611e+06	37.6654	0.945044	1185	1.90633	9.13243	4.57504	1.08947
936	87.8924	27	-1.98637e+06	37.5661	0.94563	1194	1.90798	9.14419	4.57905	1.1117
937	87.4929	27	-1.98752e+06	37.3203	0.950319	1176	1.91151	9.13219	4.57773	1.10052
938	85.8907	27	-1.98694e+06	37.4394	0.949552	1167	1.90625	9.2509	4.58154	1.02817
939	86.1931	28	-1.9867e+06	37.7208	0.956029	1185	1.9087	9.40994	4.58098	1.14189
940	86.1902	28	-1.98625e+06	37.4209	0.957918	1192	1.90852	9.47147	4.57557	0.873433
941	87.2501	27	-1.98632e+06	37.3342	0.962753	1206	1.90782	9.27819	4.57494	0.878796
942	87.3048	27	-1.98705e+06	37.3522	0.96129	1178	1.91197	9.5358	4.57374	0.910674
943	87.2778	28	-1.98645e+06	37.0451	0.963194	1193	1.90361	9.55083	4.58201	1.10986
944	85.8151	27	-1.98771e+06	37.2161	0.96208	1168	1.90903	9.61171	4.57442	0.975146
945	85.6947	28	-1.98775e+06	37.2548	0.960094	1131	1.91173	9.22478	4.57657	1.05905
946	86.3354	26	-1.98756e+06	37.091	0.959586	1191	1.91051	9.35108	4.57851	1.00012
947	87.5054	27	-1.98719e+06	37.1287	0.96876	1179	1.91179	9.23761	4.57566	0.992691
948	87.0659	27	-1.98662e+06	37.2012	0.96281	1198	1.90614	9.25526	4.5836	0.840804
949	86.3974	28	-1.9877e+06	37.2627	0.957175	1148	1.91226	9.32589	4.5835	1.00751
950	86.6277	27	-1.98704e+06	36.9875	0.959891	1175	1.90843	9.33312	4.57296	1.00537
951	86.9051	28	-1.98732e+06	36.9308	0.954413	1174	1.91172	9.4056	4.57149	0.960706
952	87.3442	27	-1.9871e+06	36.9826	0.960998	1157	1.90852	9.41212	4.5699	0.992265
953	86.9409	27	-1.98712e+06	37.5498	0.950754	1202	1.90771	9.36586	4.5732	0.916503
954	86.8155	27	-1.98846e+06	37.5001	0.943106	1171	1.91727	9.35976	4.56892	1.02035
955	86.3123	27	-1.98679e+06	37.5557	0.942774	1173	1.90686	9.42923	4.57407	0.940449
956	87.662	28	-1.98782e+06	37.8204	0.936999	1177	1.91463	9.37695	4.56349	1.02063
957	86.8177	27	-1.98781e+06	37.8253	0.934115	1203	1.91326	9.40513	4.56167	1.03028
958	87.256	28	-1.98787e+06	37.6057	0.943919	1188	1.91624	9.31938	4.5622	1.04433
959	87.6777	28	-1.98779e+06	37.6682	0.947816	1180	1.91164	9.41968	4.56707	0.900689
960	87.6751	27	-1.98787e+06	37.469	0.94679	1156	1.91398	9.35335	4.56703	0.871069
961	87.8414	27	-1.9873e+06	37.8737	0.939597	1166	1.91333	9.36014	4.56714	0.972198
962	86.5968	27	-1.98838e+06	37.6992	0.932674	1155	1.92058	9.46759	4.5673	1.07049
963	87.5212	28	-1.98786e+06	37.8529	0.934713	1151	1.91817	9.26287	4.56912	1.0275
964	84.5308	27	-1.98817e+06	37.4186	0.947225	1151	1.92045	9.35797	4.56226	0.99942
965	87.5826	27	-1.98767e+06	37.3754	0.93915	1127	1.91552	9.33568	4.56974	0.966386
966	84.3857	30	-1.98825e+06	37.3473	0.944689	1105	1.90955	9.1497	4.5745	0.941812
967	83.2498	28	-1.98793e+06	37.3672	0.943411	1115	1.91122	9.47493	4.57169	0.934564
968	85.4566	28	-1.98722e+06	37.5623	0.942513	1121	1.90716	9.31031	4.57462	1.00224
969	84.5669	28	-1.98701e+06	37.5778	0.949828	1124	1.90602	9.38256	4.57729	0.904379
970	83.7154	28	-1.98637e+06	37.5093	0.956351	1133	1.90296	9.38755	4.57487	1.0438
971	84.3372	27	-1.98696e+06	37.5617	0.944983	1131	1.90506	9.30298	4.57061	1.05424
972	85.5085	28	-1.98691e+06	37.5901	0.949299	1131	1.9062	9.33299	4.57056	1.12071
973	86.6981	28	-1.9875e+06	37.3073	0.940711	1166	1.90782	9.3618	4.57148	1.05759
974	86.7374	28	-1.98748e+06	37.2394	0.951364	1145	1.91157	9.25325	4.57026	1.12334
975	86.5929	28	-1.98732e+06	37.4587	0.957247	1158	1.91027	9.47056	4.57283	1.11998
976	86.7197	27	-1.98833e+06	37.3181	0.950715	1147	1.91651	9.47361	4.57433	1.02459
977	86.0024	28	-1.98761e+06	37.0378	0.956451	1133	1.91454	9.50628	4.5678	0.906056
978	84.254	28	-1.98796e+06	37.2372	0.947655	1132	1.91341	9.41322	4.56895	1.15698
979	84.4654	28	-1.98754e+06	37.2667	0.943516	1166	1.9082	9.39422	4.56996	1.12155
980	87.0136	27	-1.98797e+06	37.2376	0.943221	1191	1.91141	9.31824	4.56971	0.911484
981	89.3858	27	-1.98905e+06	37.2987	0.955599	1160	1.91468	9.28612	4.57217	1.0164
982	86.302	28	-1.98769e+06	37.0644	0.956088	1145	1.91151	9.13568	4.57245	0.986319
983	86.0134	27	-1.98736e+06	37.1897	0.953801	1155	1.90989	9.20481	4.56417	1.097
984	85.9109	27	-1.98784e+06	36.9609	0.950976	1137	1.91138	9.36081	4.56671	0.937259
985	87.2978	28	-1.98765e+06	37.0744	0.947192	1178	1.91277	9.13335	4.56795	0.982324
986	88.9714	29	-1.98757e+06	37.1813	0.957267	1186	1.91357	9.02773	4.5686	0.875544
987	87.1604	28	-1.9881e+06	37.2871	0.958133	1149	1.91395	9.30441	4.57116	1.10207
988	85.5406	28	-1.98767e+06	37.3092	0.953822	1126	1.9111	9.41458	4.57613	0.950975
989	82.7361	29	-1.98732e+06	37.3548	0.949058	1120	1.91281	9.04203	4.57636	1.02572
990	82.1871	28	-1.98761e+06	37.1559	0.952075	1121	1.91493	9.10733	4.57031	1.01618
991	84.2805	28	-1.98777e+06	37.4224	0.945108	1107	1.91514	9.19276	4.57082	1.07571
992	82.3271	29	-1.98792e+06	37.5222	0.951798	1137	1.9116	9.27517	4.57423	0.995458
993	82.6749	29	-1.98758e+06	37.4515	0.954258	1142	1.91003	9.18157	4.57241	1.01106
994	81.7606	28	-1.98771e+06	37.4605	0.949928	1118	1.91282	9.21551	4.56724	0.928666
995	81.1743	29	-1.98738e+06	37.4429	0.948162	1120	1.91258	9.09937	4.57386	0.90541
996	80.6134	28	-1.98706e+06	37.5951	0.958871	1115	1.906	9.44372	4.57136	1.14569
997	80.7157	29	-1.98804e+06	37.5206	0.951926	1120	1.9144	9.44492	4.57241	0.894904
998	83.5423	29	-1.9875e+06	37.5965	0.959095	1166	1.90667	9.50893	4.57032	0.915046
999	83.9682	28	-1.98674e+06	37.2231	0.966911	1170	1.90322	9.51134	4.57407	1.09409
